#
# There is insufficient memory for the Java Runtime Environment to continue.
# Native memory allocation (malloc) failed to allocate 215696 bytes for Chunk::new
# Possible reasons:
#   The system is out of physical RAM or swap space
#   The process is running with CompressedOops enabled, and the Java Heap may be blocking the growth of the native heap
# Possible solutions:
#   Reduce memory load on the system
#   Increase physical memory or swap space
#   Check if swap backing store is full
#   Decrease Java heap size (-Xmx/-Xms)
#   Decrease number of Java threads
#   Decrease Java thread stack sizes (-Xss)
#   Set larger code cache with -XX:ReservedCodeCacheSize=
#   JVM is running with Unscaled Compressed Oops mode in which the Java heap is
#     placed in the first 4GB address space. The Java Heap base address is the
#     maximum limit for the native heap growth. Please use -XX:HeapBaseMinAddress
#     to set the Java Heap base and to place the Java Heap above 4GB virtual address.
# This output file may be truncated or incomplete.
#
#  Out of Memory Error (arena.cpp:189), pid=20296, tid=3264
#
# JRE version: OpenJDK Runtime Environment Temurin-17.0.8.1+1 (17.0.8.1+1) (build 17.0.8.1+1)
# Java VM: OpenJDK 64-Bit Server VM Temurin-17.0.8.1+1 (17.0.8.1+1, mixed mode, tiered, compressed oops, compressed class ptrs, parallel gc, windows-amd64)
# No core dump will be written. Minidumps are not enabled by default on client versions of Windows
#

---------------  S U M M A R Y ------------

Command Line: --add-modules=ALL-SYSTEM --add-opens=java.base/java.util=ALL-UNNAMED --add-opens=java.base/java.lang=ALL-UNNAMED --add-opens=java.base/sun.nio.fs=ALL-UNNAMED -Declipse.application=org.eclipse.jdt.ls.core.id1 -Dosgi.bundles.defaultStartLevel=4 -Declipse.product=org.eclipse.jdt.ls.core.product -Djava.import.generatesMetadataFilesAtProjectRoot=false -DDetectVMInstallationsJob.disabled=true -Dfile.encoding=utf8 -XX:+UseParallelGC -XX:GCTimeRatio=4 -XX:AdaptiveSizePolicyWeight=90 -Dsun.zip.disableMemoryMapping=true -Xmx1G -Xms100m -Xlog:disable -javaagent:c:\Users\Katia.MAURI플O\.vscode\extensions\redhat.java-1.23.0-win32-x64\lombok\lombok-1.18.30.jar -XX:+HeapDumpOnOutOfMemoryError -XX:HeapDumpPath=c:\Users\Katia.MAURI플O\AppData\Roaming\Code\User\workspaceStorage\dfa2953e2fdd7e9697ece0cafbddfab4\redhat.java -Daether.dependencyCollector.impl=bf c:\Users\Katia.MAURI플O\.vscode\extensions\redhat.java-1.23.0-win32-x64\server\plugins\org.eclipse.equinox.launcher_1.6.500.v20230717-2134.jar -configuration c:\Users\Katia.MAURI플O\AppData\Roaming\Code\User\globalStorage\redhat.java\1.23.0\config_win -data c:\Users\Katia.MAURI플O\AppData\Roaming\Code\User\workspaceStorage\dfa2953e2fdd7e9697ece0cafbddfab4\redhat.java\jdt_ws

Host: Intel(R) Core(TM) i5-4200U CPU @ 1.60GHz, 4 cores, 3G,  Windows 10 , 64 bit Build 19041 (10.0.19041.3570)
Time: Fri Oct 13 10:38:28 2023 Hora oficial do Brasil elapsed time: 1413.316951 seconds (0d 0h 23m 33s)

---------------  T H R E A D  ---------------

Current thread (0x000001c7fd06cd60):  JavaThread "C2 CompilerThread0" daemon [_thread_in_native, id=3264, stack(0x0000007c9b800000,0x0000007c9b900000)]


Current CompileTask:
C2:1413317 11992       4       org.eclipse.jdt.internal.core.JavaModelManager::getOption (113 bytes)

Stack: [0x0000007c9b800000,0x0000007c9b900000]
Native frames: (J=compiled Java code, j=interpreted, Vv=VM code, C=native code)
V  [jvm.dll+0x678b0a]
V  [jvm.dll+0x835e84]
V  [jvm.dll+0x83762e]
V  [jvm.dll+0x837c93]
V  [jvm.dll+0x24746f]
V  [jvm.dll+0xac20c]
V  [jvm.dll+0xac7dc]
V  [jvm.dll+0x2ae7af]
V  [jvm.dll+0x581427]
V  [jvm.dll+0x222602]
V  [jvm.dll+0x2229df]
V  [jvm.dll+0x21ba55]
V  [jvm.dll+0x218f0b]
V  [jvm.dll+0x1a534d]
V  [jvm.dll+0x228d8a]
V  [jvm.dll+0x226dcc]
V  [jvm.dll+0x7ec09b]
V  [jvm.dll+0x7e64ca]
V  [jvm.dll+0x677955]
C  [ucrtbase.dll+0x21bb2]
C  [KERNEL32.DLL+0x17344]
C  [ntdll.dll+0x526b1]


---------------  P R O C E S S  ---------------

Threads class SMR info:
_java_thread_list=0x000001c798b90d70, length=33, elements={
0x000001c7f8209d00, 0x000001c7fd040750, 0x000001c7fd041dd0, 0x000001c7fd069160,
0x000001c7fd069cf0, 0x000001c7fd06a880, 0x000001c7fd06c160, 0x000001c7fd06cd60,
0x000001c7fd08e910, 0x000001c7fe1e93b0, 0x000001c7fe2b3ff0, 0x000001c7fe42b690,
0x000001c7fea89e00, 0x000001c7feadc880, 0x000001c7feadcd60, 0x000001c7ff2a39c0,
0x000001c7ff054e40, 0x000001c7ff0520b0, 0x000001c7ff052ad0, 0x000001c7ff052fe0,
0x000001c7ff054930, 0x000001c7ff053a00, 0x000001c7fe788f90, 0x000001c7fe78cc50,
0x000001c7fe78e090, 0x000001c7fe78d670, 0x000001c7fe789ec0, 0x000001c7fe78a8e0,
0x000001c7fe7894a0, 0x000001c7fe78adf0, 0x000001c7fe78b300, 0x000001c7fe78b810,
0x000001c7fe78c230
}

Java Threads: ( => current thread )
  0x000001c7f8209d00 JavaThread "main" [_thread_blocked, id=7048, stack(0x0000007c9af00000,0x0000007c9b000000)]
  0x000001c7fd040750 JavaThread "Reference Handler" daemon [_thread_blocked, id=17016, stack(0x0000007c9b200000,0x0000007c9b300000)]
  0x000001c7fd041dd0 JavaThread "Finalizer" daemon [_thread_blocked, id=8132, stack(0x0000007c9b300000,0x0000007c9b400000)]
  0x000001c7fd069160 JavaThread "Signal Dispatcher" daemon [_thread_blocked, id=10548, stack(0x0000007c9b400000,0x0000007c9b500000)]
  0x000001c7fd069cf0 JavaThread "Attach Listener" daemon [_thread_blocked, id=11840, stack(0x0000007c9b500000,0x0000007c9b600000)]
  0x000001c7fd06a880 JavaThread "Service Thread" daemon [_thread_blocked, id=15888, stack(0x0000007c9b600000,0x0000007c9b700000)]
  0x000001c7fd06c160 JavaThread "Monitor Deflation Thread" daemon [_thread_blocked, id=7256, stack(0x0000007c9b700000,0x0000007c9b800000)]
=>0x000001c7fd06cd60 JavaThread "C2 CompilerThread0" daemon [_thread_in_native, id=3264, stack(0x0000007c9b800000,0x0000007c9b900000)]
  0x000001c7fd08e910 JavaThread "C1 CompilerThread0" daemon [_thread_blocked, id=12404, stack(0x0000007c9b900000,0x0000007c9ba00000)]
  0x000001c7fe1e93b0 JavaThread "Sweeper thread" daemon [_thread_blocked, id=13564, stack(0x0000007c9ba00000,0x0000007c9bb00000)]
  0x000001c7fe2b3ff0 JavaThread "Common-Cleaner" daemon [_thread_blocked, id=19608, stack(0x0000007c9bb00000,0x0000007c9bc00000)]
  0x000001c7fe42b690 JavaThread "Notification Thread" daemon [_thread_blocked, id=11752, stack(0x0000007c9bc00000,0x0000007c9bd00000)]
  0x000001c7fea89e00 JavaThread "Active Thread: Equinox Container: c8cd31da-b100-4521-a784-0477f45770c3" [_thread_blocked, id=12124, stack(0x0000007c9c200000,0x0000007c9c300000)]
  0x000001c7feadc880 JavaThread "Framework Event Dispatcher: Equinox Container: c8cd31da-b100-4521-a784-0477f45770c3" daemon [_thread_blocked, id=18428, stack(0x0000007c9c300000,0x0000007c9c400000)]
  0x000001c7feadcd60 JavaThread "Start Level: Equinox Container: c8cd31da-b100-4521-a784-0477f45770c3" daemon [_thread_blocked, id=16924, stack(0x0000007c9c400000,0x0000007c9c500000)]
  0x000001c7ff2a39c0 JavaThread "Bundle File Closer" daemon [_thread_blocked, id=4316, stack(0x0000007c9c100000,0x0000007c9c200000)]
  0x000001c7ff054e40 JavaThread "SCR Component Actor" daemon [_thread_blocked, id=13388, stack(0x0000007c9c500000,0x0000007c9c600000)]
  0x000001c7ff0520b0 JavaThread "Worker-JM" [_thread_blocked, id=13392, stack(0x0000007c9c700000,0x0000007c9c800000)]
  0x000001c7ff052ad0 JavaThread "Worker-2" [_thread_blocked, id=16696, stack(0x0000007c9cb00000,0x0000007c9cc00000)]
  0x000001c7ff052fe0 JavaThread "Java indexing" daemon [_thread_blocked, id=13812, stack(0x0000007c9cc00000,0x0000007c9cd00000)]
  0x000001c7ff054930 JavaThread "JNA Cleaner" daemon [_thread_blocked, id=8944, stack(0x0000007c9cd00000,0x0000007c9ce00000)]
  0x000001c7ff053a00 JavaThread "pool-2-thread-1" [_thread_blocked, id=2204, stack(0x0000007c9c600000,0x0000007c9c700000)]
  0x000001c7fe788f90 JavaThread "WorkspaceEventsHandler" [_thread_blocked, id=14060, stack(0x0000007c9d000000,0x0000007c9d100000)]
  0x000001c7fe78cc50 JavaThread "pool-1-thread-1" [_thread_in_native, id=6512, stack(0x0000007c9d100000,0x0000007c9d200000)]
  0x000001c7fe78e090 JavaThread "Worker-3" [_thread_blocked, id=8856, stack(0x0000007c9d200000,0x0000007c9d300000)]
  0x000001c7fe78d670 JavaThread "Java Debug Server" daemon [_thread_in_native, id=7380, stack(0x0000007c9ca00000,0x0000007c9cb00000)]
  0x000001c7fe789ec0 JavaThread "RxSchedulerPurge-1" daemon [_thread_blocked, id=12072, stack(0x0000007c9cf00000,0x0000007c9d000000)]
  0x000001c7fe78a8e0 JavaThread "RxCachedWorkerPoolEvictor-1" daemon [_thread_blocked, id=3496, stack(0x0000007c9d300000,0x0000007c9d400000)]
  0x000001c7fe7894a0 JavaThread "ForkJoinPool.commonPool-worker-8" daemon [_thread_blocked, id=15268, stack(0x0000007c9ad00000,0x0000007c9ae00000)]
  0x000001c7fe78adf0 JavaThread "ForkJoinPool.commonPool-worker-9" daemon [_thread_blocked, id=7172, stack(0x0000007c9ae00000,0x0000007c9af00000)]
  0x000001c7fe78b300 JavaThread "pool-4-thread-2" [_thread_in_native, id=5856, stack(0x0000007c9c800000,0x0000007c9c900000)]
  0x000001c7fe78b810 JavaThread "RxNewThreadScheduler-3" daemon [_thread_blocked, id=3256, stack(0x0000007c9c900000,0x0000007c9ca00000)]
  0x000001c7fe78c230 JavaThread "process reaper (pid 4636)" daemon [_thread_in_native, id=5660, stack(0x0000007c9a980000,0x0000007c9a9a0000)]

Other Threads:
  0x000001c7f82a86a0 VMThread "VM Thread" [stack: 0x0000007c9b100000,0x0000007c9b200000] [id=11384]
  0x000001c7fe42bb70 WatcherThread [stack: 0x0000007c9bd00000,0x0000007c9be00000] [id=7016]
  0x000001c7f821ef80 GCTaskThread "GC Thread#0" [stack: 0x0000007c9b000000,0x0000007c9b100000] [id=2932]
  0x000001c7fea4d050 GCTaskThread "GC Thread#1" [stack: 0x0000007c9be00000,0x0000007c9bf00000] [id=15956]
  0x000001c7fea4d310 GCTaskThread "GC Thread#2" [stack: 0x0000007c9bf00000,0x0000007c9c000000] [id=12064]
  0x000001c7fe768790 GCTaskThread "GC Thread#3" [stack: 0x0000007c9c000000,0x0000007c9c100000] [id=19652]

Threads with active compile tasks:
C2 CompilerThread0  1413423 11992       4       org.eclipse.jdt.internal.core.JavaModelManager::getOption (113 bytes)

VM state: not at safepoint (normal execution)

VM Mutex/Monitor currently owned by a thread: None

Heap address: 0x00000000c0000000, size: 1024 MB, Compressed Oops mode: 32-bit

CDS archive(s) not mapped
Compressed class space mapped at: 0x0000000100000000-0x0000000140000000, reserved size: 1073741824
Narrow klass base: 0x0000000000000000, Narrow klass shift: 3, Narrow klass range: 0x140000000

GC Precious Log:
 CPUs: 4 total, 4 available
 Memory: 4000M
 Large Page Support: Disabled
 NUMA Support: Disabled
 Compressed Oops: Enabled (32-bit)
 Alignments: Space 512K, Generation 512K, Heap 2M
 Heap Min Capacity: 100M
 Heap Initial Capacity: 100M
 Heap Max Capacity: 1G
 Pre-touch: Disabled
 Parallel Workers: 4

Heap:
 PSYoungGen      total 6144K, used 2973K [0x00000000eab00000, 0x00000000eb300000, 0x0000000100000000)
  eden space 4096K, 33% used [0x00000000eab00000,0x00000000eac53b28,0x00000000eaf00000)
  from space 2048K, 78% used [0x00000000eaf00000,0x00000000eb093b00,0x00000000eb100000)
  to   space 2048K, 0% used [0x00000000eb100000,0x00000000eb100000,0x00000000eb300000)
 ParOldGen       total 139264K, used 107284K [0x00000000c0000000, 0x00000000c8800000, 0x00000000eab00000)
  object space 139264K, 77% used [0x00000000c0000000,0x00000000c68c5128,0x00000000c8800000)
 Metaspace       used 78386K, committed 79744K, reserved 1179648K
  class space    used 8305K, committed 8896K, reserved 1048576K

Card table byte_map: [0x000001c7f7be0000,0x000001c7f7df0000] _byte_map_base: 0x000001c7f75e0000

Marking Bits: (ParMarkBitMap*) 0x00007fffc21283a0
 Begin Bits: [0x000001c7fae90000, 0x000001c7fbe90000)
 End Bits:   [0x000001c7fbe90000, 0x000001c7fce90000)

Polling page: 0x000001c7f79d0000

Metaspace:

Usage:
  Non-class:     68.44 MB used.
      Class:      8.11 MB used.
       Both:     76.55 MB used.

Virtual space:
  Non-class space:      128.00 MB reserved,      69.19 MB ( 54%) committed,  2 nodes.
      Class space:        1.00 GB reserved,       8.69 MB ( <1%) committed,  1 nodes.
             Both:        1.12 GB reserved,      77.88 MB (  7%) committed. 

Chunk freelists:
   Non-Class:  10.51 MB
       Class:  7.34 MB
        Both:  17.86 MB

MaxMetaspaceSize: unlimited
CompressedClassSpaceSize: 1.00 GB
Initial GC threshold: 21.00 MB
Current GC threshold: 121.06 MB
CDS: off
MetaspaceReclaimPolicy: balanced
 - commit_granule_bytes: 65536.
 - commit_granule_words: 8192.
 - virtual_space_node_default_size: 8388608.
 - enlarge_chunks_in_place: 1.
 - new_chunks_are_fully_committed: 0.
 - uncommit_free_chunks: 1.
 - use_allocation_guard: 0.
 - handle_deallocations: 1.


Internal statistics:

num_allocs_failed_limit: 9.
num_arena_births: 946.
num_arena_deaths: 16.
num_vsnodes_births: 3.
num_vsnodes_deaths: 0.
num_space_committed: 1246.
num_space_uncommitted: 0.
num_chunks_returned_to_freelist: 25.
num_chunks_taken_from_freelist: 4288.
num_chunk_merges: 13.
num_chunk_splits: 2641.
num_chunks_enlarged: 1463.
num_inconsistent_stats: 0.

CodeHeap 'non-profiled nmethods': size=120000Kb used=6709Kb max_used=6709Kb free=113290Kb
 bounds [0x000001c787ad0000, 0x000001c788160000, 0x000001c78f000000]
CodeHeap 'profiled nmethods': size=120000Kb used=22170Kb max_used=22170Kb free=97829Kb
 bounds [0x000001c780000000, 0x000001c7815b0000, 0x000001c787530000]
CodeHeap 'non-nmethods': size=5760Kb used=1388Kb max_used=1459Kb free=4372Kb
 bounds [0x000001c787530000, 0x000001c7877a0000, 0x000001c787ad0000]
 total_blobs=10749 nmethods=10010 adapters=652
 compilation: enabled
              stopped_count=0, restarted_count=0
 full_count=0

Compilation events (20 events):
Event: 1388.687 Thread 0x000001c7fd08e910 nmethod 11985 0x000001c78815c010 code [0x000001c78815c1a0, 0x000001c78815c278]
Event: 1388.687 Thread 0x000001c7fd06cd60 11986       4       java.lang.String::<init> (10 bytes)
Event: 1388.692 Thread 0x000001c7fd06cd60 nmethod 11986 0x000001c78815c310 code [0x000001c78815c4a0, 0x000001c78815c548]
Event: 1409.857 Thread 0x000001c7fd06cd60 11987       4       java.util.concurrent.ConcurrentHashMap$KeyIterator::next (34 bytes)
Event: 1409.866 Thread 0x000001c7fd06cd60 nmethod 11987 0x000001c78815c610 code [0x000001c78815c7a0, 0x000001c78815c9d8]
Event: 1413.187 Thread 0x000001c7fd08e910 11988       3       org.eclipse.core.runtime.jobs.Job::getJobManager (4 bytes)
Event: 1413.187 Thread 0x000001c7fd08e910 nmethod 11988 0x000001c78088f110 code [0x000001c78088f2a0, 0x000001c78088f398]
Event: 1413.193 Thread 0x000001c7fd08e910 11989       3       org.eclipse.core.internal.filesystem.FileStoreUtil::compareSlashFirst (108 bytes)
Event: 1413.199 Thread 0x000001c7fd08e910 nmethod 11989 0x000001c78159fd90 code [0x000001c7815a00e0, 0x000001c7815a1658]
Event: 1413.256 Thread 0x000001c7fd08e910 11990       1       org.eclipse.jdt.core.dom.ASTVisitor::visit (2 bytes)
Event: 1413.256 Thread 0x000001c7fd08e910 nmethod 11990 0x000001c78815cb90 code [0x000001c78815cd20, 0x000001c78815cdf8]
Event: 1413.258 Thread 0x000001c7fd08e910 11991       1       org.eclipse.jdt.core.dom.ASTVisitor::visit (2 bytes)
Event: 1413.259 Thread 0x000001c7fd08e910 nmethod 11991 0x000001c78815ce90 code [0x000001c78815d020, 0x000001c78815d0f8]
Event: 1413.262 Thread 0x000001c7fd06cd60 11992       4       org.eclipse.jdt.internal.core.JavaModelManager::getOption (113 bytes)
Event: 1413.262 Thread 0x000001c7fd08e910 11993       3       org.eclipse.jdt.internal.core.SourceMapper::getUnqualifiedTypeSignature (515 bytes)
Event: 1413.271 Thread 0x000001c7fd08e910 nmethod 11993 0x000001c7815a2010 code [0x000001c7815a25c0, 0x000001c7815a5f68]
Event: 1413.271 Thread 0x000001c7fd08e910 11994       3       java.util.concurrent.ForkJoinPool::compareAndExchangeCtl (10 bytes)
Event: 1413.273 Thread 0x000001c7fd08e910 nmethod 11994 0x000001c7815a7590 code [0x000001c7815a77c0, 0x000001c7815a8048]
Event: 1413.273 Thread 0x000001c7fd08e910 11995       3       java.lang.invoke.VarHandleGuards::guard_LJJ_J (88 bytes)
Event: 1413.281 Thread 0x000001c7fd08e910 nmethod 11995 0x000001c7815a8390 code [0x000001c7815a86c0, 0x000001c7815aa268]

GC Heap History (20 events):
Event: 755.939 GC heap before
{Heap before GC invocations=100 (full 7):
 PSYoungGen      total 6656K, used 6469K [0x00000000eab00000, 0x00000000eb300000, 0x0000000100000000)
  eden space 5120K, 100% used [0x00000000eab00000,0x00000000eb000000,0x00000000eb000000)
  from space 1536K, 87% used [0x00000000eb000000,0x00000000eb151660,0x00000000eb180000)
  to   space 1536K, 0% used [0x00000000eb180000,0x00000000eb180000,0x00000000eb300000)
 ParOldGen       total 139264K, used 106803K [0x00000000c0000000, 0x00000000c8800000, 0x00000000eab00000)
  object space 139264K, 76% used [0x00000000c0000000,0x00000000c684cc98,0x00000000c8800000)
 Metaspace       used 78173K, committed 79488K, reserved 1179648K
  class space    used 8304K, committed 8896K, reserved 1048576K
}
Event: 755.942 GC heap after
{Heap after GC invocations=100 (full 7):
 PSYoungGen      total 6656K, used 1253K [0x00000000eab00000, 0x00000000eb300000, 0x0000000100000000)
  eden space 5120K, 0% used [0x00000000eab00000,0x00000000eab00000,0x00000000eb000000)
  from space 1536K, 81% used [0x00000000eb180000,0x00000000eb2b9660,0x00000000eb300000)
  to   space 1536K, 0% used [0x00000000eb000000,0x00000000eb000000,0x00000000eb180000)
 ParOldGen       total 139264K, used 106803K [0x00000000c0000000, 0x00000000c8800000, 0x00000000eab00000)
  object space 139264K, 76% used [0x00000000c0000000,0x00000000c684cc98,0x00000000c8800000)
 Metaspace       used 78173K, committed 79488K, reserved 1179648K
  class space    used 8304K, committed 8896K, reserved 1048576K
}
Event: 756.018 GC heap before
{Heap before GC invocations=101 (full 7):
 PSYoungGen      total 6656K, used 6373K [0x00000000eab00000, 0x00000000eb300000, 0x0000000100000000)
  eden space 5120K, 100% used [0x00000000eab00000,0x00000000eb000000,0x00000000eb000000)
  from space 1536K, 81% used [0x00000000eb180000,0x00000000eb2b9660,0x00000000eb300000)
  to   space 1536K, 0% used [0x00000000eb000000,0x00000000eb000000,0x00000000eb180000)
 ParOldGen       total 139264K, used 106803K [0x00000000c0000000, 0x00000000c8800000, 0x00000000eab00000)
  object space 139264K, 76% used [0x00000000c0000000,0x00000000c684cc98,0x00000000c8800000)
 Metaspace       used 78191K, committed 79488K, reserved 1179648K
  class space    used 8304K, committed 8896K, reserved 1048576K
}
Event: 756.021 GC heap after
{Heap after GC invocations=101 (full 7):
 PSYoungGen      total 6656K, used 1093K [0x00000000eab00000, 0x00000000eb300000, 0x0000000100000000)
  eden space 5120K, 0% used [0x00000000eab00000,0x00000000eab00000,0x00000000eb000000)
  from space 1536K, 71% used [0x00000000eb000000,0x00000000eb111660,0x00000000eb180000)
  to   space 1536K, 0% used [0x00000000eb180000,0x00000000eb180000,0x00000000eb300000)
 ParOldGen       total 139264K, used 106803K [0x00000000c0000000, 0x00000000c8800000, 0x00000000eab00000)
  object space 139264K, 76% used [0x00000000c0000000,0x00000000c684cc98,0x00000000c8800000)
 Metaspace       used 78191K, committed 79488K, reserved 1179648K
  class space    used 8304K, committed 8896K, reserved 1048576K
}
Event: 757.637 GC heap before
{Heap before GC invocations=102 (full 7):
 PSYoungGen      total 6656K, used 6213K [0x00000000eab00000, 0x00000000eb300000, 0x0000000100000000)
  eden space 5120K, 100% used [0x00000000eab00000,0x00000000eb000000,0x00000000eb000000)
  from space 1536K, 71% used [0x00000000eb000000,0x00000000eb111660,0x00000000eb180000)
  to   space 1536K, 0% used [0x00000000eb180000,0x00000000eb180000,0x00000000eb300000)
 ParOldGen       total 139264K, used 106803K [0x00000000c0000000, 0x00000000c8800000, 0x00000000eab00000)
  object space 139264K, 76% used [0x00000000c0000000,0x00000000c684cc98,0x00000000c8800000)
 Metaspace       used 78224K, committed 79552K, reserved 1179648K
  class space    used 8304K, committed 8896K, reserved 1048576K
}
Event: 757.642 GC heap after
{Heap after GC invocations=102 (full 7):
 PSYoungGen      total 6656K, used 1029K [0x00000000eab00000, 0x00000000eb300000, 0x0000000100000000)
  eden space 5120K, 0% used [0x00000000eab00000,0x00000000eab00000,0x00000000eb000000)
  from space 1536K, 67% used [0x00000000eb180000,0x00000000eb281660,0x00000000eb300000)
  to   space 1536K, 0% used [0x00000000eb000000,0x00000000eb000000,0x00000000eb180000)
 ParOldGen       total 139264K, used 106803K [0x00000000c0000000, 0x00000000c8800000, 0x00000000eab00000)
  object space 139264K, 76% used [0x00000000c0000000,0x00000000c684cc98,0x00000000c8800000)
 Metaspace       used 78224K, committed 79552K, reserved 1179648K
  class space    used 8304K, committed 8896K, reserved 1048576K
}
Event: 757.715 GC heap before
{Heap before GC invocations=103 (full 7):
 PSYoungGen      total 6656K, used 6149K [0x00000000eab00000, 0x00000000eb300000, 0x0000000100000000)
  eden space 5120K, 100% used [0x00000000eab00000,0x00000000eb000000,0x00000000eb000000)
  from space 1536K, 67% used [0x00000000eb180000,0x00000000eb281660,0x00000000eb300000)
  to   space 1536K, 0% used [0x00000000eb000000,0x00000000eb000000,0x00000000eb180000)
 ParOldGen       total 139264K, used 106803K [0x00000000c0000000, 0x00000000c8800000, 0x00000000eab00000)
  object space 139264K, 76% used [0x00000000c0000000,0x00000000c684cc98,0x00000000c8800000)
 Metaspace       used 78232K, committed 79552K, reserved 1179648K
  class space    used 8304K, committed 8896K, reserved 1048576K
}
Event: 757.719 GC heap after
{Heap after GC invocations=103 (full 7):
 PSYoungGen      total 6144K, used 721K [0x00000000eab00000, 0x00000000eb200000, 0x0000000100000000)
  eden space 5120K, 0% used [0x00000000eab00000,0x00000000eab00000,0x00000000eb000000)
  from space 1024K, 70% used [0x00000000eb000000,0x00000000eb0b4460,0x00000000eb100000)
  to   space 1024K, 0% used [0x00000000eb100000,0x00000000eb100000,0x00000000eb200000)
 ParOldGen       total 139264K, used 106803K [0x00000000c0000000, 0x00000000c8800000, 0x00000000eab00000)
  object space 139264K, 76% used [0x00000000c0000000,0x00000000c684cc98,0x00000000c8800000)
 Metaspace       used 78232K, committed 79552K, reserved 1179648K
  class space    used 8304K, committed 8896K, reserved 1048576K
}
Event: 757.764 GC heap before
{Heap before GC invocations=104 (full 7):
 PSYoungGen      total 6144K, used 5841K [0x00000000eab00000, 0x00000000eb200000, 0x0000000100000000)
  eden space 5120K, 100% used [0x00000000eab00000,0x00000000eb000000,0x00000000eb000000)
  from space 1024K, 70% used [0x00000000eb000000,0x00000000eb0b4460,0x00000000eb100000)
  to   space 1024K, 0% used [0x00000000eb100000,0x00000000eb100000,0x00000000eb200000)
 ParOldGen       total 139264K, used 106803K [0x00000000c0000000, 0x00000000c8800000, 0x00000000eab00000)
  object space 139264K, 76% used [0x00000000c0000000,0x00000000c684cc98,0x00000000c8800000)
 Metaspace       used 78239K, committed 79552K, reserved 1179648K
  class space    used 8304K, committed 8896K, reserved 1048576K
}
Event: 757.769 GC heap after
{Heap after GC invocations=104 (full 7):
 PSYoungGen      total 5632K, used 997K [0x00000000eab00000, 0x00000000eb300000, 0x0000000100000000)
  eden space 4608K, 0% used [0x00000000eab00000,0x00000000eab00000,0x00000000eaf80000)
  from space 1024K, 97% used [0x00000000eb100000,0x00000000eb1f9660,0x00000000eb200000)
  to   space 1536K, 0% used [0x00000000eaf80000,0x00000000eaf80000,0x00000000eb100000)
 ParOldGen       total 139264K, used 107059K [0x00000000c0000000, 0x00000000c8800000, 0x00000000eab00000)
  object space 139264K, 76% used [0x00000000c0000000,0x00000000c688cc98,0x00000000c8800000)
 Metaspace       used 78239K, committed 79552K, reserved 1179648K
  class space    used 8304K, committed 8896K, reserved 1048576K
}
Event: 1383.509 GC heap before
{Heap before GC invocations=105 (full 7):
 PSYoungGen      total 5632K, used 5588K [0x00000000eab00000, 0x00000000eb300000, 0x0000000100000000)
  eden space 4608K, 99% used [0x00000000eab00000,0x00000000eaf7b9b8,0x00000000eaf80000)
  from space 1024K, 97% used [0x00000000eb100000,0x00000000eb1f9660,0x00000000eb200000)
  to   space 1536K, 0% used [0x00000000eaf80000,0x00000000eaf80000,0x00000000eb100000)
 ParOldGen       total 139264K, used 107059K [0x00000000c0000000, 0x00000000c8800000, 0x00000000eab00000)
  object space 139264K, 76% used [0x00000000c0000000,0x00000000c688cc98,0x00000000c8800000)
 Metaspace       used 78327K, committed 79680K, reserved 1179648K
  class space    used 8305K, committed 8896K, reserved 1048576K
}
Event: 1383.578 GC heap after
{Heap after GC invocations=105 (full 7):
 PSYoungGen      total 6144K, used 1151K [0x00000000eab00000, 0x00000000eb280000, 0x0000000100000000)
  eden space 4608K, 0% used [0x00000000eab00000,0x00000000eab00000,0x00000000eaf80000)
  from space 1536K, 74% used [0x00000000eaf80000,0x00000000eb09ff60,0x00000000eb100000)
  to   space 1536K, 0% used [0x00000000eb100000,0x00000000eb100000,0x00000000eb280000)
 ParOldGen       total 139264K, used 107123K [0x00000000c0000000, 0x00000000c8800000, 0x00000000eab00000)
  object space 139264K, 76% used [0x00000000c0000000,0x00000000c689cca8,0x00000000c8800000)
 Metaspace       used 78327K, committed 79680K, reserved 1179648K
  class space    used 8305K, committed 8896K, reserved 1048576K
}
Event: 1383.679 GC heap before
{Heap before GC invocations=106 (full 7):
 PSYoungGen      total 6144K, used 5759K [0x00000000eab00000, 0x00000000eb280000, 0x0000000100000000)
  eden space 4608K, 100% used [0x00000000eab00000,0x00000000eaf80000,0x00000000eaf80000)
  from space 1536K, 74% used [0x00000000eaf80000,0x00000000eb09ff60,0x00000000eb100000)
  to   space 1536K, 0% used [0x00000000eb100000,0x00000000eb100000,0x00000000eb280000)
 ParOldGen       total 139264K, used 107123K [0x00000000c0000000, 0x00000000c8800000, 0x00000000eab00000)
  object space 139264K, 76% used [0x00000000c0000000,0x00000000c689cca8,0x00000000c8800000)
 Metaspace       used 78332K, committed 79680K, reserved 1179648K
  class space    used 8305K, committed 8896K, reserved 1048576K
}
Event: 1383.684 GC heap after
{Heap after GC invocations=106 (full 7):
 PSYoungGen      total 5632K, used 1530K [0x00000000eab00000, 0x00000000eb380000, 0x0000000100000000)
  eden space 4096K, 0% used [0x00000000eab00000,0x00000000eab00000,0x00000000eaf00000)
  from space 1536K, 99% used [0x00000000eb100000,0x00000000eb27e860,0x00000000eb280000)
  to   space 2048K, 0% used [0x00000000eaf00000,0x00000000eaf00000,0x00000000eb100000)
 ParOldGen       total 139264K, used 107163K [0x00000000c0000000, 0x00000000c8800000, 0x00000000eab00000)
  object space 139264K, 76% used [0x00000000c0000000,0x00000000c68a6ca8,0x00000000c8800000)
 Metaspace       used 78332K, committed 79680K, reserved 1179648K
  class space    used 8305K, committed 8896K, reserved 1048576K
}
Event: 1387.149 GC heap before
{Heap before GC invocations=107 (full 7):
 PSYoungGen      total 5632K, used 5626K [0x00000000eab00000, 0x00000000eb380000, 0x0000000100000000)
  eden space 4096K, 100% used [0x00000000eab00000,0x00000000eaf00000,0x00000000eaf00000)
  from space 1536K, 99% used [0x00000000eb100000,0x00000000eb27e860,0x00000000eb280000)
  to   space 2048K, 0% used [0x00000000eaf00000,0x00000000eaf00000,0x00000000eb100000)
 ParOldGen       total 139264K, used 107163K [0x00000000c0000000, 0x00000000c8800000, 0x00000000eab00000)
  object space 139264K, 76% used [0x00000000c0000000,0x00000000c68a6ca8,0x00000000c8800000)
 Metaspace       used 78366K, committed 79744K, reserved 1179648K
  class space    used 8305K, committed 8896K, reserved 1048576K
}
Event: 1387.154 GC heap after
{Heap after GC invocations=107 (full 7):
 PSYoungGen      total 6144K, used 1758K [0x00000000eab00000, 0x00000000eb300000, 0x0000000100000000)
  eden space 4096K, 0% used [0x00000000eab00000,0x00000000eab00000,0x00000000eaf00000)
  from space 2048K, 85% used [0x00000000eaf00000,0x00000000eb0b7b10,0x00000000eb100000)
  to   space 2048K, 0% used [0x00000000eb100000,0x00000000eb100000,0x00000000eb300000)
 ParOldGen       total 139264K, used 107260K [0x00000000c0000000, 0x00000000c8800000, 0x00000000eab00000)
  object space 139264K, 77% used [0x00000000c0000000,0x00000000c68bf128,0x00000000c8800000)
 Metaspace       used 78366K, committed 79744K, reserved 1179648K
  class space    used 8305K, committed 8896K, reserved 1048576K
}
Event: 1387.283 GC heap before
{Heap before GC invocations=108 (full 7):
 PSYoungGen      total 6144K, used 5854K [0x00000000eab00000, 0x00000000eb300000, 0x0000000100000000)
  eden space 4096K, 100% used [0x00000000eab00000,0x00000000eaf00000,0x00000000eaf00000)
  from space 2048K, 85% used [0x00000000eaf00000,0x00000000eb0b7b10,0x00000000eb100000)
  to   space 2048K, 0% used [0x00000000eb100000,0x00000000eb100000,0x00000000eb300000)
 ParOldGen       total 139264K, used 107260K [0x00000000c0000000, 0x00000000c8800000, 0x00000000eab00000)
  object space 139264K, 77% used [0x00000000c0000000,0x00000000c68bf128,0x00000000c8800000)
 Metaspace       used 78366K, committed 79744K, reserved 1179648K
  class space    used 8305K, committed 8896K, reserved 1048576K
}
Event: 1387.287 GC heap after
{Heap after GC invocations=108 (full 7):
 PSYoungGen      total 6144K, used 1753K [0x00000000eab00000, 0x00000000eb300000, 0x0000000100000000)
  eden space 4096K, 0% used [0x00000000eab00000,0x00000000eab00000,0x00000000eaf00000)
  from space 2048K, 85% used [0x00000000eb100000,0x00000000eb2b6410,0x00000000eb300000)
  to   space 2048K, 0% used [0x00000000eaf00000,0x00000000eaf00000,0x00000000eb100000)
 ParOldGen       total 139264K, used 107260K [0x00000000c0000000, 0x00000000c8800000, 0x00000000eab00000)
  object space 139264K, 77% used [0x00000000c0000000,0x00000000c68bf128,0x00000000c8800000)
 Metaspace       used 78366K, committed 79744K, reserved 1179648K
  class space    used 8305K, committed 8896K, reserved 1048576K
}
Event: 1387.734 GC heap before
{Heap before GC invocations=109 (full 7):
 PSYoungGen      total 6144K, used 5848K [0x00000000eab00000, 0x00000000eb300000, 0x0000000100000000)
  eden space 4096K, 99% used [0x00000000eab00000,0x00000000eaefff40,0x00000000eaf00000)
  from space 2048K, 85% used [0x00000000eb100000,0x00000000eb2b6410,0x00000000eb300000)
  to   space 2048K, 0% used [0x00000000eaf00000,0x00000000eaf00000,0x00000000eb100000)
 ParOldGen       total 139264K, used 107260K [0x00000000c0000000, 0x00000000c8800000, 0x00000000eab00000)
  object space 139264K, 77% used [0x00000000c0000000,0x00000000c68bf128,0x00000000c8800000)
 Metaspace       used 78371K, committed 79744K, reserved 1179648K
  class space    used 8305K, committed 8896K, reserved 1048576K
}
Event: 1387.738 GC heap after
{Heap after GC invocations=109 (full 7):
 PSYoungGen      total 6144K, used 1614K [0x00000000eab00000, 0x00000000eb300000, 0x0000000100000000)
  eden space 4096K, 0% used [0x00000000eab00000,0x00000000eab00000,0x00000000eaf00000)
  from space 2048K, 78% used [0x00000000eaf00000,0x00000000eb093b00,0x00000000eb100000)
  to   space 2048K, 0% used [0x00000000eb100000,0x00000000eb100000,0x00000000eb300000)
 ParOldGen       total 139264K, used 107284K [0x00000000c0000000, 0x00000000c8800000, 0x00000000eab00000)
  object space 139264K, 77% used [0x00000000c0000000,0x00000000c68c5128,0x00000000c8800000)
 Metaspace       used 78371K, committed 79744K, reserved 1179648K
  class space    used 8305K, committed 8896K, reserved 1048576K
}

Dll operation events (10 events):
Event: 0.021 Loaded shared library c:\Users\Katia.MAURI플O\.vscode\extensions\redhat.java-1.23.0-win32-x64\jre\17.0.8.1-win32-x86_64\bin\java.dll
Event: 0.960 Loaded shared library c:\Users\Katia.MAURI플O\.vscode\extensions\redhat.java-1.23.0-win32-x64\jre\17.0.8.1-win32-x86_64\bin\zip.dll
Event: 0.969 Loaded shared library C:\Users\Katia.MAURI플O\.vscode\extensions\redhat.java-1.23.0-win32-x64\jre\17.0.8.1-win32-x86_64\bin\instrument.dll
Event: 1.104 Loaded shared library C:\Users\Katia.MAURI플O\.vscode\extensions\redhat.java-1.23.0-win32-x64\jre\17.0.8.1-win32-x86_64\bin\net.dll
Event: 1.109 Loaded shared library C:\Users\Katia.MAURI플O\.vscode\extensions\redhat.java-1.23.0-win32-x64\jre\17.0.8.1-win32-x86_64\bin\nio.dll
Event: 1.187 Loaded shared library C:\Users\Katia.MAURI플O\.vscode\extensions\redhat.java-1.23.0-win32-x64\jre\17.0.8.1-win32-x86_64\bin\zip.dll
Event: 1.276 Loaded shared library C:\Users\Katia.MAURI플O\.vscode\extensions\redhat.java-1.23.0-win32-x64\jre\17.0.8.1-win32-x86_64\bin\jimage.dll
Event: 1.770 Loaded shared library c:\Users\Katia.MAURI플O\.vscode\extensions\redhat.java-1.23.0-win32-x64\jre\17.0.8.1-win32-x86_64\bin\verify.dll
Event: 7.828 Loaded shared library C:\Users\Katia.MAURI플O\AppData\Roaming\Code\User\globalStorage\redhat.java\1.23.0\config_win\org.eclipse.equinox.launcher\org.eclipse.equinox.launcher.win32.win32.x86_64_1.2.700.v20221108-1024\eclipse_11801.dll
Event: 19.326 Loaded shared library C:\Users\Katia.MAURI플O\AppData\Local\Temp\jna-72268630\jna13674530291389350363.dll

Deoptimization events (20 events):
Event: 757.701 Thread 0x000001c7fe7894a0 Uncommon trap: trap_request=0xffffffc6 fr.pc=0x000001c787ff082c relative=0x0000000000000f0c
Event: 757.701 Thread 0x000001c7fe7894a0 Uncommon trap: reason=bimorphic_or_optimized_type_check action=maybe_recompile pc=0x000001c787ff082c method=org.eclipse.jdt.internal.core.NameLookup.getModuleDescription(Lorg/eclipse/jdt/internal/core/JavaProject;Lorg/eclipse/jdt/core/IPackageFragmentRoot
Event: 757.701 Thread 0x000001c7fe7894a0 DEOPT PACKING pc=0x000001c787ff082c sp=0x0000007c9aefe1d0
Event: 757.701 Thread 0x000001c7fe7894a0 DEOPT UNPACKING pc=0x000001c7875866a3 sp=0x0000007c9aefe178 mode 2
Event: 757.751 Thread 0x000001c7fe7894a0 DEOPT PACKING pc=0x000001c780d5999a sp=0x0000007c9aefdda0
Event: 757.751 Thread 0x000001c7fe7894a0 DEOPT UNPACKING pc=0x000001c787586e43 sp=0x0000007c9aefd2a8 mode 0
Event: 1175.844 Thread 0x000001c7fe78f4d0 DEOPT PACKING pc=0x000001c781481c7c sp=0x0000007c9adfe1b0
Event: 1175.844 Thread 0x000001c7fe78f4d0 DEOPT UNPACKING pc=0x000001c787586e43 sp=0x0000007c9adfd730 mode 0
Event: 1387.119 Thread 0x000001c7fe7894a0 DEOPT PACKING pc=0x000001c781481c7c sp=0x0000007c9adfd7d0
Event: 1387.119 Thread 0x000001c7fe7894a0 DEOPT UNPACKING pc=0x000001c787586e43 sp=0x0000007c9adfcd50 mode 0
Event: 1387.266 Thread 0x000001c7fe7894a0 DEOPT PACKING pc=0x000001c781481c7c sp=0x0000007c9adfd730
Event: 1387.266 Thread 0x000001c7fe7894a0 DEOPT UNPACKING pc=0x000001c787586e43 sp=0x0000007c9adfccb0 mode 0
Event: 1387.831 Thread 0x000001c7fe78b810 DEOPT PACKING pc=0x000001c780daa0c5 sp=0x0000007c9c9fe6d0
Event: 1387.831 Thread 0x000001c7fe78b810 DEOPT UNPACKING pc=0x000001c787586e43 sp=0x0000007c9c9fdb50 mode 0
Event: 1387.897 Thread 0x000001c7fe78b810 Uncommon trap: trap_request=0xffffffde fr.pc=0x000001c787c4823c relative=0x000000000000003c
Event: 1387.897 Thread 0x000001c7fe78b810 Uncommon trap: reason=class_check action=maybe_recompile pc=0x000001c787c4823c method=java.lang.StringConcatHelper.stringOf(Ljava/lang/Object;)Ljava/lang/String; @ 5 c2
Event: 1387.897 Thread 0x000001c7fe78b810 DEOPT PACKING pc=0x000001c787c4823c sp=0x0000007c9c9fe5b0
Event: 1387.897 Thread 0x000001c7fe78b810 DEOPT UNPACKING pc=0x000001c7875866a3 sp=0x0000007c9c9fe540 mode 2
Event: 1413.193 Thread 0x000001c7fe7894a0 DEOPT PACKING pc=0x000001c780f93442 sp=0x0000007c9adfe270
Event: 1413.194 Thread 0x000001c7fe7894a0 DEOPT UNPACKING pc=0x000001c787586e43 sp=0x0000007c9adfd768 mode 0

Classes unloaded (8 events):
Event: 17.339 Thread 0x000001c7f82a86a0 Unloading class 0x000000010024c000 'java/lang/invoke/LambdaForm$MH+0x000000010024c000'
Event: 17.339 Thread 0x000001c7f82a86a0 Unloading class 0x000000010024bc00 'java/lang/invoke/LambdaForm$MH+0x000000010024bc00'
Event: 17.339 Thread 0x000001c7f82a86a0 Unloading class 0x000000010024b800 'java/lang/invoke/LambdaForm$MH+0x000000010024b800'
Event: 17.339 Thread 0x000001c7f82a86a0 Unloading class 0x000000010024b400 'java/lang/invoke/LambdaForm$MH+0x000000010024b400'
Event: 17.339 Thread 0x000001c7f82a86a0 Unloading class 0x000000010024b000 'java/lang/invoke/LambdaForm$BMH+0x000000010024b000'
Event: 17.339 Thread 0x000001c7f82a86a0 Unloading class 0x000000010024ac00 'java/lang/invoke/LambdaForm$DMH+0x000000010024ac00'
Event: 17.339 Thread 0x000001c7f82a86a0 Unloading class 0x0000000100248000 'java/lang/invoke/LambdaForm$DMH+0x0000000100248000'
Event: 44.966 Thread 0x000001c7f82a86a0 Unloading class 0x0000000100788400 'java/lang/invoke/LambdaForm$DMH+0x0000000100788400'

Classes redefined (0 events):
No events

Internal exceptions (20 events):
Event: 43.407 Thread 0x000001c7ff0525c0 Exception <a 'java/lang/NoSuchMethodError'{0x00000000eb079f50}: 'void java.lang.invoke.DirectMethodHandle$Holder.invokeSpecial(java.lang.Object, java.lang.Object, java.lang.Object, java.lang.Object, java.lang.Object)'> (0x00000000eb079f50) 
thrown [s\src\hotspot\share\interpreter\linkResolver.cpp, line 759]
Event: 46.325 Thread 0x000001c7fe78adf0 Exception <a 'sun/nio/fs/WindowsException'{0x00000000eb1efde0}> (0x00000000eb1efde0) 
thrown [s\src\hotspot\share\prims\jni.cpp, line 516]
Event: 51.007 Thread 0x000001c7fe789ec0 Exception <a 'java/lang/NoSuchMethodError'{0x00000000eb0e9380}: 'java.lang.Object java.lang.invoke.DirectMethodHandle$Holder.newInvokeSpecial(java.lang.Object, java.lang.Object, int, java.lang.Object, java.lang.Object, java.lang.Object, java.lang.Object)'> (0x00000000eb0e9380) 
thrown [s\src\hotspot\share\interpreter\linkResolver.cpp, line 759]
Event: 328.698 Thread 0x000001c7ff052ad0 Implicit null exception at 0x000001c787d0135e to 0x000001c787d016c4
Event: 328.742 Thread 0x000001c7ff052ad0 Exception <a 'java/lang/NoSuchMethodError'{0x00000000ead4bcf0}: static [J.<clinit>()V> (0x00000000ead4bcf0) 
thrown [s\src\hotspot\share\prims\jni.cpp, line 1107]
Event: 328.751 Thread 0x000001c7ff052ad0 Exception <a 'java/lang/NoSuchMethodError'{0x00000000ead78238}: 'java.lang.Object java.lang.invoke.DirectMethodHandle$Holder.newInvokeSpecial(java.lang.Object, java.lang.Object, java.lang.Object, java.lang.Object, java.lang.Object, java.lang.Object, java.lang.Object, java.lang.Object)'> (0x00000000ead78238) 
thrown [s\src\hotspot\share\interpreter\linkResolver.cpp, line 759]
Event: 328.752 Thread 0x000001c7ff052ad0 Exception <a 'java/lang/NoSuchMethodError'{0x00000000ead7cc60}: 'java.lang.Object java.lang.invoke.Invokers$Holder.linkToTargetMethod(java.lang.Object, java.lang.Object, java.lang.Object, java.lang.Object, java.lang.Object, java.lang.Object, java.lang.Object, java.lang.Object)'> (0x00000000ead7cc60) 
thrown [s\src\hotspot\share\interpreter\linkResolver.cpp, line 759]
Event: 619.075 Thread 0x000001c7fe78e5a0 Implicit null exception at 0x000001c78800e097 to 0x000001c78800ed64
Event: 623.581 Thread 0x000001c7fe78f4d0 Exception <a 'java/io/FileNotFoundException'{0x00000000eacf8340}> (0x00000000eacf8340) 
thrown [s\src\hotspot\share\prims\jni.cpp, line 516]
Event: 623.998 Thread 0x000001c7fe78f4d0 Exception <a 'java/lang/NoSuchMethodError'{0x00000000eabc1698}: 'java.lang.Object java.lang.invoke.DirectMethodHandle$Holder.invokeVirtual(java.lang.Object, java.lang.Object, java.lang.Object, java.lang.Object)'> (0x00000000eabc1698) 
thrown [s\src\hotspot\share\interpreter\linkResolver.cpp, line 759]
Event: 624.109 Thread 0x000001c7fe78adf0 Exception <a 'java/lang/NoSuchMethodError'{0x00000000eafa3908}: 'java.lang.Object java.lang.invoke.DirectMethodHandle$Holder.invokeStatic(java.lang.Object, long, java.lang.Object, java.lang.Object)'> (0x00000000eafa3908) 
thrown [s\src\hotspot\share\interpreter\linkResolver.cpp, line 759]
Event: 624.110 Thread 0x000001c7fe78adf0 Exception <a 'java/lang/NoSuchMethodError'{0x00000000eafaa4a8}: 'java.lang.Object java.lang.invoke.DirectMethodHandle$Holder.newInvokeSpecial(java.lang.Object, long)'> (0x00000000eafaa4a8) 
thrown [s\src\hotspot\share\interpreter\linkResolver.cpp, line 759]
Event: 624.190 Thread 0x000001c7fe78adf0 Exception <a 'sun/nio/fs/WindowsException'{0x00000000eab3c928}> (0x00000000eab3c928) 
thrown [s\src\hotspot\share\prims\jni.cpp, line 516]
Event: 624.190 Thread 0x000001c7fe78adf0 Exception <a 'sun/nio/fs/WindowsException'{0x00000000eab3cc28}> (0x00000000eab3cc28) 
thrown [s\src\hotspot\share\prims\jni.cpp, line 516]
Event: 624.191 Thread 0x000001c7fe78adf0 Exception <a 'sun/nio/fs/WindowsException'{0x00000000eab3dfb0}> (0x00000000eab3dfb0) 
thrown [s\src\hotspot\share\prims\jni.cpp, line 516]
Event: 624.191 Thread 0x000001c7fe78adf0 Exception <a 'sun/nio/fs/WindowsException'{0x00000000eab3e2b0}> (0x00000000eab3e2b0) 
thrown [s\src\hotspot\share\prims\jni.cpp, line 516]
Event: 1387.897 Thread 0x000001c7fe78b810 Exception <a 'sun/nio/fs/WindowsException'{0x00000000eaba0628}> (0x00000000eaba0628) 
thrown [s\src\hotspot\share\prims\jni.cpp, line 516]
Event: 1387.898 Thread 0x000001c7fe78b810 Exception <a 'sun/nio/fs/WindowsException'{0x00000000eaba0928}> (0x00000000eaba0928) 
thrown [s\src\hotspot\share\prims\jni.cpp, line 516]
Event: 1387.898 Thread 0x000001c7fe78b810 Exception <a 'sun/nio/fs/WindowsException'{0x00000000eaba12a0}> (0x00000000eaba12a0) 
thrown [s\src\hotspot\share\prims\jni.cpp, line 516]
Event: 1387.898 Thread 0x000001c7fe78b810 Exception <a 'sun/nio/fs/WindowsException'{0x00000000eaba15a0}> (0x00000000eaba15a0) 
thrown [s\src\hotspot\share\prims\jni.cpp, line 516]

VM Operations (20 events):
Event: 1382.537 Executing VM operation: Cleanup
Event: 1382.537 Executing VM operation: Cleanup done
Event: 1383.211 Executing VM operation: HandshakeAllThreads
Event: 1383.211 Executing VM operation: HandshakeAllThreads done
Event: 1383.508 Executing VM operation: ParallelGCFailedAllocation
Event: 1383.578 Executing VM operation: ParallelGCFailedAllocation done
Event: 1383.679 Executing VM operation: ParallelGCFailedAllocation
Event: 1383.684 Executing VM operation: ParallelGCFailedAllocation done
Event: 1384.692 Executing VM operation: Cleanup
Event: 1384.692 Executing VM operation: Cleanup done
Event: 1387.149 Executing VM operation: ParallelGCFailedAllocation
Event: 1387.154 Executing VM operation: ParallelGCFailedAllocation done
Event: 1387.283 Executing VM operation: ParallelGCFailedAllocation
Event: 1387.287 Executing VM operation: ParallelGCFailedAllocation done
Event: 1387.734 Executing VM operation: ParallelGCFailedAllocation
Event: 1387.738 Executing VM operation: ParallelGCFailedAllocation done
Event: 1388.748 Executing VM operation: Cleanup
Event: 1388.748 Executing VM operation: Cleanup done
Event: 1410.918 Executing VM operation: Cleanup
Event: 1410.918 Executing VM operation: Cleanup done

Events (20 events):
Event: 799.719 Thread 0x000001c7fe78adf0 Thread exited: 0x000001c7fe78adf0
Event: 829.733 Thread 0x000001c7fe78f4d0 Thread exited: 0x000001c7fe78f4d0
Event: 859.788 Thread 0x000001c7fe78b810 Thread exited: 0x000001c7fe78b810
Event: 861.063 Thread 0x000001c7fe7894a0 Thread exited: 0x000001c7fe7894a0
Event: 921.064 Thread 0x000001c7fe78eab0 Thread exited: 0x000001c7fe78eab0
Event: 1175.837 Thread 0x000001c7fe78f4d0 Thread added: 0x000001c7fe78f4d0
Event: 1260.597 Thread 0x000001c7fe78f4d0 Thread exited: 0x000001c7fe78f4d0
Event: 1382.486 Thread 0x000001c7fe7894a0 Thread added: 0x000001c7fe7894a0
Event: 1383.693 Thread 0x000001c79602d5d0 Thread added: 0x000001c79602d5d0
Event: 1386.558 Thread 0x000001c79602d5d0 Thread exited: 0x000001c79602d5d0
Event: 1386.959 Thread 0x000001c7fe78adf0 Thread added: 0x000001c7fe78adf0
Event: 1387.796 Thread 0x000001c7fe78b300 Thread added: 0x000001c7fe78b300
Event: 1387.810 Thread 0x000001c7fe78b810 Thread added: 0x000001c7fe78b810
Event: 1387.833 Thread 0x000001c79602cb30 Thread added: 0x000001c79602cb30
Event: 1387.905 Thread 0x000001c7fe78c230 Thread added: 0x000001c7fe78c230
Event: 1387.931 Thread 0x000001c7fe78c740 Thread added: 0x000001c7fe78c740
Event: 1387.931 Thread 0x000001c7fe78c230 Thread exited: 0x000001c7fe78c230
Event: 1388.686 Thread 0x000001c79602cb30 Thread exited: 0x000001c79602cb30
Event: 1388.687 Thread 0x000001c7fe78c230 Thread added: 0x000001c7fe78c230
Event: 1388.688 Thread 0x000001c7fe78c740 Thread exited: 0x000001c7fe78c740


Dynamic libraries:
0x00007ff641680000 - 0x00007ff64168e000 	c:\Users\Katia.MAURI플O\.vscode\extensions\redhat.java-1.23.0-win32-x64\jre\17.0.8.1-win32-x86_64\bin\java.exe
0x00007ffffb330000 - 0x00007ffffb527000 	C:\Windows\SYSTEM32\ntdll.dll
0x00007ffff9d80000 - 0x00007ffff9e3d000 	C:\Windows\System32\KERNEL32.DLL
0x00007ffff8de0000 - 0x00007ffff90d6000 	C:\Windows\System32\KERNELBASE.dll
0x00007ffff8ce0000 - 0x00007ffff8de0000 	C:\Windows\System32\ucrtbase.dll
0x00007ffff4830000 - 0x00007ffff4847000 	c:\Users\Katia.MAURI플O\.vscode\extensions\redhat.java-1.23.0-win32-x64\jre\17.0.8.1-win32-x86_64\bin\jli.dll
0x00007ffff9e40000 - 0x00007ffff9fde000 	C:\Windows\System32\USER32.dll
0x00007ffff90e0000 - 0x00007ffff9102000 	C:\Windows\System32\win32u.dll
0x00007ffff9c80000 - 0x00007ffff9cac000 	C:\Windows\System32\GDI32.dll
0x00007ffff9270000 - 0x00007ffff938a000 	C:\Windows\System32\gdi32full.dll
0x00007ffff8af0000 - 0x00007ffff8b8d000 	C:\Windows\System32\msvcp_win.dll
0x00007ffff2bd0000 - 0x00007ffff2be9000 	c:\Users\Katia.MAURI플O\.vscode\extensions\redhat.java-1.23.0-win32-x64\jre\17.0.8.1-win32-x86_64\bin\VCRUNTIME140.dll
0x00007fffed050000 - 0x00007fffed2ea000 	C:\Windows\WinSxS\amd64_microsoft.windows.common-controls_6595b64144ccf1df_6.0.19041.3570_none_60bb2a3971f3e41a\COMCTL32.dll
0x00007ffffa970000 - 0x00007ffffaa0e000 	C:\Windows\System32\msvcrt.dll
0x00007ffff9390000 - 0x00007ffff93c0000 	C:\Windows\System32\IMM32.DLL
0x00007ffff5cf0000 - 0x00007ffff5cfc000 	c:\Users\Katia.MAURI플O\.vscode\extensions\redhat.java-1.23.0-win32-x64\jre\17.0.8.1-win32-x86_64\bin\vcruntime140_1.dll
0x00007fffc7e90000 - 0x00007fffc7f21000 	c:\Users\Katia.MAURI플O\.vscode\extensions\redhat.java-1.23.0-win32-x64\jre\17.0.8.1-win32-x86_64\bin\msvcp140.dll
0x00007fffc15a0000 - 0x00007fffc21ec000 	c:\Users\Katia.MAURI플O\.vscode\extensions\redhat.java-1.23.0-win32-x64\jre\17.0.8.1-win32-x86_64\bin\server\jvm.dll
0x00007ffff9a50000 - 0x00007ffff9afe000 	C:\Windows\System32\ADVAPI32.dll
0x00007ffff99b0000 - 0x00007ffff9a4c000 	C:\Windows\System32\sechost.dll
0x00007ffff9740000 - 0x00007ffff9866000 	C:\Windows\System32\RPCRT4.dll
0x00007ffff7fc0000 - 0x00007ffff800b000 	C:\Windows\SYSTEM32\POWRPROF.dll
0x00007fffebbe0000 - 0x00007fffebbe9000 	C:\Windows\SYSTEM32\WSOCK32.dll
0x00007ffff9d10000 - 0x00007ffff9d7b000 	C:\Windows\System32\WS2_32.dll
0x00007fffeda00000 - 0x00007fffeda27000 	C:\Windows\SYSTEM32\WINMM.dll
0x00007ffff4c10000 - 0x00007ffff4c1a000 	C:\Windows\SYSTEM32\VERSION.dll
0x00007ffff7e30000 - 0x00007ffff7e42000 	C:\Windows\SYSTEM32\UMPDC.dll
0x00007ffff68b0000 - 0x00007ffff68c2000 	C:\Windows\SYSTEM32\kernel.appcore.dll
0x00007ffff4800000 - 0x00007ffff480a000 	c:\Users\Katia.MAURI플O\.vscode\extensions\redhat.java-1.23.0-win32-x64\jre\17.0.8.1-win32-x86_64\bin\jimage.dll
0x00007fffefa70000 - 0x00007fffefc54000 	C:\Windows\SYSTEM32\DBGHELP.DLL
0x00007fffefa30000 - 0x00007fffefa64000 	C:\Windows\SYSTEM32\dbgcore.DLL
0x00007ffff8c00000 - 0x00007ffff8c82000 	C:\Windows\System32\bcryptPrimitives.dll
0x00007ffff41e0000 - 0x00007ffff41ee000 	c:\Users\Katia.MAURI플O\.vscode\extensions\redhat.java-1.23.0-win32-x64\jre\17.0.8.1-win32-x86_64\bin\instrument.dll
0x00007ffff0a80000 - 0x00007ffff0aa5000 	c:\Users\Katia.MAURI플O\.vscode\extensions\redhat.java-1.23.0-win32-x64\jre\17.0.8.1-win32-x86_64\bin\java.dll
0x00007ffff0d20000 - 0x00007ffff0d38000 	c:\Users\Katia.MAURI플O\.vscode\extensions\redhat.java-1.23.0-win32-x64\jre\17.0.8.1-win32-x86_64\bin\zip.dll
0x00007ffff9fe0000 - 0x00007ffffa724000 	C:\Windows\System32\SHELL32.dll
0x00007ffff6ab0000 - 0x00007ffff724b000 	C:\Windows\SYSTEM32\windows.storage.dll
0x00007ffffae80000 - 0x00007ffffb1d4000 	C:\Windows\System32\combase.dll
0x00007ffff8450000 - 0x00007ffff847d000 	C:\Windows\SYSTEM32\Wldp.dll
0x00007ffff9b00000 - 0x00007ffff9bad000 	C:\Windows\System32\SHCORE.dll
0x00007ffff95c0000 - 0x00007ffff9615000 	C:\Windows\System32\shlwapi.dll
0x00007ffff8940000 - 0x00007ffff8965000 	C:\Windows\SYSTEM32\profapi.dll
0x00007ffff0ce0000 - 0x00007ffff0cf9000 	C:\Users\Katia.MAURI플O\.vscode\extensions\redhat.java-1.23.0-win32-x64\jre\17.0.8.1-win32-x86_64\bin\net.dll
0x00007ffff00f0000 - 0x00007ffff01fa000 	C:\Windows\SYSTEM32\WINHTTP.dll
0x00007ffff81b0000 - 0x00007ffff821a000 	C:\Windows\system32\mswsock.dll
0x00007fffeef50000 - 0x00007fffeef65000 	C:\Users\Katia.MAURI플O\.vscode\extensions\redhat.java-1.23.0-win32-x64\jre\17.0.8.1-win32-x86_64\bin\nio.dll
0x00007ffff4020000 - 0x00007ffff4030000 	c:\Users\Katia.MAURI플O\.vscode\extensions\redhat.java-1.23.0-win32-x64\jre\17.0.8.1-win32-x86_64\bin\verify.dll
0x00007fffd8a30000 - 0x00007fffd8a6e000 	C:\Users\Katia.MAURI플O\AppData\Roaming\Code\User\globalStorage\redhat.java\1.23.0\config_win\org.eclipse.equinox.launcher\org.eclipse.equinox.launcher.win32.win32.x86_64_1.2.700.v20221108-1024\eclipse_11801.dll
0x00007ffffa840000 - 0x00007ffffa96b000 	C:\Windows\System32\ole32.dll
0x00007ffff83b0000 - 0x00007ffff83c8000 	C:\Windows\SYSTEM32\CRYPTSP.dll
0x00007ffff7a50000 - 0x00007ffff7a84000 	C:\Windows\system32\rsaenh.dll
0x00007ffff8ac0000 - 0x00007ffff8ae7000 	C:\Windows\System32\bcrypt.dll
0x00007ffff88c0000 - 0x00007ffff88ee000 	C:\Windows\SYSTEM32\USERENV.dll
0x00007ffff83a0000 - 0x00007ffff83ac000 	C:\Windows\SYSTEM32\CRYPTBASE.dll
0x00007ffff7e50000 - 0x00007ffff7e8b000 	C:\Windows\SYSTEM32\IPHLPAPI.DLL
0x00007ffff9590000 - 0x00007ffff9598000 	C:\Windows\System32\NSI.dll
0x00007ffff13f0000 - 0x00007ffff1407000 	C:\Windows\SYSTEM32\dhcpcsvc6.DLL
0x00007ffff11a0000 - 0x00007ffff11bd000 	C:\Windows\SYSTEM32\dhcpcsvc.DLL
0x00007ffff7ea0000 - 0x00007ffff7f6a000 	C:\Windows\SYSTEM32\DNSAPI.dll
0x00007fffd2640000 - 0x00007fffd2685000 	C:\Users\Katia.MAURI플O\AppData\Local\Temp\jna-72268630\jna13674530291389350363.dll
0x00007ffff95b0000 - 0x00007ffff95b8000 	C:\Windows\System32\PSAPI.DLL

dbghelp: loaded successfully - version: 4.0.5 - missing functions: none
symbol engine: initialized successfully - sym options: 0x614 - pdb path: .;c:\Users\Katia.MAURI플O\.vscode\extensions\redhat.java-1.23.0-win32-x64\jre\17.0.8.1-win32-x86_64\bin;C:\Windows\SYSTEM32;C:\Windows\WinSxS\amd64_microsoft.windows.common-controls_6595b64144ccf1df_6.0.19041.3570_none_60bb2a3971f3e41a;c:\Users\Katia.MAURI플O\.vscode\extensions\redhat.java-1.23.0-win32-x64\jre\17.0.8.1-win32-x86_64\bin\server;C:\Users\Katia.MAURI플O\AppData\Roaming\Code\User\globalStorage\redhat.java\1.23.0\config_win\org.eclipse.equinox.launcher\org.eclipse.equinox.launcher.win32.win32.x86_64_1.2.700.v20221108-1024;C:\Users\Katia.MAURI플O\AppData\Local\Temp\jna-72268630

VM Arguments:
jvm_args: --add-modules=ALL-SYSTEM --add-opens=java.base/java.util=ALL-UNNAMED --add-opens=java.base/java.lang=ALL-UNNAMED --add-opens=java.base/sun.nio.fs=ALL-UNNAMED -Declipse.application=org.eclipse.jdt.ls.core.id1 -Dosgi.bundles.defaultStartLevel=4 -Declipse.product=org.eclipse.jdt.ls.core.product -Djava.import.generatesMetadataFilesAtProjectRoot=false -DDetectVMInstallationsJob.disabled=true -Dfile.encoding=utf8 -XX:+UseParallelGC -XX:GCTimeRatio=4 -XX:AdaptiveSizePolicyWeight=90 -Dsun.zip.disableMemoryMapping=true -Xmx1G -Xms100m -Xlog:disable -javaagent:c:\Users\Katia.MAURI플O\.vscode\extensions\redhat.java-1.23.0-win32-x64\lombok\lombok-1.18.30.jar -XX:+HeapDumpOnOutOfMemoryError -XX:HeapDumpPath=c:\Users\Katia.MAURI플O\AppData\Roaming\Code\User\workspaceStorage\dfa2953e2fdd7e9697ece0cafbddfab4\redhat.java -Daether.dependencyCollector.impl=bf 
java_command: c:\Users\Katia.MAURI플O\.vscode\extensions\redhat.java-1.23.0-win32-x64\server\plugins\org.eclipse.equinox.launcher_1.6.500.v20230717-2134.jar -configuration c:\Users\Katia.MAURI플O\AppData\Roaming\Code\User\globalStorage\redhat.java\1.23.0\config_win -data c:\Users\Katia.MAURI플O\AppData\Roaming\Code\User\workspaceStorage\dfa2953e2fdd7e9697ece0cafbddfab4\redhat.java\jdt_ws
java_class_path (initial): c:\Users\Katia.MAURI플O\.vscode\extensions\redhat.java-1.23.0-win32-x64\server\plugins\org.eclipse.equinox.launcher_1.6.500.v20230717-2134.jar
Launcher Type: SUN_STANDARD

[Global flags]
    uintx AdaptiveSizePolicyWeight                 = 90                                        {product} {command line}
     intx CICompilerCount                          = 3                                         {product} {ergonomic}
    uintx GCTimeRatio                              = 4                                         {product} {command line}
     bool HeapDumpOnOutOfMemoryError               = true                                   {manageable} {command line}
    ccstr HeapDumpPath                             = c:\Users\Katia.MAURI플O\AppData\Roaming\Code\User\workspaceStorage\dfa2953e2fdd7e9697ece0cafbddfab4\redhat.java         {manageable} {command line}
   size_t InitialHeapSize                          = 104857600                                 {product} {command line}
   size_t MaxHeapSize                              = 1073741824                                {product} {command line}
   size_t MaxNewSize                               = 357564416                                 {product} {ergonomic}
   size_t MinHeapDeltaBytes                        = 524288                                    {product} {ergonomic}
   size_t MinHeapSize                              = 104857600                                 {product} {command line}
   size_t NewSize                                  = 34603008                                  {product} {ergonomic}
    uintx NonNMethodCodeHeapSize                   = 5832780                                {pd product} {ergonomic}
    uintx NonProfiledCodeHeapSize                  = 122912730                              {pd product} {ergonomic}
   size_t OldSize                                  = 70254592                                  {product} {ergonomic}
    uintx ProfiledCodeHeapSize                     = 122912730                              {pd product} {ergonomic}
    uintx ReservedCodeCacheSize                    = 251658240                              {pd product} {ergonomic}
     bool SegmentedCodeCache                       = true                                      {product} {ergonomic}
   size_t SoftMaxHeapSize                          = 1073741824                             {manageable} {ergonomic}
     bool UseCompressedClassPointers               = true                           {product lp64_product} {ergonomic}
     bool UseCompressedOops                        = true                           {product lp64_product} {ergonomic}
     bool UseLargePagesIndividualAllocation        = false                                  {pd product} {ergonomic}
     bool UseParallelGC                            = true                                      {product} {command line}

Logging:
Log output configuration:
 #0: stdout all=off uptime,level,tags
 #1: stderr all=off uptime,level,tags

Environment Variables:
JAVA_HOME=C:\Program Files\Java\zulu17.42.19-ca-jdk17.0.7-win_x64
PATH=C:\Program Files\Common Files\Oracle\Java\javapath;C:\Program Files\Java\zulu17.42.19-ca-jdk17.0.7-win_x64\bin;C:\Windows\system32;C:\Windows;C:\Windows\System32\Wbem;C:\Windows\System32\WindowsPowerShell\v1.0\;C:\Windows\System32\OpenSSH\;C:\Program Files (x86)\NVIDIA Corporation\PhysX\Common;C:\Program Files\NVIDIA Corporation\NVIDIA NvDLISR;C:\ProgramData\UNIVALI\Portugol Studio;C:\ProgramData\chocolatey\bin;C:\Program Files\nodejs\;C:\maven\bin;C:\Program Files\Git\cmd;C:\Users\Katia.MAURI플O\AppData\Local\Microsoft\WindowsApps;;C:\Users\Katia.MAURI플O\AppData\Local\Programs\Microsoft VS Code\bin;C:\Users\Katia.MAURI플O\AppData\Roaming\npm
USERNAME=Katia
OS=Windows_NT
PROCESSOR_IDENTIFIER=Intel64 Family 6 Model 69 Stepping 1, GenuineIntel
TMP=C:\Users\KATIA~1.MAU\AppData\Local\Temp
TEMP=C:\Users\KATIA~1.MAU\AppData\Local\Temp



---------------  S Y S T E M  ---------------

OS:
 Windows 10 , 64 bit Build 19041 (10.0.19041.3570)
OS uptime: 1 days 20:48 hours

CPU: total 4 (initial active 4) (2 cores per cpu, 2 threads per core) family 6 model 69 stepping 1 microcode 0x25, cx8, cmov, fxsr, ht, mmx, sse, sse2, sse3, ssse3, sse4.1, sse4.2, popcnt, lzcnt, tsc, tscinvbit, avx, avx2, aes, erms, clmul, bmi1, bmi2, fma, vzeroupper, clflush
Processor Information for all 4 processors :
  Max Mhz: 1601, Current Mhz: 1600, Mhz Limit: 1584

Memory: 4k page, system-wide physical 4000M (608M free)
TotalPageFile size 8000M (AvailPageFile size 379M)
current process WorkingSet (physical memory assigned to process): 118M, peak: 377M
current process commit charge ("private bytes"): 358M, peak: 427M

vm_info: OpenJDK 64-Bit Server VM (17.0.8.1+1) for windows-amd64 JRE (17.0.8.1+1), built on Aug 23 2023 15:29:17 by "admin" with MS VC++ 16.7 (VS2019)

END.
