#
# There is insufficient memory for the Java Runtime Environment to continue.
# Native memory allocation (mmap) failed to map 2097152 bytes for G1 virtual space
# Possible reasons:
#   The system is out of physical RAM or swap space
#   The process is running with CompressedOops enabled, and the Java Heap may be blocking the growth of the native heap
# Possible solutions:
#   Reduce memory load on the system
#   Increase physical memory or swap space
#   Check if swap backing store is full
#   Decrease Java heap size (-Xmx/-Xms)
#   Decrease number of Java threads
#   Decrease Java thread stack sizes (-Xss)
#   Set larger code cache with -XX:ReservedCodeCacheSize=
#   JVM is running with Unscaled Compressed Oops mode in which the Java heap is
#     placed in the first 4GB address space. The Java Heap base address is the
#     maximum limit for the native heap growth. Please use -XX:HeapBaseMinAddress
#     to set the Java Heap base and to place the Java Heap above 4GB virtual address.
# This output file may be truncated or incomplete.
#
#  Out of Memory Error (os_windows.cpp:3617), pid=11452, tid=10808
#
# JRE version: OpenJDK Runtime Environment Temurin-17.0.8.1+1 (17.0.8.1+1) (build 17.0.8.1+1)
# Java VM: OpenJDK 64-Bit Server VM Temurin-17.0.8.1+1 (17.0.8.1+1, mixed mode, emulated-client, tiered, compressed oops, compressed class ptrs, g1 gc, windows-amd64)
# No core dump will be written. Minidumps are not enabled by default on client versions of Windows
#

---------------  S U M M A R Y ------------

Command Line: -XX:+HeapDumpOnOutOfMemoryError -Xmx1024m -Dsts.lsp.client=vscode -Dsts.log.file=/dev/null -XX:TieredStopAtLevel=1 -Xlog:jni+resolve=off -Dspring.config.location=file:c:\Users\Katia.MAURI플O\.vscode\extensions\vmware.vscode-spring-boot-1.49.0\language-server\BOOT-INF\classes\application.properties org.springframework.ide.vscode.boot.app.BootLanguageServerBootApp

Host: Intel(R) Core(TM) i5-4200U CPU @ 1.60GHz, 4 cores, 3G,  Windows 10 , 64 bit Build 19041 (10.0.19041.3393)
Time: Tue Oct 10 17:29:30 2023 Hora oficial do Brasil elapsed time: 10.842235 seconds (0d 0h 0m 10s)

---------------  T H R E A D  ---------------

Current thread (0x000001fd7f2bd430):  VMThread "VM Thread" [stack: 0x000000566e700000,0x000000566e800000] [id=10808]

Stack: [0x000000566e700000,0x000000566e800000]
Native frames: (J=compiled Java code, j=interpreted, Vv=VM code, C=native code)
V  [jvm.dll+0x678b0a]
V  [jvm.dll+0x835e84]
V  [jvm.dll+0x83762e]
V  [jvm.dll+0x837c93]
V  [jvm.dll+0x24746f]
V  [jvm.dll+0x675859]
V  [jvm.dll+0x66a0ea]
V  [jvm.dll+0x306c7b]
V  [jvm.dll+0x30e166]
V  [jvm.dll+0x35dd3e]
V  [jvm.dll+0x35df6f]
V  [jvm.dll+0x2ddb48]
V  [jvm.dll+0x2dbd0c]
V  [jvm.dll+0x2db2dc]
V  [jvm.dll+0x32ea1c]
V  [jvm.dll+0x83c15b]
V  [jvm.dll+0x83ce94]
V  [jvm.dll+0x83d3ac]
V  [jvm.dll+0x83d784]
V  [jvm.dll+0x83d850]
V  [jvm.dll+0x7e64ca]
V  [jvm.dll+0x677955]
C  [ucrtbase.dll+0x21bb2]
C  [KERNEL32.DLL+0x17344]
C  [ntdll.dll+0x526b1]

VM_Operation (0x000000566e1fd370): CollectForMetadataAllocation, mode: safepoint, requested by thread 0x000001fd76da57f0


---------------  P R O C E S S  ---------------

Threads class SMR info:
_java_thread_list=0x000001fd09da2680, length=16, elements={
0x000001fd76da57f0, 0x000001fd7f2d2730, 0x000001fd7f2d3540, 0x000001fd7f311010,
0x000001fd7f3117b0, 0x000001fd7f3150a0, 0x000001fd7f315970, 0x000001fd7f316240,
0x000001fd7f316b50, 0x000001fd7f631890, 0x000001fd7f638b10, 0x000001fd76da64c0,
0x000001fd0978fb60, 0x000001fd09dec790, 0x000001fd09e629c0, 0x000001fd09e37080
}

Java Threads: ( => current thread )
  0x000001fd76da57f0 JavaThread "main" [_thread_blocked, id=9964, stack(0x000000566e100000,0x000000566e200000)]
  0x000001fd7f2d2730 JavaThread "Reference Handler" daemon [_thread_blocked, id=10616, stack(0x000000566e800000,0x000000566e900000)]
  0x000001fd7f2d3540 JavaThread "Finalizer" daemon [_thread_blocked, id=6736, stack(0x000000566e900000,0x000000566ea00000)]
  0x000001fd7f311010 JavaThread "Signal Dispatcher" daemon [_thread_blocked, id=12404, stack(0x000000566ea00000,0x000000566eb00000)]
  0x000001fd7f3117b0 JavaThread "Attach Listener" daemon [_thread_blocked, id=6692, stack(0x000000566eb00000,0x000000566ec00000)]
  0x000001fd7f3150a0 JavaThread "Service Thread" daemon [_thread_blocked, id=9428, stack(0x000000566ec00000,0x000000566ed00000)]
  0x000001fd7f315970 JavaThread "Monitor Deflation Thread" daemon [_thread_blocked, id=13056, stack(0x000000566ed00000,0x000000566ee00000)]
  0x000001fd7f316240 JavaThread "C1 CompilerThread0" daemon [_thread_blocked, id=13440, stack(0x000000566ee00000,0x000000566ef00000)]
  0x000001fd7f316b50 JavaThread "Sweeper thread" daemon [_thread_blocked, id=2796, stack(0x000000566ef00000,0x000000566f000000)]
  0x000001fd7f631890 JavaThread "Notification Thread" daemon [_thread_blocked, id=7408, stack(0x000000566f000000,0x000000566f100000)]
  0x000001fd7f638b10 JavaThread "Common-Cleaner" daemon [_thread_blocked, id=7888, stack(0x000000566f200000,0x000000566f300000)]
  0x000001fd76da64c0 JavaThread "C1 CompilerThread1" daemon [_thread_blocked, id=14160, stack(0x000000566f300000,0x000000566f400000)]
  0x000001fd0978fb60 JavaThread "C1 CompilerThread2" daemon [_thread_blocked, id=10436, stack(0x000000566f800000,0x000000566f900000)]
  0x000001fd09dec790 JavaThread "boundedElastic-evictor-1" daemon [_thread_blocked, id=3484, stack(0x000000566f700000,0x000000566f800000)]
  0x000001fd09e629c0 JavaThread "pool-11-thread-1" [_thread_blocked, id=11176, stack(0x000000566f900000,0x000000566fa00000)]
  0x000001fd09e37080 JavaThread "LanguageServerApp-lifecycle" [_thread_blocked, id=1876, stack(0x000000566fa00000,0x000000566fb00000)]

Other Threads:
=>0x000001fd7f2bd430 VMThread "VM Thread" [stack: 0x000000566e700000,0x000000566e800000] [id=10808]
  0x000001fd7f631d70 WatcherThread [stack: 0x000000566f100000,0x000000566f200000] [id=11728]
  0x000001fd76de3180 GCTaskThread "GC Thread#0" [stack: 0x000000566e200000,0x000000566e300000] [id=13676]
  0x000001fd7f86ec30 GCTaskThread "GC Thread#1" [stack: 0x000000566f400000,0x000000566f500000] [id=11308]
  0x000001fd064cdb70 GCTaskThread "GC Thread#2" [stack: 0x000000566f500000,0x000000566f600000] [id=12312]
  0x000001fd067dd190 GCTaskThread "GC Thread#3" [stack: 0x000000566f600000,0x000000566f700000] [id=6204]
  0x000001fd76dedef0 ConcurrentGCThread "G1 Main Marker" [stack: 0x000000566e300000,0x000000566e400000] [id=1792]
  0x000001fd76dee710 ConcurrentGCThread "G1 Conc#0" [stack: 0x000000566e400000,0x000000566e500000] [id=1140]
  0x000001fd76e3b810 ConcurrentGCThread "G1 Refine#0" [stack: 0x000000566e500000,0x000000566e600000] [id=6080]
  0x000001fd76e3c050 ConcurrentGCThread "G1 Service" [stack: 0x000000566e600000,0x000000566e700000] [id=364]

Threads with active compile tasks:

VM state: at safepoint (normal execution)

VM Mutex/Monitor currently owned by a thread:  ([mutex/lock_event])
[0x000001fd74cfdc80] Threads_lock - owner thread: 0x000001fd7f2bd430
[0x000001fd76da3ba0] Heap_lock - owner thread: 0x000001fd76da57f0

Heap address: 0x00000000c0000000, size: 1024 MB, Compressed Oops mode: 32-bit

CDS archive(s) not mapped
Compressed class space mapped at: 0x0000000100000000-0x0000000140000000, reserved size: 1073741824
Narrow klass base: 0x0000000000000000, Narrow klass shift: 3, Narrow klass range: 0x140000000

GC Precious Log:
 CPUs: 4 total, 4 available
 Memory: 4000M
 Large Page Support: Disabled
 NUMA Support: Disabled
 Compressed Oops: Enabled (32-bit)
 Heap Region Size: 1M
 Heap Min Capacity: 8M
 Heap Initial Capacity: 64M
 Heap Max Capacity: 1G
 Pre-touch: Disabled
 Parallel Workers: 4
 Concurrent Workers: 1
 Concurrent Refinement Workers: 4
 Periodic GC: Disabled

Heap:
 garbage-first heap   total 58368K, used 21883K [0x00000000c0000000, 0x0000000100000000)
  region size 1024K, 2 young (2048K), 2 survivors (2048K)
 Metaspace       used 35902K, committed 36288K, reserved 1114112K
  class space    used 4657K, committed 4864K, reserved 1048576K

Heap Regions: E=young(eden), S=young(survivor), O=old, HS=humongous(starts), HC=humongous(continues), CS=collection set, F=free, OA=open archive, CA=closed archive, TAMS=top-at-mark-start (previous, next)
|   0|0x00000000c0000000, 0x00000000c0100000, 0x00000000c0100000|100%| O|  |TAMS 0x00000000c0100000, 0x00000000c0100000| Untracked 
|   1|0x00000000c0100000, 0x00000000c0200000, 0x00000000c0200000|100%| O|  |TAMS 0x00000000c0200000, 0x00000000c0200000| Untracked 
|   2|0x00000000c0200000, 0x00000000c0300000, 0x00000000c0300000|100%| O|  |TAMS 0x00000000c0300000, 0x00000000c0300000| Untracked 
|   3|0x00000000c0300000, 0x00000000c0400000, 0x00000000c0400000|100%| O|  |TAMS 0x00000000c0400000, 0x00000000c0400000| Untracked 
|   4|0x00000000c0400000, 0x00000000c0500000, 0x00000000c0500000|100%| O|  |TAMS 0x00000000c0500000, 0x00000000c0500000| Untracked 
|   5|0x00000000c0500000, 0x00000000c0600000, 0x00000000c0600000|100%| O|  |TAMS 0x00000000c0600000, 0x00000000c0600000| Untracked 
|   6|0x00000000c0600000, 0x00000000c0700000, 0x00000000c0700000|100%| O|  |TAMS 0x00000000c0700000, 0x00000000c0700000| Untracked 
|   7|0x00000000c0700000, 0x00000000c0800000, 0x00000000c0800000|100%| O|  |TAMS 0x00000000c0800000, 0x00000000c0800000| Untracked 
|   8|0x00000000c0800000, 0x00000000c0900000, 0x00000000c0900000|100%| O|  |TAMS 0x00000000c08f2c00, 0x00000000c0900000| Untracked 
|   9|0x00000000c0900000, 0x00000000c0a00000, 0x00000000c0a00000|100%| O|  |TAMS 0x00000000c0900000, 0x00000000c0a00000| Untracked 
|  10|0x00000000c0a00000, 0x00000000c0b00000, 0x00000000c0b00000|100%| O|  |TAMS 0x00000000c0a00000, 0x00000000c0b00000| Untracked 
|  11|0x00000000c0b00000, 0x00000000c0c00000, 0x00000000c0c00000|100%| O|  |TAMS 0x00000000c0b00000, 0x00000000c0c00000| Untracked 
|  12|0x00000000c0c00000, 0x00000000c0c72600, 0x00000000c0d00000| 44%| O|  |TAMS 0x00000000c0c00000, 0x00000000c0c72600| Untracked 
|  13|0x00000000c0d00000, 0x00000000c0e00000, 0x00000000c0e00000|100%| O|  |TAMS 0x00000000c0d00000, 0x00000000c0e00000| Untracked 
|  14|0x00000000c0e00000, 0x00000000c0f00000, 0x00000000c0f00000|100%| O|  |TAMS 0x00000000c0e00000, 0x00000000c0f00000| Untracked 
|  15|0x00000000c0f00000, 0x00000000c1000000, 0x00000000c1000000|100%| O|  |TAMS 0x00000000c0f00000, 0x00000000c1000000| Untracked 
|  16|0x00000000c1000000, 0x00000000c1100000, 0x00000000c1100000|100%| O|  |TAMS 0x00000000c1000000, 0x00000000c1100000| Untracked 
|  17|0x00000000c1100000, 0x00000000c1200000, 0x00000000c1200000|100%| O|  |TAMS 0x00000000c1100000, 0x00000000c1200000| Untracked 
|  18|0x00000000c1200000, 0x00000000c1300000, 0x00000000c1300000|100%| O|  |TAMS 0x00000000c1200000, 0x00000000c123de00| Untracked 
|  19|0x00000000c1300000, 0x00000000c1400000, 0x00000000c1400000|100%| O|  |TAMS 0x00000000c1300000, 0x00000000c1300000| Untracked 
|  20|0x00000000c1400000, 0x00000000c14b2e00, 0x00000000c1500000| 69%| O|  |TAMS 0x00000000c1400000, 0x00000000c1400000| Untracked 
|  21|0x00000000c1500000, 0x00000000c1500000, 0x00000000c1600000|  0%| F|  |TAMS 0x00000000c1500000, 0x00000000c1500000| Untracked 
|  22|0x00000000c1600000, 0x00000000c1600000, 0x00000000c1700000|  0%| F|  |TAMS 0x00000000c1600000, 0x00000000c1600000| Untracked 
|  23|0x00000000c1700000, 0x00000000c1700000, 0x00000000c1800000|  0%| F|  |TAMS 0x00000000c1700000, 0x00000000c1700000| Untracked 
|  24|0x00000000c1800000, 0x00000000c1800000, 0x00000000c1900000|  0%| F|  |TAMS 0x00000000c1800000, 0x00000000c1800000| Untracked 
|  25|0x00000000c1900000, 0x00000000c1900000, 0x00000000c1a00000|  0%| F|  |TAMS 0x00000000c1900000, 0x00000000c1900000| Untracked 
|  26|0x00000000c1a00000, 0x00000000c1a00000, 0x00000000c1b00000|  0%| F|  |TAMS 0x00000000c1a00000, 0x00000000c1a00000| Untracked 
|  27|0x00000000c1b00000, 0x00000000c1b00000, 0x00000000c1c00000|  0%| F|  |TAMS 0x00000000c1b00000, 0x00000000c1b00000| Untracked 
|  28|0x00000000c1c00000, 0x00000000c1c00000, 0x00000000c1d00000|  0%| F|  |TAMS 0x00000000c1c00000, 0x00000000c1c00000| Untracked 
|  29|0x00000000c1d00000, 0x00000000c1d00000, 0x00000000c1e00000|  0%| F|  |TAMS 0x00000000c1d00000, 0x00000000c1d00000| Untracked 
|  30|0x00000000c1e00000, 0x00000000c1e00000, 0x00000000c1f00000|  0%| F|  |TAMS 0x00000000c1e00000, 0x00000000c1e00000| Untracked 
|  31|0x00000000c1f00000, 0x00000000c1f00000, 0x00000000c2000000|  0%| F|  |TAMS 0x00000000c1f00000, 0x00000000c1f00000| Untracked 
|  32|0x00000000c2000000, 0x00000000c2000000, 0x00000000c2100000|  0%| F|  |TAMS 0x00000000c2000000, 0x00000000c2000000| Untracked 
|  33|0x00000000c2100000, 0x00000000c2100000, 0x00000000c2200000|  0%| F|  |TAMS 0x00000000c2100000, 0x00000000c2100000| Untracked 
|  34|0x00000000c2200000, 0x00000000c2200000, 0x00000000c2300000|  0%| F|  |TAMS 0x00000000c2200000, 0x00000000c2200000| Untracked 
|  35|0x00000000c2300000, 0x00000000c2300000, 0x00000000c2400000|  0%| F|  |TAMS 0x00000000c2300000, 0x00000000c2300000| Untracked 
|  36|0x00000000c2400000, 0x00000000c2400000, 0x00000000c2500000|  0%| F|  |TAMS 0x00000000c2400000, 0x00000000c2400000| Untracked 
|  37|0x00000000c2500000, 0x00000000c2500000, 0x00000000c2600000|  0%| F|  |TAMS 0x00000000c2500000, 0x00000000c2500000| Untracked 
|  38|0x00000000c2600000, 0x00000000c2600000, 0x00000000c2700000|  0%| F|  |TAMS 0x00000000c2600000, 0x00000000c2600000| Untracked 
|  39|0x00000000c2700000, 0x00000000c2700000, 0x00000000c2800000|  0%| F|  |TAMS 0x00000000c2700000, 0x00000000c2700000| Untracked 
|  40|0x00000000c2800000, 0x00000000c2800000, 0x00000000c2900000|  0%| F|  |TAMS 0x00000000c2800000, 0x00000000c2800000| Untracked 
|  41|0x00000000c2900000, 0x00000000c2900000, 0x00000000c2a00000|  0%| F|  |TAMS 0x00000000c2900000, 0x00000000c2900000| Untracked 
|  42|0x00000000c2a00000, 0x00000000c2a39880, 0x00000000c2b00000| 22%| S|CS|TAMS 0x00000000c2a00000, 0x00000000c2a00000| Complete 
|  43|0x00000000c2b00000, 0x00000000c2c00000, 0x00000000c2c00000|100%| S|CS|TAMS 0x00000000c2b00000, 0x00000000c2b00000| Complete 
|  44|0x00000000c2c00000, 0x00000000c2c00000, 0x00000000c2d00000|  0%| F|  |TAMS 0x00000000c2c00000, 0x00000000c2c00000| Untracked 
|  45|0x00000000c2d00000, 0x00000000c2d00000, 0x00000000c2e00000|  0%| F|  |TAMS 0x00000000c2d00000, 0x00000000c2d00000| Untracked 
|  46|0x00000000c2e00000, 0x00000000c2e00000, 0x00000000c2f00000|  0%| F|  |TAMS 0x00000000c2e00000, 0x00000000c2e00000| Untracked 
|  47|0x00000000c2f00000, 0x00000000c2f00000, 0x00000000c3000000|  0%| F|  |TAMS 0x00000000c2f00000, 0x00000000c2f00000| Untracked 
|  48|0x00000000c3000000, 0x00000000c3000000, 0x00000000c3100000|  0%| F|  |TAMS 0x00000000c3000000, 0x00000000c3000000| Untracked 
|  49|0x00000000c3100000, 0x00000000c3100000, 0x00000000c3200000|  0%| F|  |TAMS 0x00000000c3100000, 0x00000000c3100000| Untracked 
|  50|0x00000000c3200000, 0x00000000c3200000, 0x00000000c3300000|  0%| F|  |TAMS 0x00000000c3200000, 0x00000000c3200000| Untracked 
|  51|0x00000000c3300000, 0x00000000c3300000, 0x00000000c3400000|  0%| F|  |TAMS 0x00000000c3300000, 0x00000000c3300000| Untracked 
|  52|0x00000000c3400000, 0x00000000c3400000, 0x00000000c3500000|  0%| F|  |TAMS 0x00000000c3400000, 0x00000000c3400000| Untracked 
|  55|0x00000000c3700000, 0x00000000c3700000, 0x00000000c3800000|  0%| F|  |TAMS 0x00000000c3700000, 0x00000000c3700000| Untracked 
|  56|0x00000000c3800000, 0x00000000c3800000, 0x00000000c3900000|  0%| F|  |TAMS 0x00000000c3800000, 0x00000000c3800000| Untracked 
|  62|0x00000000c3e00000, 0x00000000c3e00000, 0x00000000c3f00000|  0%| F|  |TAMS 0x00000000c3e00000, 0x00000000c3e00000| Untracked 
|  63|0x00000000c3f00000, 0x00000000c3f00000, 0x00000000c4000000|  0%| F|  |TAMS 0x00000000c3f00000, 0x00000000c3f00000| Untracked 

Card table byte_map: [0x000001fd7ca20000,0x000001fd7cc20000] _byte_map_base: 0x000001fd7c420000

Marking Bits (Prev, Next): (CMBitMap*) 0x000001fd76de5600, (CMBitMap*) 0x000001fd76de55c0
 Prev Bits: [0x000001fd7de20000, 0x000001fd7ee20000)
 Next Bits: [0x000001fd7ce20000, 0x000001fd7de20000)

Polling page: 0x000001fd74c40000

Metaspace:

Usage:
  Non-class:     30.51 MB used.
      Class:      4.55 MB used.
       Both:     35.06 MB used.

Virtual space:
  Non-class space:       64.00 MB reserved,      30.69 MB ( 48%) committed,  1 nodes.
      Class space:        1.00 GB reserved,       4.75 MB ( <1%) committed,  1 nodes.
             Both:        1.06 GB reserved,      35.44 MB (  3%) committed. 

Chunk freelists:
   Non-Class:  512.00 KB
       Class:  11.30 MB
        Both:  11.80 MB

MaxMetaspaceSize: unlimited
CompressedClassSpaceSize: 1.00 GB
Initial GC threshold: 21.00 MB
Current GC threshold: 35.44 MB
CDS: off
MetaspaceReclaimPolicy: balanced
 - commit_granule_bytes: 65536.
 - commit_granule_words: 8192.
 - virtual_space_node_default_size: 8388608.
 - enlarge_chunks_in_place: 1.
 - new_chunks_are_fully_committed: 0.
 - uncommit_free_chunks: 1.
 - use_allocation_guard: 0.
 - handle_deallocations: 1.


Internal statistics:

num_allocs_failed_limit: 8.
num_arena_births: 430.
num_arena_deaths: 0.
num_vsnodes_births: 2.
num_vsnodes_deaths: 0.
num_space_committed: 567.
num_space_uncommitted: 0.
num_chunks_returned_to_freelist: 8.
num_chunks_taken_from_freelist: 1473.
num_chunk_merges: 8.
num_chunk_splits: 1006.
num_chunks_enlarged: 752.
num_inconsistent_stats: 0.

CodeCache: size=49152Kb used=7309Kb max_used=7309Kb free=41842Kb
 bounds [0x000001fd79a20000, 0x000001fd7a150000, 0x000001fd7ca20000]
 total_blobs=3851 nmethods=3314 adapters=462
 compilation: enabled
              stopped_count=0, restarted_count=0
 full_count=0

Compilation events (20 events):
Event: 10.740 Thread 0x000001fd0978fb60 3305       1       java.util.concurrent.atomic.AtomicInteger::set (6 bytes)
Event: 10.740 Thread 0x000001fd0978fb60 nmethod 3305 0x000001fd7a140990 code [0x000001fd7a140b20, 0x000001fd7a140bf8]
Event: 10.742 Thread 0x000001fd76da64c0 3306   !   1       org.springframework.util.ConcurrentReferenceHashMap$Segment::clear (69 bytes)
Event: 10.743 Thread 0x000001fd76da64c0 nmethod 3306 0x000001fd7a140c90 code [0x000001fd7a140ea0, 0x000001fd7a141328]
Event: 10.750 Thread 0x000001fd76da64c0 3307       1       jdk.internal.math.FDBigInteger::mult (64 bytes)
Event: 10.750 Thread 0x000001fd7f316240 3308       1       jdk.internal.math.FDBigInteger::<init> (30 bytes)
Event: 10.750 Thread 0x000001fd0978fb60 3309       1       jdk.internal.math.FDBigInteger::trimLeadingZeros (57 bytes)
Event: 10.750 Thread 0x000001fd76da64c0 nmethod 3307 0x000001fd7a141690 code [0x000001fd7a141840, 0x000001fd7a1419f8]
Event: 10.750 Thread 0x000001fd7f316240 nmethod 3308 0x000001fd7a141b90 code [0x000001fd7a141d20, 0x000001fd7a141e68]
Event: 10.751 Thread 0x000001fd0978fb60 nmethod 3309 0x000001fd7a141f10 code [0x000001fd7a1420a0, 0x000001fd7a1421f8]
Event: 10.751 Thread 0x000001fd76da64c0 3311       1       jdk.internal.math.FDBigInteger::mult (44 bytes)
Event: 10.751 Thread 0x000001fd7f316240 3310       1       jdk.internal.math.FDBigInteger::makeImmutable (6 bytes)
Event: 10.751 Thread 0x000001fd7f316240 nmethod 3310 0x000001fd7a142310 code [0x000001fd7a1424a0, 0x000001fd7a142578]
Event: 10.751 Thread 0x000001fd76da64c0 nmethod 3311 0x000001fd7a142610 code [0x000001fd7a1427c0, 0x000001fd7a142a78]
Event: 10.779 Thread 0x000001fd0978fb60 3312       1       java.util.Spliterators$ArraySpliterator::forEachRemaining (68 bytes)
Event: 10.780 Thread 0x000001fd0978fb60 nmethod 3312 0x000001fd7a142b90 code [0x000001fd7a142d40, 0x000001fd7a142f58]
Event: 10.802 Thread 0x000001fd0978fb60 3313       1       ch.qos.logback.core.pattern.Converter::getNext (5 bytes)
Event: 10.802 Thread 0x000001fd0978fb60 nmethod 3313 0x000001fd7a143090 code [0x000001fd7a143220, 0x000001fd7a1432f8]
Event: 10.802 Thread 0x000001fd0978fb60 3314       1       java.util.ArrayList::<init> (12 bytes)
Event: 10.803 Thread 0x000001fd0978fb60 nmethod 3314 0x000001fd7a143390 code [0x000001fd7a143520, 0x000001fd7a143658]

GC Heap History (17 events):
Event: 2.036 GC heap before
{Heap before GC invocations=0 (full 0):
 garbage-first heap   total 65536K, used 12288K [0x00000000c0000000, 0x0000000100000000)
  region size 1024K, 13 young (13312K), 0 survivors (0K)
 Metaspace       used 5938K, committed 6144K, reserved 1114112K
  class space    used 579K, committed 704K, reserved 1048576K
}
Event: 2.051 GC heap after
{Heap after GC invocations=1 (full 0):
 garbage-first heap   total 65536K, used 8352K [0x00000000c0000000, 0x0000000100000000)
  region size 1024K, 2 young (2048K), 2 survivors (2048K)
 Metaspace       used 5938K, committed 6144K, reserved 1114112K
  class space    used 579K, committed 704K, reserved 1048576K
}
Event: 2.945 GC heap before
{Heap before GC invocations=1 (full 0):
 garbage-first heap   total 65536K, used 17568K [0x00000000c0000000, 0x0000000100000000)
  region size 1024K, 11 young (11264K), 2 survivors (2048K)
 Metaspace       used 8579K, committed 8768K, reserved 1114112K
  class space    used 984K, committed 1088K, reserved 1048576K
}
Event: 2.952 GC heap after
{Heap after GC invocations=2 (full 0):
 garbage-first heap   total 65536K, used 9269K [0x00000000c0000000, 0x0000000100000000)
  region size 1024K, 1 young (1024K), 1 survivors (1024K)
 Metaspace       used 8579K, committed 8768K, reserved 1114112K
  class space    used 984K, committed 1088K, reserved 1048576K
}
Event: 3.702 GC heap before
{Heap before GC invocations=2 (full 0):
 garbage-first heap   total 65536K, used 26677K [0x00000000c0000000, 0x0000000100000000)
  region size 1024K, 18 young (18432K), 1 survivors (1024K)
 Metaspace       used 13587K, committed 13760K, reserved 1114112K
  class space    used 1684K, committed 1792K, reserved 1048576K
}
Event: 3.710 GC heap after
{Heap after GC invocations=3 (full 0):
 garbage-first heap   total 65536K, used 10641K [0x00000000c0000000, 0x0000000100000000)
  region size 1024K, 3 young (3072K), 3 survivors (3072K)
 Metaspace       used 13587K, committed 13760K, reserved 1114112K
  class space    used 1684K, committed 1792K, reserved 1048576K
}
Event: 4.805 GC heap before
{Heap before GC invocations=3 (full 0):
 garbage-first heap   total 65536K, used 35217K [0x00000000c0000000, 0x0000000100000000)
  region size 1024K, 28 young (28672K), 3 survivors (3072K)
 Metaspace       used 19490K, committed 19712K, reserved 1114112K
  class space    used 2422K, committed 2496K, reserved 1048576K
}
Event: 4.815 GC heap after
{Heap after GC invocations=4 (full 0):
 garbage-first heap   total 65536K, used 12875K [0x00000000c0000000, 0x0000000100000000)
  region size 1024K, 4 young (4096K), 4 survivors (4096K)
 Metaspace       used 19490K, committed 19712K, reserved 1114112K
  class space    used 2422K, committed 2496K, reserved 1048576K
}
Event: 5.020 GC heap before
{Heap before GC invocations=4 (full 0):
 garbage-first heap   total 65536K, used 19019K [0x00000000c0000000, 0x0000000100000000)
  region size 1024K, 11 young (11264K), 4 survivors (4096K)
 Metaspace       used 21366K, committed 21504K, reserved 1114112K
  class space    used 2635K, committed 2688K, reserved 1048576K
}
Event: 5.030 GC heap after
{Heap after GC invocations=5 (full 0):
 garbage-first heap   total 65536K, used 14071K [0x00000000c0000000, 0x0000000100000000)
  region size 1024K, 2 young (2048K), 2 survivors (2048K)
 Metaspace       used 21366K, committed 21504K, reserved 1114112K
  class space    used 2635K, committed 2688K, reserved 1048576K
}
Event: 6.180 GC heap before
{Heap before GC invocations=6 (full 0):
 garbage-first heap   total 58368K, used 40695K [0x00000000c0000000, 0x0000000100000000)
  region size 1024K, 29 young (29696K), 2 survivors (2048K)
 Metaspace       used 27155K, committed 27392K, reserved 1114112K
  class space    used 3389K, committed 3520K, reserved 1048576K
}
Event: 6.191 GC heap after
{Heap after GC invocations=7 (full 0):
 garbage-first heap   total 58368K, used 16137K [0x00000000c0000000, 0x0000000100000000)
  region size 1024K, 4 young (4096K), 4 survivors (4096K)
 Metaspace       used 27155K, committed 27392K, reserved 1114112K
  class space    used 3389K, committed 3520K, reserved 1048576K
}
Event: 7.635 GC heap before
{Heap before GC invocations=7 (full 0):
 garbage-first heap   total 58368K, used 38665K [0x00000000c0000000, 0x0000000100000000)
  region size 1024K, 26 young (26624K), 4 survivors (4096K)
 Metaspace       used 30084K, committed 30464K, reserved 1114112K
  class space    used 3788K, committed 3968K, reserved 1048576K
}
Event: 7.658 GC heap after
{Heap after GC invocations=8 (full 0):
 garbage-first heap   total 58368K, used 18205K [0x00000000c0000000, 0x0000000100000000)
  region size 1024K, 3 young (3072K), 3 survivors (3072K)
 Metaspace       used 30084K, committed 30464K, reserved 1114112K
  class space    used 3788K, committed 3968K, reserved 1048576K
}
Event: 8.612 GC heap before
{Heap before GC invocations=8 (full 0):
 garbage-first heap   total 58368K, used 39709K [0x00000000c0000000, 0x0000000100000000)
  region size 1024K, 24 young (24576K), 3 survivors (3072K)
 Metaspace       used 32926K, committed 33280K, reserved 1114112K
  class space    used 4211K, committed 4352K, reserved 1048576K
}
Event: 8.629 GC heap after
{Heap after GC invocations=9 (full 0):
 garbage-first heap   total 58368K, used 20798K [0x00000000c0000000, 0x0000000100000000)
  region size 1024K, 3 young (3072K), 3 survivors (3072K)
 Metaspace       used 32926K, committed 33280K, reserved 1114112K
  class space    used 4211K, committed 4352K, reserved 1048576K
}
Event: 10.812 GC heap before
{Heap before GC invocations=9 (full 0):
 garbage-first heap   total 58368K, used 33086K [0x00000000c0000000, 0x0000000100000000)
  region size 1024K, 16 young (16384K), 3 survivors (3072K)
 Metaspace       used 35902K, committed 36288K, reserved 1114112K
  class space    used 4657K, committed 4864K, reserved 1048576K
}

Dll operation events (8 events):
Event: 0.030 Loaded shared library c:\Users\Katia.MAURI플O\.vscode\extensions\redhat.java-1.23.0-win32-x64\jre\17.0.8.1-win32-x86_64\bin\java.dll
Event: 0.962 Loaded shared library C:\Users\Katia.MAURI플O\.vscode\extensions\redhat.java-1.23.0-win32-x64\jre\17.0.8.1-win32-x86_64\bin\net.dll
Event: 0.966 Loaded shared library C:\Users\Katia.MAURI플O\.vscode\extensions\redhat.java-1.23.0-win32-x64\jre\17.0.8.1-win32-x86_64\bin\nio.dll
Event: 1.004 Loaded shared library C:\Users\Katia.MAURI플O\.vscode\extensions\redhat.java-1.23.0-win32-x64\jre\17.0.8.1-win32-x86_64\bin\zip.dll
Event: 1.940 Loaded shared library C:\Users\Katia.MAURI플O\.vscode\extensions\redhat.java-1.23.0-win32-x64\jre\17.0.8.1-win32-x86_64\bin\jimage.dll
Event: 8.379 Loaded shared library c:\Users\Katia.MAURI플O\.vscode\extensions\redhat.java-1.23.0-win32-x64\jre\17.0.8.1-win32-x86_64\bin\verify.dll
Event: 10.762 Loaded shared library C:\Users\Katia.MAURI플O\.vscode\extensions\redhat.java-1.23.0-win32-x64\jre\17.0.8.1-win32-x86_64\bin\management.dll
Event: 10.775 Loaded shared library C:\Users\Katia.MAURI플O\.vscode\extensions\redhat.java-1.23.0-win32-x64\jre\17.0.8.1-win32-x86_64\bin\management_ext.dll

Deoptimization events (2 events):
Event: 5.667 Thread 0x000001fd76da57f0 DEOPT PACKING pc=0x000001fd79f9ac99 sp=0x000000566e1fd5c0
Event: 5.667 Thread 0x000001fd76da57f0 DEOPT UNPACKING pc=0x000001fd79a77143 sp=0x000000566e1fcaa0 mode 3

Classes unloaded (0 events):
No events

Classes redefined (0 events):
No events

Internal exceptions (20 events):
Event: 7.184 Thread 0x000001fd76da57f0 Exception <a 'java/lang/NoSuchMethodError'{0x00000000c29695f0}: 'int java.lang.invoke.DirectMethodHandle$Holder.invokeStatic(java.lang.Object, long)'> (0x00000000c29695f0) 
thrown [s\src\hotspot\share\interpreter\linkResolver.cpp, line 759]
Event: 7.190 Thread 0x000001fd76da57f0 Exception <a 'java/lang/NoSuchMethodError'{0x00000000c298e118}: 'int java.lang.invoke.DirectMethodHandle$Holder.invokeSpecial(java.lang.Object, java.lang.Object, int)'> (0x00000000c298e118) 
thrown [s\src\hotspot\share\interpreter\linkResolver.cpp, line 759]
Event: 7.191 Thread 0x000001fd76da57f0 Exception <a 'java/lang/NoSuchMethodError'{0x00000000c2995a10}: 'int java.lang.invoke.Invokers$Holder.linkToTargetMethod(java.lang.Object, java.lang.Object)'> (0x00000000c2995a10) 
thrown [s\src\hotspot\share\interpreter\linkResolver.cpp, line 759]
Event: 7.233 Thread 0x000001fd76da57f0 Exception <a 'java/lang/NoSuchMethodError'{0x00000000c286a5d0}: 'java.lang.Object java.lang.invoke.DirectMethodHandle$Holder.invokeSpecial(java.lang.Object, java.lang.Object, java.lang.Object, java.lang.Object, java.lang.Object, java.lang.Object, java.lang.Object, java.lang.Object, java.lang.Object, java.lang.Object)'> (0x00000000c286a5d0) 
thrown [s\src\hotspot\share\interpreter\linkResolver.cpp, line 759]
Event: 7.234 Thread 0x000001fd76da57f0 Exception <a 'java/lang/NoSuchMethodError'{0x00000000c286ebb8}: 'java.lang.Object java.lang.invoke.Invokers$Holder.invoke_MT(java.lang.Object, java.lang.Object, java.lang.Object, java.lang.Object, java.lang.Object, java.lang.Object, java.lang.Object, java.lang.Object, java.lang.Object, java.lang.Object)'> (0x00000000c286ebb8) 
thrown [s\src\hotspot\share\interpreter\linkResolver.cpp, line 759]
Event: 7.245 Thread 0x000001fd76da57f0 Exception <a 'java/lang/NoSuchMethodError'{0x00000000c28b3768}: 'java.lang.Object java.lang.invoke.DirectMethodHandle$Holder.invokeSpecial(java.lang.Object, java.lang.Object, int, java.lang.Object, java.lang.Object)'> (0x00000000c28b3768) 
thrown [s\src\hotspot\share\interpreter\linkResolver.cpp, line 759]
Event: 7.245 Thread 0x000001fd76da57f0 Exception <a 'java/lang/NoSuchMethodError'{0x00000000c28b7410}: 'java.lang.Object java.lang.invoke.DelegatingMethodHandle$Holder.delegate(java.lang.Object, int, java.lang.Object, java.lang.Object)'> (0x00000000c28b7410) 
thrown [s\src\hotspot\share\interpreter\linkResolver.cpp, line 759]
Event: 7.247 Thread 0x000001fd76da57f0 Exception <a 'java/lang/NoSuchMethodError'{0x00000000c28c8298}: 'int java.lang.invoke.Invokers$Holder.linkToTargetMethod(java.lang.Object, java.lang.Object, java.lang.Object)'> (0x00000000c28c8298) 
thrown [s\src\hotspot\share\interpreter\linkResolver.cpp, line 759]
Event: 7.377 Thread 0x000001fd76da57f0 Exception <a 'java/lang/NoSuchMethodError'{0x00000000c254c128}: 'void java.lang.invoke.DirectMethodHandle$Holder.invokeSpecial(java.lang.Object, java.lang.Object, java.lang.Object, java.lang.Object, java.lang.Object, java.lang.Object)'> (0x00000000c254c128) 
thrown [s\src\hotspot\share\interpreter\linkResolver.cpp, line 759]
Event: 7.454 Thread 0x000001fd76da57f0 Exception <a 'java/lang/NoSuchMethodError'{0x00000000c24e9f68}: 'java.lang.Object java.lang.invoke.DirectMethodHandle$Holder.invokeStaticInit(java.lang.Object, int, int, int, int)'> (0x00000000c24e9f68) 
thrown [s\src\hotspot\share\interpreter\linkResolver.cpp, line 759]
Event: 7.603 Thread 0x000001fd76da57f0 Exception <a 'java/lang/NoSuchMethodError'{0x00000000c2360d00}: 'java.lang.Object java.lang.invoke.DirectMethodHandle$Holder.invokeStaticInit(java.lang.Object, java.lang.Object, int, int, int, int)'> (0x00000000c2360d00) 
thrown [s\src\hotspot\share\interpreter\linkResolver.cpp, line 759]
Event: 8.025 Thread 0x000001fd76da57f0 Exception <a 'java/lang/NoSuchMethodError'{0x00000000c310d190}: 'void java.lang.invoke.DirectMethodHandle$Holder.invokeSpecialIFC(java.lang.Object, java.lang.Object, java.lang.Object)'> (0x00000000c310d190) 
thrown [s\src\hotspot\share\interpreter\linkResolver.cpp, line 759]
Event: 9.938 Thread 0x000001fd76da57f0 Exception <a 'java/lang/NoSuchMethodError'{0x00000000c3761ee8}: 'void java.lang.invoke.DirectMethodHandle$Holder.invokeSpecial(java.lang.Object, java.lang.Object, java.lang.Object, java.lang.Object, java.lang.Object, java.lang.Object, java.lang.Object)'> (0x00000000c3761ee8) 
thrown [s\src\hotspot\share\interpreter\linkResolver.cpp, line 759]
Event: 9.939 Thread 0x000001fd76da57f0 Exception <a 'java/lang/NoSuchMethodError'{0x00000000c376c708}: 'java.lang.Object java.lang.invoke.DirectMethodHandle$Holder.newInvokeSpecial(java.lang.Object, java.lang.Object, java.lang.Object, java.lang.Object, java.lang.Object, java.lang.Object)'> (0x00000000c376c708) 
thrown [s\src\hotspot\share\interpreter\linkResolver.cpp, line 759]
Event: 10.365 Thread 0x000001fd76da57f0 Exception <a 'java/lang/NoSuchMethodError'{0x00000000c3161e60}: 'java.lang.Object java.lang.invoke.DirectMethodHandle$Holder.invokeInterface(java.lang.Object, java.lang.Object, int)'> (0x00000000c3161e60) 
thrown [s\src\hotspot\share\interpreter\linkResolver.cpp, line 759]
Event: 10.380 Thread 0x000001fd76da57f0 Exception <a 'java/lang/IncompatibleClassChangeError'{0x00000000c31751a8}: Found class java.lang.Object, but interface was expected> (0x00000000c31751a8) 
thrown [s\src\hotspot\share\interpreter\linkResolver.cpp, line 826]
Event: 10.727 Thread 0x000001fd76da57f0 Exception <a 'java/lang/NoSuchMethodError'{0x00000000c2c4f1c8}: 'java.lang.Object java.lang.invoke.DirectMethodHandle$Holder.newInvokeSpecial(java.lang.Object, java.lang.Object, int, java.lang.Object, java.lang.Object)'> (0x00000000c2c4f1c8) 
thrown [s\src\hotspot\share\interpreter\linkResolver.cpp, line 759]
Event: 10.730 Thread 0x000001fd76da57f0 Exception <a 'java/lang/NoSuchMethodError'{0x00000000c2c61b70}: 'java.lang.Object java.lang.invoke.DirectMethodHandle$Holder.invokeSpecial(java.lang.Object, java.lang.Object, int, java.lang.Object, int, java.lang.Object)'> (0x00000000c2c61b70) 
thrown [s\src\hotspot\share\interpreter\linkResolver.cpp, line 759]
Event: 10.731 Thread 0x000001fd76da57f0 Exception <a 'java/lang/NoSuchMethodError'{0x00000000c2c69978}: 'java.lang.Object java.lang.invoke.DirectMethodHandle$Holder.newInvokeSpecial(java.lang.Object, java.lang.Object, int, java.lang.Object, int)'> (0x00000000c2c69978) 
thrown [s\src\hotspot\share\interpreter\linkResolver.cpp, line 759]
Event: 10.732 Thread 0x000001fd76da57f0 Exception <a 'java/lang/NoSuchMethodError'{0x00000000c2c6da78}: 'java.lang.Object java.lang.invoke.DirectMethodHandle$Holder.invokeSpecial(java.lang.Object, java.lang.Object, java.lang.Object, int, java.lang.Object, int)'> (0x00000000c2c6da78) 
thrown [s\src\hotspot\share\interpreter\linkResolver.cpp, line 759]

VM Operations (20 events):
Event: 7.206 Executing VM operation: HandshakeAllThreads done
Event: 7.420 Executing VM operation: HandshakeAllThreads
Event: 7.420 Executing VM operation: HandshakeAllThreads done
Event: 7.634 Executing VM operation: G1CollectForAllocation
Event: 7.658 Executing VM operation: G1CollectForAllocation done
Event: 8.212 Executing VM operation: HandshakeAllThreads
Event: 8.212 Executing VM operation: HandshakeAllThreads done
Event: 8.612 Executing VM operation: G1CollectForAllocation
Event: 8.629 Executing VM operation: G1CollectForAllocation done
Event: 9.635 Executing VM operation: Cleanup
Event: 9.635 Executing VM operation: Cleanup done
Event: 10.550 Executing VM operation: HandshakeAllThreads
Event: 10.550 Executing VM operation: HandshakeAllThreads done
Event: 10.670 Executing VM operation: HandshakeAllThreads
Event: 10.670 Executing VM operation: HandshakeAllThreads done
Event: 10.670 Executing VM operation: Cleanup
Event: 10.671 Executing VM operation: Cleanup done
Event: 10.672 Executing VM operation: HandshakeAllThreads
Event: 10.673 Executing VM operation: HandshakeAllThreads done
Event: 10.812 Executing VM operation: CollectForMetadataAllocation

Events (20 events):
Event: 10.796 loading class sun/management/ManagementFactoryHelper$LoggingMXBeanAccess$1 done
Event: 10.797 loading class java/lang/management/DefaultPlatformMBeanProvider$9
Event: 10.797 loading class java/lang/management/DefaultPlatformMBeanProvider$9 done
Event: 10.797 loading class java/lang/management/DefaultPlatformMBeanProvider$10
Event: 10.797 loading class java/lang/management/DefaultPlatformMBeanProvider$10 done
Event: 10.797 loading class java/lang/management/DefaultPlatformMBeanProvider$11
Event: 10.797 loading class java/lang/management/DefaultPlatformMBeanProvider$11 done
Event: 10.797 loading class jdk/management/jfr/FlightRecorderMXBean
Event: 10.798 loading class jdk/management/jfr/FlightRecorderMXBean done
Event: 10.798 loading class jdk/management/jfr/internal/FlightRecorderMXBeanProvider$SingleMBeanComponent
Event: 10.798 loading class jdk/management/jfr/internal/FlightRecorderMXBeanProvider$SingleMBeanComponent done
Event: 10.798 loading class java/util/HashMap$ValueSpliterator
Event: 10.799 loading class java/util/HashMap$ValueSpliterator done
Event: 10.800 loading class java/util/stream/ReduceOps$2
Event: 10.800 loading class java/util/stream/ReduceOps$2 done
Event: 10.800 loading class java/util/stream/ReduceOps$2ReducingSink
Event: 10.800 loading class java/util/stream/ReduceOps$2ReducingSink done
Event: 10.800 loading class sun/management/RuntimeImpl
Event: 10.801 loading class sun/management/RuntimeImpl done
Event: 10.811 Thread 0x000001fd09e37080 Thread added: 0x000001fd09e37080


Dynamic libraries:
0x00007ff70d0f0000 - 0x00007ff70d0fe000 	c:\Users\Katia.MAURI플O\.vscode\extensions\redhat.java-1.23.0-win32-x64\jre\17.0.8.1-win32-x86_64\bin\java.exe
0x00007ffd70bd0000 - 0x00007ffd70dc8000 	C:\Windows\SYSTEM32\ntdll.dll
0x00007ffd6ff20000 - 0x00007ffd6ffdd000 	C:\Windows\System32\KERNEL32.DLL
0x00007ffd6e2b0000 - 0x00007ffd6e5a6000 	C:\Windows\System32\KERNELBASE.dll
0x00007ffd6eae0000 - 0x00007ffd6ebe0000 	C:\Windows\System32\ucrtbase.dll
0x00007ffd5fef0000 - 0x00007ffd5ff09000 	c:\Users\Katia.MAURI플O\.vscode\extensions\redhat.java-1.23.0-win32-x64\jre\17.0.8.1-win32-x86_64\bin\VCRUNTIME140.dll
0x00007ffd60540000 - 0x00007ffd60557000 	c:\Users\Katia.MAURI플O\.vscode\extensions\redhat.java-1.23.0-win32-x64\jre\17.0.8.1-win32-x86_64\bin\jli.dll
0x00007ffd6f210000 - 0x00007ffd6f3ae000 	C:\Windows\System32\USER32.dll
0x00007ffd6e920000 - 0x00007ffd6e942000 	C:\Windows\System32\win32u.dll
0x00007ffd6f410000 - 0x00007ffd6f43c000 	C:\Windows\System32\GDI32.dll
0x00007ffd6e9c0000 - 0x00007ffd6eada000 	C:\Windows\System32\gdi32full.dll
0x00007ffd6e880000 - 0x00007ffd6e91d000 	C:\Windows\System32\msvcp_win.dll
0x00007ffd5c900000 - 0x00007ffd5cb9a000 	C:\Windows\WinSxS\amd64_microsoft.windows.common-controls_6595b64144ccf1df_6.0.19041.1110_none_60b5254171f9507e\COMCTL32.dll
0x00007ffd709d0000 - 0x00007ffd70a6e000 	C:\Windows\System32\msvcrt.dll
0x00007ffd6f1e0000 - 0x00007ffd6f210000 	C:\Windows\System32\IMM32.DLL
0x00007ffd672f0000 - 0x00007ffd672fc000 	c:\Users\Katia.MAURI플O\.vscode\extensions\redhat.java-1.23.0-win32-x64\jre\17.0.8.1-win32-x86_64\bin\vcruntime140_1.dll
0x00007ffd42190000 - 0x00007ffd42221000 	c:\Users\Katia.MAURI플O\.vscode\extensions\redhat.java-1.23.0-win32-x64\jre\17.0.8.1-win32-x86_64\bin\msvcp140.dll
0x00007ffd183c0000 - 0x00007ffd1900c000 	c:\Users\Katia.MAURI플O\.vscode\extensions\redhat.java-1.23.0-win32-x64\jre\17.0.8.1-win32-x86_64\bin\server\jvm.dll
0x00007ffd6f500000 - 0x00007ffd6f5ae000 	C:\Windows\System32\ADVAPI32.dll
0x00007ffd6f0a0000 - 0x00007ffd6f13c000 	C:\Windows\System32\sechost.dll
0x00007ffd6ffe0000 - 0x00007ffd70106000 	C:\Windows\System32\RPCRT4.dll
0x00007ffd6d860000 - 0x00007ffd6d8ab000 	C:\Windows\SYSTEM32\POWRPROF.dll
0x00007ffd5a720000 - 0x00007ffd5a729000 	C:\Windows\SYSTEM32\WSOCK32.dll
0x00007ffd6f5b0000 - 0x00007ffd6f61b000 	C:\Windows\System32\WS2_32.dll
0x00007ffd5f4d0000 - 0x00007ffd5f4f7000 	C:\Windows\SYSTEM32\WINMM.dll
0x00007ffd67b60000 - 0x00007ffd67b6a000 	C:\Windows\SYSTEM32\VERSION.dll
0x00007ffd6d6d0000 - 0x00007ffd6d6e2000 	C:\Windows\SYSTEM32\UMPDC.dll
0x00007ffd6c140000 - 0x00007ffd6c152000 	C:\Windows\SYSTEM32\kernel.appcore.dll
0x00007ffd666e0000 - 0x00007ffd666ea000 	c:\Users\Katia.MAURI플O\.vscode\extensions\redhat.java-1.23.0-win32-x64\jre\17.0.8.1-win32-x86_64\bin\jimage.dll
0x00007ffd5cc90000 - 0x00007ffd5ce74000 	C:\Windows\SYSTEM32\DBGHELP.DLL
0x00007ffd59a90000 - 0x00007ffd59ac4000 	C:\Windows\SYSTEM32\dbgcore.DLL
0x00007ffd6e7f0000 - 0x00007ffd6e872000 	C:\Windows\System32\bcryptPrimitives.dll
0x00007ffd5f0a0000 - 0x00007ffd5f0c5000 	c:\Users\Katia.MAURI플O\.vscode\extensions\redhat.java-1.23.0-win32-x64\jre\17.0.8.1-win32-x86_64\bin\java.dll
0x00007ffd5e540000 - 0x00007ffd5e558000 	c:\Users\Katia.MAURI플O\.vscode\extensions\redhat.java-1.23.0-win32-x64\jre\17.0.8.1-win32-x86_64\bin\zip.dll
0x00007ffd70200000 - 0x00007ffd70945000 	C:\Windows\System32\SHELL32.dll
0x00007ffd6c340000 - 0x00007ffd6cadb000 	C:\Windows\SYSTEM32\windows.storage.dll
0x00007ffd6f770000 - 0x00007ffd6fac4000 	C:\Windows\System32\combase.dll
0x00007ffd6dcf0000 - 0x00007ffd6dd1e000 	C:\Windows\SYSTEM32\Wldp.dll
0x00007ffd6f440000 - 0x00007ffd6f4ed000 	C:\Windows\System32\SHCORE.dll
0x00007ffd6f3b0000 - 0x00007ffd6f405000 	C:\Windows\System32\shlwapi.dll
0x00007ffd6e1e0000 - 0x00007ffd6e205000 	C:\Windows\SYSTEM32\profapi.dll
0x00007ffd5dbc0000 - 0x00007ffd5dbd9000 	C:\Users\Katia.MAURI플O\.vscode\extensions\redhat.java-1.23.0-win32-x64\jre\17.0.8.1-win32-x86_64\bin\net.dll
0x00007ffd65010000 - 0x00007ffd6511a000 	C:\Windows\SYSTEM32\WINHTTP.dll
0x00007ffd6da50000 - 0x00007ffd6daba000 	C:\Windows\system32\mswsock.dll
0x00007ffd5d3b0000 - 0x00007ffd5d3c5000 	C:\Users\Katia.MAURI플O\.vscode\extensions\redhat.java-1.23.0-win32-x64\jre\17.0.8.1-win32-x86_64\bin\nio.dll
0x00007ffd6dc40000 - 0x00007ffd6dc58000 	C:\Windows\SYSTEM32\CRYPTSP.dll
0x00007ffd6d2f0000 - 0x00007ffd6d324000 	C:\Windows\system32\rsaenh.dll
0x00007ffd6e660000 - 0x00007ffd6e687000 	C:\Windows\System32\bcrypt.dll
0x00007ffd6e1a0000 - 0x00007ffd6e1ce000 	C:\Windows\SYSTEM32\USERENV.dll
0x00007ffd6dc60000 - 0x00007ffd6dc6c000 	C:\Windows\SYSTEM32\CRYPTBASE.dll
0x00007ffd6d6f0000 - 0x00007ffd6d72b000 	C:\Windows\SYSTEM32\IPHLPAPI.DLL
0x00007ffd6f140000 - 0x00007ffd6f148000 	C:\Windows\System32\NSI.dll
0x00007ffd63ba0000 - 0x00007ffd63bb7000 	C:\Windows\SYSTEM32\dhcpcsvc6.DLL
0x00007ffd645c0000 - 0x00007ffd645dd000 	C:\Windows\SYSTEM32\dhcpcsvc.DLL
0x00007ffd6d740000 - 0x00007ffd6d80a000 	C:\Windows\SYSTEM32\DNSAPI.dll
0x00007ffd66180000 - 0x00007ffd66190000 	c:\Users\Katia.MAURI플O\.vscode\extensions\redhat.java-1.23.0-win32-x64\jre\17.0.8.1-win32-x86_64\bin\verify.dll
0x00007ffd67c10000 - 0x00007ffd67c19000 	C:\Users\Katia.MAURI플O\.vscode\extensions\redhat.java-1.23.0-win32-x64\jre\17.0.8.1-win32-x86_64\bin\management.dll
0x00007ffd67200000 - 0x00007ffd6720b000 	C:\Users\Katia.MAURI플O\.vscode\extensions\redhat.java-1.23.0-win32-x64\jre\17.0.8.1-win32-x86_64\bin\management_ext.dll
0x00007ffd6f4f0000 - 0x00007ffd6f4f8000 	C:\Windows\System32\PSAPI.DLL

dbghelp: loaded successfully - version: 4.0.5 - missing functions: none
symbol engine: initialized successfully - sym options: 0x614 - pdb path: .;c:\Users\Katia.MAURI플O\.vscode\extensions\redhat.java-1.23.0-win32-x64\jre\17.0.8.1-win32-x86_64\bin;C:\Windows\SYSTEM32;C:\Windows\WinSxS\amd64_microsoft.windows.common-controls_6595b64144ccf1df_6.0.19041.1110_none_60b5254171f9507e;c:\Users\Katia.MAURI플O\.vscode\extensions\redhat.java-1.23.0-win32-x64\jre\17.0.8.1-win32-x86_64\bin\server

VM Arguments:
jvm_args: -XX:+HeapDumpOnOutOfMemoryError -Xmx1024m -Dsts.lsp.client=vscode -Dsts.log.file=/dev/null -XX:TieredStopAtLevel=1 -Xlog:jni+resolve=off -Dspring.config.location=file:c:\Users\Katia.MAURI플O\.vscode\extensions\vmware.vscode-spring-boot-1.49.0\language-server\BOOT-INF\classes\application.properties 
java_command: org.springframework.ide.vscode.boot.app.BootLanguageServerBootApp
java_class_path (initial): c:\Users\Katia.MAURI플O\.vscode\extensions\vmware.vscode-spring-boot-1.49.0\language-server\BOOT-INF\classes;c:\Users\Katia.MAURI플O\.vscode\extensions\vmware.vscode-spring-boot-1.49.0\language-server\BOOT-INF\lib\annotations-24.0.1.jar;c:\Users\Katia.MAURI플O\.vscode\extensions\vmware.vscode-spring-boot-1.49.0\language-server\BOOT-INF\lib\antlr-runtime-3.5.3.jar;c:\Users\Katia.MAURI플O\.vscode\extensions\vmware.vscode-spring-boot-1.49.0\language-server\BOOT-INF\lib\antlr4-4.11.1.jar;c:\Users\Katia.MAURI플O\.vscode\extensions\vmware.vscode-spring-boot-1.49.0\language-server\BOOT-INF\lib\antlr4-runtime-4.11.1.jar;c:\Users\Katia.MAURI플O\.vscode\extensions\vmware.vscode-spring-boot-1.49.0\language-server\BOOT-INF\lib\archunit-1.1.0.jar;c:\Users\Katia.MAURI플O\.vscode\extensions\vmware.vscode-spring-boot-1.49.0\language-server\BOOT-INF\lib\asm-9.5.jar;c:\Users\Katia.MAURI플O\.vscode\extensions\vmware.vscode-spring-boot-1.49.0\language-server\BOOT-INF\lib\asm-analysis-9.5.jar;c:\Users\Katia.MAURI플O\.vscode\extensions\vmware.vscode-spring-boot-1.49.0\language-server\BOOT-INF\lib\asm-tree-9.5.jar;c:\Users\Katia.MAURI플O\.vscode\extensions\vmware.vscode-spring-boot-1.49.0\language-server\BOOT-INF\lib\asm-util-9.5.jar;c:\Users\Katia.MAURI플O\.vscode\extensions\vmware.vscode-spring-boot-1.49.0\language-server\BOOT-INF\lib\bosh-language-server-1.49.0-SNAPSHOT.jar;c:\Users\Katia.MAURI플O\.vscode\extensions\vmware.vscode-spring-boot-1.49.0\language-server\BOOT-INF\lib\caffeine-3.1.6.jar;c:\Users\Katia.MAURI플O\.vscode\extensions\vmware.vscode-spring-boot-1.49.0\language-server\BOOT-INF\lib\checker-qual-3.12.0.jar;c:\Users\Katia.MAURI플O\.vscode\extensions\vmware.vscode-spring-boot-1.49.0\language-server\BOOT-INF\lib\classgraph-4.8.149.jar;c:\Users\Katia.MAURI플O\.vscode\extensions\vmware.vscode-spring-boot-1.49.0\language-server\BOOT-INF\lib\commons-codec-1.15.jar;c:\Users\Katia.MAURI플O\.vscode\extensions\vmware.vscode-spring-boot-1.49.0\language-
Launcher Type: SUN_STANDARD

[Global flags]
     intx CICompilerCount                          = 3                                         {product} {ergonomic}
     uint ConcGCThreads                            = 1                                         {product} {ergonomic}
     uint G1ConcRefinementThreads                  = 4                                         {product} {ergonomic}
   size_t G1HeapRegionSize                         = 1048576                                   {product} {ergonomic}
    uintx GCDrainStackTargetSize                   = 64                                        {product} {ergonomic}
     bool HeapDumpOnOutOfMemoryError               = true                                   {manageable} {command line}
   size_t InitialHeapSize                          = 67108864                                  {product} {ergonomic}
   size_t MarkStackSize                            = 4194304                                   {product} {ergonomic}
   size_t MaxHeapSize                              = 1073741824                                {product} {command line}
   size_t MaxNewSize                               = 643825664                                 {product} {ergonomic}
   size_t MinHeapDeltaBytes                        = 1048576                                   {product} {ergonomic}
   size_t MinHeapSize                              = 8388608                                   {product} {ergonomic}
    uintx NonProfiledCodeHeapSize                  = 0                                      {pd product} {ergonomic}
     bool ProfileInterpreter                       = false                                  {pd product} {command line}
    uintx ProfiledCodeHeapSize                     = 0                                      {pd product} {ergonomic}
   size_t SoftMaxHeapSize                          = 1073741824                             {manageable} {ergonomic}
     intx TieredStopAtLevel                        = 1                                         {product} {command line}
     bool UseCompressedClassPointers               = true                           {product lp64_product} {ergonomic}
     bool UseCompressedOops                        = true                           {product lp64_product} {ergonomic}
     bool UseG1GC                                  = true                                      {product} {ergonomic}
     bool UseLargePagesIndividualAllocation        = false                                  {pd product} {ergonomic}

Logging:
Log output configuration:
 #0: stdout all=warning,jni+resolve=off uptime,level,tags
 #1: stderr all=off uptime,level,tags

Environment Variables:
JAVA_HOME=C:\Program Files\Java\zulu17.42.19-ca-jdk17.0.7-win_x64
PATH=C:\Program Files\Common Files\Oracle\Java\javapath;C:\Program Files\Java\zulu17.42.19-ca-jdk17.0.7-win_x64\bin;C:\Windows\system32;C:\Windows;C:\Windows\System32\Wbem;C:\Windows\System32\WindowsPowerShell\v1.0\;C:\Windows\System32\OpenSSH\;C:\Program Files (x86)\NVIDIA Corporation\PhysX\Common;C:\Program Files\NVIDIA Corporation\NVIDIA NvDLISR;C:\ProgramData\UNIVALI\Portugol Studio;C:\ProgramData\chocolatey\bin;C:\Program Files\nodejs\;C:\maven\bin;C:\Users\Katia.MAURI플O\AppData\Local\Microsoft\WindowsApps;;C:\Users\Katia.MAURI플O\AppData\Local\Programs\Microsoft VS Code\bin;C:\Users\Katia.MAURI플O\AppData\Roaming\npm
USERNAME=Katia
OS=Windows_NT
PROCESSOR_IDENTIFIER=Intel64 Family 6 Model 69 Stepping 1, GenuineIntel
TMP=C:\Users\KATIA~1.MAU\AppData\Local\Temp
TEMP=C:\Users\KATIA~1.MAU\AppData\Local\Temp



---------------  S Y S T E M  ---------------

OS:
 Windows 10 , 64 bit Build 19041 (10.0.19041.3393)
OS uptime: 4 days 2:56 hours

CPU: total 4 (initial active 4) (2 cores per cpu, 2 threads per core) family 6 model 69 stepping 1 microcode 0x25, cx8, cmov, fxsr, ht, mmx, sse, sse2, sse3, ssse3, sse4.1, sse4.2, popcnt, lzcnt, tsc, tscinvbit, avx, avx2, aes, erms, clmul, bmi1, bmi2, fma, vzeroupper, clflush
Processor Information for all 4 processors :
  Max Mhz: 1601, Current Mhz: 1601, Mhz Limit: 1601

Memory: 4k page, system-wide physical 4000M (350M free)
TotalPageFile size 8000M (AvailPageFile size 3M)
current process WorkingSet (physical memory assigned to process): 138M, peak: 138M
current process commit charge ("private bytes"): 173M, peak: 175M

vm_info: OpenJDK 64-Bit Server VM (17.0.8.1+1) for windows-amd64 JRE (17.0.8.1+1), built on Aug 23 2023 15:29:17 by "admin" with MS VC++ 16.7 (VS2019)

END.
