#
# There is insufficient memory for the Java Runtime Environment to continue.
# Native memory allocation (mmap) failed to map 336592896 bytes for G1 virtual space
# Possible reasons:
#   The system is out of physical RAM or swap space
#   The process is running with CompressedOops enabled, and the Java Heap may be blocking the growth of the native heap
# Possible solutions:
#   Reduce memory load on the system
#   Increase physical memory or swap space
#   Check if swap backing store is full
#   Decrease Java heap size (-Xmx/-Xms)
#   Decrease number of Java threads
#   Decrease Java thread stack sizes (-Xss)
#   Set larger code cache with -XX:ReservedCodeCacheSize=
#   JVM is running with Unscaled Compressed Oops mode in which the Java heap is
#     placed in the first 4GB address space. The Java Heap base address is the
#     maximum limit for the native heap growth. Please use -XX:HeapBaseMinAddress
#     to set the Java Heap base and to place the Java Heap above 4GB virtual address.
# This output file may be truncated or incomplete.
#
#  Out of Memory Error (os_windows.cpp:3559), pid=10160, tid=13116
#
# JRE version: OpenJDK Runtime Environment Zulu17.42+19-CA (17.0.7+7) (build 17.0.7+7-LTS)
# Java VM: OpenJDK 64-Bit Server VM Zulu17.42+19-CA (17.0.7+7-LTS, mixed mode, sharing, tiered, compressed oops, compressed class ptrs, g1 gc, windows-amd64)
# No core dump will be written. Minidumps are not enabled by default on client versions of Windows
#

---------------  S U M M A R Y ------------

Command Line: -XX:+ShowCodeDetailsInExceptionMessages -Dspring.jmx.enabled=true -Dmanagement.endpoints.jmx.exposure.include=* -Dspring.application.admin.enabled=true -Dspring.boot.project.name=todolist -Djava.rmi.server.hostname=localhost br.com.katiasouza.todolist.TodolistApplication

Host: Intel(R) Core(TM) i5-4200U CPU @ 1.60GHz, 4 cores, 3G,  Windows 10 , 64 bit Build 19041 (10.0.19041.3393)
Time: Wed Oct 11 10:56:08 2023 Hora oficial do Brasil elapsed time: 378.096872 seconds (0d 0h 6m 18s)

---------------  T H R E A D  ---------------

Current thread (0x0000024a6ba82f20):  VMThread "VM Thread" [stack: 0x00000094cce00000,0x00000094ccf00000] [id=13116]

Stack: [0x00000094cce00000,0x00000094ccf00000]
Native frames: (J=compiled Java code, j=interpreted, Vv=VM code, C=native code)
V  [jvm.dll+0x67c77a]
V  [jvm.dll+0x83a0b4]
V  [jvm.dll+0x83b85e]
V  [jvm.dll+0x83bec3]
V  [jvm.dll+0x24a5af]
V  [jvm.dll+0x679649]
V  [jvm.dll+0x66deda]
V  [jvm.dll+0x309ccb]
V  [jvm.dll+0x311176]
V  [jvm.dll+0x3612fe]
V  [jvm.dll+0x36152f]
V  [jvm.dll+0x2e0c28]
V  [jvm.dll+0x2dee04]
V  [jvm.dll+0x2de40c]
V  [jvm.dll+0x32212b]
V  [jvm.dll+0x84039b]
V  [jvm.dll+0x8410d4]
V  [jvm.dll+0x8415ed]
V  [jvm.dll+0x8419c4]
V  [jvm.dll+0x841a90]
V  [jvm.dll+0x7ea73a]
V  [jvm.dll+0x67b5c5]
C  [ucrtbase.dll+0x21bb2]
C  [KERNEL32.DLL+0x17344]
C  [ntdll.dll+0x526b1]

VM_Operation (0x00000094cedfec00): G1CollectForAllocation, mode: safepoint, requested by thread 0x0000024a103ce430


---------------  P R O C E S S  ---------------

Threads class SMR info:
_java_thread_list=0x0000024a7e8a20a0, length=37, elements={
0x0000024a6ba873f0, 0x0000024a6ba88270, 0x0000024a77f10500, 0x0000024a6ba9d7a0,
0x0000024a6ba9e160, 0x0000024a77f1c000, 0x0000024a77f1fe00, 0x0000024a77f230d0,
0x0000024a77f2c2a0, 0x0000024a7c1877e0, 0x0000024a7c190b80, 0x0000024a7d1c70b0,
0x0000024a7cce0010, 0x0000024a7cd08d50, 0x0000024a7cd13a70, 0x0000024a7d53e9b0,
0x0000024a103cda10, 0x0000024a103cfd80, 0x0000024a103cf870, 0x0000024a103ce940,
0x0000024a103d07a0, 0x0000024a103cf360, 0x0000024a103cdf20, 0x0000024a103cd500,
0x0000024a103cee50, 0x0000024a103ce430, 0x0000024a103d0290, 0x0000024a0f62c010,
0x0000024a0f627e40, 0x0000024a0f62b0e0, 0x0000024a0f626a00, 0x0000024a0f62a1b0,
0x0000024a0f62c520, 0x0000024a0f62a6c0, 0x0000024a0f62bb00, 0x0000024a0f62ca30,
0x0000024a0f62b5f0
}

Java Threads: ( => current thread )
  0x0000024a6ba873f0 JavaThread "Reference Handler" daemon [_thread_blocked, id=15496, stack(0x00000094ccf00000,0x00000094cd000000)]
  0x0000024a6ba88270 JavaThread "Finalizer" daemon [_thread_blocked, id=9228, stack(0x00000094cd000000,0x00000094cd100000)]
  0x0000024a77f10500 JavaThread "Signal Dispatcher" daemon [_thread_blocked, id=11560, stack(0x00000094cd100000,0x00000094cd200000)]
  0x0000024a6ba9d7a0 JavaThread "Attach Listener" daemon [_thread_blocked, id=13352, stack(0x00000094cd200000,0x00000094cd300000)]
  0x0000024a6ba9e160 JavaThread "Service Thread" daemon [_thread_blocked, id=14640, stack(0x00000094cd300000,0x00000094cd400000)]
  0x0000024a77f1c000 JavaThread "Monitor Deflation Thread" daemon [_thread_blocked, id=3484, stack(0x00000094cd400000,0x00000094cd500000)]
  0x0000024a77f1fe00 JavaThread "C2 CompilerThread0" daemon [_thread_blocked, id=12376, stack(0x00000094cd500000,0x00000094cd600000)]
  0x0000024a77f230d0 JavaThread "C1 CompilerThread0" daemon [_thread_blocked, id=7836, stack(0x00000094cd600000,0x00000094cd700000)]
  0x0000024a77f2c2a0 JavaThread "Sweeper thread" daemon [_thread_blocked, id=9420, stack(0x00000094cd700000,0x00000094cd800000)]
  0x0000024a7c1877e0 JavaThread "Notification Thread" daemon [_thread_blocked, id=14192, stack(0x00000094cd800000,0x00000094cd900000)]
  0x0000024a7c190b80 JavaThread "Common-Cleaner" daemon [_thread_blocked, id=13524, stack(0x00000094cda00000,0x00000094cdb00000)]
  0x0000024a7d1c70b0 JavaThread "RMI TCP Accept-0" daemon [_thread_in_native, id=204, stack(0x00000094ce000000,0x00000094ce100000)]
  0x0000024a7cce0010 JavaThread "RMI TCP Connection(1)-127.0.0.1" daemon [_thread_in_native, id=12572, stack(0x00000094ce100000,0x00000094ce200000)]
  0x0000024a7cd08d50 JavaThread "RMI Scheduler(0)" daemon [_thread_blocked, id=11624, stack(0x00000094ce200000,0x00000094ce300000)]
  0x0000024a7cd13a70 JavaThread "JMX server connection timeout 18" daemon [_thread_blocked, id=2240, stack(0x00000094ce300000,0x00000094ce400000)]
  0x0000024a7d53e9b0 JavaThread "Live Reload Server" daemon [_thread_in_native, id=10332, stack(0x00000094cec00000,0x00000094ced00000)]
  0x0000024a103cda10 JavaThread "DestroyJavaVM" [_thread_blocked, id=12064, stack(0x00000094cc800000,0x00000094cc900000)]
  0x0000024a103cfd80 JavaThread "Thread-88" [_thread_blocked, id=12636, stack(0x00000094cdb00000,0x00000094cdc00000)]
  0x0000024a103cf870 JavaThread "restartedMain" [_thread_blocked, id=12864, stack(0x00000094ce600000,0x00000094ce700000)]
  0x0000024a103ce940 JavaThread "HikariPool-23 housekeeper" daemon [_thread_blocked, id=6580, stack(0x00000094ce500000,0x00000094ce600000)]
  0x0000024a103d07a0 JavaThread "HikariPool-23 connection adder" daemon [_thread_blocked, id=8612, stack(0x00000094ce700000,0x00000094ce800000)]
  0x0000024a103cf360 JavaThread "Catalina-utility-1" [_thread_blocked, id=10596, stack(0x00000094ce800000,0x00000094ce900000)]
  0x0000024a103cdf20 JavaThread "Catalina-utility-2" [_thread_blocked, id=14820, stack(0x00000094ce900000,0x00000094cea00000)]
  0x0000024a103cd500 JavaThread "container-0" [_thread_blocked, id=10072, stack(0x00000094cea00000,0x00000094ceb00000)]
  0x0000024a103cee50 JavaThread "File Watcher" daemon [_thread_blocked, id=11316, stack(0x00000094ceb00000,0x00000094cec00000)]
  0x0000024a103ce430 JavaThread "http-nio-8080-exec-1" daemon [_thread_blocked, id=13696, stack(0x00000094ced00000,0x00000094cee00000)]
  0x0000024a103d0290 JavaThread "http-nio-8080-exec-2" daemon [_thread_blocked, id=12348, stack(0x00000094cee00000,0x00000094cef00000)]
  0x0000024a0f62c010 JavaThread "http-nio-8080-exec-3" daemon [_thread_blocked, id=16032, stack(0x00000094cef00000,0x00000094cf000000)]
  0x0000024a0f627e40 JavaThread "http-nio-8080-exec-4" daemon [_thread_blocked, id=9968, stack(0x00000094cf000000,0x00000094cf100000)]
  0x0000024a0f62b0e0 JavaThread "http-nio-8080-exec-5" daemon [_thread_blocked, id=3424, stack(0x00000094cf100000,0x00000094cf200000)]
  0x0000024a0f626a00 JavaThread "http-nio-8080-exec-6" daemon [_thread_blocked, id=7968, stack(0x00000094cf200000,0x00000094cf300000)]
  0x0000024a0f62a1b0 JavaThread "http-nio-8080-exec-7" daemon [_thread_blocked, id=12984, stack(0x00000094cf300000,0x00000094cf400000)]
  0x0000024a0f62c520 JavaThread "http-nio-8080-exec-8" daemon [_thread_blocked, id=6668, stack(0x00000094cf400000,0x00000094cf500000)]
  0x0000024a0f62a6c0 JavaThread "http-nio-8080-exec-9" daemon [_thread_blocked, id=3420, stack(0x00000094cf500000,0x00000094cf600000)]
  0x0000024a0f62bb00 JavaThread "http-nio-8080-exec-10" daemon [_thread_blocked, id=15148, stack(0x00000094cf600000,0x00000094cf700000)]
  0x0000024a0f62ca30 JavaThread "http-nio-8080-Poller" daemon [_thread_blocked, id=13924, stack(0x00000094cf700000,0x00000094cf800000)]
  0x0000024a0f62b5f0 JavaThread "http-nio-8080-Acceptor" daemon [_thread_blocked, id=10868, stack(0x00000094cf800000,0x00000094cf900000)]

Other Threads:
=>0x0000024a6ba82f20 VMThread "VM Thread" [stack: 0x00000094cce00000,0x00000094ccf00000] [id=13116]
  0x0000024a7c1888f0 WatcherThread [stack: 0x00000094cd900000,0x00000094cda00000] [id=13444]
  0x0000024a6ba12dc0 GCTaskThread "GC Thread#0" [stack: 0x00000094cc900000,0x00000094cca00000] [id=14856]
  0x0000024a7c18ea10 GCTaskThread "GC Thread#1" [stack: 0x00000094cdc00000,0x00000094cdd00000] [id=6860]
  0x0000024a7c87a4a0 GCTaskThread "GC Thread#2" [stack: 0x00000094cdd00000,0x00000094cde00000] [id=15732]
  0x0000024a7c18ecd0 GCTaskThread "GC Thread#3" [stack: 0x00000094cde00000,0x00000094cdf00000] [id=11684]
  0x0000024a6ba1ba50 ConcurrentGCThread "G1 Main Marker" [stack: 0x00000094cca00000,0x00000094ccb00000] [id=14732]
  0x0000024a6ba1c460 ConcurrentGCThread "G1 Conc#0" [stack: 0x00000094ccb00000,0x00000094ccc00000] [id=4164]
  0x0000024a6ba60480 ConcurrentGCThread "G1 Refine#0" [stack: 0x00000094ccc00000,0x00000094ccd00000] [id=11252]
  0x0000024a7c9937e0 ConcurrentGCThread "G1 Refine#1" [stack: 0x00000094cdf00000,0x00000094ce000000] [id=9596]
  0x0000024a6ba60eb0 ConcurrentGCThread "G1 Service" [stack: 0x00000094ccd00000,0x00000094cce00000] [id=4684]

Threads with active compile tasks:
C2 CompilerThread0   378238 13912   !   4       org.springframework.context.event.EventListenerMethodProcessor::processBean (353 bytes)

VM state: at safepoint (normal execution)

VM Mutex/Monitor currently owned by a thread:  ([mutex/lock_event])
[0x0000024a6b9c6ba0] Threads_lock - owner thread: 0x0000024a6ba82f20
[0x0000024a6b9c7da0] Heap_lock - owner thread: 0x0000024a103ce430

Heap address: 0x00000000c1600000, size: 1002 MB, Compressed Oops mode: 32-bit

CDS archive(s) mapped at: [0x0000000800000000-0x0000000800c00000-0x0000000800c00000), size 12582912, SharedBaseAddress: 0x0000000800000000, ArchiveRelocationMode: 0.
Compressed class space mapped at: 0x0000000801000000-0x0000000841000000, reserved size: 1073741824
Narrow klass base: 0x0000000800000000, Narrow klass shift: 0, Narrow klass range: 0x100000000

GC Precious Log:
 CPUs: 4 total, 4 available
 Memory: 4000M
 Large Page Support: Disabled
 NUMA Support: Disabled
 Compressed Oops: Enabled (32-bit)
 Heap Region Size: 1M
 Heap Min Capacity: 8M
 Heap Initial Capacity: 64M
 Heap Max Capacity: 1002M
 Pre-touch: Disabled
 Parallel Workers: 4
 Concurrent Workers: 1
 Concurrent Refinement Workers: 4
 Periodic GC: Disabled

Heap:
 garbage-first heap   total 204800K, used 86207K [0x00000000c1600000, 0x0000000100000000)
  region size 1024K, 7 young (7168K), 7 survivors (7168K)
 Metaspace       used 78598K, committed 80064K, reserved 1179648K
  class space    used 9903K, committed 10624K, reserved 1048576K

Heap Regions: E=young(eden), S=young(survivor), O=old, HS=humongous(starts), HC=humongous(continues), CS=collection set, F=free, OA=open archive, CA=closed archive, TAMS=top-at-mark-start (previous, next)
|   0|0x00000000c1600000, 0x00000000c1700000, 0x00000000c1700000|100%|HS|  |TAMS 0x00000000c1700000, 0x00000000c1600000| Untracked 
|   1|0x00000000c1700000, 0x00000000c1800000, 0x00000000c1800000|100%| O|  |TAMS 0x00000000c1800000, 0x00000000c1700000| Untracked 
|   2|0x00000000c1800000, 0x00000000c1900000, 0x00000000c1900000|100%| O|  |TAMS 0x00000000c1900000, 0x00000000c1800000| Untracked 
|   3|0x00000000c1900000, 0x00000000c1a00000, 0x00000000c1a00000|100%| O|  |TAMS 0x00000000c1a00000, 0x00000000c1900000| Untracked 
|   4|0x00000000c1a00000, 0x00000000c1aff3b0, 0x00000000c1b00000| 99%| O|  |TAMS 0x00000000c1aff3b0, 0x00000000c1a00000| Untracked 
|   5|0x00000000c1b00000, 0x00000000c1bfff98, 0x00000000c1c00000| 99%| O|  |TAMS 0x00000000c1bfff98, 0x00000000c1b00000| Untracked 
|   6|0x00000000c1c00000, 0x00000000c1cfffe8, 0x00000000c1d00000| 99%| O|  |TAMS 0x00000000c1cfffe8, 0x00000000c1c00000| Untracked 
|   7|0x00000000c1d00000, 0x00000000c1dffff8, 0x00000000c1e00000| 99%| O|  |TAMS 0x00000000c1dffff8, 0x00000000c1d00000| Untracked 
|   8|0x00000000c1e00000, 0x00000000c1efffc8, 0x00000000c1f00000| 99%| O|  |TAMS 0x00000000c1efffc8, 0x00000000c1e00000| Untracked 
|   9|0x00000000c1f00000, 0x00000000c1fffff8, 0x00000000c2000000| 99%| O|  |TAMS 0x00000000c1fffff8, 0x00000000c1f00000| Untracked 
|  10|0x00000000c2000000, 0x00000000c20fffe8, 0x00000000c2100000| 99%| O|  |TAMS 0x00000000c20fffe8, 0x00000000c2000000| Untracked 
|  11|0x00000000c2100000, 0x00000000c21fffb0, 0x00000000c2200000| 99%| O|  |TAMS 0x00000000c21fffb0, 0x00000000c2100000| Untracked 
|  12|0x00000000c2200000, 0x00000000c22fffe0, 0x00000000c2300000| 99%| O|  |TAMS 0x00000000c22fffe0, 0x00000000c2200000| Untracked 
|  13|0x00000000c2300000, 0x00000000c23ffff8, 0x00000000c2400000| 99%| O|  |TAMS 0x00000000c23ffff8, 0x00000000c2300000| Untracked 
|  14|0x00000000c2400000, 0x00000000c2500000, 0x00000000c2500000|100%| O|  |TAMS 0x00000000c2500000, 0x00000000c2400000| Untracked 
|  15|0x00000000c2500000, 0x00000000c25ffff0, 0x00000000c2600000| 99%| O|  |TAMS 0x00000000c25ffff0, 0x00000000c2500000| Untracked 
|  16|0x00000000c2600000, 0x00000000c26ffff0, 0x00000000c2700000| 99%| O|  |TAMS 0x00000000c26ffff0, 0x00000000c2600000| Untracked 
|  17|0x00000000c2700000, 0x00000000c27ffff0, 0x00000000c2800000| 99%| O|  |TAMS 0x00000000c27ffff0, 0x00000000c2700000| Untracked 
|  18|0x00000000c2800000, 0x00000000c28fffd8, 0x00000000c2900000| 99%| O|  |TAMS 0x00000000c28fffd8, 0x00000000c2800000| Untracked 
|  19|0x00000000c2900000, 0x00000000c29ffff0, 0x00000000c2a00000| 99%| O|  |TAMS 0x00000000c29ffff0, 0x00000000c2900000| Untracked 
|  20|0x00000000c2a00000, 0x00000000c2afffe0, 0x00000000c2b00000| 99%| O|  |TAMS 0x00000000c2afffe0, 0x00000000c2a00000| Untracked 
|  21|0x00000000c2b00000, 0x00000000c2bfffe8, 0x00000000c2c00000| 99%| O|  |TAMS 0x00000000c2bfffe8, 0x00000000c2b00000| Untracked 
|  22|0x00000000c2c00000, 0x00000000c2cffff8, 0x00000000c2d00000| 99%| O|  |TAMS 0x00000000c2cffff8, 0x00000000c2c00000| Untracked 
|  23|0x00000000c2d00000, 0x00000000c2dfffe8, 0x00000000c2e00000| 99%| O|  |TAMS 0x00000000c2dfffe8, 0x00000000c2d00000| Untracked 
|  24|0x00000000c2e00000, 0x00000000c2efa410, 0x00000000c2f00000| 97%| O|  |TAMS 0x00000000c2efa410, 0x00000000c2e00000| Untracked 
|  25|0x00000000c2f00000, 0x00000000c2ffffa8, 0x00000000c3000000| 99%| O|  |TAMS 0x00000000c2ffffa8, 0x00000000c2f00000| Untracked 
|  26|0x00000000c3000000, 0x00000000c30fffe8, 0x00000000c3100000| 99%| O|  |TAMS 0x00000000c30fffe8, 0x00000000c3000000| Untracked 
|  27|0x00000000c3100000, 0x00000000c3200000, 0x00000000c3200000|100%| O|  |TAMS 0x00000000c3200000, 0x00000000c3100000| Untracked 
|  28|0x00000000c3200000, 0x00000000c32fffe8, 0x00000000c3300000| 99%| O|  |TAMS 0x00000000c32fffe8, 0x00000000c3200000| Untracked 
|  29|0x00000000c3300000, 0x00000000c33fffe8, 0x00000000c3400000| 99%| O|  |TAMS 0x00000000c33fffe8, 0x00000000c3300000| Untracked 
|  30|0x00000000c3400000, 0x00000000c34ffff8, 0x00000000c3500000| 99%| O|  |TAMS 0x00000000c34ffff8, 0x00000000c3400000| Untracked 
|  31|0x00000000c3500000, 0x00000000c35ffff8, 0x00000000c3600000| 99%| O|  |TAMS 0x00000000c35ffff8, 0x00000000c3500000| Untracked 
|  32|0x00000000c3600000, 0x00000000c36ffff8, 0x00000000c3700000| 99%| O|  |TAMS 0x00000000c36ffff8, 0x00000000c3600000| Untracked 
|  33|0x00000000c3700000, 0x00000000c37ffff0, 0x00000000c3800000| 99%| O|  |TAMS 0x00000000c37ffff0, 0x00000000c3700000| Untracked 
|  34|0x00000000c3800000, 0x00000000c38ffff8, 0x00000000c3900000| 99%| O|  |TAMS 0x00000000c38ffff8, 0x00000000c3800000| Untracked 
|  35|0x00000000c3900000, 0x00000000c39fffe8, 0x00000000c3a00000| 99%| O|  |TAMS 0x00000000c39fffe8, 0x00000000c3900000| Untracked 
|  36|0x00000000c3a00000, 0x00000000c3afffc0, 0x00000000c3b00000| 99%| O|  |TAMS 0x00000000c3afffc0, 0x00000000c3a00000| Untracked 
|  37|0x00000000c3b00000, 0x00000000c3bffff8, 0x00000000c3c00000| 99%| O|  |TAMS 0x00000000c3bffff8, 0x00000000c3b00000| Untracked 
|  38|0x00000000c3c00000, 0x00000000c3cffff8, 0x00000000c3d00000| 99%| O|  |TAMS 0x00000000c3cffff8, 0x00000000c3c00000| Untracked 
|  39|0x00000000c3d00000, 0x00000000c3e00000, 0x00000000c3e00000|100%| O|  |TAMS 0x00000000c3e00000, 0x00000000c3d00000| Untracked 
|  40|0x00000000c3e00000, 0x00000000c3efffd8, 0x00000000c3f00000| 99%| O|  |TAMS 0x00000000c3efffd8, 0x00000000c3e00000| Untracked 
|  41|0x00000000c3f00000, 0x00000000c3fffff0, 0x00000000c4000000| 99%| O|  |TAMS 0x00000000c3fffff0, 0x00000000c3f00000| Untracked 
|  42|0x00000000c4000000, 0x00000000c40ffff8, 0x00000000c4100000| 99%| O|  |TAMS 0x00000000c40ffff8, 0x00000000c4000000| Untracked 
|  43|0x00000000c4100000, 0x00000000c41fffd8, 0x00000000c4200000| 99%| O|  |TAMS 0x00000000c41fffd8, 0x00000000c4100000| Untracked 
|  44|0x00000000c4200000, 0x00000000c42fffb8, 0x00000000c4300000| 99%| O|  |TAMS 0x00000000c42fffb8, 0x00000000c4200000| Untracked 
|  45|0x00000000c4300000, 0x00000000c43fffe0, 0x00000000c4400000| 99%| O|  |TAMS 0x00000000c43fffe0, 0x00000000c4300000| Untracked 
|  46|0x00000000c4400000, 0x00000000c44ffff8, 0x00000000c4500000| 99%| O|  |TAMS 0x00000000c44ffff8, 0x00000000c4400000| Untracked 
|  47|0x00000000c4500000, 0x00000000c45fffe0, 0x00000000c4600000| 99%| O|  |TAMS 0x00000000c45fffe0, 0x00000000c4500000| Untracked 
|  48|0x00000000c4600000, 0x00000000c4700000, 0x00000000c4700000|100%| O|  |TAMS 0x00000000c4700000, 0x00000000c4600000| Untracked 
|  49|0x00000000c4700000, 0x00000000c47fffd8, 0x00000000c4800000| 99%| O|  |TAMS 0x00000000c47fffd8, 0x00000000c4700000| Untracked 
|  50|0x00000000c4800000, 0x00000000c48ffff8, 0x00000000c4900000| 99%| O|  |TAMS 0x00000000c48ffff8, 0x00000000c4800000| Untracked 
|  51|0x00000000c4900000, 0x00000000c49ffff8, 0x00000000c4a00000| 99%| O|  |TAMS 0x00000000c49ffff8, 0x00000000c4900000| Untracked 
|  52|0x00000000c4a00000, 0x00000000c4affff8, 0x00000000c4b00000| 99%| O|  |TAMS 0x00000000c4affff8, 0x00000000c4a00000| Untracked 
|  53|0x00000000c4b00000, 0x00000000c4bfffe8, 0x00000000c4c00000| 99%| O|  |TAMS 0x00000000c4bfffe8, 0x00000000c4b00000| Untracked 
|  54|0x00000000c4c00000, 0x00000000c4cfffe8, 0x00000000c4d00000| 99%| O|  |TAMS 0x00000000c4cfffe8, 0x00000000c4c00000| Untracked 
|  55|0x00000000c4d00000, 0x00000000c4dfffe0, 0x00000000c4e00000| 99%| O|  |TAMS 0x00000000c4dfffe0, 0x00000000c4d00000| Untracked 
|  56|0x00000000c4e00000, 0x00000000c4efce68, 0x00000000c4f00000| 98%| O|  |TAMS 0x00000000c4efce68, 0x00000000c4e00000| Untracked 
|  57|0x00000000c4f00000, 0x00000000c4fffff8, 0x00000000c5000000| 99%| O|  |TAMS 0x00000000c4fffff8, 0x00000000c4f00000| Untracked 
|  58|0x00000000c5000000, 0x00000000c5100000, 0x00000000c5100000|100%| O|  |TAMS 0x00000000c5100000, 0x00000000c5000000| Untracked 
|  59|0x00000000c5100000, 0x00000000c51fff98, 0x00000000c5200000| 99%| O|  |TAMS 0x00000000c51fff98, 0x00000000c5100000| Untracked 
|  60|0x00000000c5200000, 0x00000000c52fffb0, 0x00000000c5300000| 99%| O|  |TAMS 0x00000000c52fffb0, 0x00000000c5200000| Untracked 
|  61|0x00000000c5300000, 0x00000000c53fffe8, 0x00000000c5400000| 99%| O|  |TAMS 0x00000000c53fffe8, 0x00000000c5300000| Untracked 
|  62|0x00000000c5400000, 0x00000000c54fffe8, 0x00000000c5500000| 99%| O|  |TAMS 0x00000000c54fffe8, 0x00000000c5400000| Untracked 
|  63|0x00000000c5500000, 0x00000000c55ff268, 0x00000000c5600000| 99%| O|  |TAMS 0x00000000c55ff268, 0x00000000c5500000| Untracked 
|  64|0x00000000c5600000, 0x00000000c56fffe8, 0x00000000c5700000| 99%| O|  |TAMS 0x00000000c56fffe8, 0x00000000c5600000| Untracked 
|  65|0x00000000c5700000, 0x00000000c5800000, 0x00000000c5800000|100%| O|  |TAMS 0x00000000c5800000, 0x00000000c5700000| Untracked 
|  66|0x00000000c5800000, 0x00000000c58ffff8, 0x00000000c5900000| 99%| O|  |TAMS 0x00000000c58ffff8, 0x00000000c5800000| Untracked 
|  67|0x00000000c5900000, 0x00000000c59fefd8, 0x00000000c5a00000| 99%| O|  |TAMS 0x00000000c59fefd8, 0x00000000c5900000| Untracked 
|  68|0x00000000c5a00000, 0x00000000c5affff8, 0x00000000c5b00000| 99%| O|  |TAMS 0x00000000c5affff8, 0x00000000c5a00000| Untracked 
|  69|0x00000000c5b00000, 0x00000000c5bfffb8, 0x00000000c5c00000| 99%| O|  |TAMS 0x00000000c5bfffb8, 0x00000000c5b00000| Untracked 
|  70|0x00000000c5c00000, 0x00000000c5cffff0, 0x00000000c5d00000| 99%| O|  |TAMS 0x00000000c5cffff0, 0x00000000c5c00000| Untracked 
|  71|0x00000000c5d00000, 0x00000000c5dfffe8, 0x00000000c5e00000| 99%| O|  |TAMS 0x00000000c5dfffe8, 0x00000000c5d00000| Untracked 
|  72|0x00000000c5e00000, 0x00000000c5effff0, 0x00000000c5f00000| 99%| O|  |TAMS 0x00000000c5effff0, 0x00000000c5e00000| Untracked 
|  73|0x00000000c5f00000, 0x00000000c5ffffc8, 0x00000000c6000000| 99%| O|  |TAMS 0x00000000c5f00000, 0x00000000c5f00000| Untracked 
|  74|0x00000000c6000000, 0x00000000c60fffe8, 0x00000000c6100000| 99%| O|  |TAMS 0x00000000c6000000, 0x00000000c6000000| Untracked 
|  75|0x00000000c6100000, 0x00000000c61fffb0, 0x00000000c6200000| 99%| O|  |TAMS 0x00000000c6100000, 0x00000000c6100000| Untracked 
|  76|0x00000000c6200000, 0x00000000c6288778, 0x00000000c6300000| 53%| O|  |TAMS 0x00000000c6200000, 0x00000000c6200000| Untracked 
|  77|0x00000000c6300000, 0x00000000c63a9d78, 0x00000000c6400000| 66%| O|  |TAMS 0x00000000c6300000, 0x00000000c6300000| Untracked 
|  78|0x00000000c6400000, 0x00000000c6400000, 0x00000000c6500000|  0%| F|  |TAMS 0x00000000c6400000, 0x00000000c6400000| Untracked 
|  79|0x00000000c6500000, 0x00000000c6500000, 0x00000000c6600000|  0%| F|  |TAMS 0x00000000c6500000, 0x00000000c6500000| Untracked 
|  80|0x00000000c6600000, 0x00000000c6600000, 0x00000000c6700000|  0%| F|  |TAMS 0x00000000c6600000, 0x00000000c6600000| Untracked 
|  81|0x00000000c6700000, 0x00000000c6700000, 0x00000000c6800000|  0%| F|  |TAMS 0x00000000c6700000, 0x00000000c6700000| Untracked 
|  82|0x00000000c6800000, 0x00000000c6800000, 0x00000000c6900000|  0%| F|  |TAMS 0x00000000c6800000, 0x00000000c6800000| Untracked 
|  83|0x00000000c6900000, 0x00000000c6900000, 0x00000000c6a00000|  0%| F|  |TAMS 0x00000000c6900000, 0x00000000c6900000| Untracked 
|  84|0x00000000c6a00000, 0x00000000c6a00000, 0x00000000c6b00000|  0%| F|  |TAMS 0x00000000c6a00000, 0x00000000c6a00000| Untracked 
|  85|0x00000000c6b00000, 0x00000000c6b00000, 0x00000000c6c00000|  0%| F|  |TAMS 0x00000000c6b00000, 0x00000000c6b00000| Untracked 
|  86|0x00000000c6c00000, 0x00000000c6c00000, 0x00000000c6d00000|  0%| F|  |TAMS 0x00000000c6c00000, 0x00000000c6c00000| Untracked 
|  87|0x00000000c6d00000, 0x00000000c6d00000, 0x00000000c6e00000|  0%| F|  |TAMS 0x00000000c6d00000, 0x00000000c6d00000| Untracked 
|  88|0x00000000c6e00000, 0x00000000c6e00000, 0x00000000c6f00000|  0%| F|  |TAMS 0x00000000c6e00000, 0x00000000c6e00000| Untracked 
|  89|0x00000000c6f00000, 0x00000000c6f00000, 0x00000000c7000000|  0%| F|  |TAMS 0x00000000c6f00000, 0x00000000c6f00000| Untracked 
|  90|0x00000000c7000000, 0x00000000c7000000, 0x00000000c7100000|  0%| F|  |TAMS 0x00000000c7000000, 0x00000000c7000000| Untracked 
|  91|0x00000000c7100000, 0x00000000c7100000, 0x00000000c7200000|  0%| F|  |TAMS 0x00000000c7100000, 0x00000000c7100000| Untracked 
|  92|0x00000000c7200000, 0x00000000c7200000, 0x00000000c7300000|  0%| F|  |TAMS 0x00000000c7200000, 0x00000000c7200000| Untracked 
|  93|0x00000000c7300000, 0x00000000c7300000, 0x00000000c7400000|  0%| F|  |TAMS 0x00000000c7300000, 0x00000000c7300000| Untracked 
|  94|0x00000000c7400000, 0x00000000c7400000, 0x00000000c7500000|  0%| F|  |TAMS 0x00000000c7400000, 0x00000000c7400000| Untracked 
|  95|0x00000000c7500000, 0x00000000c7500000, 0x00000000c7600000|  0%| F|  |TAMS 0x00000000c7500000, 0x00000000c7500000| Untracked 
|  96|0x00000000c7600000, 0x00000000c7600000, 0x00000000c7700000|  0%| F|  |TAMS 0x00000000c7600000, 0x00000000c7600000| Untracked 
|  97|0x00000000c7700000, 0x00000000c7700000, 0x00000000c7800000|  0%| F|  |TAMS 0x00000000c7700000, 0x00000000c7700000| Untracked 
|  98|0x00000000c7800000, 0x00000000c7800000, 0x00000000c7900000|  0%| F|  |TAMS 0x00000000c7800000, 0x00000000c7800000| Untracked 
|  99|0x00000000c7900000, 0x00000000c7900000, 0x00000000c7a00000|  0%| F|  |TAMS 0x00000000c7900000, 0x00000000c7900000| Untracked 
| 100|0x00000000c7a00000, 0x00000000c7a00000, 0x00000000c7b00000|  0%| F|  |TAMS 0x00000000c7a00000, 0x00000000c7a00000| Untracked 
| 101|0x00000000c7b00000, 0x00000000c7b00000, 0x00000000c7c00000|  0%| F|  |TAMS 0x00000000c7b00000, 0x00000000c7b00000| Untracked 
| 102|0x00000000c7c00000, 0x00000000c7c00000, 0x00000000c7d00000|  0%| F|  |TAMS 0x00000000c7c00000, 0x00000000c7c00000| Untracked 
| 103|0x00000000c7d00000, 0x00000000c7d00000, 0x00000000c7e00000|  0%| F|  |TAMS 0x00000000c7d00000, 0x00000000c7d00000| Untracked 
| 104|0x00000000c7e00000, 0x00000000c7e00000, 0x00000000c7f00000|  0%| F|  |TAMS 0x00000000c7e00000, 0x00000000c7e00000| Untracked 
| 105|0x00000000c7f00000, 0x00000000c7f00000, 0x00000000c8000000|  0%| F|  |TAMS 0x00000000c7f00000, 0x00000000c7f00000| Untracked 
| 106|0x00000000c8000000, 0x00000000c8000000, 0x00000000c8100000|  0%| F|  |TAMS 0x00000000c8000000, 0x00000000c8000000| Untracked 
| 107|0x00000000c8100000, 0x00000000c816caa0, 0x00000000c8200000| 42%| S|CS|TAMS 0x00000000c8100000, 0x00000000c8100000| Complete 
| 108|0x00000000c8200000, 0x00000000c8300000, 0x00000000c8300000|100%| S|CS|TAMS 0x00000000c8200000, 0x00000000c8200000| Complete 
| 109|0x00000000c8300000, 0x00000000c8400000, 0x00000000c8400000|100%| S|CS|TAMS 0x00000000c8300000, 0x00000000c8300000| Complete 
| 110|0x00000000c8400000, 0x00000000c844f7c0, 0x00000000c8500000| 31%| O|  |TAMS 0x00000000c8400000, 0x00000000c8400000| Untracked 
| 111|0x00000000c8500000, 0x00000000c8600000, 0x00000000c8600000|100%| S|CS|TAMS 0x00000000c8500000, 0x00000000c8500000| Complete 
| 112|0x00000000c8600000, 0x00000000c8700000, 0x00000000c8700000|100%| S|CS|TAMS 0x00000000c8600000, 0x00000000c8600000| Complete 
| 113|0x00000000c8700000, 0x00000000c8800000, 0x00000000c8800000|100%| S|CS|TAMS 0x00000000c8700000, 0x00000000c8700000| Complete 
| 114|0x00000000c8800000, 0x00000000c8900000, 0x00000000c8900000|100%| S|CS|TAMS 0x00000000c8800000, 0x00000000c8800000| Complete 
| 115|0x00000000c8900000, 0x00000000c8900000, 0x00000000c8a00000|  0%| F|  |TAMS 0x00000000c8900000, 0x00000000c8900000| Untracked 
| 116|0x00000000c8a00000, 0x00000000c8a00000, 0x00000000c8b00000|  0%| F|  |TAMS 0x00000000c8a00000, 0x00000000c8a00000| Untracked 
| 117|0x00000000c8b00000, 0x00000000c8b00000, 0x00000000c8c00000|  0%| F|  |TAMS 0x00000000c8b00000, 0x00000000c8b00000| Untracked 
| 118|0x00000000c8c00000, 0x00000000c8c00000, 0x00000000c8d00000|  0%| F|  |TAMS 0x00000000c8c00000, 0x00000000c8c00000| Untracked 
| 119|0x00000000c8d00000, 0x00000000c8d00000, 0x00000000c8e00000|  0%| F|  |TAMS 0x00000000c8d00000, 0x00000000c8d00000| Untracked 
| 120|0x00000000c8e00000, 0x00000000c8e00000, 0x00000000c8f00000|  0%| F|  |TAMS 0x00000000c8e00000, 0x00000000c8e00000| Untracked 
| 121|0x00000000c8f00000, 0x00000000c8f00000, 0x00000000c9000000|  0%| F|  |TAMS 0x00000000c8f00000, 0x00000000c8f00000| Untracked 
| 122|0x00000000c9000000, 0x00000000c9000000, 0x00000000c9100000|  0%| F|  |TAMS 0x00000000c9000000, 0x00000000c9000000| Untracked 
| 123|0x00000000c9100000, 0x00000000c9100000, 0x00000000c9200000|  0%| F|  |TAMS 0x00000000c9100000, 0x00000000c9100000| Untracked 
| 124|0x00000000c9200000, 0x00000000c9200000, 0x00000000c9300000|  0%| F|  |TAMS 0x00000000c9200000, 0x00000000c9200000| Untracked 
| 125|0x00000000c9300000, 0x00000000c9300000, 0x00000000c9400000|  0%| F|  |TAMS 0x00000000c9300000, 0x00000000c9300000| Untracked 
| 126|0x00000000c9400000, 0x00000000c9400000, 0x00000000c9500000|  0%| F|  |TAMS 0x00000000c9400000, 0x00000000c9400000| Untracked 
| 127|0x00000000c9500000, 0x00000000c954d3e8, 0x00000000c9600000| 30%| O|  |TAMS 0x00000000c9500000, 0x00000000c9500000| Untracked 
| 128|0x00000000c9600000, 0x00000000c9600000, 0x00000000c9700000|  0%| F|  |TAMS 0x00000000c9600000, 0x00000000c9600000| Untracked 
| 129|0x00000000c9700000, 0x00000000c9700000, 0x00000000c9800000|  0%| F|  |TAMS 0x00000000c9700000, 0x00000000c9700000| Untracked 
| 130|0x00000000c9800000, 0x00000000c9800000, 0x00000000c9900000|  0%| F|  |TAMS 0x00000000c9800000, 0x00000000c9800000| Untracked 
| 131|0x00000000c9900000, 0x00000000c9900000, 0x00000000c9a00000|  0%| F|  |TAMS 0x00000000c9900000, 0x00000000c9900000| Untracked 
| 132|0x00000000c9a00000, 0x00000000c9a00000, 0x00000000c9b00000|  0%| F|  |TAMS 0x00000000c9a00000, 0x00000000c9a00000| Untracked 
| 133|0x00000000c9b00000, 0x00000000c9b00000, 0x00000000c9c00000|  0%| F|  |TAMS 0x00000000c9b00000, 0x00000000c9b00000| Untracked 
| 134|0x00000000c9c00000, 0x00000000c9c00000, 0x00000000c9d00000|  0%| F|  |TAMS 0x00000000c9c00000, 0x00000000c9c00000| Untracked 
| 135|0x00000000c9d00000, 0x00000000c9d00000, 0x00000000c9e00000|  0%| F|  |TAMS 0x00000000c9d00000, 0x00000000c9d00000| Untracked 
| 136|0x00000000c9e00000, 0x00000000c9e00000, 0x00000000c9f00000|  0%| F|  |TAMS 0x00000000c9e00000, 0x00000000c9e00000| Untracked 
| 137|0x00000000c9f00000, 0x00000000c9f00000, 0x00000000ca000000|  0%| F|  |TAMS 0x00000000c9f00000, 0x00000000c9f00000| Untracked 
| 138|0x00000000ca000000, 0x00000000ca000000, 0x00000000ca100000|  0%| F|  |TAMS 0x00000000ca000000, 0x00000000ca000000| Untracked 
| 139|0x00000000ca100000, 0x00000000ca100000, 0x00000000ca200000|  0%| F|  |TAMS 0x00000000ca100000, 0x00000000ca100000| Untracked 
| 140|0x00000000ca200000, 0x00000000ca200000, 0x00000000ca300000|  0%| F|  |TAMS 0x00000000ca200000, 0x00000000ca200000| Untracked 
| 141|0x00000000ca300000, 0x00000000ca300000, 0x00000000ca400000|  0%| F|  |TAMS 0x00000000ca300000, 0x00000000ca300000| Untracked 
| 142|0x00000000ca400000, 0x00000000ca400000, 0x00000000ca500000|  0%| F|  |TAMS 0x00000000ca400000, 0x00000000ca400000| Untracked 
| 143|0x00000000ca500000, 0x00000000ca500000, 0x00000000ca600000|  0%| F|  |TAMS 0x00000000ca500000, 0x00000000ca500000| Untracked 
| 144|0x00000000ca600000, 0x00000000ca600000, 0x00000000ca700000|  0%| F|  |TAMS 0x00000000ca600000, 0x00000000ca600000| Untracked 
| 145|0x00000000ca700000, 0x00000000ca700000, 0x00000000ca800000|  0%| F|  |TAMS 0x00000000ca700000, 0x00000000ca700000| Untracked 
| 146|0x00000000ca800000, 0x00000000ca800000, 0x00000000ca900000|  0%| F|  |TAMS 0x00000000ca800000, 0x00000000ca800000| Untracked 
| 147|0x00000000ca900000, 0x00000000ca900000, 0x00000000caa00000|  0%| F|  |TAMS 0x00000000ca900000, 0x00000000ca900000| Untracked 
| 148|0x00000000caa00000, 0x00000000caa00000, 0x00000000cab00000|  0%| F|  |TAMS 0x00000000caa00000, 0x00000000caa00000| Untracked 
| 149|0x00000000cab00000, 0x00000000cab00000, 0x00000000cac00000|  0%| F|  |TAMS 0x00000000cab00000, 0x00000000cab00000| Untracked 
| 150|0x00000000cac00000, 0x00000000cac00000, 0x00000000cad00000|  0%| F|  |TAMS 0x00000000cac00000, 0x00000000cac00000| Untracked 
| 151|0x00000000cad00000, 0x00000000cad00000, 0x00000000cae00000|  0%| F|  |TAMS 0x00000000cad00000, 0x00000000cad00000| Untracked 
| 152|0x00000000cae00000, 0x00000000cae00000, 0x00000000caf00000|  0%| F|  |TAMS 0x00000000cae00000, 0x00000000cae00000| Untracked 
| 153|0x00000000caf00000, 0x00000000caf00000, 0x00000000cb000000|  0%| F|  |TAMS 0x00000000caf00000, 0x00000000caf00000| Untracked 
| 154|0x00000000cb000000, 0x00000000cb000000, 0x00000000cb100000|  0%| F|  |TAMS 0x00000000cb000000, 0x00000000cb000000| Untracked 
| 155|0x00000000cb100000, 0x00000000cb100000, 0x00000000cb200000|  0%| F|  |TAMS 0x00000000cb100000, 0x00000000cb100000| Untracked 
| 156|0x00000000cb200000, 0x00000000cb200000, 0x00000000cb300000|  0%| F|  |TAMS 0x00000000cb200000, 0x00000000cb200000| Untracked 
| 157|0x00000000cb300000, 0x00000000cb300000, 0x00000000cb400000|  0%| F|  |TAMS 0x00000000cb300000, 0x00000000cb300000| Untracked 
| 158|0x00000000cb400000, 0x00000000cb400000, 0x00000000cb500000|  0%| F|  |TAMS 0x00000000cb400000, 0x00000000cb400000| Untracked 
| 159|0x00000000cb500000, 0x00000000cb500000, 0x00000000cb600000|  0%| F|  |TAMS 0x00000000cb500000, 0x00000000cb500000| Untracked 
| 160|0x00000000cb600000, 0x00000000cb600000, 0x00000000cb700000|  0%| F|  |TAMS 0x00000000cb600000, 0x00000000cb600000| Untracked 
| 161|0x00000000cb700000, 0x00000000cb700000, 0x00000000cb800000|  0%| F|  |TAMS 0x00000000cb700000, 0x00000000cb700000| Untracked 
| 162|0x00000000cb800000, 0x00000000cb800000, 0x00000000cb900000|  0%| F|  |TAMS 0x00000000cb800000, 0x00000000cb800000| Untracked 
| 163|0x00000000cb900000, 0x00000000cb900000, 0x00000000cba00000|  0%| F|  |TAMS 0x00000000cb900000, 0x00000000cb900000| Untracked 
| 164|0x00000000cba00000, 0x00000000cba00000, 0x00000000cbb00000|  0%| F|  |TAMS 0x00000000cba00000, 0x00000000cba00000| Untracked 
| 165|0x00000000cbb00000, 0x00000000cbb00000, 0x00000000cbc00000|  0%| F|  |TAMS 0x00000000cbb00000, 0x00000000cbb00000| Untracked 
| 166|0x00000000cbc00000, 0x00000000cbc00000, 0x00000000cbd00000|  0%| F|  |TAMS 0x00000000cbc00000, 0x00000000cbc00000| Untracked 
| 167|0x00000000cbd00000, 0x00000000cbd00000, 0x00000000cbe00000|  0%| F|  |TAMS 0x00000000cbd00000, 0x00000000cbd00000| Untracked 
| 168|0x00000000cbe00000, 0x00000000cbe00000, 0x00000000cbf00000|  0%| F|  |TAMS 0x00000000cbe00000, 0x00000000cbe00000| Untracked 
| 169|0x00000000cbf00000, 0x00000000cbf00000, 0x00000000cc000000|  0%| F|  |TAMS 0x00000000cbf00000, 0x00000000cbf00000| Untracked 
| 170|0x00000000cc000000, 0x00000000cc000000, 0x00000000cc100000|  0%| F|  |TAMS 0x00000000cc000000, 0x00000000cc000000| Untracked 
| 171|0x00000000cc100000, 0x00000000cc100000, 0x00000000cc200000|  0%| F|  |TAMS 0x00000000cc100000, 0x00000000cc100000| Untracked 
| 172|0x00000000cc200000, 0x00000000cc200000, 0x00000000cc300000|  0%| F|  |TAMS 0x00000000cc200000, 0x00000000cc200000| Untracked 
| 173|0x00000000cc300000, 0x00000000cc300000, 0x00000000cc400000|  0%| F|  |TAMS 0x00000000cc300000, 0x00000000cc300000| Untracked 
| 174|0x00000000cc400000, 0x00000000cc400000, 0x00000000cc500000|  0%| F|  |TAMS 0x00000000cc400000, 0x00000000cc400000| Untracked 
| 175|0x00000000cc500000, 0x00000000cc500000, 0x00000000cc600000|  0%| F|  |TAMS 0x00000000cc500000, 0x00000000cc500000| Untracked 
| 176|0x00000000cc600000, 0x00000000cc600000, 0x00000000cc700000|  0%| F|  |TAMS 0x00000000cc600000, 0x00000000cc600000| Untracked 
| 177|0x00000000cc700000, 0x00000000cc700000, 0x00000000cc800000|  0%| F|  |TAMS 0x00000000cc700000, 0x00000000cc700000| Untracked 
| 178|0x00000000cc800000, 0x00000000cc800000, 0x00000000cc900000|  0%| F|  |TAMS 0x00000000cc800000, 0x00000000cc800000| Untracked 
| 179|0x00000000cc900000, 0x00000000cc900000, 0x00000000cca00000|  0%| F|  |TAMS 0x00000000cc900000, 0x00000000cc900000| Untracked 
| 180|0x00000000cca00000, 0x00000000cca00000, 0x00000000ccb00000|  0%| F|  |TAMS 0x00000000cca00000, 0x00000000cca00000| Untracked 
| 181|0x00000000ccb00000, 0x00000000ccb00000, 0x00000000ccc00000|  0%| F|  |TAMS 0x00000000ccb00000, 0x00000000ccb00000| Untracked 
| 182|0x00000000ccc00000, 0x00000000ccc00000, 0x00000000ccd00000|  0%| F|  |TAMS 0x00000000ccc00000, 0x00000000ccc00000| Untracked 
| 183|0x00000000ccd00000, 0x00000000ccd00000, 0x00000000cce00000|  0%| F|  |TAMS 0x00000000ccd00000, 0x00000000ccd00000| Untracked 
| 184|0x00000000cce00000, 0x00000000cce00000, 0x00000000ccf00000|  0%| F|  |TAMS 0x00000000cce00000, 0x00000000cce00000| Untracked 
| 185|0x00000000ccf00000, 0x00000000ccf00000, 0x00000000cd000000|  0%| F|  |TAMS 0x00000000ccf00000, 0x00000000ccf00000| Untracked 
| 186|0x00000000cd000000, 0x00000000cd000000, 0x00000000cd100000|  0%| F|  |TAMS 0x00000000cd000000, 0x00000000cd000000| Untracked 
| 187|0x00000000cd100000, 0x00000000cd100000, 0x00000000cd200000|  0%| F|  |TAMS 0x00000000cd100000, 0x00000000cd100000| Untracked 
| 188|0x00000000cd200000, 0x00000000cd200000, 0x00000000cd300000|  0%| F|  |TAMS 0x00000000cd200000, 0x00000000cd200000| Untracked 
| 189|0x00000000cd300000, 0x00000000cd300000, 0x00000000cd400000|  0%| F|  |TAMS 0x00000000cd300000, 0x00000000cd300000| Untracked 
| 190|0x00000000cd400000, 0x00000000cd400000, 0x00000000cd500000|  0%| F|  |TAMS 0x00000000cd400000, 0x00000000cd400000| Untracked 
| 191|0x00000000cd500000, 0x00000000cd500000, 0x00000000cd600000|  0%| F|  |TAMS 0x00000000cd500000, 0x00000000cd500000| Untracked 
| 192|0x00000000cd600000, 0x00000000cd600000, 0x00000000cd700000|  0%| F|  |TAMS 0x00000000cd600000, 0x00000000cd600000| Untracked 
| 193|0x00000000cd700000, 0x00000000cd700000, 0x00000000cd800000|  0%| F|  |TAMS 0x00000000cd700000, 0x00000000cd700000| Untracked 
| 194|0x00000000cd800000, 0x00000000cd800000, 0x00000000cd900000|  0%| F|  |TAMS 0x00000000cd800000, 0x00000000cd800000| Untracked 
| 195|0x00000000cd900000, 0x00000000cd900000, 0x00000000cda00000|  0%| F|  |TAMS 0x00000000cd900000, 0x00000000cd900000| Untracked 
| 196|0x00000000cda00000, 0x00000000cda00000, 0x00000000cdb00000|  0%| F|  |TAMS 0x00000000cda00000, 0x00000000cda00000| Untracked 
| 197|0x00000000cdb00000, 0x00000000cdb00000, 0x00000000cdc00000|  0%| F|  |TAMS 0x00000000cdb00000, 0x00000000cdb00000| Untracked 
| 198|0x00000000cdc00000, 0x00000000cdc00000, 0x00000000cdd00000|  0%| F|  |TAMS 0x00000000cdc00000, 0x00000000cdc00000| Untracked 
| 199|0x00000000cdd00000, 0x00000000cdd00000, 0x00000000cde00000|  0%| F|  |TAMS 0x00000000cdd00000, 0x00000000cdd00000| Untracked 

Card table byte_map: [0x0000024a73760000,0x0000024a73960000] _byte_map_base: 0x0000024a73155000

Marking Bits (Prev, Next): (CMBitMap*) 0x0000024a6ba133e0, (CMBitMap*) 0x0000024a6ba13420
 Prev Bits: [0x0000024a73b60000, 0x0000024a74b08000)
 Next Bits: [0x0000024a74b10000, 0x0000024a75ab8000)

Polling page: 0x0000024a697e0000

Metaspace:

Usage:
  Non-class:     67.08 MB used.
      Class:      9.67 MB used.
       Both:     76.76 MB used.

Virtual space:
  Non-class space:      128.00 MB reserved,      67.81 MB ( 53%) committed,  2 nodes.
      Class space:        1.00 GB reserved,      10.38 MB (  1%) committed,  1 nodes.
             Both:        1.12 GB reserved,      78.19 MB (  7%) committed. 

Chunk freelists:
   Non-Class:  11.56 MB
       Class:  5.64 MB
        Both:  17.20 MB

MaxMetaspaceSize: unlimited
CompressedClassSpaceSize: 1.00 GB
Initial GC threshold: 21.00 MB
Current GC threshold: 129.81 MB
CDS: on
MetaspaceReclaimPolicy: balanced
 - commit_granule_bytes: 65536.
 - commit_granule_words: 8192.
 - virtual_space_node_default_size: 8388608.
 - enlarge_chunks_in_place: 1.
 - new_chunks_are_fully_committed: 0.
 - uncommit_free_chunks: 1.
 - use_allocation_guard: 0.
 - handle_deallocations: 1.


Internal statistics:

num_allocs_failed_limit: 8.
num_arena_births: 2192.
num_arena_deaths: 6.
num_vsnodes_births: 3.
num_vsnodes_deaths: 0.
num_space_committed: 1251.
num_space_uncommitted: 0.
num_chunks_returned_to_freelist: 16.
num_chunks_taken_from_freelist: 5637.
num_chunk_merges: 8.
num_chunk_splits: 3528.
num_chunks_enlarged: 2101.
num_inconsistent_stats: 0.

CodeHeap 'non-profiled nmethods': size=120000Kb used=11063Kb max_used=11063Kb free=108936Kb
 bounds [0x0000024a07ad0000, 0x0000024a085a0000, 0x0000024a0f000000]
CodeHeap 'profiled nmethods': size=120000Kb used=22510Kb max_used=22510Kb free=97489Kb
 bounds [0x0000024a00000000, 0x0000024a01600000, 0x0000024a07530000]
CodeHeap 'non-nmethods': size=5760Kb used=1335Kb max_used=1395Kb free=4425Kb
 bounds [0x0000024a07530000, 0x0000024a077a0000, 0x0000024a07ad0000]
 total_blobs=12197 nmethods=11531 adapters=577
 compilation: enabled
              stopped_count=0, restarted_count=0
 full_count=0

Compilation events (20 events):
Event: 377.953 Thread 0x0000024a77f1fe00 nmethod 13905 0x0000024a0859cb10 code [0x0000024a0859cca0, 0x0000024a0859cdb8]
Event: 377.977 Thread 0x0000024a77f1fe00 13909       4       org.springframework.boot.context.properties.source.ConfigurationPropertyName::convertToUniformElement (12 bytes)
Event: 377.983 Thread 0x0000024a77f230d0 13910       3       org.springframework.web.servlet.mvc.condition.PathPatternsRequestCondition::<init> (10 bytes)
Event: 377.983 Thread 0x0000024a77f230d0 nmethod 13910 0x0000024a015fbc90 code [0x0000024a015fbe40, 0x0000024a015fc058]
Event: 378.006 Thread 0x0000024a77f230d0 13911       3       org.springframework.beans.factory.support.DefaultListableBeanFactory::getBeanNamesForType (8 bytes)
Event: 378.007 Thread 0x0000024a77f230d0 nmethod 13911 0x0000024a015fc110 code [0x0000024a015fc2c0, 0x0000024a015fc408]
Event: 378.010 Thread 0x0000024a77f1fe00 nmethod 13909 0x0000024a0859cf10 code [0x0000024a0859d100, 0x0000024a0859d8e0]
Event: 378.014 Thread 0x0000024a77f1fe00 13912   !   4       org.springframework.context.event.EventListenerMethodProcessor::processBean (353 bytes)
Event: 378.041 Thread 0x0000024a77f230d0 13916       3       java.lang.Double::valueOf (9 bytes)
Event: 378.041 Thread 0x0000024a77f230d0 nmethod 13916 0x0000024a015fc490 code [0x0000024a015fc640, 0x0000024a015fc8b8]
Event: 378.042 Thread 0x0000024a77f230d0 13917       3       java.lang.Double::<init> (10 bytes)
Event: 378.042 Thread 0x0000024a77f230d0 nmethod 13917 0x0000024a015fca10 code [0x0000024a015fcbc0, 0x0000024a015fcd98]
Event: 378.042 Thread 0x0000024a77f230d0 13918       3       io.micrometer.core.instrument.Clock$1::wallTime (4 bytes)
Event: 378.042 Thread 0x0000024a77f230d0 nmethod 13918 0x0000024a015fce90 code [0x0000024a015fd020, 0x0000024a015fd158]
Event: 378.049 Thread 0x0000024a77f230d0 13919       3       java.security.MessageDigest::update (11 bytes)
Event: 378.049 Thread 0x0000024a77f230d0 nmethod 13919 0x0000024a015fd210 code [0x0000024a015fd3c0, 0x0000024a015fd688]
Event: 378.049 Thread 0x0000024a77f230d0 13920       3       java.security.MessageDigest$Delegate::engineUpdate (9 bytes)
Event: 378.050 Thread 0x0000024a77f230d0 nmethod 13920 0x0000024a015fd790 code [0x0000024a015fd940, 0x0000024a015fdb08]
Event: 378.050 Thread 0x0000024a77f230d0 13921       3       sun.security.provider.DigestBase::engineUpdate (32 bytes)
Event: 378.050 Thread 0x0000024a77f230d0 nmethod 13921 0x0000024a015fdc10 code [0x0000024a015fddc0, 0x0000024a015fe088]

GC Heap History (20 events):
Event: 334.553 GC heap after
{Heap after GC invocations=74 (full 17):
 garbage-first heap   total 204800K, used 66967K [0x00000000c1600000, 0x0000000100000000)
  region size 1024K, 0 young (0K), 0 survivors (0K)
 Metaspace       used 76726K, committed 78080K, reserved 1179648K
  class space    used 9799K, committed 10496K, reserved 1048576K
}
Event: 348.132 GC heap before
{Heap before GC invocations=74 (full 17):
 garbage-first heap   total 204800K, used 156055K [0x00000000c1600000, 0x0000000100000000)
  region size 1024K, 87 young (89088K), 0 survivors (0K)
 Metaspace       used 77053K, committed 78400K, reserved 1179648K
  class space    used 9817K, committed 10496K, reserved 1048576K
}
Event: 348.148 GC heap after
{Heap after GC invocations=75 (full 17):
 garbage-first heap   total 204800K, used 72954K [0x00000000c1600000, 0x0000000100000000)
  region size 1024K, 6 young (6144K), 6 survivors (6144K)
 Metaspace       used 77053K, committed 78400K, reserved 1179648K
  class space    used 9817K, committed 10496K, reserved 1048576K
}
Event: 348.393 GC heap before
{Heap before GC invocations=75 (full 17):
 garbage-first heap   total 204800K, used 72954K [0x00000000c1600000, 0x0000000100000000)
  region size 1024K, 7 young (7168K), 6 survivors (6144K)
 Metaspace       used 77054K, committed 78400K, reserved 1179648K
  class space    used 9817K, committed 10496K, reserved 1048576K
}
Event: 348.571 GC heap after
{Heap after GC invocations=76 (full 18):
 garbage-first heap   total 204800K, used 69517K [0x00000000c1600000, 0x0000000100000000)
  region size 1024K, 0 young (0K), 0 survivors (0K)
 Metaspace       used 77054K, committed 78400K, reserved 1179648K
  class space    used 9817K, committed 10496K, reserved 1048576K
}
Event: 354.697 GC heap before
{Heap before GC invocations=76 (full 18):
 garbage-first heap   total 204800K, used 158605K [0x00000000c1600000, 0x0000000100000000)
  region size 1024K, 87 young (89088K), 0 survivors (0K)
 Metaspace       used 77349K, committed 78784K, reserved 1179648K
  class space    used 9834K, committed 10560K, reserved 1048576K
}
Event: 354.708 GC heap after
{Heap after GC invocations=77 (full 18):
 garbage-first heap   total 204800K, used 74637K [0x00000000c1600000, 0x0000000100000000)
  region size 1024K, 5 young (5120K), 5 survivors (5120K)
 Metaspace       used 77349K, committed 78784K, reserved 1179648K
  class space    used 9834K, committed 10560K, reserved 1048576K
}
Event: 354.712 GC heap before
{Heap before GC invocations=77 (full 18):
 garbage-first heap   total 204800K, used 74637K [0x00000000c1600000, 0x0000000100000000)
  region size 1024K, 6 young (6144K), 5 survivors (5120K)
 Metaspace       used 77349K, committed 78784K, reserved 1179648K
  class space    used 9834K, committed 10560K, reserved 1048576K
}
Event: 354.903 GC heap after
{Heap after GC invocations=78 (full 19):
 garbage-first heap   total 204800K, used 72058K [0x00000000c1600000, 0x0000000100000000)
  region size 1024K, 0 young (0K), 0 survivors (0K)
 Metaspace       used 77349K, committed 78784K, reserved 1179648K
  class space    used 9834K, committed 10560K, reserved 1048576K
}
Event: 359.142 GC heap before
{Heap before GC invocations=78 (full 19):
 garbage-first heap   total 204800K, used 162170K [0x00000000c1600000, 0x0000000100000000)
  region size 1024K, 88 young (90112K), 0 survivors (0K)
 Metaspace       used 77679K, committed 79104K, reserved 1179648K
  class space    used 9851K, committed 10560K, reserved 1048576K
}
Event: 359.154 GC heap after
{Heap after GC invocations=79 (full 19):
 garbage-first heap   total 204800K, used 78081K [0x00000000c1600000, 0x0000000100000000)
  region size 1024K, 6 young (6144K), 6 survivors (6144K)
 Metaspace       used 77679K, committed 79104K, reserved 1179648K
  class space    used 9851K, committed 10560K, reserved 1048576K
}
Event: 360.272 GC heap before
{Heap before GC invocations=79 (full 19):
 garbage-first heap   total 204800K, used 81153K [0x00000000c1600000, 0x0000000100000000)
  region size 1024K, 10 young (10240K), 6 survivors (6144K)
 Metaspace       used 77693K, committed 79104K, reserved 1179648K
  class space    used 9852K, committed 10560K, reserved 1048576K
}
Event: 360.465 GC heap after
{Heap after GC invocations=80 (full 20):
 garbage-first heap   total 204800K, used 74579K [0x00000000c1600000, 0x0000000100000000)
  region size 1024K, 0 young (0K), 0 survivors (0K)
 Metaspace       used 77693K, committed 79104K, reserved 1179648K
  class space    used 9852K, committed 10560K, reserved 1048576K
}
Event: 368.123 GC heap before
{Heap before GC invocations=80 (full 20):
 garbage-first heap   total 204800K, used 161619K [0x00000000c1600000, 0x0000000100000000)
  region size 1024K, 86 young (88064K), 0 survivors (0K)
 Metaspace       used 77971K, committed 79424K, reserved 1179648K
  class space    used 9868K, committed 10624K, reserved 1048576K
}
Event: 368.341 GC heap after
{Heap after GC invocations=81 (full 21):
 garbage-first heap   total 204800K, used 77102K [0x00000000c1600000, 0x0000000100000000)
  region size 1024K, 0 young (0K), 0 survivors (0K)
 Metaspace       used 77971K, committed 79424K, reserved 1179648K
  class space    used 9868K, committed 10624K, reserved 1048576K
}
Event: 375.260 GC heap before
{Heap before GC invocations=81 (full 21):
 garbage-first heap   total 204800K, used 164142K [0x00000000c1600000, 0x0000000100000000)
  region size 1024K, 86 young (88064K), 0 survivors (0K)
 Metaspace       used 78311K, committed 79744K, reserved 1179648K
  class space    used 9886K, committed 10624K, reserved 1048576K
}
Event: 375.273 GC heap after
{Heap after GC invocations=82 (full 21):
 garbage-first heap   total 204800K, used 82222K [0x00000000c1600000, 0x0000000100000000)
  region size 1024K, 5 young (5120K), 5 survivors (5120K)
 Metaspace       used 78311K, committed 79744K, reserved 1179648K
  class space    used 9886K, committed 10624K, reserved 1048576K
}
Event: 375.281 GC heap before
{Heap before GC invocations=82 (full 21):
 garbage-first heap   total 204800K, used 82222K [0x00000000c1600000, 0x0000000100000000)
  region size 1024K, 6 young (6144K), 5 survivors (5120K)
 Metaspace       used 78311K, committed 79744K, reserved 1179648K
  class space    used 9886K, committed 10624K, reserved 1048576K
}
Event: 375.491 GC heap after
{Heap after GC invocations=83 (full 22):
 garbage-first heap   total 204800K, used 79628K [0x00000000c1600000, 0x0000000100000000)
  region size 1024K, 0 young (0K), 0 survivors (0K)
 Metaspace       used 78311K, committed 79744K, reserved 1179648K
  class space    used 9886K, committed 10624K, reserved 1048576K
}
Event: 378.058 GC heap before
{Heap before GC invocations=83 (full 22):
 garbage-first heap   total 204800K, used 165644K [0x00000000c1600000, 0x0000000100000000)
  region size 1024K, 84 young (86016K), 0 survivors (0K)
 Metaspace       used 78598K, committed 80064K, reserved 1179648K
  class space    used 9903K, committed 10624K, reserved 1048576K
}

Dll operation events (10 events):
Event: 0.021 Loaded shared library C:\Program Files\Java\zulu17.42.19-ca-jdk17.0.7-win_x64\bin\java.dll
Event: 0.046 Loaded shared library C:\Program Files\Java\zulu17.42.19-ca-jdk17.0.7-win_x64\bin\jsvml.dll
Event: 0.236 Loaded shared library C:\Program Files\Java\zulu17.42.19-ca-jdk17.0.7-win_x64\bin\net.dll
Event: 0.239 Loaded shared library C:\Program Files\Java\zulu17.42.19-ca-jdk17.0.7-win_x64\bin\nio.dll
Event: 0.244 Loaded shared library C:\Program Files\Java\zulu17.42.19-ca-jdk17.0.7-win_x64\bin\zip.dll
Event: 0.448 Loaded shared library C:\Program Files\Java\zulu17.42.19-ca-jdk17.0.7-win_x64\bin\jimage.dll
Event: 0.592 Loaded shared library C:\Program Files\Java\zulu17.42.19-ca-jdk17.0.7-win_x64\bin\management.dll
Event: 0.626 Loaded shared library C:\Program Files\Java\zulu17.42.19-ca-jdk17.0.7-win_x64\bin\management_ext.dll
Event: 3.310 Loaded shared library C:\Program Files\Java\zulu17.42.19-ca-jdk17.0.7-win_x64\bin\verify.dll
Event: 12.870 Loaded shared library C:\Program Files\Java\zulu17.42.19-ca-jdk17.0.7-win_x64\bin\sunmscapi.dll

Deoptimization events (20 events):
Event: 373.776 Thread 0x0000024a0f62c010 DEOPT PACKING pc=0x0000024a0857f700 sp=0x00000094ce6fe210
Event: 373.776 Thread 0x0000024a0f62c010 DEOPT UNPACKING pc=0x0000024a075869a3 sp=0x00000094ce6fe1a0 mode 2
Event: 374.964 Thread 0x0000024a103cfd80 Uncommon trap: trap_request=0xffffffbe fr.pc=0x0000024a0857f700 relative=0x0000000000000260
Event: 374.964 Thread 0x0000024a103cfd80 Uncommon trap: reason=profile_predicate action=maybe_recompile pc=0x0000024a0857f700 method=java.util.HashMap.valuesToArray([Ljava/lang/Object;)[Ljava/lang/Object; @ 36 c2
Event: 374.964 Thread 0x0000024a103cfd80 DEOPT PACKING pc=0x0000024a0857f700 sp=0x00000094cdbfe900
Event: 374.964 Thread 0x0000024a103cfd80 DEOPT UNPACKING pc=0x0000024a075869a3 sp=0x00000094cdbfe890 mode 2
Event: 374.964 Thread 0x0000024a103cfd80 Uncommon trap: trap_request=0xffffffbe fr.pc=0x0000024a0857f700 relative=0x0000000000000260
Event: 374.964 Thread 0x0000024a103cfd80 Uncommon trap: reason=profile_predicate action=maybe_recompile pc=0x0000024a0857f700 method=java.util.HashMap.valuesToArray([Ljava/lang/Object;)[Ljava/lang/Object; @ 36 c2
Event: 374.964 Thread 0x0000024a103cfd80 DEOPT PACKING pc=0x0000024a0857f700 sp=0x00000094cdbfe390
Event: 374.964 Thread 0x0000024a103cfd80 DEOPT UNPACKING pc=0x0000024a075869a3 sp=0x00000094cdbfe320 mode 2
Event: 376.672 Thread 0x0000024a103cf870 Uncommon trap: trap_request=0xffffff76 fr.pc=0x0000024a08582718 relative=0x00000000000001f8
Event: 376.672 Thread 0x0000024a103cf870 Uncommon trap: reason=predicate action=maybe_recompile pc=0x0000024a08582718 method=java.util.HashMap.valuesToArray([Ljava/lang/Object;)[Ljava/lang/Object; @ 48 c2
Event: 376.672 Thread 0x0000024a103cf870 DEOPT PACKING pc=0x0000024a08582718 sp=0x00000094ce6fe590
Event: 376.672 Thread 0x0000024a103cf870 DEOPT UNPACKING pc=0x0000024a075869a3 sp=0x00000094ce6fe528 mode 2
Event: 377.372 Thread 0x0000024a103cf870 Uncommon trap: trap_request=0xfffffff4 fr.pc=0x0000024a0855cf54 relative=0x00000000000003f4
Event: 377.372 Thread 0x0000024a103cf870 Uncommon trap: reason=null_check action=make_not_entrant pc=0x0000024a0855cf54 method=net.bytebuddy.description.annotation.AnnotationDescription$ForLoadedAnnotation.asValue(Ljava/lang/Object;Ljava/lang/Class;)Lnet/bytebuddy/description/annotation/Annotati
Event: 377.372 Thread 0x0000024a103cf870 DEOPT PACKING pc=0x0000024a0855cf54 sp=0x00000094ce6fc7c0
Event: 377.372 Thread 0x0000024a103cf870 DEOPT UNPACKING pc=0x0000024a075869a3 sp=0x00000094ce6fc720 mode 2
Event: 377.470 Thread 0x0000024a103cf870 DEOPT PACKING pc=0x0000024a00ca17e7 sp=0x00000094ce6fd360
Event: 377.470 Thread 0x0000024a103cf870 DEOPT UNPACKING pc=0x0000024a07587143 sp=0x00000094ce6fc930 mode 0

Classes unloaded (3 events):
Event: 6.017 Thread 0x0000024a6ba82f20 Unloading class 0x0000000801016c00 'java/lang/invoke/LambdaForm$MH+0x0000000801016c00'
Event: 6.017 Thread 0x0000024a6ba82f20 Unloading class 0x0000000801016000 'java/lang/invoke/LambdaForm$MH+0x0000000801016000'
Event: 6.017 Thread 0x0000024a6ba82f20 Unloading class 0x0000000801008000 'java/lang/invoke/LambdaForm$MH+0x0000000801008000'

Classes redefined (0 events):
No events

Internal exceptions (20 events):
Event: 374.979 Thread 0x0000024a0f62c520 Exception <a 'java/lang/InterruptedException'{0x00000000c86dfec0}: sleep interrupted> (0x00000000c86dfec0) 
thrown [s\src\hotspot\share\prims\jvm.cpp, line 3070]
Event: 375.565 Thread 0x0000024a103cf870 Exception <a 'sun/nio/fs/WindowsException'{0x00000000cdda47a8}> (0x00000000cdda47a8) 
thrown [s\src\hotspot\share\prims\jni.cpp, line 516]
Event: 375.676 Thread 0x0000024a103cf870 Exception <a 'sun/nio/fs/WindowsException'{0x00000000cdbae8e0}> (0x00000000cdbae8e0) 
thrown [s\src\hotspot\share\prims\jni.cpp, line 516]
Event: 375.800 Thread 0x0000024a103ce430 Exception <a 'java/lang/NoClassDefFoundError'{0x00000000cd9d0558}: org/glassfish/jersey/server/monitoring/ApplicationEventListener> (0x00000000cd9d0558) 
thrown [s\src\hotspot\share\classfile\systemDictionary.cpp, line 248]
Event: 376.424 Thread 0x0000024a103cf870 Exception <a 'sun/nio/fs/WindowsException'{0x00000000cbf8c288}> (0x00000000cbf8c288) 
thrown [s\src\hotspot\share\prims\jni.cpp, line 516]
Event: 376.440 Thread 0x0000024a103cf870 Exception <a 'sun/nio/fs/WindowsException'{0x00000000cbe201a8}> (0x00000000cbe201a8) 
thrown [s\src\hotspot\share\prims\jni.cpp, line 516]
Event: 376.574 Thread 0x0000024a103cf870 Exception <a 'java/lang/NoClassDefFoundError'{0x00000000cbcac9f8}: org/flywaydb/core/Flyway> (0x00000000cbcac9f8) 
thrown [s\src\hotspot\share\oops\constantPool.cpp, line 835]
Event: 376.574 Thread 0x0000024a103cf870 Exception <a 'java/lang/NoClassDefFoundError'{0x00000000cbcad048}: liquibase/integration/spring/SpringLiquibase> (0x00000000cbcad048) 
thrown [s\src\hotspot\share\oops\constantPool.cpp, line 835]
Event: 376.582 Thread 0x0000024a103cf870 Exception <a 'java/lang/NoClassDefFoundError'{0x00000000cbb072a8}: org/jooq/DSLContext> (0x00000000cbb072a8) 
thrown [s\src\hotspot\share\oops\constantPool.cpp, line 835]
Event: 376.583 Thread 0x0000024a103cf870 Exception <a 'java/lang/NoClassDefFoundError'{0x00000000cbb114d0}: org/springframework/batch/core/repository/JobRepository> (0x00000000cbb114d0) 
thrown [s\src\hotspot\share\oops\constantPool.cpp, line 835]
Event: 376.584 Thread 0x0000024a103cf870 Exception <a 'java/lang/NoClassDefFoundError'{0x00000000cbb11b18}: org/quartz/Scheduler> (0x00000000cbb11b18) 
thrown [s\src\hotspot\share\oops\constantPool.cpp, line 835]
Event: 376.584 Thread 0x0000024a103cf870 Exception <a 'java/lang/NoClassDefFoundError'{0x00000000cbb12188}: org/springframework/session/jdbc/JdbcIndexedSessionRepository> (0x00000000cbb12188) 
thrown [s\src\hotspot\share\oops\constantPool.cpp, line 835]
Event: 376.687 Thread 0x0000024a103cf870 Exception <a 'sun/nio/fs/WindowsException'{0x00000000cb6c4d88}> (0x00000000cb6c4d88) 
thrown [s\src\hotspot\share\prims\jni.cpp, line 516]
Event: 376.688 Thread 0x0000024a103cf870 Exception <a 'sun/nio/fs/WindowsException'{0x00000000cb6c5420}> (0x00000000cb6c5420) 
thrown [s\src\hotspot\share\prims\jni.cpp, line 516]
Event: 376.688 Thread 0x0000024a103cf870 Exception <a 'sun/nio/fs/WindowsException'{0x00000000cb6c5b48}> (0x00000000cb6c5b48) 
thrown [s\src\hotspot\share\prims\jni.cpp, line 516]
Event: 376.719 Thread 0x0000024a103cf870 Exception <a 'java/io/FileNotFoundException'{0x00000000cb6fa018}> (0x00000000cb6fa018) 
thrown [s\src\hotspot\share\prims\jni.cpp, line 516]
Event: 377.223 Thread 0x0000024a103cf870 Exception <a 'java/io/FileNotFoundException'{0x00000000caf6fde0}> (0x00000000caf6fde0) 
thrown [s\src\hotspot\share\prims\jni.cpp, line 516]
Event: 377.263 Thread 0x0000024a103cf870 Exception <a 'sun/nio/fs/WindowsException'{0x00000000cae8a6f0}> (0x00000000cae8a6f0) 
thrown [s\src\hotspot\share\prims\jni.cpp, line 516]
Event: 377.371 Thread 0x0000024a103cf870 Implicit null exception at 0x0000024a0855cb73 to 0x0000024a0855cf40
Event: 377.725 Thread 0x0000024a103cf870 Exception <a 'sun/nio/fs/WindowsException'{0x00000000c9b9d158}> (0x00000000c9b9d158) 
thrown [s\src\hotspot\share\prims\jni.cpp, line 516]

VM Operations (20 events):
Event: 366.248 Executing VM operation: Cleanup done
Event: 368.122 Executing VM operation: G1CollectFull
Event: 368.342 Executing VM operation: G1CollectFull done
Event: 369.355 Executing VM operation: Cleanup
Event: 369.376 Executing VM operation: Cleanup done
Event: 370.377 Executing VM operation: Cleanup
Event: 370.377 Executing VM operation: Cleanup done
Event: 371.381 Executing VM operation: Cleanup
Event: 373.563 Executing VM operation: Cleanup done
Event: 374.564 Executing VM operation: Cleanup
Event: 374.565 Executing VM operation: Cleanup done
Event: 375.260 Executing VM operation: G1CollectForAllocation
Event: 375.273 Executing VM operation: G1CollectForAllocation done
Event: 375.281 Executing VM operation: G1CollectFull
Event: 375.493 Executing VM operation: G1CollectFull done
Event: 376.505 Executing VM operation: Cleanup
Event: 376.506 Executing VM operation: Cleanup done
Event: 377.508 Executing VM operation: Cleanup
Event: 377.761 Executing VM operation: Cleanup done
Event: 378.057 Executing VM operation: G1CollectForAllocation

Events (20 events):
Event: 375.743 Thread 0x0000024a103ce430 Thread added: 0x0000024a103ce430
Event: 375.827 Thread 0x0000024a103ce430 Thread exited: 0x0000024a103ce430
Event: 377.043 Thread 0x0000024a103ce940 Thread added: 0x0000024a103ce940
Event: 377.173 Thread 0x0000024a103d07a0 Thread added: 0x0000024a103d07a0
Event: 377.224 Thread 0x0000024a103cf360 Thread added: 0x0000024a103cf360
Event: 377.224 Thread 0x0000024a103cdf20 Thread added: 0x0000024a103cdf20
Event: 377.224 Thread 0x0000024a103cd500 Thread added: 0x0000024a103cd500
Event: 377.971 Thread 0x0000024a103cee50 Thread added: 0x0000024a103cee50
Event: 378.044 Thread 0x0000024a103ce430 Thread added: 0x0000024a103ce430
Event: 378.044 Thread 0x0000024a103d0290 Thread added: 0x0000024a103d0290
Event: 378.044 Thread 0x0000024a0f62c010 Thread added: 0x0000024a0f62c010
Event: 378.044 Thread 0x0000024a0f627e40 Thread added: 0x0000024a0f627e40
Event: 378.044 Thread 0x0000024a0f62b0e0 Thread added: 0x0000024a0f62b0e0
Event: 378.044 Thread 0x0000024a0f626a00 Thread added: 0x0000024a0f626a00
Event: 378.045 Thread 0x0000024a0f62a1b0 Thread added: 0x0000024a0f62a1b0
Event: 378.045 Thread 0x0000024a0f62c520 Thread added: 0x0000024a0f62c520
Event: 378.045 Thread 0x0000024a0f62a6c0 Thread added: 0x0000024a0f62a6c0
Event: 378.045 Thread 0x0000024a0f62bb00 Thread added: 0x0000024a0f62bb00
Event: 378.052 Thread 0x0000024a0f62ca30 Thread added: 0x0000024a0f62ca30
Event: 378.053 Thread 0x0000024a0f62b5f0 Thread added: 0x0000024a0f62b5f0


Dynamic libraries:
0x00007ff627740000 - 0x00007ff62774e000 	C:\Program Files\Java\zulu17.42.19-ca-jdk17.0.7-win_x64\bin\java.exe
0x00007ffd70bd0000 - 0x00007ffd70dc8000 	C:\Windows\SYSTEM32\ntdll.dll
0x00007ffd6ff20000 - 0x00007ffd6ffdd000 	C:\Windows\System32\KERNEL32.DLL
0x00007ffd6e2b0000 - 0x00007ffd6e5a6000 	C:\Windows\System32\KERNELBASE.dll
0x00007ffd6eae0000 - 0x00007ffd6ebe0000 	C:\Windows\System32\ucrtbase.dll
0x00007ffd666f0000 - 0x00007ffd66709000 	C:\Program Files\Java\zulu17.42.19-ca-jdk17.0.7-win_x64\bin\jli.dll
0x00007ffd6f210000 - 0x00007ffd6f3ae000 	C:\Windows\System32\USER32.dll
0x00007ffd6e920000 - 0x00007ffd6e942000 	C:\Windows\System32\win32u.dll
0x00007ffd6f410000 - 0x00007ffd6f43c000 	C:\Windows\System32\GDI32.dll
0x00007ffd6e9c0000 - 0x00007ffd6eada000 	C:\Windows\System32\gdi32full.dll
0x00007ffd6e880000 - 0x00007ffd6e91d000 	C:\Windows\System32\msvcp_win.dll
0x00007ffd66370000 - 0x00007ffd6638b000 	C:\Program Files\Java\zulu17.42.19-ca-jdk17.0.7-win_x64\bin\VCRUNTIME140.dll
0x00007ffd5c900000 - 0x00007ffd5cb9a000 	C:\Windows\WinSxS\amd64_microsoft.windows.common-controls_6595b64144ccf1df_6.0.19041.1110_none_60b5254171f9507e\COMCTL32.dll
0x00007ffd709d0000 - 0x00007ffd70a6e000 	C:\Windows\System32\msvcrt.dll
0x00007ffd6f1e0000 - 0x00007ffd6f210000 	C:\Windows\System32\IMM32.DLL
0x00007ffd671d0000 - 0x00007ffd671dc000 	C:\Program Files\Java\zulu17.42.19-ca-jdk17.0.7-win_x64\bin\vcruntime140_1.dll
0x00007ffd526d0000 - 0x00007ffd5275d000 	C:\Program Files\Java\zulu17.42.19-ca-jdk17.0.7-win_x64\bin\msvcp140.dll
0x00007ffd17510000 - 0x00007ffd18175000 	C:\Program Files\Java\zulu17.42.19-ca-jdk17.0.7-win_x64\bin\server\jvm.dll
0x00007ffd6f500000 - 0x00007ffd6f5ae000 	C:\Windows\System32\ADVAPI32.dll
0x00007ffd6f0a0000 - 0x00007ffd6f13c000 	C:\Windows\System32\sechost.dll
0x00007ffd6ffe0000 - 0x00007ffd70106000 	C:\Windows\System32\RPCRT4.dll
0x00007ffd5a720000 - 0x00007ffd5a729000 	C:\Windows\SYSTEM32\WSOCK32.dll
0x00007ffd6f5b0000 - 0x00007ffd6f61b000 	C:\Windows\System32\WS2_32.dll
0x00007ffd5f4d0000 - 0x00007ffd5f4f7000 	C:\Windows\SYSTEM32\WINMM.dll
0x00007ffd67b60000 - 0x00007ffd67b6a000 	C:\Windows\SYSTEM32\VERSION.dll
0x00007ffd6c140000 - 0x00007ffd6c152000 	C:\Windows\SYSTEM32\kernel.appcore.dll
0x00007ffd666e0000 - 0x00007ffd666ea000 	C:\Program Files\Java\zulu17.42.19-ca-jdk17.0.7-win_x64\bin\jimage.dll
0x00007ffd5cc90000 - 0x00007ffd5ce74000 	C:\Windows\SYSTEM32\DBGHELP.DLL
0x00007ffd59a90000 - 0x00007ffd59ac4000 	C:\Windows\SYSTEM32\dbgcore.DLL
0x00007ffd6e7f0000 - 0x00007ffd6e872000 	C:\Windows\System32\bcryptPrimitives.dll
0x00007ffd61c30000 - 0x00007ffd61c55000 	C:\Program Files\Java\zulu17.42.19-ca-jdk17.0.7-win_x64\bin\java.dll
0x00007ffd46f70000 - 0x00007ffd47047000 	C:\Program Files\Java\zulu17.42.19-ca-jdk17.0.7-win_x64\bin\jsvml.dll
0x00007ffd70200000 - 0x00007ffd70945000 	C:\Windows\System32\SHELL32.dll
0x00007ffd6c340000 - 0x00007ffd6cadb000 	C:\Windows\SYSTEM32\windows.storage.dll
0x00007ffd6f770000 - 0x00007ffd6fac4000 	C:\Windows\System32\combase.dll
0x00007ffd6dcf0000 - 0x00007ffd6dd1e000 	C:\Windows\SYSTEM32\Wldp.dll
0x00007ffd6f440000 - 0x00007ffd6f4ed000 	C:\Windows\System32\SHCORE.dll
0x00007ffd6f3b0000 - 0x00007ffd6f405000 	C:\Windows\System32\shlwapi.dll
0x00007ffd6e1e0000 - 0x00007ffd6e205000 	C:\Windows\SYSTEM32\profapi.dll
0x00007ffd63860000 - 0x00007ffd63879000 	C:\Program Files\Java\zulu17.42.19-ca-jdk17.0.7-win_x64\bin\net.dll
0x00007ffd65010000 - 0x00007ffd6511a000 	C:\Windows\SYSTEM32\WINHTTP.dll
0x00007ffd6da50000 - 0x00007ffd6daba000 	C:\Windows\system32\mswsock.dll
0x00007ffd61c10000 - 0x00007ffd61c26000 	C:\Program Files\Java\zulu17.42.19-ca-jdk17.0.7-win_x64\bin\nio.dll
0x00007ffd60470000 - 0x00007ffd60488000 	C:\Program Files\Java\zulu17.42.19-ca-jdk17.0.7-win_x64\bin\zip.dll
0x00007ffd6d740000 - 0x00007ffd6d80a000 	C:\Windows\SYSTEM32\DNSAPI.dll
0x00007ffd6d6f0000 - 0x00007ffd6d72b000 	C:\Windows\SYSTEM32\IPHLPAPI.DLL
0x00007ffd6f140000 - 0x00007ffd6f148000 	C:\Windows\System32\NSI.dll
0x000000006a090000 - 0x000000006a0b6000 	C:\Program Files\Bonjour\mdnsNSP.dll
0x00007ffd5c810000 - 0x00007ffd5c81a000 	C:\Windows\System32\rasadhlp.dll
0x00007ffd5e2c0000 - 0x00007ffd5e342000 	C:\Windows\System32\fwpuclnt.dll
0x00007ffd6e660000 - 0x00007ffd6e687000 	C:\Windows\System32\bcrypt.dll
0x00007ffd66330000 - 0x00007ffd66339000 	C:\Program Files\Java\zulu17.42.19-ca-jdk17.0.7-win_x64\bin\management.dll
0x00007ffd66070000 - 0x00007ffd6607b000 	C:\Program Files\Java\zulu17.42.19-ca-jdk17.0.7-win_x64\bin\management_ext.dll
0x00007ffd6f4f0000 - 0x00007ffd6f4f8000 	C:\Windows\System32\PSAPI.DLL
0x00007ffd6dc40000 - 0x00007ffd6dc58000 	C:\Windows\SYSTEM32\CRYPTSP.dll
0x00007ffd6d2f0000 - 0x00007ffd6d324000 	C:\Windows\system32\rsaenh.dll
0x00007ffd6e1a0000 - 0x00007ffd6e1ce000 	C:\Windows\SYSTEM32\USERENV.dll
0x00007ffd6dc60000 - 0x00007ffd6dc6c000 	C:\Windows\SYSTEM32\CRYPTBASE.dll
0x00007ffd63ba0000 - 0x00007ffd63bb7000 	C:\Windows\SYSTEM32\dhcpcsvc6.DLL
0x00007ffd645c0000 - 0x00007ffd645dd000 	C:\Windows\SYSTEM32\dhcpcsvc.DLL
0x00007ffd639a0000 - 0x00007ffd639b0000 	C:\Program Files\Java\zulu17.42.19-ca-jdk17.0.7-win_x64\bin\verify.dll
0x00007ffd63910000 - 0x00007ffd6391e000 	C:\Program Files\Java\zulu17.42.19-ca-jdk17.0.7-win_x64\bin\sunmscapi.dll
0x00007ffd6e690000 - 0x00007ffd6e7ee000 	C:\Windows\System32\CRYPT32.dll
0x00007ffd6dd60000 - 0x00007ffd6dd88000 	C:\Windows\SYSTEM32\ncrypt.dll
0x00007ffd6dd20000 - 0x00007ffd6dd5b000 	C:\Windows\SYSTEM32\NTASN1.dll
0x00007ffd68ff0000 - 0x00007ffd68ff7000 	C:\Windows\system32\wshunix.dll

dbghelp: loaded successfully - version: 4.0.5 - missing functions: none
symbol engine: initialized successfully - sym options: 0x614 - pdb path: .;C:\Program Files\Java\zulu17.42.19-ca-jdk17.0.7-win_x64\bin;C:\Windows\SYSTEM32;C:\Windows\WinSxS\amd64_microsoft.windows.common-controls_6595b64144ccf1df_6.0.19041.1110_none_60b5254171f9507e;C:\Program Files\Java\zulu17.42.19-ca-jdk17.0.7-win_x64\bin\server;C:\Program Files\Bonjour

VM Arguments:
jvm_args: -XX:+ShowCodeDetailsInExceptionMessages -Dspring.jmx.enabled=true -Dmanagement.endpoints.jmx.exposure.include=* -Dspring.application.admin.enabled=true -Dspring.boot.project.name=todolist -Djava.rmi.server.hostname=localhost 
java_command: br.com.katiasouza.todolist.TodolistApplication
java_class_path (initial): C:\Users\Katia.MAURIO\Desktop\todolist\target\classes;C:\Users\Katia.MAURIO\.m2\repository\org\springframework\boot\spring-boot-starter-actuator\3.0.11\spring-boot-starter-actuator-3.0.11.jar;C:\Users\Katia.MAURIO\.m2\repository\org\springframework\boot\spring-boot-starter\3.0.11\spring-boot-starter-3.0.11.jar;C:\Users\Katia.MAURIO\.m2\repository\org\springframework\boot\spring-boot-starter-logging\3.0.11\spring-boot-starter-logging-3.0.11.jar;C:\Users\Katia.MAURIO\.m2\repository\ch\qos\logback\logback-classic\1.4.11\logback-classic-1.4.11.jar;C:\Users\Katia.MAURIO\.m2\repository\ch\qos\logback\logback-core\1.4.11\logback-core-1.4.11.jar;C:\Users\Katia.MAURIO\.m2\repository\org\apache\logging\log4j\log4j-to-slf4j\2.19.0\log4j-to-slf4j-2.19.0.jar;C:\Users\Katia.MAURIO\.m2\repository\org\apache\logging\log4j\log4j-api\2.19.0\log4j-api-2.19.0.jar;C:\Users\Katia.MAURIO\.m2\repository\org\slf4j\jul-to-slf4j\2.0.9\jul-to-slf4j-2.0.9.jar;C:\Users\Katia.MAURIO\.m2\repository\jakarta\annotation\jakarta.annotation-api\2.1.1\jakarta.annotation-api-2.1.1.jar;C:\Users\Katia.MAURIO\.m2\repository\org\yaml\snakeyaml\1.33\snakeyaml-1.33.jar;C:\Users\Katia.MAURIO\.m2\repository\org\springframework\boot\spring-boot-actuator-autoconfigure\3.0.11\spring-boot-actuator-autoconfigure-3.0.11.jar;C:\Users\Katia.MAURIO\.m2\repository\org\springframework\boot\spring-boot-actuator\3.0.11\spring-boot-actuator-3.0.11.jar;C:\Users\Katia.MAURIO\.m2\repository\com\fasterxml\jackson\core\jackson-databind\2.14.3\jackson-databind-2.14.3.jar;C:\Users\Katia.MAURIO\.m2\repository\com\fasterxml\jackson\core\jackson-annotations\2.14.3\jackson-annotations-2.14.3.jar;C:\Users\Katia.MAURIO\.m2\repository\com\fasterxml\jackson\core\jackson-core\2.14.3\jackson-core-2.14.3.jar;C:\Users\Katia.MAURIO\.m2\repository\com\fasterxml\jackson\datatype\jackson-datatype-jsr310\2.14.3\jackson-datatype-jsr310-2.14.3.jar;C:\Users\Katia.MAURIO\.m2\repository\io\
Launcher Type: SUN_STANDARD

[Global flags]
     intx CICompilerCount                          = 3                                         {product} {ergonomic}
     uint ConcGCThreads                            = 1                                         {product} {ergonomic}
     uint G1ConcRefinementThreads                  = 4                                         {product} {ergonomic}
   size_t G1HeapRegionSize                         = 1048576                                   {product} {ergonomic}
    uintx GCDrainStackTargetSize                   = 64                                        {product} {ergonomic}
   size_t InitialHeapSize                          = 67108864                                  {product} {ergonomic}
   size_t MarkStackSize                            = 4194304                                   {product} {ergonomic}
   size_t MaxHeapSize                              = 1050673152                                {product} {ergonomic}
   size_t MaxNewSize                               = 630194176                                 {product} {ergonomic}
   size_t MinHeapDeltaBytes                        = 1048576                                   {product} {ergonomic}
   size_t MinHeapSize                              = 8388608                                   {product} {ergonomic}
    uintx NonNMethodCodeHeapSize                   = 5832780                                {pd product} {ergonomic}
    uintx NonProfiledCodeHeapSize                  = 122912730                              {pd product} {ergonomic}
    uintx ProfiledCodeHeapSize                     = 122912730                              {pd product} {ergonomic}
    uintx ReservedCodeCacheSize                    = 251658240                              {pd product} {ergonomic}
     bool SegmentedCodeCache                       = true                                      {product} {ergonomic}
     bool ShowCodeDetailsInExceptionMessages       = true                                   {manageable} {command line}
   size_t SoftMaxHeapSize                          = 1050673152                             {manageable} {ergonomic}
     bool UseCompressedClassPointers               = true                           {product lp64_product} {ergonomic}
     bool UseCompressedOops                        = true                           {product lp64_product} {ergonomic}
     bool UseG1GC                                  = true                                      {product} {ergonomic}
     bool UseLargePagesIndividualAllocation        = false                                  {pd product} {ergonomic}

Logging:
Log output configuration:
 #0: stdout all=warning uptime,level,tags
 #1: stderr all=off uptime,level,tags

Environment Variables:
JAVA_HOME=C:\Program Files\Java\zulu17.42.19-ca-jdk17.0.7-win_x64
PATH=C:\Program Files\Common Files\Oracle\Java\javapath;C:\Program Files\Java\zulu17.42.19-ca-jdk17.0.7-win_x64\bin;C:\Windows\system32;C:\Windows;C:\Windows\System32\Wbem;C:\Windows\System32\WindowsPowerShell\v1.0\;C:\Windows\System32\OpenSSH\;C:\Program Files (x86)\NVIDIA Corporation\PhysX\Common;C:\Program Files\NVIDIA Corporation\NVIDIA NvDLISR;C:\ProgramData\UNIVALI\Portugol Studio;C:\ProgramData\chocolatey\bin;C:\Program Files\nodejs\;C:\maven\bin;C:\Users\Katia.MAURIO\AppData\Local\Microsoft\WindowsApps;;C:\Users\Katia.MAURIO\AppData\Local\Programs\Microsoft VS Code\bin;C:\Users\Katia.MAURIO\AppData\Roaming\npm
USERNAME=Katia
LANG=en_US.UTF-8
OS=Windows_NT
PROCESSOR_IDENTIFIER=Intel64 Family 6 Model 69 Stepping 1, GenuineIntel
TMP=C:\Users\KATIA~1.MAU\AppData\Local\Temp
TEMP=C:\Users\KATIA~1.MAU\AppData\Local\Temp



---------------  S Y S T E M  ---------------

OS:
 Windows 10 , 64 bit Build 19041 (10.0.19041.3393)
OS uptime: 4 days 20:23 hours

CPU: total 4 (initial active 4) (2 cores per cpu, 2 threads per core) family 6 model 69 stepping 1 microcode 0x25, cx8, cmov, fxsr, ht, mmx, sse, sse2, sse3, ssse3, sse4.1, sse4.2, popcnt, lzcnt, tsc, tscinvbit, avx, avx2, aes, erms, clmul, bmi1, bmi2, fma, vzeroupper, clflush

Memory: 4k page, system-wide physical 4000M (506M free)
TotalPageFile size 7987M (AvailPageFile size 229M)
current process WorkingSet (physical memory assigned to process): 389M, peak: 406M
current process commit charge ("private bytes"): 444M, peak: 765M

vm_info: OpenJDK 64-Bit Server VM (17.0.7+7-LTS) for windows-amd64 JRE (17.0.7+7-LTS) (Zulu17.42+19-CA), built on Apr 10 2023 13:02:30 by "zulu_re" with MS VC++ 16.10 / 16.11 (VS2019)

END.
