#
# There is insufficient memory for the Java Runtime Environment to continue.
# Native memory allocation (mmap) failed to map 65536 bytes for Failed to commit metaspace.
# Possible reasons:
#   The system is out of physical RAM or swap space
#   The process is running with CompressedOops enabled, and the Java Heap may be blocking the growth of the native heap
# Possible solutions:
#   Reduce memory load on the system
#   Increase physical memory or swap space
#   Check if swap backing store is full
#   Decrease Java heap size (-Xmx/-Xms)
#   Decrease number of Java threads
#   Decrease Java thread stack sizes (-Xss)
#   Set larger code cache with -XX:ReservedCodeCacheSize=
#   JVM is running with Unscaled Compressed Oops mode in which the Java heap is
#     placed in the first 4GB address space. The Java Heap base address is the
#     maximum limit for the native heap growth. Please use -XX:HeapBaseMinAddress
#     to set the Java Heap base and to place the Java Heap above 4GB virtual address.
# This output file may be truncated or incomplete.
#
#  Out of Memory Error (virtualSpaceNode.cpp:110), pid=10892, tid=2024
#
# JRE version: OpenJDK Runtime Environment Zulu17.42+19-CA (17.0.7+7) (build 17.0.7+7-LTS)
# Java VM: OpenJDK 64-Bit Server VM Zulu17.42+19-CA (17.0.7+7-LTS, mixed mode, sharing, tiered, compressed oops, compressed class ptrs, g1 gc, windows-amd64)
# No core dump will be written. Minidumps are not enabled by default on client versions of Windows
#

---------------  S U M M A R Y ------------

Command Line: -XX:+ShowCodeDetailsInExceptionMessages -Dspring.jmx.enabled=true -Dmanagement.endpoints.jmx.exposure.include=* -Dspring.application.admin.enabled=true -Dspring.boot.project.name=todolist -Djava.rmi.server.hostname=localhost br.com.katiasouza.todolist.TodolistApplication

Host: Intel(R) Core(TM) i5-4200U CPU @ 1.60GHz, 4 cores, 3G,  Windows 10 , 64 bit Build 19041 (10.0.19041.3570)
Time: Fri Oct 13 10:10:19 2023 Hora oficial do Brasil elapsed time: 1.149180 seconds (0d 0h 0m 1s)

---------------  T H R E A D  ---------------

Current thread (0x0000025c6dd06460):  JavaThread "Attach Listener" daemon [_thread_in_vm, id=2024, stack(0x000000c5b2400000,0x000000c5b2500000)]

Stack: [0x000000c5b2400000,0x000000c5b2500000]
Native frames: (J=compiled Java code, j=interpreted, Vv=VM code, C=native code)
V  [jvm.dll+0x67c77a]
V  [jvm.dll+0x83a0b4]
V  [jvm.dll+0x83b85e]
V  [jvm.dll+0x83bec3]
V  [jvm.dll+0x24a5af]
V  [jvm.dll+0x83614b]
V  [jvm.dll+0x621146]
V  [jvm.dll+0x6211aa]
V  [jvm.dll+0x6239ca]
V  [jvm.dll+0x621ae6]
V  [jvm.dll+0x62b9b7]
V  [jvm.dll+0x1eb97b]
V  [jvm.dll+0x1ebeb5]
V  [jvm.dll+0x1ec8ef]
V  [jvm.dll+0x1e1d81]
V  [jvm.dll+0x54332d]
V  [jvm.dll+0x1f25b7]
V  [jvm.dll+0x7b463b]
V  [jvm.dll+0x7b59f2]
V  [jvm.dll+0x7b6189]
V  [jvm.dll+0x1ecba4]
V  [jvm.dll+0x1e1d9a]
V  [jvm.dll+0x54332d]
V  [jvm.dll+0x1f25b7]
V  [jvm.dll+0x7b463b]
V  [jvm.dll+0x7b59f2]
V  [jvm.dll+0x7b6189]
V  [jvm.dll+0x1ecba4]
V  [jvm.dll+0x1e1d9a]
V  [jvm.dll+0x54332d]
V  [jvm.dll+0x1f25b7]
V  [jvm.dll+0x7b463b]
V  [jvm.dll+0x7b59f2]
V  [jvm.dll+0x7b5d28]
V  [jvm.dll+0x2428de]
V  [jvm.dll+0x384ebe]
C  0x0000025c6116b6ce

Java frames: (J=compiled Java code, j=interpreted, Vv=VM code)
j  jdk.internal.logger.LazyLoggers.getLazyLogger(Ljava/lang/String;Ljava/lang/Module;)Ljava/lang/System$Logger;+8 java.base@17.0.7
j  jdk.internal.logger.LazyLoggers.getLogger(Ljava/lang/String;Ljava/lang/Module;)Ljava/lang/System$Logger;+9 java.base@17.0.7
j  java.lang.System.getLogger(Ljava/lang/String;)Ljava/lang/System$Logger;+29 java.base@17.0.7
j  sun.management.jmxremote.ConnectorBootstrap.<clinit>()V+9 jdk.management.agent@17.0.7
v  ~StubRoutines::call_stub
j  jdk.internal.agent.Agent.startLocalManagementAgent()V+13 jdk.management.agent@17.0.7
v  ~StubRoutines::call_stub

---------------  P R O C E S S  ---------------

Threads class SMR info:
_java_thread_list=0x0000025c72041cd0, length=12, elements={
0x0000025c508acea0, 0x0000025c5096c2a0, 0x0000025c5096dfd0, 0x0000025c6dd03b80,
0x0000025c6dd06460, 0x0000025c6dd07d40, 0x0000025c6dd08700, 0x0000025c6dd094a0,
0x0000025c6dd17470, 0x0000025c6dd17e70, 0x0000025c72067a60, 0x0000025c7206c130
}

Java Threads: ( => current thread )
  0x0000025c508acea0 JavaThread "main" [_thread_in_vm, id=15264, stack(0x000000c5b1a00000,0x000000c5b1b00000)]
  0x0000025c5096c2a0 JavaThread "Reference Handler" daemon [_thread_blocked, id=11920, stack(0x000000c5b2100000,0x000000c5b2200000)]
  0x0000025c5096dfd0 JavaThread "Finalizer" daemon [_thread_blocked, id=10972, stack(0x000000c5b2200000,0x000000c5b2300000)]
  0x0000025c6dd03b80 JavaThread "Signal Dispatcher" daemon [_thread_blocked, id=14168, stack(0x000000c5b2300000,0x000000c5b2400000)]
=>0x0000025c6dd06460 JavaThread "Attach Listener" daemon [_thread_in_vm, id=2024, stack(0x000000c5b2400000,0x000000c5b2500000)]
  0x0000025c6dd07d40 JavaThread "Service Thread" daemon [_thread_blocked, id=8000, stack(0x000000c5b2500000,0x000000c5b2600000)]
  0x0000025c6dd08700 JavaThread "Monitor Deflation Thread" daemon [_thread_blocked, id=18312, stack(0x000000c5b2600000,0x000000c5b2700000)]
  0x0000025c6dd094a0 JavaThread "C2 CompilerThread0" daemon [_thread_blocked, id=13644, stack(0x000000c5b2700000,0x000000c5b2800000)]
  0x0000025c6dd17470 JavaThread "C1 CompilerThread0" daemon [_thread_in_vm, id=15920, stack(0x000000c5b2800000,0x000000c5b2900000)]
  0x0000025c6dd17e70 JavaThread "Sweeper thread" daemon [_thread_blocked, id=20452, stack(0x000000c5b2900000,0x000000c5b2a00000)]
  0x0000025c72067a60 JavaThread "Notification Thread" daemon [_thread_blocked, id=14424, stack(0x000000c5b2a00000,0x000000c5b2b00000)]
  0x0000025c7206c130 JavaThread "Common-Cleaner" daemon [_thread_blocked, id=8672, stack(0x000000c5b2c00000,0x000000c5b2d00000)]

Other Threads:
  0x0000025c50968290 VMThread "VM Thread" [stack: 0x000000c5b2000000,0x000000c5b2100000] [id=9644]
  0x0000025c509034b0 WatcherThread [stack: 0x000000c5b2b00000,0x000000c5b2c00000] [id=19176]
  0x0000025c508f3380 GCTaskThread "GC Thread#0" [stack: 0x000000c5b1b00000,0x000000c5b1c00000] [id=12628]
  0x0000025c508fc010 ConcurrentGCThread "G1 Main Marker" [stack: 0x000000c5b1c00000,0x000000c5b1d00000] [id=2460]
  0x0000025c508fd1c0 ConcurrentGCThread "G1 Conc#0" [stack: 0x000000c5b1d00000,0x000000c5b1e00000] [id=13676]
  0x0000025c5093fde0 ConcurrentGCThread "G1 Refine#0" [stack: 0x000000c5b1e00000,0x000000c5b1f00000] [id=9176]
  0x0000025c50940810 ConcurrentGCThread "G1 Service" [stack: 0x000000c5b1f00000,0x000000c5b2000000] [id=9828]

Threads with active compile tasks:
C1 CompilerThread0     1243  667       3       java.net.URLStreamHandler::setURL (73 bytes)

VM state: not at safepoint (normal execution)

VM Mutex/Monitor currently owned by a thread:  ([mutex/lock_event])
[0x0000025c5087bb60] Metaspace_lock - owner thread: 0x0000025c6dd06460
[0x0000025c508a9090] MethodData_lock - owner thread: 0x0000025c6dd17470

Heap address: 0x00000000c1600000, size: 1002 MB, Compressed Oops mode: 32-bit

CDS archive(s) mapped at: [0x0000000800000000-0x0000000800c00000-0x0000000800c00000), size 12582912, SharedBaseAddress: 0x0000000800000000, ArchiveRelocationMode: 0.
Compressed class space mapped at: 0x0000000801000000-0x0000000841000000, reserved size: 1073741824
Narrow klass base: 0x0000000800000000, Narrow klass shift: 0, Narrow klass range: 0x100000000

GC Precious Log:
 CPUs: 4 total, 4 available
 Memory: 4000M
 Large Page Support: Disabled
 NUMA Support: Disabled
 Compressed Oops: Enabled (32-bit)
 Heap Region Size: 1M
 Heap Min Capacity: 8M
 Heap Initial Capacity: 64M
 Heap Max Capacity: 1002M
 Pre-touch: Disabled
 Parallel Workers: 4
 Concurrent Workers: 1
 Concurrent Refinement Workers: 4
 Periodic GC: Disabled

Heap:
 garbage-first heap   total 65536K, used 9216K [0x00000000c1600000, 0x0000000100000000)
  region size 1024K, 10 young (10240K), 0 survivors (0K)
 Metaspace       used 2519K, committed 2560K, reserved 1114112K
  class space    used 232K, committed 256K, reserved 1048576K

Heap Regions: E=young(eden), S=young(survivor), O=old, HS=humongous(starts), HC=humongous(continues), CS=collection set, F=free, OA=open archive, CA=closed archive, TAMS=top-at-mark-start (previous, next)
|   0|0x00000000c1600000, 0x00000000c1700000, 0x00000000c1700000|100%|HS|  |TAMS 0x00000000c1600000, 0x00000000c1600000| Complete 
|   1|0x00000000c1700000, 0x00000000c1700000, 0x00000000c1800000|  0%| F|  |TAMS 0x00000000c1700000, 0x00000000c1700000| Untracked 
|   2|0x00000000c1800000, 0x00000000c1800000, 0x00000000c1900000|  0%| F|  |TAMS 0x00000000c1800000, 0x00000000c1800000| Untracked 
|   3|0x00000000c1900000, 0x00000000c1900000, 0x00000000c1a00000|  0%| F|  |TAMS 0x00000000c1900000, 0x00000000c1900000| Untracked 
|   4|0x00000000c1a00000, 0x00000000c1a00000, 0x00000000c1b00000|  0%| F|  |TAMS 0x00000000c1a00000, 0x00000000c1a00000| Untracked 
|   5|0x00000000c1b00000, 0x00000000c1b00000, 0x00000000c1c00000|  0%| F|  |TAMS 0x00000000c1b00000, 0x00000000c1b00000| Untracked 
|   6|0x00000000c1c00000, 0x00000000c1c00000, 0x00000000c1d00000|  0%| F|  |TAMS 0x00000000c1c00000, 0x00000000c1c00000| Untracked 
|   7|0x00000000c1d00000, 0x00000000c1d00000, 0x00000000c1e00000|  0%| F|  |TAMS 0x00000000c1d00000, 0x00000000c1d00000| Untracked 
|   8|0x00000000c1e00000, 0x00000000c1e00000, 0x00000000c1f00000|  0%| F|  |TAMS 0x00000000c1e00000, 0x00000000c1e00000| Untracked 
|   9|0x00000000c1f00000, 0x00000000c1f00000, 0x00000000c2000000|  0%| F|  |TAMS 0x00000000c1f00000, 0x00000000c1f00000| Untracked 
|  10|0x00000000c2000000, 0x00000000c2000000, 0x00000000c2100000|  0%| F|  |TAMS 0x00000000c2000000, 0x00000000c2000000| Untracked 
|  11|0x00000000c2100000, 0x00000000c2100000, 0x00000000c2200000|  0%| F|  |TAMS 0x00000000c2100000, 0x00000000c2100000| Untracked 
|  12|0x00000000c2200000, 0x00000000c2200000, 0x00000000c2300000|  0%| F|  |TAMS 0x00000000c2200000, 0x00000000c2200000| Untracked 
|  13|0x00000000c2300000, 0x00000000c2300000, 0x00000000c2400000|  0%| F|  |TAMS 0x00000000c2300000, 0x00000000c2300000| Untracked 
|  14|0x00000000c2400000, 0x00000000c2400000, 0x00000000c2500000|  0%| F|  |TAMS 0x00000000c2400000, 0x00000000c2400000| Untracked 
|  15|0x00000000c2500000, 0x00000000c2500000, 0x00000000c2600000|  0%| F|  |TAMS 0x00000000c2500000, 0x00000000c2500000| Untracked 
|  16|0x00000000c2600000, 0x00000000c2600000, 0x00000000c2700000|  0%| F|  |TAMS 0x00000000c2600000, 0x00000000c2600000| Untracked 
|  17|0x00000000c2700000, 0x00000000c2700000, 0x00000000c2800000|  0%| F|  |TAMS 0x00000000c2700000, 0x00000000c2700000| Untracked 
|  18|0x00000000c2800000, 0x00000000c2800000, 0x00000000c2900000|  0%| F|  |TAMS 0x00000000c2800000, 0x00000000c2800000| Untracked 
|  19|0x00000000c2900000, 0x00000000c2900000, 0x00000000c2a00000|  0%| F|  |TAMS 0x00000000c2900000, 0x00000000c2900000| Untracked 
|  20|0x00000000c2a00000, 0x00000000c2a00000, 0x00000000c2b00000|  0%| F|  |TAMS 0x00000000c2a00000, 0x00000000c2a00000| Untracked 
|  21|0x00000000c2b00000, 0x00000000c2b00000, 0x00000000c2c00000|  0%| F|  |TAMS 0x00000000c2b00000, 0x00000000c2b00000| Untracked 
|  22|0x00000000c2c00000, 0x00000000c2c00000, 0x00000000c2d00000|  0%| F|  |TAMS 0x00000000c2c00000, 0x00000000c2c00000| Untracked 
|  23|0x00000000c2d00000, 0x00000000c2d00000, 0x00000000c2e00000|  0%| F|  |TAMS 0x00000000c2d00000, 0x00000000c2d00000| Untracked 
|  24|0x00000000c2e00000, 0x00000000c2e00000, 0x00000000c2f00000|  0%| F|  |TAMS 0x00000000c2e00000, 0x00000000c2e00000| Untracked 
|  25|0x00000000c2f00000, 0x00000000c2f00000, 0x00000000c3000000|  0%| F|  |TAMS 0x00000000c2f00000, 0x00000000c2f00000| Untracked 
|  26|0x00000000c3000000, 0x00000000c3000000, 0x00000000c3100000|  0%| F|  |TAMS 0x00000000c3000000, 0x00000000c3000000| Untracked 
|  27|0x00000000c3100000, 0x00000000c3100000, 0x00000000c3200000|  0%| F|  |TAMS 0x00000000c3100000, 0x00000000c3100000| Untracked 
|  28|0x00000000c3200000, 0x00000000c3200000, 0x00000000c3300000|  0%| F|  |TAMS 0x00000000c3200000, 0x00000000c3200000| Untracked 
|  29|0x00000000c3300000, 0x00000000c3300000, 0x00000000c3400000|  0%| F|  |TAMS 0x00000000c3300000, 0x00000000c3300000| Untracked 
|  30|0x00000000c3400000, 0x00000000c3400000, 0x00000000c3500000|  0%| F|  |TAMS 0x00000000c3400000, 0x00000000c3400000| Untracked 
|  31|0x00000000c3500000, 0x00000000c3500000, 0x00000000c3600000|  0%| F|  |TAMS 0x00000000c3500000, 0x00000000c3500000| Untracked 
|  32|0x00000000c3600000, 0x00000000c3600000, 0x00000000c3700000|  0%| F|  |TAMS 0x00000000c3600000, 0x00000000c3600000| Untracked 
|  33|0x00000000c3700000, 0x00000000c3700000, 0x00000000c3800000|  0%| F|  |TAMS 0x00000000c3700000, 0x00000000c3700000| Untracked 
|  34|0x00000000c3800000, 0x00000000c3800000, 0x00000000c3900000|  0%| F|  |TAMS 0x00000000c3800000, 0x00000000c3800000| Untracked 
|  35|0x00000000c3900000, 0x00000000c3900000, 0x00000000c3a00000|  0%| F|  |TAMS 0x00000000c3900000, 0x00000000c3900000| Untracked 
|  36|0x00000000c3a00000, 0x00000000c3a00000, 0x00000000c3b00000|  0%| F|  |TAMS 0x00000000c3a00000, 0x00000000c3a00000| Untracked 
|  37|0x00000000c3b00000, 0x00000000c3b00000, 0x00000000c3c00000|  0%| F|  |TAMS 0x00000000c3b00000, 0x00000000c3b00000| Untracked 
|  38|0x00000000c3c00000, 0x00000000c3c00000, 0x00000000c3d00000|  0%| F|  |TAMS 0x00000000c3c00000, 0x00000000c3c00000| Untracked 
|  39|0x00000000c3d00000, 0x00000000c3d00000, 0x00000000c3e00000|  0%| F|  |TAMS 0x00000000c3d00000, 0x00000000c3d00000| Untracked 
|  40|0x00000000c3e00000, 0x00000000c3e00000, 0x00000000c3f00000|  0%| F|  |TAMS 0x00000000c3e00000, 0x00000000c3e00000| Untracked 
|  41|0x00000000c3f00000, 0x00000000c3f00000, 0x00000000c4000000|  0%| F|  |TAMS 0x00000000c3f00000, 0x00000000c3f00000| Untracked 
|  42|0x00000000c4000000, 0x00000000c4000000, 0x00000000c4100000|  0%| F|  |TAMS 0x00000000c4000000, 0x00000000c4000000| Untracked 
|  43|0x00000000c4100000, 0x00000000c4100000, 0x00000000c4200000|  0%| F|  |TAMS 0x00000000c4100000, 0x00000000c4100000| Untracked 
|  44|0x00000000c4200000, 0x00000000c4200000, 0x00000000c4300000|  0%| F|  |TAMS 0x00000000c4200000, 0x00000000c4200000| Untracked 
|  45|0x00000000c4300000, 0x00000000c4300000, 0x00000000c4400000|  0%| F|  |TAMS 0x00000000c4300000, 0x00000000c4300000| Untracked 
|  46|0x00000000c4400000, 0x00000000c4400000, 0x00000000c4500000|  0%| F|  |TAMS 0x00000000c4400000, 0x00000000c4400000| Untracked 
|  47|0x00000000c4500000, 0x00000000c4500000, 0x00000000c4600000|  0%| F|  |TAMS 0x00000000c4500000, 0x00000000c4500000| Untracked 
|  48|0x00000000c4600000, 0x00000000c4600000, 0x00000000c4700000|  0%| F|  |TAMS 0x00000000c4600000, 0x00000000c4600000| Untracked 
|  49|0x00000000c4700000, 0x00000000c4700000, 0x00000000c4800000|  0%| F|  |TAMS 0x00000000c4700000, 0x00000000c4700000| Untracked 
|  50|0x00000000c4800000, 0x00000000c4800000, 0x00000000c4900000|  0%| F|  |TAMS 0x00000000c4800000, 0x00000000c4800000| Untracked 
|  51|0x00000000c4900000, 0x00000000c4900000, 0x00000000c4a00000|  0%| F|  |TAMS 0x00000000c4900000, 0x00000000c4900000| Untracked 
|  52|0x00000000c4a00000, 0x00000000c4a00000, 0x00000000c4b00000|  0%| F|  |TAMS 0x00000000c4a00000, 0x00000000c4a00000| Untracked 
|  53|0x00000000c4b00000, 0x00000000c4b00000, 0x00000000c4c00000|  0%| F|  |TAMS 0x00000000c4b00000, 0x00000000c4b00000| Untracked 
|  54|0x00000000c4c00000, 0x00000000c4d00000, 0x00000000c4d00000|100%| E|  |TAMS 0x00000000c4c00000, 0x00000000c4c00000| Complete 
|  55|0x00000000c4d00000, 0x00000000c4e00000, 0x00000000c4e00000|100%| E|CS|TAMS 0x00000000c4d00000, 0x00000000c4d00000| Complete 
|  56|0x00000000c4e00000, 0x00000000c4f00000, 0x00000000c4f00000|100%| E|CS|TAMS 0x00000000c4e00000, 0x00000000c4e00000| Complete 
|  57|0x00000000c4f00000, 0x00000000c5000000, 0x00000000c5000000|100%| E|CS|TAMS 0x00000000c4f00000, 0x00000000c4f00000| Complete 
|  58|0x00000000c5000000, 0x00000000c5100000, 0x00000000c5100000|100%| E|CS|TAMS 0x00000000c5000000, 0x00000000c5000000| Complete 
|  59|0x00000000c5100000, 0x00000000c5200000, 0x00000000c5200000|100%| E|CS|TAMS 0x00000000c5100000, 0x00000000c5100000| Complete 
|  60|0x00000000c5200000, 0x00000000c52ffbb8, 0x00000000c5300000| 99%| E|  |TAMS 0x00000000c5200000, 0x00000000c5200000| Complete 
|  61|0x00000000c5300000, 0x00000000c5400000, 0x00000000c5400000|100%| E|CS|TAMS 0x00000000c5300000, 0x00000000c5300000| Complete 
|  62|0x00000000c5400000, 0x00000000c5500000, 0x00000000c5500000|100%| E|CS|TAMS 0x00000000c5400000, 0x00000000c5400000| Complete 
|  63|0x00000000c5500000, 0x00000000c5600000, 0x00000000c5600000|100%| E|CS|TAMS 0x00000000c5500000, 0x00000000c5500000| Complete 

Card table byte_map: [0x0000025c69440000,0x0000025c69640000] _byte_map_base: 0x0000025c68e35000

Marking Bits (Prev, Next): (CMBitMap*) 0x0000025c508f39a0, (CMBitMap*) 0x0000025c508f39e0
 Prev Bits: [0x0000025c69840000, 0x0000025c6a7e8000)
 Next Bits: [0x0000025c6a7f0000, 0x0000025c6b798000)

Polling page: 0x0000025c50700000

Metaspace:

Usage:
  Non-class:      2.23 MB used.
      Class:    232.21 KB used.
       Both:      2.46 MB used.

Virtual space:
  Non-class space:       64.00 MB reserved,       2.25 MB (  4%) committed,  1 nodes.
      Class space:        1.00 GB reserved,     256.00 KB ( <1%) committed,  1 nodes.
             Both:        1.06 GB reserved,       2.50 MB ( <1%) committed. 

Chunk freelists:
   Non-Class:  11.25 MB
       Class:  15.63 MB
        Both:  26.88 MB

MaxMetaspaceSize: unlimited
CompressedClassSpaceSize: 1.00 GB
Initial GC threshold: 21.00 MB
Current GC threshold: 21.00 MB
CDS: on
MetaspaceReclaimPolicy: balanced
 - commit_granule_bytes: 65536.
 - commit_granule_words: 8192.
 - virtual_space_node_default_size: 8388608.
 - enlarge_chunks_in_place: 1.
 - new_chunks_are_fully_committed: 0.
 - uncommit_free_chunks: 1.
 - use_allocation_guard: 0.
 - handle_deallocations: 1.


Internal statistics:

num_allocs_failed_limit: 0.
num_arena_births: 50.
num_arena_deaths: 0.
num_vsnodes_births: 2.
num_vsnodes_deaths: 0.
num_space_committed: 40.
num_space_uncommitted: 0.
num_chunks_returned_to_freelist: 0.
num_chunks_taken_from_freelist: 97.
num_chunk_merges: 0.
num_chunk_splits: 59.
num_chunks_enlarged: 41.
num_inconsistent_stats: 0.

CodeHeap 'non-profiled nmethods': size=120000Kb used=199Kb max_used=199Kb free=119800Kb
 bounds [0x0000025c616f0000, 0x0000025c61960000, 0x0000025c68c20000]
CodeHeap 'profiled nmethods': size=120000Kb used=1114Kb max_used=1114Kb free=118885Kb
 bounds [0x0000025c59c20000, 0x0000025c59e90000, 0x0000025c61150000]
CodeHeap 'non-nmethods': size=5760Kb used=1139Kb max_used=1152Kb free=4620Kb
 bounds [0x0000025c61150000, 0x0000025c613c0000, 0x0000025c616f0000]
 total_blobs=1091 nmethods=666 adapters=338
 compilation: enabled
              stopped_count=0, restarted_count=0
 full_count=0

Compilation events (20 events):
Event: 1.103 Thread 0x0000025c6dd17470 nmethod 651 0x0000025c61720910 code [0x0000025c61720aa0, 0x0000025c61720b78]
Event: 1.103 Thread 0x0000025c6dd17470  652       1       java.util.zip.ZipEntry::getCrc (5 bytes)
Event: 1.103 Thread 0x0000025c6dd17470 nmethod 652 0x0000025c61720c10 code [0x0000025c61720da0, 0x0000025c61720e78]
Event: 1.106 Thread 0x0000025c6dd17470  653       3       java.util.ArrayList$Itr::hasNext (20 bytes)
Event: 1.106 Thread 0x0000025c6dd17470 nmethod 653 0x0000025c59d2f690 code [0x0000025c59d2f820, 0x0000025c59d2f998]
Event: 1.107 Thread 0x0000025c6dd094a0 nmethod 644 0x0000025c61720f10 code [0x0000025c617210a0, 0x0000025c617214f8]
Event: 1.115 Thread 0x0000025c6dd17470  654       3       java.util.jar.JarFile::getVersionedEntry (133 bytes)
Event: 1.117 Thread 0x0000025c6dd17470 nmethod 654 0x0000025c59d2fa90 code [0x0000025c59d2fd60, 0x0000025c59d30b38]
Event: 1.127 Thread 0x0000025c6dd17470  655       3       java.net.URL::getDefaultPort (8 bytes)
Event: 1.127 Thread 0x0000025c6dd17470 nmethod 655 0x0000025c59d31110 code [0x0000025c59d312a0, 0x0000025c59d31498]
Event: 1.127 Thread 0x0000025c6dd17470  656       3       java.util.HexFormat::withUpperCase (23 bytes)
Event: 1.128 Thread 0x0000025c6dd17470 nmethod 656 0x0000025c59d31590 code [0x0000025c59d31740, 0x0000025c59d31908]
Event: 1.132 Thread 0x0000025c6dd17470  657       3       java.lang.ClassLoader::getClassLoadingLock (35 bytes)
Event: 1.133 Thread 0x0000025c6dd17470 nmethod 657 0x0000025c59d31a10 code [0x0000025c59d31bc0, 0x0000025c59d31ec8]
Event: 1.133 Thread 0x0000025c6dd17470  658       3       java.lang.ClassLoader::findLoadedClass (15 bytes)
Event: 1.133 Thread 0x0000025c6dd17470 nmethod 658 0x0000025c59d32010 code [0x0000025c59d321c0, 0x0000025c59d323b8]
Event: 1.133 Thread 0x0000025c6dd17470  660       3       jdk.internal.loader.BuiltinClassLoader::findLoadedModule (33 bytes)
Event: 1.134 Thread 0x0000025c6dd17470 nmethod 660 0x0000025c59d32490 code [0x0000025c59d326a0, 0x0000025c59d32cf8]
Event: 1.135 Thread 0x0000025c6dd17470  661   !   3       jdk.internal.loader.BuiltinClassLoader::loadClassOrNull (143 bytes)
Event: 1.138 Thread 0x0000025c6dd094a0  668       4       java.util.zip.ZipFile::ensureOpen (40 bytes)

GC Heap History (0 events):
No events

Dll operation events (6 events):
Event: 0.022 Loaded shared library C:\Program Files\Java\zulu17.42.19-ca-jdk17.0.7-win_x64\bin\java.dll
Event: 0.045 Loaded shared library C:\Program Files\Java\zulu17.42.19-ca-jdk17.0.7-win_x64\bin\jsvml.dll
Event: 0.314 Loaded shared library C:\Program Files\Java\zulu17.42.19-ca-jdk17.0.7-win_x64\bin\net.dll
Event: 0.320 Loaded shared library C:\Program Files\Java\zulu17.42.19-ca-jdk17.0.7-win_x64\bin\nio.dll
Event: 0.327 Loaded shared library C:\Program Files\Java\zulu17.42.19-ca-jdk17.0.7-win_x64\bin\zip.dll
Event: 0.620 Loaded shared library C:\Program Files\Java\zulu17.42.19-ca-jdk17.0.7-win_x64\bin\jimage.dll

Deoptimization events (20 events):
Event: 0.426 Thread 0x0000025c508acea0 DEOPT PACKING pc=0x0000025c59c2a867 sp=0x000000c5b1afda40
Event: 0.426 Thread 0x0000025c508acea0 DEOPT UNPACKING pc=0x0000025c611a7143 sp=0x000000c5b1afce60 mode 0
Event: 0.678 Thread 0x0000025c508acea0 Uncommon trap: trap_request=0xffffff45 fr.pc=0x0000025c61706b14 relative=0x0000000000000454
Event: 0.678 Thread 0x0000025c508acea0 Uncommon trap: reason=unstable_if action=reinterpret pc=0x0000025c61706b14 method=java.util.jar.Manifest$FastInputStream.readLine([BII)I @ 106 c2
Event: 0.678 Thread 0x0000025c508acea0 DEOPT PACKING pc=0x0000025c61706b14 sp=0x000000c5b1afd850
Event: 0.679 Thread 0x0000025c508acea0 DEOPT UNPACKING pc=0x0000025c611a69a3 sp=0x000000c5b1afd7e0 mode 2
Event: 0.693 Thread 0x0000025c508acea0 Uncommon trap: trap_request=0xffffff45 fr.pc=0x0000025c616f99e4 relative=0x0000000000000064
Event: 0.693 Thread 0x0000025c508acea0 Uncommon trap: reason=unstable_if action=reinterpret pc=0x0000025c616f99e4 method=java.io.WinNTFileSystem.isSlash(C)Z @ 9 c2
Event: 0.693 Thread 0x0000025c508acea0 DEOPT PACKING pc=0x0000025c616f99e4 sp=0x000000c5b1afde30
Event: 0.693 Thread 0x0000025c508acea0 DEOPT UNPACKING pc=0x0000025c611a69a3 sp=0x000000c5b1afddb8 mode 2
Event: 0.697 Thread 0x0000025c508acea0 DEOPT PACKING pc=0x0000025c59c58bfc sp=0x000000c5b1afd230
Event: 0.697 Thread 0x0000025c508acea0 DEOPT UNPACKING pc=0x0000025c611a7143 sp=0x000000c5b1afc6e0 mode 0
Event: 0.700 Thread 0x0000025c508acea0 DEOPT PACKING pc=0x0000025c59c491d6 sp=0x000000c5b1af9ac0
Event: 0.700 Thread 0x0000025c508acea0 DEOPT UNPACKING pc=0x0000025c611a7143 sp=0x000000c5b1af8f60 mode 0
Event: 0.833 Thread 0x0000025c508acea0 Uncommon trap: trap_request=0xffffff45 fr.pc=0x0000025c6170d47c relative=0x000000000000025c
Event: 0.833 Thread 0x0000025c508acea0 Uncommon trap: reason=unstable_if action=reinterpret pc=0x0000025c6170d47c method=java.io.BufferedReader.read()I @ 19 c2
Event: 0.833 Thread 0x0000025c508acea0 DEOPT PACKING pc=0x0000025c6170d47c sp=0x000000c5b1afce80
Event: 0.833 Thread 0x0000025c508acea0 DEOPT UNPACKING pc=0x0000025c611a69a3 sp=0x000000c5b1afcdc0 mode 2
Event: 0.846 Thread 0x0000025c508acea0 DEOPT PACKING pc=0x0000025c59c61165 sp=0x000000c5b1afdc40
Event: 0.846 Thread 0x0000025c508acea0 DEOPT UNPACKING pc=0x0000025c611a7143 sp=0x000000c5b1afd090 mode 0

Classes unloaded (0 events):
No events

Classes redefined (0 events):
No events

Internal exceptions (4 events):
Event: 0.826 Thread 0x0000025c508acea0 Exception <a 'java/lang/ClassNotFoundException'{0x00000000c4e463c8}: javax/smartcardio/CardPermission> (0x00000000c4e463c8) 
thrown [s\src\hotspot\share\classfile\systemDictionary.cpp, line 259]
Event: 0.837 Thread 0x0000025c508acea0 Exception <a 'java/io/FileNotFoundException'{0x00000000c4e55eb0}> (0x00000000c4e55eb0) 
thrown [s\src\hotspot\share\prims\jni.cpp, line 516]
Event: 0.927 Thread 0x0000025c508acea0 Exception <a 'java/lang/NoSuchMethodError'{0x00000000c4ec2cd8}: 'java.lang.Object java.lang.invoke.DirectMethodHandle$Holder.invokeSpecial(java.lang.Object, java.lang.Object, java.lang.Object, long, java.lang.Object)'> (0x00000000c4ec2cd8) 
thrown [s\src\hotspot\share\interpreter\linkResolver.cpp, line 759]
Event: 0.928 Thread 0x0000025c508acea0 Exception <a 'java/lang/NoSuchMethodError'{0x00000000c4ec6978}: 'java.lang.Object java.lang.invoke.Invokers$Holder.linkToTargetMethod(java.lang.Object, long, java.lang.Object, java.lang.Object)'> (0x00000000c4ec6978) 
thrown [s\src\hotspot\share\interpreter\linkResolver.cpp, line 759]

VM Operations (4 events):
Event: 0.366 Executing VM operation: HandshakeAllThreads
Event: 0.366 Executing VM operation: HandshakeAllThreads done
Event: 0.693 Executing VM operation: HandshakeAllThreads
Event: 0.693 Executing VM operation: HandshakeAllThreads done

Events (20 events):
Event: 1.089 loading class java/lang/NumberFormatException done
Event: 1.117 loading class java/util/EventListener
Event: 1.117 loading class java/util/EventListener done
Event: 1.117 loading class java/lang/InterruptedException
Event: 1.118 loading class java/lang/InterruptedException done
Event: 1.118 loading class java/util/concurrent/TimeoutException
Event: 1.118 loading class java/util/concurrent/TimeoutException done
Event: 1.132 loading class jdk/internal/agent/Agent
Event: 1.133 loading class jdk/internal/agent/Agent done
Event: 1.133 loading class sun/management/jmxremote/ConnectorBootstrap
Event: 1.134 loading class sun/management/jmxremote/ConnectorBootstrap done
Event: 1.134 loading class jdk/internal/logger/LazyLoggers
Event: 1.135 loading class jdk/internal/logger/LazyLoggers done
Event: 1.135 loading class jdk/internal/logger/LazyLoggers$1
Event: 1.135 loading class jdk/internal/logger/LazyLoggers$1 done
Event: 1.135 loading class jdk/internal/logger/LazyLoggers$LazyLoggerFactories
Event: 1.135 loading class jdk/internal/logger/LazyLoggers$LazyLoggerFactories done
Event: 1.137 loading class jdk/internal/logger/LazyLoggers$JdkLazyLogger
Event: 1.137 loading class jdk/internal/logger/LazyLoggers$LazyLoggerWrapper
Event: 1.137 loading class jdk/internal/logger/AbstractLoggerWrapper


Dynamic libraries:
0x00007ff698e30000 - 0x00007ff698e3e000 	C:\Program Files\Java\zulu17.42.19-ca-jdk17.0.7-win_x64\bin\java.exe
0x00007ffffb330000 - 0x00007ffffb527000 	C:\Windows\SYSTEM32\ntdll.dll
0x00007ffff9d80000 - 0x00007ffff9e3d000 	C:\Windows\System32\KERNEL32.DLL
0x00007ffff8de0000 - 0x00007ffff90d6000 	C:\Windows\System32\KERNELBASE.dll
0x00007ffff8ce0000 - 0x00007ffff8de0000 	C:\Windows\System32\ucrtbase.dll
0x00007fffe3a40000 - 0x00007fffe3a5b000 	C:\Program Files\Java\zulu17.42.19-ca-jdk17.0.7-win_x64\bin\VCRUNTIME140.dll
0x00007fffe2930000 - 0x00007fffe2949000 	C:\Program Files\Java\zulu17.42.19-ca-jdk17.0.7-win_x64\bin\jli.dll
0x00007ffff9e40000 - 0x00007ffff9fde000 	C:\Windows\System32\USER32.dll
0x00007ffff90e0000 - 0x00007ffff9102000 	C:\Windows\System32\win32u.dll
0x00007ffff9c80000 - 0x00007ffff9cac000 	C:\Windows\System32\GDI32.dll
0x00007ffff9270000 - 0x00007ffff938a000 	C:\Windows\System32\gdi32full.dll
0x00007ffff8af0000 - 0x00007ffff8b8d000 	C:\Windows\System32\msvcp_win.dll
0x00007fffed050000 - 0x00007fffed2ea000 	C:\Windows\WinSxS\amd64_microsoft.windows.common-controls_6595b64144ccf1df_6.0.19041.3570_none_60bb2a3971f3e41a\COMCTL32.dll
0x00007ffffa970000 - 0x00007ffffaa0e000 	C:\Windows\System32\msvcrt.dll
0x00007ffff9390000 - 0x00007ffff93c0000 	C:\Windows\System32\IMM32.DLL
0x00007ffff0a80000 - 0x00007ffff0a8c000 	C:\Program Files\Java\zulu17.42.19-ca-jdk17.0.7-win_x64\bin\vcruntime140_1.dll
0x00007fffdc970000 - 0x00007fffdc9fd000 	C:\Program Files\Java\zulu17.42.19-ca-jdk17.0.7-win_x64\bin\msvcp140.dll
0x00007fff7a9c0000 - 0x00007fff7b625000 	C:\Program Files\Java\zulu17.42.19-ca-jdk17.0.7-win_x64\bin\server\jvm.dll
0x00007ffff9a50000 - 0x00007ffff9afe000 	C:\Windows\System32\ADVAPI32.dll
0x00007ffff99b0000 - 0x00007ffff9a4c000 	C:\Windows\System32\sechost.dll
0x00007ffff9740000 - 0x00007ffff9866000 	C:\Windows\System32\RPCRT4.dll
0x00007fffebbe0000 - 0x00007fffebbe9000 	C:\Windows\SYSTEM32\WSOCK32.dll
0x00007fffeda00000 - 0x00007fffeda27000 	C:\Windows\SYSTEM32\WINMM.dll
0x00007ffff9d10000 - 0x00007ffff9d7b000 	C:\Windows\System32\WS2_32.dll
0x00007ffff4c10000 - 0x00007ffff4c1a000 	C:\Windows\SYSTEM32\VERSION.dll
0x00007ffff68b0000 - 0x00007ffff68c2000 	C:\Windows\SYSTEM32\kernel.appcore.dll
0x00007ffff0970000 - 0x00007ffff097a000 	C:\Program Files\Java\zulu17.42.19-ca-jdk17.0.7-win_x64\bin\jimage.dll
0x00007fffefa70000 - 0x00007fffefc54000 	C:\Windows\SYSTEM32\DBGHELP.DLL
0x00007fffefa30000 - 0x00007fffefa64000 	C:\Windows\SYSTEM32\dbgcore.DLL
0x00007ffff8c00000 - 0x00007ffff8c82000 	C:\Windows\System32\bcryptPrimitives.dll
0x00007fffe1320000 - 0x00007fffe1345000 	C:\Program Files\Java\zulu17.42.19-ca-jdk17.0.7-win_x64\bin\java.dll
0x00007fffd2d00000 - 0x00007fffd2dd7000 	C:\Program Files\Java\zulu17.42.19-ca-jdk17.0.7-win_x64\bin\jsvml.dll
0x00007ffff9fe0000 - 0x00007ffffa724000 	C:\Windows\System32\SHELL32.dll
0x00007ffff6ab0000 - 0x00007ffff724b000 	C:\Windows\SYSTEM32\windows.storage.dll
0x00007ffffae80000 - 0x00007ffffb1d4000 	C:\Windows\System32\combase.dll
0x00007ffff8450000 - 0x00007ffff847d000 	C:\Windows\SYSTEM32\Wldp.dll
0x00007ffff9b00000 - 0x00007ffff9bad000 	C:\Windows\System32\SHCORE.dll
0x00007ffff95c0000 - 0x00007ffff9615000 	C:\Windows\System32\shlwapi.dll
0x00007ffff8940000 - 0x00007ffff8965000 	C:\Windows\SYSTEM32\profapi.dll
0x00007fffe28a0000 - 0x00007fffe28b9000 	C:\Program Files\Java\zulu17.42.19-ca-jdk17.0.7-win_x64\bin\net.dll
0x00007ffff00f0000 - 0x00007ffff01fa000 	C:\Windows\SYSTEM32\WINHTTP.dll
0x00007ffff81b0000 - 0x00007ffff821a000 	C:\Windows\system32\mswsock.dll
0x00007fffe0d70000 - 0x00007fffe0d86000 	C:\Program Files\Java\zulu17.42.19-ca-jdk17.0.7-win_x64\bin\nio.dll
0x00007fffdec60000 - 0x00007fffdec78000 	C:\Program Files\Java\zulu17.42.19-ca-jdk17.0.7-win_x64\bin\zip.dll

dbghelp: loaded successfully - version: 4.0.5 - missing functions: none
symbol engine: initialized successfully - sym options: 0x614 - pdb path: .;C:\Program Files\Java\zulu17.42.19-ca-jdk17.0.7-win_x64\bin;C:\Windows\SYSTEM32;C:\Windows\WinSxS\amd64_microsoft.windows.common-controls_6595b64144ccf1df_6.0.19041.3570_none_60bb2a3971f3e41a;C:\Program Files\Java\zulu17.42.19-ca-jdk17.0.7-win_x64\bin\server

VM Arguments:
jvm_args: -XX:+ShowCodeDetailsInExceptionMessages -Dspring.jmx.enabled=true -Dmanagement.endpoints.jmx.exposure.include=* -Dspring.application.admin.enabled=true -Dspring.boot.project.name=todolist -Djava.rmi.server.hostname=localhost 
java_command: br.com.katiasouza.todolist.TodolistApplication
java_class_path (initial): C:\Users\Katia.MAURI플O\Desktop\todolist\target\classes;C:\Users\Katia.MAURI플O\.m2\repository\org\springframework\boot\spring-boot-starter-actuator\3.0.11\spring-boot-starter-actuator-3.0.11.jar;C:\Users\Katia.MAURI플O\.m2\repository\org\springframework\boot\spring-boot-starter\3.0.11\spring-boot-starter-3.0.11.jar;C:\Users\Katia.MAURI플O\.m2\repository\org\springframework\boot\spring-boot-starter-logging\3.0.11\spring-boot-starter-logging-3.0.11.jar;C:\Users\Katia.MAURI플O\.m2\repository\ch\qos\logback\logback-classic\1.4.11\logback-classic-1.4.11.jar;C:\Users\Katia.MAURI플O\.m2\repository\ch\qos\logback\logback-core\1.4.11\logback-core-1.4.11.jar;C:\Users\Katia.MAURI플O\.m2\repository\org\apache\logging\log4j\log4j-to-slf4j\2.19.0\log4j-to-slf4j-2.19.0.jar;C:\Users\Katia.MAURI플O\.m2\repository\org\apache\logging\log4j\log4j-api\2.19.0\log4j-api-2.19.0.jar;C:\Users\Katia.MAURI플O\.m2\repository\org\slf4j\jul-to-slf4j\2.0.9\jul-to-slf4j-2.0.9.jar;C:\Users\Katia.MAURI플O\.m2\repository\jakarta\annotation\jakarta.annotation-api\2.1.1\jakarta.annotation-api-2.1.1.jar;C:\Users\Katia.MAURI플O\.m2\repository\org\yaml\snakeyaml\1.33\snakeyaml-1.33.jar;C:\Users\Katia.MAURI플O\.m2\repository\org\springframework\boot\spring-boot-actuator-autoconfigure\3.0.11\spring-boot-actuator-autoconfigure-3.0.11.jar;C:\Users\Katia.MAURI플O\.m2\repository\org\springframework\boot\spring-boot-actuator\3.0.11\spring-boot-actuator-3.0.11.jar;C:\Users\Katia.MAURI플O\.m2\repository\com\fasterxml\jackson\core\jackson-databind\2.14.3\jackson-databind-2.14.3.jar;C:\Users\Katia.MAURI플O\.m2\repository\com\fasterxml\jackson\core\jackson-annotations\2.14.3\jackson-annotations-2.14.3.jar;C:\Users\Katia.MAURI플O\.m2\repository\com\fasterxml\jackson\core\jackson-core\2.14.3\jackson-core-2.14.3.jar;C:\Users\Katia.MAURI플O\.m2\repository\com\fasterxml\jackson\datatype\jackson-datatype-jsr310\2.14.3\jackson-datatype-jsr310-2.14.3.jar;C:\Users\Katia.MAURI플O\.m2\repository\io\
Launcher Type: SUN_STANDARD

[Global flags]
     intx CICompilerCount                          = 3                                         {product} {ergonomic}
     uint ConcGCThreads                            = 1                                         {product} {ergonomic}
     uint G1ConcRefinementThreads                  = 4                                         {product} {ergonomic}
   size_t G1HeapRegionSize                         = 1048576                                   {product} {ergonomic}
    uintx GCDrainStackTargetSize                   = 64                                        {product} {ergonomic}
   size_t InitialHeapSize                          = 67108864                                  {product} {ergonomic}
   size_t MarkStackSize                            = 4194304                                   {product} {ergonomic}
   size_t MaxHeapSize                              = 1050673152                                {product} {ergonomic}
   size_t MaxNewSize                               = 630194176                                 {product} {ergonomic}
   size_t MinHeapDeltaBytes                        = 1048576                                   {product} {ergonomic}
   size_t MinHeapSize                              = 8388608                                   {product} {ergonomic}
    uintx NonNMethodCodeHeapSize                   = 5832780                                {pd product} {ergonomic}
    uintx NonProfiledCodeHeapSize                  = 122912730                              {pd product} {ergonomic}
    uintx ProfiledCodeHeapSize                     = 122912730                              {pd product} {ergonomic}
    uintx ReservedCodeCacheSize                    = 251658240                              {pd product} {ergonomic}
     bool SegmentedCodeCache                       = true                                      {product} {ergonomic}
     bool ShowCodeDetailsInExceptionMessages       = true                                   {manageable} {command line}
   size_t SoftMaxHeapSize                          = 1050673152                             {manageable} {ergonomic}
     bool UseCompressedClassPointers               = true                           {product lp64_product} {ergonomic}
     bool UseCompressedOops                        = true                           {product lp64_product} {ergonomic}
     bool UseG1GC                                  = true                                      {product} {ergonomic}
     bool UseLargePagesIndividualAllocation        = false                                  {pd product} {ergonomic}

Logging:
Log output configuration:
 #0: stdout all=warning uptime,level,tags
 #1: stderr all=off uptime,level,tags

Environment Variables:
JAVA_HOME=C:\Program Files\Java\zulu17.42.19-ca-jdk17.0.7-win_x64
PATH=C:\Program Files\Common Files\Oracle\Java\javapath;C:\Program Files\Java\zulu17.42.19-ca-jdk17.0.7-win_x64\bin;C:\Windows\system32;C:\Windows;C:\Windows\System32\Wbem;C:\Windows\System32\WindowsPowerShell\v1.0\;C:\Windows\System32\OpenSSH\;C:\Program Files (x86)\NVIDIA Corporation\PhysX\Common;C:\Program Files\NVIDIA Corporation\NVIDIA NvDLISR;C:\ProgramData\UNIVALI\Portugol Studio;C:\ProgramData\chocolatey\bin;C:\Program Files\nodejs\;C:\maven\bin;C:\Program Files\Git\cmd;C:\Users\Katia.MAURI플O\AppData\Local\Microsoft\WindowsApps;;C:\Users\Katia.MAURI플O\AppData\Local\Programs\Microsoft VS Code\bin;C:\Users\Katia.MAURI플O\AppData\Roaming\npm
USERNAME=Katia
LANG=en_US.UTF-8
OS=Windows_NT
PROCESSOR_IDENTIFIER=Intel64 Family 6 Model 69 Stepping 1, GenuineIntel
TMP=C:\Users\KATIA~1.MAU\AppData\Local\Temp
TEMP=C:\Users\KATIA~1.MAU\AppData\Local\Temp



---------------  S Y S T E M  ---------------

OS:
 Windows 10 , 64 bit Build 19041 (10.0.19041.3570)
OS uptime: 1 days 20:20 hours

CPU: total 4 (initial active 4) (2 cores per cpu, 2 threads per core) family 6 model 69 stepping 1 microcode 0x25, cx8, cmov, fxsr, ht, mmx, sse, sse2, sse3, ssse3, sse4.1, sse4.2, popcnt, lzcnt, tsc, tscinvbit, avx, avx2, aes, erms, clmul, bmi1, bmi2, fma, vzeroupper, clflush

Memory: 4k page, system-wide physical 4000M (463M free)
TotalPageFile size 8000M (AvailPageFile size 0M)
current process WorkingSet (physical memory assigned to process): 53M, peak: 53M
current process commit charge ("private bytes"): 145M, peak: 145M

vm_info: OpenJDK 64-Bit Server VM (17.0.7+7-LTS) for windows-amd64 JRE (17.0.7+7-LTS) (Zulu17.42+19-CA), built on Apr 10 2023 13:02:30 by "zulu_re" with MS VC++ 16.10 / 16.11 (VS2019)

END.
