#
# There is insufficient memory for the Java Runtime Environment to continue.
# Native memory allocation (malloc) failed to allocate 2097152 bytes for AllocateHeap
# Possible reasons:
#   The system is out of physical RAM or swap space
#   The process is running with CompressedOops enabled, and the Java Heap may be blocking the growth of the native heap
# Possible solutions:
#   Reduce memory load on the system
#   Increase physical memory or swap space
#   Check if swap backing store is full
#   Decrease Java heap size (-Xmx/-Xms)
#   Decrease number of Java threads
#   Decrease Java thread stack sizes (-Xss)
#   Set larger code cache with -XX:ReservedCodeCacheSize=
#   JVM is running with Unscaled Compressed Oops mode in which the Java heap is
#     placed in the first 4GB address space. The Java Heap base address is the
#     maximum limit for the native heap growth. Please use -XX:HeapBaseMinAddress
#     to set the Java Heap base and to place the Java Heap above 4GB virtual address.
# This output file may be truncated or incomplete.
#
#  Out of Memory Error (allocation.cpp:44), pid=14944, tid=3852
#
# JRE version: OpenJDK Runtime Environment Zulu17.42+19-CA (17.0.7+7) (build 17.0.7+7-LTS)
# Java VM: OpenJDK 64-Bit Server VM Zulu17.42+19-CA (17.0.7+7-LTS, mixed mode, sharing, tiered, compressed oops, compressed class ptrs, g1 gc, windows-amd64)
# No core dump will be written. Minidumps are not enabled by default on client versions of Windows
#

---------------  S U M M A R Y ------------

Command Line: -XX:+ShowCodeDetailsInExceptionMessages -Dspring.jmx.enabled=true -Dmanagement.endpoints.jmx.exposure.include=* -Dspring.application.admin.enabled=true -Dspring.boot.project.name=todolist -Djava.rmi.server.hostname=localhost br.com.katiasouza.todolist.TodolistApplication

Host: Intel(R) Core(TM) i5-4200U CPU @ 1.60GHz, 4 cores, 3G,  Windows 10 , 64 bit Build 19041 (10.0.19041.3393)
Time: Wed Oct 11 09:34:53 2023 Hora oficial do Brasil elapsed time: 431.819210 seconds (0d 0h 7m 11s)

---------------  T H R E A D  ---------------

Current thread (0x000001b0f5ee34d0):  VMThread "VM Thread" [stack: 0x000000a77a900000,0x000000a77aa00000] [id=3852]

Stack: [0x000000a77a900000,0x000000a77aa00000]
Native frames: (J=compiled Java code, j=interpreted, Vv=VM code, C=native code)
V  [jvm.dll+0x67c77a]
V  [jvm.dll+0x83a0b4]
V  [jvm.dll+0x83b85e]
V  [jvm.dll+0x83bec3]
V  [jvm.dll+0x24a5af]
V  [jvm.dll+0xa69bf]
V  [jvm.dll+0x2fafc1]
V  [jvm.dll+0x2f6c10]
V  [jvm.dll+0x2df2a7]
V  [jvm.dll+0x3221c7]
V  [jvm.dll+0x84039b]
V  [jvm.dll+0x8410d4]
V  [jvm.dll+0x8415ed]
V  [jvm.dll+0x8419c4]
V  [jvm.dll+0x841a90]
V  [jvm.dll+0x7ea73a]
V  [jvm.dll+0x67b5c5]
C  [ucrtbase.dll+0x21bb2]
C  [KERNEL32.DLL+0x17344]
C  [ntdll.dll+0x526b1]

VM_Operation (0x000000a77a0fefe0): G1CollectFull, mode: safepoint, requested by thread 0x000001b09a246eb0


---------------  P R O C E S S  ---------------

Threads class SMR info:
_java_thread_list=0x000001b0998d6f60, length=27, elements={
0x000001b0f5ee8450, 0x000001b0f5ee9980, 0x000001b0932a05c0, 0x000001b0f5efd1d0,
0x000001b0f5efeab0, 0x000001b0932a42d0, 0x000001b0932a8b70, 0x000001b0932af950,
0x000001b0932c0a20, 0x000001b0935275c0, 0x000001b09352c490, 0x000001b098733140,
0x000001b0986b4f60, 0x000001b0986b05e0, 0x000001b09a244120, 0x000001b09a2473c0,
0x000001b099dbb890, 0x000001b099db9f40, 0x000001b099dba450, 0x000001b099dbbda0,
0x000001b099dbf550, 0x000001b099dba960, 0x000001b099dc0480, 0x000001b099dbeb30,
0x000001b099dbff70, 0x000001b099db9010, 0x000001b09a246eb0
}

Java Threads: ( => current thread )
  0x000001b0f5ee8450 JavaThread "Reference Handler" daemon [_thread_blocked, id=9016, stack(0x000000a77aa00000,0x000000a77ab00000)]
  0x000001b0f5ee9980 JavaThread "Finalizer" daemon [_thread_blocked, id=15244, stack(0x000000a77ab00000,0x000000a77ac00000)]
  0x000001b0932a05c0 JavaThread "Signal Dispatcher" daemon [_thread_blocked, id=8956, stack(0x000000a77ac00000,0x000000a77ad00000)]
  0x000001b0f5efd1d0 JavaThread "Attach Listener" daemon [_thread_blocked, id=15004, stack(0x000000a77ad00000,0x000000a77ae00000)]
  0x000001b0f5efeab0 JavaThread "Service Thread" daemon [_thread_blocked, id=15116, stack(0x000000a77ae00000,0x000000a77af00000)]
  0x000001b0932a42d0 JavaThread "Monitor Deflation Thread" daemon [_thread_blocked, id=14644, stack(0x000000a77af00000,0x000000a77b000000)]
  0x000001b0932a8b70 JavaThread "C2 CompilerThread0" daemon [_thread_blocked, id=13044, stack(0x000000a77b000000,0x000000a77b100000)]
  0x000001b0932af950 JavaThread "C1 CompilerThread0" daemon [_thread_blocked, id=2288, stack(0x000000a77b100000,0x000000a77b200000)]
  0x000001b0932c0a20 JavaThread "Sweeper thread" daemon [_thread_blocked, id=13508, stack(0x000000a77b200000,0x000000a77b300000)]
  0x000001b0935275c0 JavaThread "Notification Thread" daemon [_thread_blocked, id=12656, stack(0x000000a77b300000,0x000000a77b400000)]
  0x000001b09352c490 JavaThread "Common-Cleaner" daemon [_thread_blocked, id=9840, stack(0x000000a77b500000,0x000000a77b600000)]
  0x000001b098733140 JavaThread "RMI TCP Accept-0" daemon [_thread_in_native, id=3588, stack(0x000000a77bb00000,0x000000a77bc00000)]
  0x000001b0986b4f60 JavaThread "RMI Scheduler(0)" daemon [_thread_blocked, id=12888, stack(0x000000a77bd00000,0x000000a77be00000)]
  0x000001b0986b05e0 JavaThread "JMX server connection timeout 18" daemon [_thread_blocked, id=3416, stack(0x000000a77be00000,0x000000a77bf00000)]
  0x000001b09a244120 JavaThread "RMI TCP Connection(2)-127.0.0.1" daemon [_thread_in_native, id=15500, stack(0x000000a77c100000,0x000000a77c200000)]
  0x000001b09a2473c0 JavaThread "Live Reload Server" daemon [_thread_in_native, id=16160, stack(0x000000a77ca00000,0x000000a77cb00000)]
  0x000001b099dbb890 JavaThread "DestroyJavaVM" [_thread_blocked, id=10072, stack(0x000000a77a300000,0x000000a77a400000)]
  0x000001b099db9f40 JavaThread "File Watcher" daemon [_thread_blocked, id=15608, stack(0x000000a77ba00000,0x000000a77bb00000)]
  0x000001b099dba450 JavaThread "File Watcher" daemon [_thread_blocked, id=12444, stack(0x000000a77bc00000,0x000000a77bd00000)]
  0x000001b099dbbda0 JavaThread "File Watcher" daemon [_thread_blocked, id=14960, stack(0x000000a77c000000,0x000000a77c100000)]
  0x000001b099dbf550 JavaThread "File Watcher" daemon [_thread_blocked, id=15276, stack(0x000000a77c300000,0x000000a77c400000)]
  0x000001b099dba960 JavaThread "File Watcher" daemon [_thread_blocked, id=7236, stack(0x000000a77c200000,0x000000a77c300000)]
  0x000001b099dc0480 JavaThread "File Watcher" daemon [_thread_blocked, id=15012, stack(0x000000a77c400000,0x000000a77c500000)]
  0x000001b099dbeb30 JavaThread "File Watcher" daemon [_thread_blocked, id=15444, stack(0x000000a77c600000,0x000000a77c700000)]
  0x000001b099dbff70 JavaThread "Catalina-utility-1" [_thread_blocked, id=9392, stack(0x000000a77c900000,0x000000a77ca00000)]
  0x000001b099db9010 JavaThread "Catalina-utility-2" [_thread_blocked, id=14680, stack(0x000000a77cb00000,0x000000a77cc00000)]
  0x000001b09a246eb0 JavaThread "Thread-54" [_thread_blocked, id=14712, stack(0x000000a77a000000,0x000000a77a100000)]

Other Threads:
=>0x000001b0f5ee34d0 VMThread "VM Thread" [stack: 0x000000a77a900000,0x000000a77aa00000] [id=3852]
  0x000001b0f5e86270 WatcherThread [stack: 0x000000a77b400000,0x000000a77b500000] [id=3528]
  0x000001b0f5e73680 GCTaskThread "GC Thread#0" [stack: 0x000000a77a400000,0x000000a77a500000] [id=15284]
  0x000001b098617860 GCTaskThread "GC Thread#1" [stack: 0x000000a77b600000,0x000000a77b700000] [id=14620]
  0x000001b0986246b0 GCTaskThread "GC Thread#2" [stack: 0x000000a77b700000,0x000000a77b800000] [id=15112]
  0x000001b098624970 GCTaskThread "GC Thread#3" [stack: 0x000000a77b800000,0x000000a77b900000] [id=9576]
  0x000001b0f5e7d230 ConcurrentGCThread "G1 Main Marker" [stack: 0x000000a77a500000,0x000000a77a600000] [id=3524]
  0x000001b0f5e7e2f0 ConcurrentGCThread "G1 Conc#0" [stack: 0x000000a77a600000,0x000000a77a700000] [id=14060]
  0x000001b0f5ec2060 ConcurrentGCThread "G1 Refine#0" [stack: 0x000000a77a700000,0x000000a77a800000] [id=8308]
  0x000001b09376d5c0 ConcurrentGCThread "G1 Refine#1" [stack: 0x000000a77b900000,0x000000a77ba00000] [id=8416]
  0x000001b0f5ec29a0 ConcurrentGCThread "G1 Service" [stack: 0x000000a77a800000,0x000000a77a900000] [id=11736]

Threads with active compile tasks:

VM state: at safepoint (normal execution)

VM Mutex/Monitor currently owned by a thread:  ([mutex/lock_event])
[0x000001b0f5e27970] Threads_lock - owner thread: 0x000001b0f5ee34d0
[0x000001b0f5e27b20] Heap_lock - owner thread: 0x000001b09a246eb0

Heap address: 0x00000000c1600000, size: 1002 MB, Compressed Oops mode: 32-bit

CDS archive(s) mapped at: [0x0000000800000000-0x0000000800c00000-0x0000000800c00000), size 12582912, SharedBaseAddress: 0x0000000800000000, ArchiveRelocationMode: 0.
Compressed class space mapped at: 0x0000000801000000-0x0000000841000000, reserved size: 1073741824
Narrow klass base: 0x0000000800000000, Narrow klass shift: 0, Narrow klass range: 0x100000000

GC Precious Log:
 CPUs: 4 total, 4 available
 Memory: 4000M
 Large Page Support: Disabled
 NUMA Support: Disabled
 Compressed Oops: Enabled (32-bit)
 Heap Region Size: 1M
 Heap Min Capacity: 8M
 Heap Initial Capacity: 64M
 Heap Max Capacity: 1002M
 Pre-touch: Disabled
 Parallel Workers: 4
 Concurrent Workers: 1
 Concurrent Refinement Workers: 4
 Periodic GC: Disabled

Heap:
 garbage-first heap   total 135168K, used 76000K [0x00000000c1600000, 0x0000000100000000)
  region size 1024K, 9 young (9216K), 6 survivors (6144K)
 Metaspace       used 73288K, committed 74368K, reserved 1114112K
  class space    used 9315K, committed 9792K, reserved 1048576K

Heap Regions: E=young(eden), S=young(survivor), O=old, HS=humongous(starts), HC=humongous(continues), CS=collection set, F=free, OA=open archive, CA=closed archive, TAMS=top-at-mark-start (previous, next)
|   0|0x00000000c1600000, 0x00000000c1700000, 0x00000000c1700000|100%|HS|  |TAMS 0x00000000c1700000, 0x00000000c1600000| Complete 
|   1|0x00000000c1700000, 0x00000000c17fffe0, 0x00000000c1800000| 99%| O|  |TAMS 0x00000000c17fffe0, 0x00000000c1700000| Untracked 
|   2|0x00000000c1800000, 0x00000000c1900000, 0x00000000c1900000|100%| O|  |TAMS 0x00000000c1900000, 0x00000000c1800000| Untracked 
|   3|0x00000000c1900000, 0x00000000c19fffd0, 0x00000000c1a00000| 99%| O|  |TAMS 0x00000000c19fffd0, 0x00000000c1900000| Untracked 
|   4|0x00000000c1a00000, 0x00000000c1b00000, 0x00000000c1b00000|100%| O|  |TAMS 0x00000000c1b00000, 0x00000000c1a00000| Untracked 
|   5|0x00000000c1b00000, 0x00000000c1c00000, 0x00000000c1c00000|100%| O|  |TAMS 0x00000000c1c00000, 0x00000000c1b00000| Untracked 
|   6|0x00000000c1c00000, 0x00000000c1d00000, 0x00000000c1d00000|100%| O|  |TAMS 0x00000000c1d00000, 0x00000000c1c00000| Untracked 
|   7|0x00000000c1d00000, 0x00000000c1dfffe8, 0x00000000c1e00000| 99%| O|  |TAMS 0x00000000c1dfffe8, 0x00000000c1d00000| Untracked 
|   8|0x00000000c1e00000, 0x00000000c1f00000, 0x00000000c1f00000|100%| O|  |TAMS 0x00000000c1f00000, 0x00000000c1e00000| Untracked 
|   9|0x00000000c1f00000, 0x00000000c1ffffe0, 0x00000000c2000000| 99%| O|  |TAMS 0x00000000c1ffffe0, 0x00000000c1f00000| Untracked 
|  10|0x00000000c2000000, 0x00000000c20fffe0, 0x00000000c2100000| 99%| O|  |TAMS 0x00000000c20fffe0, 0x00000000c2000000| Untracked 
|  11|0x00000000c2100000, 0x00000000c2200000, 0x00000000c2200000|100%| O|  |TAMS 0x00000000c2200000, 0x00000000c2100000| Untracked 
|  12|0x00000000c2200000, 0x00000000c2300000, 0x00000000c2300000|100%| O|  |TAMS 0x00000000c2300000, 0x00000000c2200000| Untracked 
|  13|0x00000000c2300000, 0x00000000c2400000, 0x00000000c2400000|100%| O|  |TAMS 0x00000000c2400000, 0x00000000c2300000| Untracked 
|  14|0x00000000c2400000, 0x00000000c2500000, 0x00000000c2500000|100%| O|  |TAMS 0x00000000c2500000, 0x00000000c2400000| Untracked 
|  15|0x00000000c2500000, 0x00000000c25ffff8, 0x00000000c2600000| 99%| O|  |TAMS 0x00000000c25ffff8, 0x00000000c2500000| Untracked 
|  16|0x00000000c2600000, 0x00000000c26fffa8, 0x00000000c2700000| 99%| O|  |TAMS 0x00000000c26fffa8, 0x00000000c2600000| Untracked 
|  17|0x00000000c2700000, 0x00000000c2800000, 0x00000000c2800000|100%| O|  |TAMS 0x00000000c2800000, 0x00000000c2700000| Untracked 
|  18|0x00000000c2800000, 0x00000000c28fffb0, 0x00000000c2900000| 99%| O|  |TAMS 0x00000000c28fffb0, 0x00000000c2800000| Untracked 
|  19|0x00000000c2900000, 0x00000000c29ffff0, 0x00000000c2a00000| 99%| O|  |TAMS 0x00000000c29ffff0, 0x00000000c2900000| Untracked 
|  20|0x00000000c2a00000, 0x00000000c2affff8, 0x00000000c2b00000| 99%| O|  |TAMS 0x00000000c2affff8, 0x00000000c2a00000| Untracked 
|  21|0x00000000c2b00000, 0x00000000c2c00000, 0x00000000c2c00000|100%| O|  |TAMS 0x00000000c2c00000, 0x00000000c2b00000| Untracked 
|  22|0x00000000c2c00000, 0x00000000c2cfffb8, 0x00000000c2d00000| 99%| O|  |TAMS 0x00000000c2cfffb8, 0x00000000c2c00000| Untracked 
|  23|0x00000000c2d00000, 0x00000000c2dffff0, 0x00000000c2e00000| 99%| O|  |TAMS 0x00000000c2dffff0, 0x00000000c2d00000| Untracked 
|  24|0x00000000c2e00000, 0x00000000c2effff8, 0x00000000c2f00000| 99%| O|  |TAMS 0x00000000c2effff8, 0x00000000c2e00000| Untracked 
|  25|0x00000000c2f00000, 0x00000000c2ffeca0, 0x00000000c3000000| 99%| O|  |TAMS 0x00000000c2ffeca0, 0x00000000c2f00000| Untracked 
|  26|0x00000000c3000000, 0x00000000c3100000, 0x00000000c3100000|100%| O|  |TAMS 0x00000000c3100000, 0x00000000c3000000| Untracked 
|  27|0x00000000c3100000, 0x00000000c31ffff8, 0x00000000c3200000| 99%| O|  |TAMS 0x00000000c31ffff8, 0x00000000c3100000| Untracked 
|  28|0x00000000c3200000, 0x00000000c32ffff0, 0x00000000c3300000| 99%| O|  |TAMS 0x00000000c32ffff0, 0x00000000c3200000| Untracked 
|  29|0x00000000c3300000, 0x00000000c33ffff8, 0x00000000c3400000| 99%| O|  |TAMS 0x00000000c33ffff8, 0x00000000c3300000| Untracked 
|  30|0x00000000c3400000, 0x00000000c34fffd0, 0x00000000c3500000| 99%| O|  |TAMS 0x00000000c34fffd0, 0x00000000c3400000| Untracked 
|  31|0x00000000c3500000, 0x00000000c35ffff8, 0x00000000c3600000| 99%| O|  |TAMS 0x00000000c35ffff8, 0x00000000c3500000| Untracked 
|  32|0x00000000c3600000, 0x00000000c36fffe8, 0x00000000c3700000| 99%| O|  |TAMS 0x00000000c36fffe8, 0x00000000c3600000| Untracked 
|  33|0x00000000c3700000, 0x00000000c37ff6a8, 0x00000000c3800000| 99%| O|  |TAMS 0x00000000c37ff6a8, 0x00000000c3700000| Untracked 
|  34|0x00000000c3800000, 0x00000000c38ffaf8, 0x00000000c3900000| 99%| O|  |TAMS 0x00000000c38ffaf8, 0x00000000c3800000| Untracked 
|  35|0x00000000c3900000, 0x00000000c39fbb88, 0x00000000c3a00000| 98%| O|  |TAMS 0x00000000c39fbb88, 0x00000000c3900000| Untracked 
|  36|0x00000000c3a00000, 0x00000000c3afff70, 0x00000000c3b00000| 99%| O|  |TAMS 0x00000000c3afff70, 0x00000000c3a00000| Untracked 
|  37|0x00000000c3b00000, 0x00000000c3c00000, 0x00000000c3c00000|100%| O|  |TAMS 0x00000000c3c00000, 0x00000000c3b00000| Untracked 
|  38|0x00000000c3c00000, 0x00000000c3cfffd0, 0x00000000c3d00000| 99%| O|  |TAMS 0x00000000c3cfffd0, 0x00000000c3c00000| Untracked 
|  39|0x00000000c3d00000, 0x00000000c3dfffd0, 0x00000000c3e00000| 99%| O|  |TAMS 0x00000000c3dfffd0, 0x00000000c3d00000| Untracked 
|  40|0x00000000c3e00000, 0x00000000c3f00000, 0x00000000c3f00000|100%| O|  |TAMS 0x00000000c3f00000, 0x00000000c3e00000| Untracked 
|  41|0x00000000c3f00000, 0x00000000c3fffac8, 0x00000000c4000000| 99%| O|  |TAMS 0x00000000c3fffac8, 0x00000000c3f00000| Untracked 
|  42|0x00000000c4000000, 0x00000000c4100000, 0x00000000c4100000|100%| O|  |TAMS 0x00000000c4100000, 0x00000000c4000000| Untracked 
|  43|0x00000000c4100000, 0x00000000c41fff78, 0x00000000c4200000| 99%| O|  |TAMS 0x00000000c41fff78, 0x00000000c4100000| Untracked 
|  44|0x00000000c4200000, 0x00000000c42fffe0, 0x00000000c4300000| 99%| O|  |TAMS 0x00000000c42fffe0, 0x00000000c4200000| Untracked 
|  45|0x00000000c4300000, 0x00000000c43ffff8, 0x00000000c4400000| 99%| O|  |TAMS 0x00000000c43ffff8, 0x00000000c4300000| Untracked 
|  46|0x00000000c4400000, 0x00000000c4500000, 0x00000000c4500000|100%| O|  |TAMS 0x00000000c4500000, 0x00000000c4400000| Untracked 
|  47|0x00000000c4500000, 0x00000000c45ffd50, 0x00000000c4600000| 99%| O|  |TAMS 0x00000000c45ffd50, 0x00000000c4500000| Untracked 
|  48|0x00000000c4600000, 0x00000000c46ffff8, 0x00000000c4700000| 99%| O|  |TAMS 0x00000000c46ffff8, 0x00000000c4600000| Untracked 
|  49|0x00000000c4700000, 0x00000000c4786e40, 0x00000000c4800000| 52%| O|  |TAMS 0x00000000c4786e40, 0x00000000c4700000| Untracked 
|  50|0x00000000c4800000, 0x00000000c48f6bd0, 0x00000000c4900000| 96%| O|  |TAMS 0x00000000c48f6bd0, 0x00000000c4800000| Untracked 
|  51|0x00000000c4900000, 0x00000000c49a5038, 0x00000000c4a00000| 64%| O|  |TAMS 0x00000000c49a5038, 0x00000000c4900000| Untracked 
|  52|0x00000000c4a00000, 0x00000000c4b00000, 0x00000000c4b00000|100%| O|  |TAMS 0x00000000c4b00000, 0x00000000c4a00000| Untracked 
|  53|0x00000000c4b00000, 0x00000000c4c00000, 0x00000000c4c00000|100%| O|  |TAMS 0x00000000c4c00000, 0x00000000c4b00000| Untracked 
|  54|0x00000000c4c00000, 0x00000000c4d00000, 0x00000000c4d00000|100%| O|  |TAMS 0x00000000c4d00000, 0x00000000c4c00000| Untracked 
|  55|0x00000000c4d00000, 0x00000000c4e00000, 0x00000000c4e00000|100%| O|  |TAMS 0x00000000c4e00000, 0x00000000c4d00000| Untracked 
|  56|0x00000000c4e00000, 0x00000000c4f00000, 0x00000000c4f00000|100%| O|  |TAMS 0x00000000c4f00000, 0x00000000c4e00000| Untracked 
|  57|0x00000000c4f00000, 0x00000000c5000000, 0x00000000c5000000|100%| O|  |TAMS 0x00000000c5000000, 0x00000000c4f00000| Untracked 
|  58|0x00000000c5000000, 0x00000000c5100000, 0x00000000c5100000|100%| O|  |TAMS 0x00000000c5100000, 0x00000000c5000000| Untracked 
|  59|0x00000000c5100000, 0x00000000c5200000, 0x00000000c5200000|100%| O|  |TAMS 0x00000000c5200000, 0x00000000c5100000| Untracked 
|  60|0x00000000c5200000, 0x00000000c5300000, 0x00000000c5300000|100%| O|  |TAMS 0x00000000c5300000, 0x00000000c5200000| Untracked 
|  61|0x00000000c5300000, 0x00000000c5400000, 0x00000000c5400000|100%| O|  |TAMS 0x00000000c5400000, 0x00000000c5300000| Untracked 
|  62|0x00000000c5400000, 0x00000000c5500000, 0x00000000c5500000|100%| O|  |TAMS 0x00000000c5500000, 0x00000000c5400000| Untracked 
|  63|0x00000000c5500000, 0x00000000c5600000, 0x00000000c5600000|100%| O|  |TAMS 0x00000000c5600000, 0x00000000c5500000| Untracked 
|  64|0x00000000c5600000, 0x00000000c5700000, 0x00000000c5700000|100%| O|  |TAMS 0x00000000c5700000, 0x00000000c5600000| Untracked 
|  65|0x00000000c5700000, 0x00000000c5800000, 0x00000000c5800000|100%| O|  |TAMS 0x00000000c574ca00, 0x00000000c5700000| Untracked 
|  66|0x00000000c5800000, 0x00000000c5900000, 0x00000000c5900000|100%| O|  |TAMS 0x00000000c5800000, 0x00000000c5800000| Untracked 
|  67|0x00000000c5900000, 0x00000000c591c800, 0x00000000c5a00000| 11%| O|  |TAMS 0x00000000c5900000, 0x00000000c5900000| Untracked 
|  68|0x00000000c5a00000, 0x00000000c5a00000, 0x00000000c5b00000|  0%| F|  |TAMS 0x00000000c5a00000, 0x00000000c5a00000| Untracked 
|  69|0x00000000c5b00000, 0x00000000c5b00000, 0x00000000c5c00000|  0%| F|  |TAMS 0x00000000c5b00000, 0x00000000c5b00000| Untracked 
|  70|0x00000000c5c00000, 0x00000000c5c00000, 0x00000000c5d00000|  0%| F|  |TAMS 0x00000000c5c00000, 0x00000000c5c00000| Untracked 
|  71|0x00000000c5d00000, 0x00000000c5d00000, 0x00000000c5e00000|  0%| F|  |TAMS 0x00000000c5d00000, 0x00000000c5d00000| Untracked 
|  72|0x00000000c5e00000, 0x00000000c5e00000, 0x00000000c5f00000|  0%| F|  |TAMS 0x00000000c5e00000, 0x00000000c5e00000| Untracked 
|  73|0x00000000c5f00000, 0x00000000c5f00000, 0x00000000c6000000|  0%| F|  |TAMS 0x00000000c5f00000, 0x00000000c5f00000| Untracked 
|  74|0x00000000c6000000, 0x00000000c6000000, 0x00000000c6100000|  0%| F|  |TAMS 0x00000000c6000000, 0x00000000c6000000| Untracked 
|  75|0x00000000c6100000, 0x00000000c6100000, 0x00000000c6200000|  0%| F|  |TAMS 0x00000000c6100000, 0x00000000c6100000| Untracked 
|  76|0x00000000c6200000, 0x00000000c6200000, 0x00000000c6300000|  0%| F|  |TAMS 0x00000000c6200000, 0x00000000c6200000| Untracked 
|  77|0x00000000c6300000, 0x00000000c6300000, 0x00000000c6400000|  0%| F|  |TAMS 0x00000000c6300000, 0x00000000c6300000| Untracked 
|  78|0x00000000c6400000, 0x00000000c6400000, 0x00000000c6500000|  0%| F|  |TAMS 0x00000000c6400000, 0x00000000c6400000| Untracked 
|  79|0x00000000c6500000, 0x00000000c6500000, 0x00000000c6600000|  0%| F|  |TAMS 0x00000000c6500000, 0x00000000c6500000| Untracked 
|  80|0x00000000c6600000, 0x00000000c6600000, 0x00000000c6700000|  0%| F|  |TAMS 0x00000000c6600000, 0x00000000c6600000| Untracked 
|  81|0x00000000c6700000, 0x00000000c6700000, 0x00000000c6800000|  0%| F|  |TAMS 0x00000000c6700000, 0x00000000c6700000| Untracked 
|  82|0x00000000c6800000, 0x00000000c6900000, 0x00000000c6900000|100%| S|CS|TAMS 0x00000000c6800000, 0x00000000c6800000| Complete 
|  83|0x00000000c6900000, 0x00000000c6a00000, 0x00000000c6a00000|100%| S|CS|TAMS 0x00000000c6900000, 0x00000000c6900000| Complete 
|  84|0x00000000c6a00000, 0x00000000c6a00000, 0x00000000c6b00000|  0%| F|  |TAMS 0x00000000c6a00000, 0x00000000c6a00000| Untracked 
|  85|0x00000000c6b00000, 0x00000000c6b00000, 0x00000000c6c00000|  0%| F|  |TAMS 0x00000000c6b00000, 0x00000000c6b00000| Untracked 
|  86|0x00000000c6c00000, 0x00000000c6c00000, 0x00000000c6d00000|  0%| F|  |TAMS 0x00000000c6c00000, 0x00000000c6c00000| Untracked 
|  87|0x00000000c6d00000, 0x00000000c6d00000, 0x00000000c6e00000|  0%| F|  |TAMS 0x00000000c6d00000, 0x00000000c6d00000| Untracked 
|  88|0x00000000c6e00000, 0x00000000c6e00000, 0x00000000c6f00000|  0%| F|  |TAMS 0x00000000c6e00000, 0x00000000c6e00000| Untracked 
|  89|0x00000000c6f00000, 0x00000000c7000000, 0x00000000c7000000|100%| S|CS|TAMS 0x00000000c6f00000, 0x00000000c6f00000| Complete 
|  90|0x00000000c7000000, 0x00000000c7100000, 0x00000000c7100000|100%| S|CS|TAMS 0x00000000c7000000, 0x00000000c7000000| Complete 
|  91|0x00000000c7100000, 0x00000000c7200000, 0x00000000c7200000|100%| S|CS|TAMS 0x00000000c7100000, 0x00000000c7100000| Complete 
|  92|0x00000000c7200000, 0x00000000c7300000, 0x00000000c7300000|100%| S|CS|TAMS 0x00000000c7200000, 0x00000000c7200000| Complete 
|  93|0x00000000c7300000, 0x00000000c7300000, 0x00000000c7400000|  0%| F|  |TAMS 0x00000000c7300000, 0x00000000c7300000| Untracked 
|  94|0x00000000c7400000, 0x00000000c7400000, 0x00000000c7500000|  0%| F|  |TAMS 0x00000000c7400000, 0x00000000c7400000| Untracked 
|  95|0x00000000c7500000, 0x00000000c7500000, 0x00000000c7600000|  0%| F|  |TAMS 0x00000000c7500000, 0x00000000c7500000| Untracked 
|  96|0x00000000c7600000, 0x00000000c7600000, 0x00000000c7700000|  0%| F|  |TAMS 0x00000000c7600000, 0x00000000c7600000| Untracked 
|  97|0x00000000c7700000, 0x00000000c7700000, 0x00000000c7800000|  0%| F|  |TAMS 0x00000000c7700000, 0x00000000c7700000| Untracked 
|  98|0x00000000c7800000, 0x00000000c7800000, 0x00000000c7900000|  0%| F|  |TAMS 0x00000000c7800000, 0x00000000c7800000| Untracked 
|  99|0x00000000c7900000, 0x00000000c7900000, 0x00000000c7a00000|  0%| F|  |TAMS 0x00000000c7900000, 0x00000000c7900000| Untracked 
| 100|0x00000000c7a00000, 0x00000000c7a00000, 0x00000000c7b00000|  0%| F|  |TAMS 0x00000000c7a00000, 0x00000000c7a00000| Untracked 
| 101|0x00000000c7b00000, 0x00000000c7b00000, 0x00000000c7c00000|  0%| F|  |TAMS 0x00000000c7b00000, 0x00000000c7b00000| Untracked 
| 102|0x00000000c7c00000, 0x00000000c7c00000, 0x00000000c7d00000|  0%| F|  |TAMS 0x00000000c7c00000, 0x00000000c7c00000| Untracked 
| 103|0x00000000c7d00000, 0x00000000c7d00000, 0x00000000c7e00000|  0%| F|  |TAMS 0x00000000c7d00000, 0x00000000c7d00000| Untracked 
| 104|0x00000000c7e00000, 0x00000000c7e00000, 0x00000000c7f00000|  0%| F|  |TAMS 0x00000000c7e00000, 0x00000000c7e00000| Untracked 
| 105|0x00000000c7f00000, 0x00000000c7f00000, 0x00000000c8000000|  0%| F|  |TAMS 0x00000000c7f00000, 0x00000000c7f00000| Untracked 
| 106|0x00000000c8000000, 0x00000000c8000000, 0x00000000c8100000|  0%| F|  |TAMS 0x00000000c8000000, 0x00000000c8000000| Untracked 
| 107|0x00000000c8100000, 0x00000000c8100000, 0x00000000c8200000|  0%| F|  |TAMS 0x00000000c8100000, 0x00000000c8100000| Untracked 
| 108|0x00000000c8200000, 0x00000000c8200000, 0x00000000c8300000|  0%| F|  |TAMS 0x00000000c8200000, 0x00000000c8200000| Untracked 
| 109|0x00000000c8300000, 0x00000000c8300000, 0x00000000c8400000|  0%| F|  |TAMS 0x00000000c8300000, 0x00000000c8300000| Untracked 
| 110|0x00000000c8400000, 0x00000000c8400000, 0x00000000c8500000|  0%| F|  |TAMS 0x00000000c8400000, 0x00000000c8400000| Untracked 
| 111|0x00000000c8500000, 0x00000000c8500000, 0x00000000c8600000|  0%| F|  |TAMS 0x00000000c8500000, 0x00000000c8500000| Untracked 
| 112|0x00000000c8600000, 0x00000000c8600000, 0x00000000c8700000|  0%| F|  |TAMS 0x00000000c8600000, 0x00000000c8600000| Untracked 
| 113|0x00000000c8700000, 0x00000000c8700000, 0x00000000c8800000|  0%| F|  |TAMS 0x00000000c8700000, 0x00000000c8700000| Untracked 
| 114|0x00000000c8800000, 0x00000000c8800000, 0x00000000c8900000|  0%| F|  |TAMS 0x00000000c8800000, 0x00000000c8800000| Untracked 
| 115|0x00000000c8900000, 0x00000000c8900000, 0x00000000c8a00000|  0%| F|  |TAMS 0x00000000c8900000, 0x00000000c8900000| Untracked 
| 116|0x00000000c8a00000, 0x00000000c8a00000, 0x00000000c8b00000|  0%| F|  |TAMS 0x00000000c8a00000, 0x00000000c8a00000| Untracked 
| 117|0x00000000c8b00000, 0x00000000c8b00000, 0x00000000c8c00000|  0%| F|  |TAMS 0x00000000c8b00000, 0x00000000c8b00000| Untracked 
| 118|0x00000000c8c00000, 0x00000000c8c00000, 0x00000000c8d00000|  0%| F|  |TAMS 0x00000000c8c00000, 0x00000000c8c00000| Untracked 
| 119|0x00000000c8d00000, 0x00000000c8d00000, 0x00000000c8e00000|  0%| F|  |TAMS 0x00000000c8d00000, 0x00000000c8d00000| Untracked 
| 120|0x00000000c8e00000, 0x00000000c8e00000, 0x00000000c8f00000|  0%| F|  |TAMS 0x00000000c8e00000, 0x00000000c8e00000| Untracked 
| 121|0x00000000c8f00000, 0x00000000c8f00000, 0x00000000c9000000|  0%| F|  |TAMS 0x00000000c8f00000, 0x00000000c8f00000| Untracked 
| 122|0x00000000c9000000, 0x00000000c9000000, 0x00000000c9100000|  0%| F|  |TAMS 0x00000000c9000000, 0x00000000c9000000| Untracked 
| 123|0x00000000c9100000, 0x00000000c9100000, 0x00000000c9200000|  0%| F|  |TAMS 0x00000000c9100000, 0x00000000c9100000| Untracked 
| 124|0x00000000c9200000, 0x00000000c9200000, 0x00000000c9300000|  0%| F|  |TAMS 0x00000000c9200000, 0x00000000c9200000| Untracked 
| 125|0x00000000c9300000, 0x00000000c9300000, 0x00000000c9400000|  0%| F|  |TAMS 0x00000000c9300000, 0x00000000c9300000| Untracked 
| 126|0x00000000c9400000, 0x00000000c9400000, 0x00000000c9500000|  0%| F|  |TAMS 0x00000000c9400000, 0x00000000c9400000| Untracked 
| 127|0x00000000c9500000, 0x00000000c9500000, 0x00000000c9600000|  0%| F|  |TAMS 0x00000000c9500000, 0x00000000c9500000| Untracked 
| 128|0x00000000c9600000, 0x00000000c9600000, 0x00000000c9700000|  0%| F|  |TAMS 0x00000000c9600000, 0x00000000c9600000| Untracked 
| 129|0x00000000c9700000, 0x00000000c97c4900, 0x00000000c9800000| 76%| E|  |TAMS 0x00000000c9700000, 0x00000000c9700000| Complete 
| 130|0x00000000c9800000, 0x00000000c9900000, 0x00000000c9900000|100%| E|CS|TAMS 0x00000000c9800000, 0x00000000c9800000| Complete 
| 131|0x00000000c9900000, 0x00000000c9a00000, 0x00000000c9a00000|100%| E|CS|TAMS 0x00000000c9900000, 0x00000000c9900000| Complete 

Card table byte_map: [0x000001b0ff9c0000,0x000001b0ffbc0000] _byte_map_base: 0x000001b0ff3b5000

Marking Bits (Prev, Next): (CMBitMap*) 0x000001b0f5e74bc0, (CMBitMap*) 0x000001b0f5e74c00
 Prev Bits: [0x000001b08f000000, 0x000001b08ffa8000)
 Next Bits: [0x000001b08ffb0000, 0x000001b090f58000)

Polling page: 0x000001b0f5c80000

Metaspace:

Usage:
  Non-class:     62.47 MB used.
      Class:      9.10 MB used.
       Both:     71.57 MB used.

Virtual space:
  Non-class space:       64.00 MB reserved,      63.06 MB ( 99%) committed,  1 nodes.
      Class space:        1.00 GB reserved,       9.56 MB ( <1%) committed,  1 nodes.
             Both:        1.06 GB reserved,      72.62 MB (  7%) committed. 

Chunk freelists:
   Non-Class:  268.00 KB
       Class:  6.46 MB
        Both:  6.72 MB

MaxMetaspaceSize: unlimited
CompressedClassSpaceSize: 1.00 GB
Initial GC threshold: 21.00 MB
Current GC threshold: 120.44 MB
CDS: on
MetaspaceReclaimPolicy: balanced
 - commit_granule_bytes: 65536.
 - commit_granule_words: 8192.
 - virtual_space_node_default_size: 8388608.
 - enlarge_chunks_in_place: 1.
 - new_chunks_are_fully_committed: 0.
 - uncommit_free_chunks: 1.
 - use_allocation_guard: 0.
 - handle_deallocations: 1.


Internal statistics:

num_allocs_failed_limit: 9.
num_arena_births: 1512.
num_arena_deaths: 0.
num_vsnodes_births: 2.
num_vsnodes_deaths: 0.
num_space_committed: 1162.
num_space_uncommitted: 0.
num_chunks_returned_to_freelist: 9.
num_chunks_taken_from_freelist: 4538.
num_chunk_merges: 9.
num_chunk_splits: 2938.
num_chunks_enlarged: 1919.
num_inconsistent_stats: 0.

CodeHeap 'non-profiled nmethods': size=120000Kb used=9604Kb max_used=9604Kb free=110395Kb
 bounds [0x000001b087ad0000, 0x000001b088440000, 0x000001b08f000000]
CodeHeap 'profiled nmethods': size=120000Kb used=20173Kb max_used=20173Kb free=99826Kb
 bounds [0x000001b080000000, 0x000001b0813c0000, 0x000001b087530000]
CodeHeap 'non-nmethods': size=5760Kb used=1332Kb max_used=1411Kb free=4427Kb
 bounds [0x000001b087530000, 0x000001b0877a0000, 0x000001b087ad0000]
 total_blobs=10978 nmethods=10314 adapters=575
 compilation: enabled
              stopped_count=0, restarted_count=0
 full_count=0

Compilation events (20 events):
Event: 430.135 Thread 0x000001b0932a8b70 nmethod 12375 0x000001b08841c390 code [0x000001b08841c7a0, 0x000001b088423308]
Event: 430.422 Thread 0x000001b09b371880 nmethod 12376 0x000001b088426990 code [0x000001b0884270a0, 0x000001b08842c9f8]
Event: 431.268 Thread 0x000001b0932af950 12406       3       org.springframework.core.ResolvableType::forClassWithGenerics (49 bytes)
Event: 431.269 Thread 0x000001b0932af950 nmethod 12406 0x000001b0813aea90 code [0x000001b0813aeca0, 0x000001b0813af4b8]
Event: 431.396 Thread 0x000001b0932af950 12407       3       java.util.concurrent.ConcurrentHashMap$CollectionView::toArray (145 bytes)
Event: 431.398 Thread 0x000001b0932af950 nmethod 12407 0x000001b0813af790 code [0x000001b0813afa00, 0x000001b0813b0658]
Event: 431.405 Thread 0x000001b0932af950 12408   !   3       java.lang.Thread::interrupt (66 bytes)
Event: 431.406 Thread 0x000001b0932af950 nmethod 12408 0x000001b0813b0a10 code [0x000001b0813b0c20, 0x000001b0813b12d8]
Event: 431.414 Thread 0x000001b0932a8b70 12410       4       org.apache.catalina.util.LifecycleBase::fireLifecycleEvent (56 bytes)
Event: 431.415 Thread 0x000001b0932af950 12411       3       org.apache.catalina.util.LifecycleMBeanBase::destroyInternal (9 bytes)
Event: 431.415 Thread 0x000001b0932af950 nmethod 12411 0x000001b0813b1510 code [0x000001b0813b16c0, 0x000001b0813b1938]
Event: 431.426 Thread 0x000001b0932a8b70 nmethod 12410 0x000001b088430990 code [0x000001b088430b20, 0x000001b088430d78]
Event: 431.427 Thread 0x000001b0932af950 12412       3       io.micrometer.core.instrument.distribution.TimeWindowMax::updateMax (24 bytes)
Event: 431.428 Thread 0x000001b0932af950 nmethod 12412 0x000001b0813b1a90 code [0x000001b0813b1c40, 0x000001b0813b1ec8]
Event: 431.430 Thread 0x000001b0932af950 12413       1       org.h2.index.Index::getIndexType (5 bytes)
Event: 431.430 Thread 0x000001b0932af950 nmethod 12413 0x000001b088431010 code [0x000001b0884311a0, 0x000001b088431278]
Event: 431.643 Thread 0x000001b0932af950 12414       3       java.text.MessageFormat::applyPattern (422 bytes)
Event: 431.649 Thread 0x000001b0932af950 nmethod 12414 0x000001b0813b2010 code [0x000001b0813b24c0, 0x000001b0813b5308]
Event: 431.767 Thread 0x000001b0932af950 12415       3       java.util.concurrent.LinkedBlockingQueue::size (8 bytes)
Event: 431.767 Thread 0x000001b0932af950 nmethod 12415 0x000001b0813b6190 code [0x000001b0813b6320, 0x000001b0813b6458]

GC Heap History (20 events):
Event: 375.499 GC heap before
{Heap before GC invocations=84 (full 11):
 garbage-first heap   total 112640K, used 90222K [0x00000000c1600000, 0x0000000100000000)
  region size 1024K, 37 young (37888K), 0 survivors (0K)
 Metaspace       used 71418K, committed 72192K, reserved 1114112K
  class space    used 9123K, committed 9472K, reserved 1048576K
}
Event: 375.507 GC heap after
{Heap after GC invocations=85 (full 11):
 garbage-first heap   total 112640K, used 55779K [0x00000000c1600000, 0x0000000100000000)
  region size 1024K, 4 young (4096K), 4 survivors (4096K)
 Metaspace       used 71418K, committed 72192K, reserved 1114112K
  class space    used 9123K, committed 9472K, reserved 1048576K
}
Event: 378.761 GC heap before
{Heap before GC invocations=86 (full 11):
 garbage-first heap   total 112640K, used 89571K [0x00000000c1600000, 0x0000000100000000)
  region size 1024K, 38 young (38912K), 4 survivors (4096K)
 Metaspace       used 71629K, committed 72384K, reserved 1114112K
  class space    used 9140K, committed 9472K, reserved 1048576K
}
Event: 378.771 GC heap after
{Heap after GC invocations=87 (full 11):
 garbage-first heap   total 112640K, used 57849K [0x00000000c1600000, 0x0000000100000000)
  region size 1024K, 3 young (3072K), 3 survivors (3072K)
 Metaspace       used 71629K, committed 72384K, reserved 1114112K
  class space    used 9140K, committed 9472K, reserved 1048576K
}
Event: 379.690 GC heap before
{Heap before GC invocations=87 (full 11):
 garbage-first heap   total 112640K, used 90617K [0x00000000c1600000, 0x0000000100000000)
  region size 1024K, 36 young (36864K), 3 survivors (3072K)
 Metaspace       used 71730K, committed 72512K, reserved 1114112K
  class space    used 9146K, committed 9472K, reserved 1048576K
}
Event: 379.700 GC heap after
{Heap after GC invocations=88 (full 11):
 garbage-first heap   total 112640K, used 60069K [0x00000000c1600000, 0x0000000100000000)
  region size 1024K, 3 young (3072K), 3 survivors (3072K)
 Metaspace       used 71730K, committed 72512K, reserved 1114112K
  class space    used 9146K, committed 9472K, reserved 1048576K
}
Event: 389.811 GC heap before
{Heap before GC invocations=89 (full 11):
 garbage-first heap   total 112640K, used 90789K [0x00000000c1600000, 0x0000000100000000)
  region size 1024K, 34 young (34816K), 3 survivors (3072K)
 Metaspace       used 71930K, committed 72768K, reserved 1114112K
  class space    used 9176K, committed 9536K, reserved 1048576K
}
Event: 389.822 GC heap after
{Heap after GC invocations=90 (full 11):
 garbage-first heap   total 112640K, used 61519K [0x00000000c1600000, 0x0000000100000000)
  region size 1024K, 3 young (3072K), 3 survivors (3072K)
 Metaspace       used 71930K, committed 72768K, reserved 1114112K
  class space    used 9176K, committed 9536K, reserved 1048576K
}
Event: 395.517 GC heap before
{Heap before GC invocations=90 (full 11):
 garbage-first heap   total 112640K, used 91215K [0x00000000c1600000, 0x0000000100000000)
  region size 1024K, 32 young (32768K), 3 survivors (3072K)
 Metaspace       used 72109K, committed 73024K, reserved 1114112K
  class space    used 9191K, committed 9600K, reserved 1048576K
}
Event: 395.527 GC heap after
{Heap after GC invocations=91 (full 11):
 garbage-first heap   total 112640K, used 62991K [0x00000000c1600000, 0x0000000100000000)
  region size 1024K, 2 young (2048K), 2 survivors (2048K)
 Metaspace       used 72109K, committed 73024K, reserved 1114112K
  class space    used 9191K, committed 9600K, reserved 1048576K
}
Event: 396.623 GC heap before
{Heap before GC invocations=92 (full 11):
 garbage-first heap   total 130048K, used 90639K [0x00000000c1600000, 0x0000000100000000)
  region size 1024K, 29 young (29696K), 2 survivors (2048K)
 Metaspace       used 72143K, committed 73024K, reserved 1114112K
  class space    used 9195K, committed 9600K, reserved 1048576K
}
Event: 396.632 GC heap after
{Heap after GC invocations=93 (full 11):
 garbage-first heap   total 130048K, used 64711K [0x00000000c1600000, 0x0000000100000000)
  region size 1024K, 4 young (4096K), 4 survivors (4096K)
 Metaspace       used 72143K, committed 73024K, reserved 1114112K
  class space    used 9195K, committed 9600K, reserved 1048576K
}
Event: 402.868 GC heap before
{Heap before GC invocations=93 (full 11):
 garbage-first heap   total 130048K, used 105671K [0x00000000c1600000, 0x0000000100000000)
  region size 1024K, 44 young (45056K), 4 survivors (4096K)
 Metaspace       used 72724K, committed 73728K, reserved 1114112K
  class space    used 9283K, committed 9728K, reserved 1048576K
}
Event: 402.882 GC heap after
{Heap after GC invocations=94 (full 11):
 garbage-first heap   total 130048K, used 67483K [0x00000000c1600000, 0x0000000100000000)
  region size 1024K, 6 young (6144K), 6 survivors (6144K)
 Metaspace       used 72724K, committed 73728K, reserved 1114112K
  class space    used 9283K, committed 9728K, reserved 1048576K
}
Event: 419.778 GC heap before
{Heap before GC invocations=95 (full 11):
 garbage-first heap   total 135168K, used 105371K [0x00000000c1600000, 0x0000000100000000)
  region size 1024K, 43 young (44032K), 6 survivors (6144K)
 Metaspace       used 72849K, committed 73920K, reserved 1114112K
  class space    used 9291K, committed 9792K, reserved 1048576K
}
Event: 419.792 GC heap after
{Heap after GC invocations=96 (full 11):
 garbage-first heap   total 135168K, used 68000K [0x00000000c1600000, 0x0000000100000000)
  region size 1024K, 2 young (2048K), 2 survivors (2048K)
 Metaspace       used 72849K, committed 73920K, reserved 1114112K
  class space    used 9291K, committed 9792K, reserved 1048576K
}
Event: 424.610 GC heap before
{Heap before GC invocations=96 (full 11):
 garbage-first heap   total 135168K, used 109984K [0x00000000c1600000, 0x0000000100000000)
  region size 1024K, 43 young (44032K), 2 survivors (2048K)
 Metaspace       used 72908K, committed 73984K, reserved 1114112K
  class space    used 9295K, committed 9792K, reserved 1048576K
}
Event: 424.626 GC heap after
{Heap after GC invocations=97 (full 11):
 garbage-first heap   total 135168K, used 70918K [0x00000000c1600000, 0x0000000100000000)
  region size 1024K, 5 young (5120K), 5 survivors (5120K)
 Metaspace       used 72908K, committed 73984K, reserved 1114112K
  class space    used 9295K, committed 9792K, reserved 1048576K
}
Event: 429.569 GC heap before
{Heap before GC invocations=98 (full 11):
 garbage-first heap   total 135168K, used 110854K [0x00000000c1600000, 0x0000000100000000)
  region size 1024K, 44 young (45056K), 5 survivors (5120K)
 Metaspace       used 73272K, committed 74304K, reserved 1114112K
  class space    used 9315K, committed 9792K, reserved 1048576K
}
Event: 429.587 GC heap after
{Heap after GC invocations=99 (full 11):
 garbage-first heap   total 135168K, used 73952K [0x00000000c1600000, 0x0000000100000000)
  region size 1024K, 6 young (6144K), 6 survivors (6144K)
 Metaspace       used 73272K, committed 74304K, reserved 1114112K
  class space    used 9315K, committed 9792K, reserved 1048576K
}

Dll operation events (10 events):
Event: 0.033 Loaded shared library C:\Program Files\Java\zulu17.42.19-ca-jdk17.0.7-win_x64\bin\java.dll
Event: 0.062 Loaded shared library C:\Program Files\Java\zulu17.42.19-ca-jdk17.0.7-win_x64\bin\jsvml.dll
Event: 0.245 Loaded shared library C:\Program Files\Java\zulu17.42.19-ca-jdk17.0.7-win_x64\bin\net.dll
Event: 0.249 Loaded shared library C:\Program Files\Java\zulu17.42.19-ca-jdk17.0.7-win_x64\bin\nio.dll
Event: 0.254 Loaded shared library C:\Program Files\Java\zulu17.42.19-ca-jdk17.0.7-win_x64\bin\zip.dll
Event: 0.513 Loaded shared library C:\Program Files\Java\zulu17.42.19-ca-jdk17.0.7-win_x64\bin\jimage.dll
Event: 0.791 Loaded shared library C:\Program Files\Java\zulu17.42.19-ca-jdk17.0.7-win_x64\bin\management.dll
Event: 0.823 Loaded shared library C:\Program Files\Java\zulu17.42.19-ca-jdk17.0.7-win_x64\bin\management_ext.dll
Event: 3.437 Loaded shared library C:\Program Files\Java\zulu17.42.19-ca-jdk17.0.7-win_x64\bin\verify.dll
Event: 14.488 Loaded shared library C:\Program Files\Java\zulu17.42.19-ca-jdk17.0.7-win_x64\bin\sunmscapi.dll

Deoptimization events (20 events):
Event: 420.401 Thread 0x000001b099dbb380 Uncommon trap: trap_request=0xffffffbe fr.pc=0x000001b0883c4508 relative=0x00000000000020c8
Event: 420.401 Thread 0x000001b099dbb380 Uncommon trap: reason=profile_predicate action=maybe_recompile pc=0x000001b0883c4508 method=org.springframework.context.annotation.ConfigurationClassUtils.isConfigurationCandidate(Lorg/springframework/core/type/AnnotationMetadata;)Z @ 26 c2
Event: 420.401 Thread 0x000001b099dbb380 DEOPT PACKING pc=0x000001b0883c4508 sp=0x000000a77a0fdff0
Event: 420.401 Thread 0x000001b099dbb380 DEOPT UNPACKING pc=0x000001b0875869a3 sp=0x000000a77a0fdf68 mode 2
Event: 420.410 Thread 0x000001b099dbb380 Uncommon trap: trap_request=0xffffffbe fr.pc=0x000001b0883c4508 relative=0x00000000000020c8
Event: 420.410 Thread 0x000001b099dbb380 Uncommon trap: reason=profile_predicate action=maybe_recompile pc=0x000001b0883c4508 method=org.springframework.context.annotation.ConfigurationClassUtils.isConfigurationCandidate(Lorg/springframework/core/type/AnnotationMetadata;)Z @ 26 c2
Event: 420.410 Thread 0x000001b099dbb380 DEOPT PACKING pc=0x000001b0883c4508 sp=0x000000a77a0fdff0
Event: 420.410 Thread 0x000001b099dbb380 DEOPT UNPACKING pc=0x000001b0875869a3 sp=0x000000a77a0fdf68 mode 2
Event: 423.592 Thread 0x000001b099dbb380 Uncommon trap: trap_request=0xffffffbe fr.pc=0x000001b0883c4508 relative=0x00000000000020c8
Event: 423.592 Thread 0x000001b099dbb380 Uncommon trap: reason=profile_predicate action=maybe_recompile pc=0x000001b0883c4508 method=org.springframework.context.annotation.ConfigurationClassUtils.isConfigurationCandidate(Lorg/springframework/core/type/AnnotationMetadata;)Z @ 26 c2
Event: 423.592 Thread 0x000001b099dbb380 DEOPT PACKING pc=0x000001b0883c4508 sp=0x000000a77a0fe2e0
Event: 423.592 Thread 0x000001b099dbb380 DEOPT UNPACKING pc=0x000001b0875869a3 sp=0x000000a77a0fe268 mode 2
Event: 423.592 Thread 0x000001b099dbb380 Uncommon trap: trap_request=0xffffffbe fr.pc=0x000001b0883c4508 relative=0x00000000000020c8
Event: 423.592 Thread 0x000001b099dbb380 Uncommon trap: reason=profile_predicate action=maybe_recompile pc=0x000001b0883c4508 method=org.springframework.context.annotation.ConfigurationClassUtils.isConfigurationCandidate(Lorg/springframework/core/type/AnnotationMetadata;)Z @ 26 c2
Event: 423.592 Thread 0x000001b099dbb380 DEOPT PACKING pc=0x000001b0883c4508 sp=0x000000a77a0fe2e0
Event: 423.592 Thread 0x000001b099dbb380 DEOPT UNPACKING pc=0x000001b0875869a3 sp=0x000000a77a0fe268 mode 2
Event: 424.596 Thread 0x000001b099dbb380 Uncommon trap: trap_request=0xfffffff4 fr.pc=0x000001b0883e7134 relative=0x0000000000003fd4
Event: 424.596 Thread 0x000001b099dbb380 Uncommon trap: reason=null_check action=make_not_entrant pc=0x000001b0883e7134 method=org.springframework.core.convert.TypeDescriptor.isMap()Z @ 6 c2
Event: 424.596 Thread 0x000001b099dbb380 DEOPT PACKING pc=0x000001b0883e7134 sp=0x000000a77a0fa960
Event: 424.596 Thread 0x000001b099dbb380 DEOPT UNPACKING pc=0x000001b0875869a3 sp=0x000000a77a0fa910 mode 2

Classes unloaded (0 events):
No events

Classes redefined (0 events):
No events

Internal exceptions (20 events):
Event: 420.277 Thread 0x000001b099dbb380 Exception <a 'sun/nio/fs/WindowsException'{0x00000000c999e578}> (0x00000000c999e578) 
thrown [s\src\hotspot\share\prims\jni.cpp, line 516]
Event: 420.801 Thread 0x000001b099dbc7c0 Exception <a 'java/lang/NoClassDefFoundError'{0x00000000c9677078}: org/glassfish/jersey/server/monitoring/ApplicationEventListener> (0x00000000c9677078) 
thrown [s\src\hotspot\share\classfile\systemDictionary.cpp, line 248]
Event: 423.418 Thread 0x000001b099dbb380 Exception <a 'sun/nio/fs/WindowsException'{0x00000000c7d93548}> (0x00000000c7d93548) 
thrown [s\src\hotspot\share\prims\jni.cpp, line 516]
Event: 423.434 Thread 0x000001b099dbb380 Exception <a 'sun/nio/fs/WindowsException'{0x00000000c7ded468}> (0x00000000c7ded468) 
thrown [s\src\hotspot\share\prims\jni.cpp, line 516]
Event: 423.678 Thread 0x000001b099dbb380 Exception <a 'java/lang/NoClassDefFoundError'{0x00000000c7a7f3b8}: org/flywaydb/core/Flyway> (0x00000000c7a7f3b8) 
thrown [s\src\hotspot\share\oops\constantPool.cpp, line 835]
Event: 423.678 Thread 0x000001b099dbb380 Exception <a 'java/lang/NoClassDefFoundError'{0x00000000c7a7fa08}: liquibase/integration/spring/SpringLiquibase> (0x00000000c7a7fa08) 
thrown [s\src\hotspot\share\oops\constantPool.cpp, line 835]
Event: 423.687 Thread 0x000001b099dbb380 Exception <a 'java/lang/NoClassDefFoundError'{0x00000000c7ae2e28}: org/jooq/DSLContext> (0x00000000c7ae2e28) 
thrown [s\src\hotspot\share\oops\constantPool.cpp, line 835]
Event: 423.688 Thread 0x000001b099dbb380 Exception <a 'java/lang/NoClassDefFoundError'{0x00000000c7af0f28}: org/springframework/batch/core/repository/JobRepository> (0x00000000c7af0f28) 
thrown [s\src\hotspot\share\oops\constantPool.cpp, line 835]
Event: 423.688 Thread 0x000001b099dbb380 Exception <a 'java/lang/NoClassDefFoundError'{0x00000000c7af1570}: org/quartz/Scheduler> (0x00000000c7af1570) 
thrown [s\src\hotspot\share\oops\constantPool.cpp, line 835]
Event: 423.688 Thread 0x000001b099dbb380 Exception <a 'java/lang/NoClassDefFoundError'{0x00000000c7af1be0}: org/springframework/session/jdbc/JdbcIndexedSessionRepository> (0x00000000c7af1be0) 
thrown [s\src\hotspot\share\oops\constantPool.cpp, line 835]
Event: 424.016 Thread 0x000001b099dbb380 Exception <a 'sun/nio/fs/WindowsException'{0x00000000c72a81d0}> (0x00000000c72a81d0) 
thrown [s\src\hotspot\share\prims\jni.cpp, line 516]
Event: 424.017 Thread 0x000001b099dbb380 Exception <a 'sun/nio/fs/WindowsException'{0x00000000c72a8868}> (0x00000000c72a8868) 
thrown [s\src\hotspot\share\prims\jni.cpp, line 516]
Event: 424.017 Thread 0x000001b099dbb380 Exception <a 'sun/nio/fs/WindowsException'{0x00000000c72a8f90}> (0x00000000c72a8f90) 
thrown [s\src\hotspot\share\prims\jni.cpp, line 516]
Event: 424.162 Thread 0x000001b099dbb380 Exception <a 'java/io/FileNotFoundException'{0x00000000c72e0378}> (0x00000000c72e0378) 
thrown [s\src\hotspot\share\prims\jni.cpp, line 516]
Event: 424.596 Thread 0x000001b099dbb380 Implicit null exception at 0x000001b0883e4490 to 0x000001b0883e7124
Event: 425.544 Thread 0x000001b099dbb380 Exception <a 'java/io/FileNotFoundException'{0x00000000c96738a0}> (0x00000000c96738a0) 
thrown [s\src\hotspot\share\prims\jni.cpp, line 516]
Event: 425.577 Thread 0x000001b099dbb380 Exception <a 'sun/nio/fs/WindowsException'{0x00000000c958f3a8}> (0x00000000c958f3a8) 
thrown [s\src\hotspot\share\prims\jni.cpp, line 516]
Event: 428.537 Thread 0x000001b099dbb380 Exception <a 'java/lang/reflect/InvocationTargetException'{0x00000000c8964848}> (0x00000000c8964848) 
thrown [s\src\hotspot\share\runtime\reflection.cpp, line 1121]
Event: 428.762 Thread 0x000001b099dbb380 Exception <a 'sun/nio/fs/WindowsException'{0x00000000c866c0c0}> (0x00000000c866c0c0) 
thrown [s\src\hotspot\share\prims\jni.cpp, line 516]
Event: 431.414 Thread 0x000001b099dbccd0 Exception <a 'java/lang/InterruptedException'{0x00000000c976bcc0}: sleep interrupted> (0x00000000c976bcc0) 
thrown [s\src\hotspot\share\prims\jvm.cpp, line 3070]

VM Operations (20 events):
Event: 420.800 Executing VM operation: Cleanup done
Event: 421.813 Executing VM operation: Cleanup
Event: 421.833 Executing VM operation: Cleanup done
Event: 422.871 Executing VM operation: Cleanup
Event: 423.109 Executing VM operation: Cleanup done
Event: 424.120 Executing VM operation: Cleanup
Event: 424.120 Executing VM operation: Cleanup done
Event: 424.610 Executing VM operation: G1CollectForAllocation
Event: 424.626 Executing VM operation: G1CollectForAllocation done
Event: 425.091 Executing VM operation: G1Concurrent
Event: 425.218 Executing VM operation: G1Concurrent done
Event: 425.399 Executing VM operation: G1Concurrent
Event: 425.399 Executing VM operation: G1Concurrent done
Event: 426.409 Executing VM operation: Cleanup
Event: 429.569 Executing VM operation: Cleanup done
Event: 429.569 Executing VM operation: G1CollectForAllocation
Event: 429.591 Executing VM operation: G1CollectForAllocation done
Event: 431.606 Executing VM operation: Cleanup
Event: 431.606 Executing VM operation: Cleanup done
Event: 431.795 Executing VM operation: G1CollectFull

Events (20 events):
Event: 431.163 Thread 0x000001b09a246eb0 Thread added: 0x000001b09a246eb0
Event: 431.164 Thread 0x000001b099dbd1e0 Thread exited: 0x000001b099dbd1e0
Event: 431.267 Thread 0x000001b09b371880 Thread exited: 0x000001b09b371880
Event: 431.359 Thread 0x000001b09a2469a0 Thread exited: 0x000001b09a2469a0
Event: 431.404 Thread 0x000001b09a245560 Thread exited: 0x000001b09a245560
Event: 431.412 Thread 0x000001b099dbd6f0 Thread exited: 0x000001b099dbd6f0
Event: 431.412 Thread 0x000001b09a243c10 Thread exited: 0x000001b09a243c10
Event: 431.412 Thread 0x000001b099dc0990 Thread exited: 0x000001b099dc0990
Event: 431.412 Thread 0x000001b09a244630 Thread exited: 0x000001b09a244630
Event: 431.412 Thread 0x000001b099dbf040 Thread exited: 0x000001b099dbf040
Event: 431.412 Thread 0x000001b09a244b40 Thread exited: 0x000001b09a244b40
Event: 431.413 Thread 0x000001b099db9520 Thread exited: 0x000001b099db9520
Event: 431.413 Thread 0x000001b09a245a70 Thread exited: 0x000001b09a245a70
Event: 431.413 Thread 0x000001b09a246490 Thread exited: 0x000001b09a246490
Event: 431.413 Thread 0x000001b09a245050 Thread exited: 0x000001b09a245050
Event: 431.414 Thread 0x000001b099dbccd0 Thread exited: 0x000001b099dbccd0
Event: 431.709 Thread 0x000001b09a246490 Thread added: 0x000001b09a246490
Event: 431.709 Thread 0x000001b099dbc7c0 Thread exited: 0x000001b099dbc7c0
Event: 431.709 Thread 0x000001b099dbfa60 Thread exited: 0x000001b099dbfa60
Event: 431.767 Thread 0x000001b09a246490 Thread exited: 0x000001b09a246490


Dynamic libraries:
0x00007ff64c860000 - 0x00007ff64c86e000 	C:\Program Files\Java\zulu17.42.19-ca-jdk17.0.7-win_x64\bin\java.exe
0x00007ffd70bd0000 - 0x00007ffd70dc8000 	C:\Windows\SYSTEM32\ntdll.dll
0x00007ffd6ff20000 - 0x00007ffd6ffdd000 	C:\Windows\System32\KERNEL32.DLL
0x00007ffd6e2b0000 - 0x00007ffd6e5a6000 	C:\Windows\System32\KERNELBASE.dll
0x00007ffd6eae0000 - 0x00007ffd6ebe0000 	C:\Windows\System32\ucrtbase.dll
0x00007ffd69cd0000 - 0x00007ffd69ce9000 	C:\Program Files\Java\zulu17.42.19-ca-jdk17.0.7-win_x64\bin\jli.dll
0x00007ffd6f210000 - 0x00007ffd6f3ae000 	C:\Windows\System32\USER32.dll
0x00007ffd6e920000 - 0x00007ffd6e942000 	C:\Windows\System32\win32u.dll
0x00007ffd6f410000 - 0x00007ffd6f43c000 	C:\Windows\System32\GDI32.dll
0x00007ffd6e9c0000 - 0x00007ffd6eada000 	C:\Windows\System32\gdi32full.dll
0x00007ffd6e880000 - 0x00007ffd6e91d000 	C:\Windows\System32\msvcp_win.dll
0x00007ffd69420000 - 0x00007ffd6943b000 	C:\Program Files\Java\zulu17.42.19-ca-jdk17.0.7-win_x64\bin\VCRUNTIME140.dll
0x00007ffd5c900000 - 0x00007ffd5cb9a000 	C:\Windows\WinSxS\amd64_microsoft.windows.common-controls_6595b64144ccf1df_6.0.19041.1110_none_60b5254171f9507e\COMCTL32.dll
0x00007ffd709d0000 - 0x00007ffd70a6e000 	C:\Windows\System32\msvcrt.dll
0x00007ffd6f1e0000 - 0x00007ffd6f210000 	C:\Windows\System32\IMM32.DLL
0x00007ffd69db0000 - 0x00007ffd69dbc000 	C:\Program Files\Java\zulu17.42.19-ca-jdk17.0.7-win_x64\bin\vcruntime140_1.dll
0x00007ffd60400000 - 0x00007ffd6048d000 	C:\Program Files\Java\zulu17.42.19-ca-jdk17.0.7-win_x64\bin\msvcp140.dll
0x00007ffd15ab0000 - 0x00007ffd16715000 	C:\Program Files\Java\zulu17.42.19-ca-jdk17.0.7-win_x64\bin\server\jvm.dll
0x00007ffd6f500000 - 0x00007ffd6f5ae000 	C:\Windows\System32\ADVAPI32.dll
0x00007ffd6f0a0000 - 0x00007ffd6f13c000 	C:\Windows\System32\sechost.dll
0x00007ffd6ffe0000 - 0x00007ffd70106000 	C:\Windows\System32\RPCRT4.dll
0x00007ffd5a720000 - 0x00007ffd5a729000 	C:\Windows\SYSTEM32\WSOCK32.dll
0x00007ffd6f5b0000 - 0x00007ffd6f61b000 	C:\Windows\System32\WS2_32.dll
0x00007ffd5f4d0000 - 0x00007ffd5f4f7000 	C:\Windows\SYSTEM32\WINMM.dll
0x00007ffd67b60000 - 0x00007ffd67b6a000 	C:\Windows\SYSTEM32\VERSION.dll
0x00007ffd6c140000 - 0x00007ffd6c152000 	C:\Windows\SYSTEM32\kernel.appcore.dll
0x00007ffd69410000 - 0x00007ffd6941a000 	C:\Program Files\Java\zulu17.42.19-ca-jdk17.0.7-win_x64\bin\jimage.dll
0x00007ffd5cc90000 - 0x00007ffd5ce74000 	C:\Windows\SYSTEM32\DBGHELP.DLL
0x00007ffd59a90000 - 0x00007ffd59ac4000 	C:\Windows\SYSTEM32\dbgcore.DLL
0x00007ffd6e7f0000 - 0x00007ffd6e872000 	C:\Windows\System32\bcryptPrimitives.dll
0x00007ffd666f0000 - 0x00007ffd66715000 	C:\Program Files\Java\zulu17.42.19-ca-jdk17.0.7-win_x64\bin\java.dll
0x00007ffd5c150000 - 0x00007ffd5c227000 	C:\Program Files\Java\zulu17.42.19-ca-jdk17.0.7-win_x64\bin\jsvml.dll
0x00007ffd70200000 - 0x00007ffd70945000 	C:\Windows\System32\SHELL32.dll
0x00007ffd6c340000 - 0x00007ffd6cadb000 	C:\Windows\SYSTEM32\windows.storage.dll
0x00007ffd6f770000 - 0x00007ffd6fac4000 	C:\Windows\System32\combase.dll
0x00007ffd6dcf0000 - 0x00007ffd6dd1e000 	C:\Windows\SYSTEM32\Wldp.dll
0x00007ffd6f440000 - 0x00007ffd6f4ed000 	C:\Windows\System32\SHCORE.dll
0x00007ffd6f3b0000 - 0x00007ffd6f405000 	C:\Windows\System32\shlwapi.dll
0x00007ffd6e1e0000 - 0x00007ffd6e205000 	C:\Windows\SYSTEM32\profapi.dll
0x00007ffd66100000 - 0x00007ffd66119000 	C:\Program Files\Java\zulu17.42.19-ca-jdk17.0.7-win_x64\bin\net.dll
0x00007ffd65010000 - 0x00007ffd6511a000 	C:\Windows\SYSTEM32\WINHTTP.dll
0x00007ffd6da50000 - 0x00007ffd6daba000 	C:\Windows\system32\mswsock.dll
0x00007ffd66090000 - 0x00007ffd660a6000 	C:\Program Files\Java\zulu17.42.19-ca-jdk17.0.7-win_x64\bin\nio.dll
0x00007ffd63820000 - 0x00007ffd63838000 	C:\Program Files\Java\zulu17.42.19-ca-jdk17.0.7-win_x64\bin\zip.dll
0x00007ffd6d740000 - 0x00007ffd6d80a000 	C:\Windows\SYSTEM32\DNSAPI.dll
0x00007ffd6d6f0000 - 0x00007ffd6d72b000 	C:\Windows\SYSTEM32\IPHLPAPI.DLL
0x00007ffd6f140000 - 0x00007ffd6f148000 	C:\Windows\System32\NSI.dll
0x000000006a090000 - 0x000000006a0b6000 	C:\Program Files\Bonjour\mdnsNSP.dll
0x00007ffd5c810000 - 0x00007ffd5c81a000 	C:\Windows\System32\rasadhlp.dll
0x00007ffd5e2c0000 - 0x00007ffd5e342000 	C:\Windows\System32\fwpuclnt.dll
0x00007ffd6e660000 - 0x00007ffd6e687000 	C:\Windows\System32\bcrypt.dll
0x00007ffd666e0000 - 0x00007ffd666e9000 	C:\Program Files\Java\zulu17.42.19-ca-jdk17.0.7-win_x64\bin\management.dll
0x00007ffd63810000 - 0x00007ffd6381b000 	C:\Program Files\Java\zulu17.42.19-ca-jdk17.0.7-win_x64\bin\management_ext.dll
0x00007ffd6f4f0000 - 0x00007ffd6f4f8000 	C:\Windows\System32\PSAPI.DLL
0x00007ffd6dc40000 - 0x00007ffd6dc58000 	C:\Windows\SYSTEM32\CRYPTSP.dll
0x00007ffd6d2f0000 - 0x00007ffd6d324000 	C:\Windows\system32\rsaenh.dll
0x00007ffd6e1a0000 - 0x00007ffd6e1ce000 	C:\Windows\SYSTEM32\USERENV.dll
0x00007ffd6dc60000 - 0x00007ffd6dc6c000 	C:\Windows\SYSTEM32\CRYPTBASE.dll
0x00007ffd63ba0000 - 0x00007ffd63bb7000 	C:\Windows\SYSTEM32\dhcpcsvc6.DLL
0x00007ffd645c0000 - 0x00007ffd645dd000 	C:\Windows\SYSTEM32\dhcpcsvc.DLL
0x00007ffd61c00000 - 0x00007ffd61c10000 	C:\Program Files\Java\zulu17.42.19-ca-jdk17.0.7-win_x64\bin\verify.dll
0x00007ffd61be0000 - 0x00007ffd61bee000 	C:\Program Files\Java\zulu17.42.19-ca-jdk17.0.7-win_x64\bin\sunmscapi.dll
0x00007ffd6e690000 - 0x00007ffd6e7ee000 	C:\Windows\System32\CRYPT32.dll
0x00007ffd6dd60000 - 0x00007ffd6dd88000 	C:\Windows\SYSTEM32\ncrypt.dll
0x00007ffd6dd20000 - 0x00007ffd6dd5b000 	C:\Windows\SYSTEM32\NTASN1.dll
0x00007ffd69f10000 - 0x00007ffd69f17000 	C:\Windows\system32\wshunix.dll
0x00007ffd56de0000 - 0x00007ffd56df7000 	C:\Windows\system32\napinsp.dll
0x00007ffd56dc0000 - 0x00007ffd56ddb000 	C:\Windows\system32\pnrpnsp.dll
0x00007ffd67b70000 - 0x00007ffd67b85000 	C:\Windows\system32\wshbth.dll
0x00007ffd69c50000 - 0x00007ffd69c6d000 	C:\Windows\system32\NLAapi.dll
0x00007ffd56da0000 - 0x00007ffd56db2000 	C:\Windows\System32\winrnr.dll

dbghelp: loaded successfully - version: 4.0.5 - missing functions: none
symbol engine: initialized successfully - sym options: 0x614 - pdb path: .;C:\Program Files\Java\zulu17.42.19-ca-jdk17.0.7-win_x64\bin;C:\Windows\SYSTEM32;C:\Windows\WinSxS\amd64_microsoft.windows.common-controls_6595b64144ccf1df_6.0.19041.1110_none_60b5254171f9507e;C:\Program Files\Java\zulu17.42.19-ca-jdk17.0.7-win_x64\bin\server;C:\Program Files\Bonjour

VM Arguments:
jvm_args: -XX:+ShowCodeDetailsInExceptionMessages -Dspring.jmx.enabled=true -Dmanagement.endpoints.jmx.exposure.include=* -Dspring.application.admin.enabled=true -Dspring.boot.project.name=todolist -Djava.rmi.server.hostname=localhost 
java_command: br.com.katiasouza.todolist.TodolistApplication
java_class_path (initial): C:\Users\Katia.MAURIO\Desktop\todolist\target\classes;C:\Users\Katia.MAURIO\.m2\repository\org\springframework\boot\spring-boot-starter-actuator\3.0.11\spring-boot-starter-actuator-3.0.11.jar;C:\Users\Katia.MAURIO\.m2\repository\org\springframework\boot\spring-boot-starter\3.0.11\spring-boot-starter-3.0.11.jar;C:\Users\Katia.MAURIO\.m2\repository\org\springframework\boot\spring-boot-starter-logging\3.0.11\spring-boot-starter-logging-3.0.11.jar;C:\Users\Katia.MAURIO\.m2\repository\ch\qos\logback\logback-classic\1.4.11\logback-classic-1.4.11.jar;C:\Users\Katia.MAURIO\.m2\repository\ch\qos\logback\logback-core\1.4.11\logback-core-1.4.11.jar;C:\Users\Katia.MAURIO\.m2\repository\org\apache\logging\log4j\log4j-to-slf4j\2.19.0\log4j-to-slf4j-2.19.0.jar;C:\Users\Katia.MAURIO\.m2\repository\org\apache\logging\log4j\log4j-api\2.19.0\log4j-api-2.19.0.jar;C:\Users\Katia.MAURIO\.m2\repository\org\slf4j\jul-to-slf4j\2.0.9\jul-to-slf4j-2.0.9.jar;C:\Users\Katia.MAURIO\.m2\repository\jakarta\annotation\jakarta.annotation-api\2.1.1\jakarta.annotation-api-2.1.1.jar;C:\Users\Katia.MAURIO\.m2\repository\org\yaml\snakeyaml\1.33\snakeyaml-1.33.jar;C:\Users\Katia.MAURIO\.m2\repository\org\springframework\boot\spring-boot-actuator-autoconfigure\3.0.11\spring-boot-actuator-autoconfigure-3.0.11.jar;C:\Users\Katia.MAURIO\.m2\repository\org\springframework\boot\spring-boot-actuator\3.0.11\spring-boot-actuator-3.0.11.jar;C:\Users\Katia.MAURIO\.m2\repository\com\fasterxml\jackson\core\jackson-databind\2.14.3\jackson-databind-2.14.3.jar;C:\Users\Katia.MAURIO\.m2\repository\com\fasterxml\jackson\core\jackson-annotations\2.14.3\jackson-annotations-2.14.3.jar;C:\Users\Katia.MAURIO\.m2\repository\com\fasterxml\jackson\core\jackson-core\2.14.3\jackson-core-2.14.3.jar;C:\Users\Katia.MAURIO\.m2\repository\com\fasterxml\jackson\datatype\jackson-datatype-jsr310\2.14.3\jackson-datatype-jsr310-2.14.3.jar;C:\Users\Katia.MAURIO\.m2\repository\io\
Launcher Type: SUN_STANDARD

[Global flags]
     intx CICompilerCount                          = 3                                         {product} {ergonomic}
     uint ConcGCThreads                            = 1                                         {product} {ergonomic}
     uint G1ConcRefinementThreads                  = 4                                         {product} {ergonomic}
   size_t G1HeapRegionSize                         = 1048576                                   {product} {ergonomic}
    uintx GCDrainStackTargetSize                   = 64                                        {product} {ergonomic}
   size_t InitialHeapSize                          = 67108864                                  {product} {ergonomic}
   size_t MarkStackSize                            = 4194304                                   {product} {ergonomic}
   size_t MaxHeapSize                              = 1050673152                                {product} {ergonomic}
   size_t MaxNewSize                               = 630194176                                 {product} {ergonomic}
   size_t MinHeapDeltaBytes                        = 1048576                                   {product} {ergonomic}
   size_t MinHeapSize                              = 8388608                                   {product} {ergonomic}
    uintx NonNMethodCodeHeapSize                   = 5832780                                {pd product} {ergonomic}
    uintx NonProfiledCodeHeapSize                  = 122912730                              {pd product} {ergonomic}
    uintx ProfiledCodeHeapSize                     = 122912730                              {pd product} {ergonomic}
    uintx ReservedCodeCacheSize                    = 251658240                              {pd product} {ergonomic}
     bool SegmentedCodeCache                       = true                                      {product} {ergonomic}
     bool ShowCodeDetailsInExceptionMessages       = true                                   {manageable} {command line}
   size_t SoftMaxHeapSize                          = 1050673152                             {manageable} {ergonomic}
     bool UseCompressedClassPointers               = true                           {product lp64_product} {ergonomic}
     bool UseCompressedOops                        = true                           {product lp64_product} {ergonomic}
     bool UseG1GC                                  = true                                      {product} {ergonomic}
     bool UseLargePagesIndividualAllocation        = false                                  {pd product} {ergonomic}

Logging:
Log output configuration:
 #0: stdout all=warning uptime,level,tags
 #1: stderr all=off uptime,level,tags

Environment Variables:
JAVA_HOME=C:\Program Files\Java\zulu17.42.19-ca-jdk17.0.7-win_x64
PATH=C:\Program Files\Common Files\Oracle\Java\javapath;C:\Program Files\Java\zulu17.42.19-ca-jdk17.0.7-win_x64\bin;C:\Windows\system32;C:\Windows;C:\Windows\System32\Wbem;C:\Windows\System32\WindowsPowerShell\v1.0\;C:\Windows\System32\OpenSSH\;C:\Program Files (x86)\NVIDIA Corporation\PhysX\Common;C:\Program Files\NVIDIA Corporation\NVIDIA NvDLISR;C:\ProgramData\UNIVALI\Portugol Studio;C:\ProgramData\chocolatey\bin;C:\Program Files\nodejs\;C:\maven\bin;C:\Users\Katia.MAURIO\AppData\Local\Microsoft\WindowsApps;;C:\Users\Katia.MAURIO\AppData\Local\Programs\Microsoft VS Code\bin;C:\Users\Katia.MAURIO\AppData\Roaming\npm
USERNAME=Katia
LANG=en_US.UTF-8
OS=Windows_NT
PROCESSOR_IDENTIFIER=Intel64 Family 6 Model 69 Stepping 1, GenuineIntel
TMP=C:\Users\KATIA~1.MAU\AppData\Local\Temp
TEMP=C:\Users\KATIA~1.MAU\AppData\Local\Temp



---------------  S Y S T E M  ---------------

OS:
 Windows 10 , 64 bit Build 19041 (10.0.19041.3393)
OS uptime: 4 days 19:02 hours

CPU: total 4 (initial active 4) (2 cores per cpu, 2 threads per core) family 6 model 69 stepping 1 microcode 0x25, cx8, cmov, fxsr, ht, mmx, sse, sse2, sse3, ssse3, sse4.1, sse4.2, popcnt, lzcnt, tsc, tscinvbit, avx, avx2, aes, erms, clmul, bmi1, bmi2, fma, vzeroupper, clflush

Memory: 4k page, system-wide physical 4000M (443M free)
TotalPageFile size 8000M (AvailPageFile size 70M)
current process WorkingSet (physical memory assigned to process): 326M, peak: 331M
current process commit charge ("private bytes"): 384M, peak: 386M

vm_info: OpenJDK 64-Bit Server VM (17.0.7+7-LTS) for windows-amd64 JRE (17.0.7+7-LTS) (Zulu17.42+19-CA), built on Apr 10 2023 13:02:30 by "zulu_re" with MS VC++ 16.10 / 16.11 (VS2019)

END.
