#
# There is insufficient memory for the Java Runtime Environment to continue.
# Native memory allocation (malloc) failed to allocate 1048576 bytes for AllocateHeap
# Possible reasons:
#   The system is out of physical RAM or swap space
#   The process is running with CompressedOops enabled, and the Java Heap may be blocking the growth of the native heap
# Possible solutions:
#   Reduce memory load on the system
#   Increase physical memory or swap space
#   Check if swap backing store is full
#   Decrease Java heap size (-Xmx/-Xms)
#   Decrease number of Java threads
#   Decrease Java thread stack sizes (-Xss)
#   Set larger code cache with -XX:ReservedCodeCacheSize=
#   JVM is running with Unscaled Compressed Oops mode in which the Java heap is
#     placed in the first 4GB address space. The Java Heap base address is the
#     maximum limit for the native heap growth. Please use -XX:HeapBaseMinAddress
#     to set the Java Heap base and to place the Java Heap above 4GB virtual address.
# This output file may be truncated or incomplete.
#
#  Out of Memory Error (allocation.cpp:44), pid=13552, tid=11588
#
# JRE version: OpenJDK Runtime Environment Temurin-17.0.8.1+1 (17.0.8.1+1) (build 17.0.8.1+1)
# Java VM: OpenJDK 64-Bit Server VM Temurin-17.0.8.1+1 (17.0.8.1+1, mixed mode, emulated-client, tiered, compressed oops, compressed class ptrs, g1 gc, windows-amd64)
# No core dump will be written. Minidumps are not enabled by default on client versions of Windows
#

---------------  S U M M A R Y ------------

Command Line: -XX:+HeapDumpOnOutOfMemoryError -Xmx1024m -Dsts.lsp.client=vscode -Dsts.log.file=/dev/null -XX:TieredStopAtLevel=1 -Xlog:jni+resolve=off -Dspring.config.location=file:c:\Users\Katia.MAURI플O\.vscode\extensions\vmware.vscode-spring-boot-1.49.0\language-server\BOOT-INF\classes\application.properties org.springframework.ide.vscode.boot.app.BootLanguageServerBootApp

Host: Intel(R) Core(TM) i5-4200U CPU @ 1.60GHz, 4 cores, 3G,  Windows 10 , 64 bit Build 19041 (10.0.19041.3570)
Time: Sat Oct 14 23:47:49 2023 Hora oficial do Brasil elapsed time: 26818.283479 seconds (0d 7h 26m 58s)

---------------  T H R E A D  ---------------

Current thread (0x0000027ff465d8e0):  VMThread "VM Thread" [stack: 0x000000b796500000,0x000000b796600000] [id=11588]

Stack: [0x000000b796500000,0x000000b796600000]
Native frames: (J=compiled Java code, j=interpreted, Vv=VM code, C=native code)
V  [jvm.dll+0x678b0a]
V  [jvm.dll+0x835e84]
V  [jvm.dll+0x83762e]
V  [jvm.dll+0x837c93]
V  [jvm.dll+0x24746f]
V  [jvm.dll+0xa697b]
V  [jvm.dll+0x2f7eb3]
V  [jvm.dll+0x2f3b80]
V  [jvm.dll+0x2dc1c7]
V  [jvm.dll+0x31f227]
V  [jvm.dll+0x83c15b]
V  [jvm.dll+0x83ce94]
V  [jvm.dll+0x83d3ac]
V  [jvm.dll+0x83d784]
V  [jvm.dll+0x83d850]
V  [jvm.dll+0x7e64ca]
V  [jvm.dll+0x677955]
C  [ucrtbase.dll+0x21bb2]
C  [KERNEL32.DLL+0x17344]
C  [ntdll.dll+0x526b1]

VM_Operation (0x000000b7975fefc0): G1CollectFull, mode: safepoint, requested by thread 0x0000027ff9655580


---------------  P R O C E S S  ---------------

Threads class SMR info:
_java_thread_list=0x0000027ffdc17a60, length=44, elements={
0x0000027ff4674b50, 0x0000027ff4676100, 0x0000027ff46a0a50, 0x0000027ff46a15e0,
0x0000027ff46a2ec0, 0x0000027ff46a3790, 0x0000027ff46a4060, 0x0000027ff46a5110,
0x0000027ff49d5d30, 0x0000027ff49dde90, 0x0000027ff9688680, 0x0000027ff9655580,
0x0000027ffcba0480, 0x0000027fea1446b0, 0x0000027ffccc85d0, 0x0000027ffce9b520,
0x0000027ffce6f0c0, 0x0000027ffce6fae0, 0x0000027ffce70500, 0x0000027ffce6fff0,
0x0000027ffc5c64d0, 0x0000027ffc5c0ec0, 0x0000027ffc5c09b0, 0x0000027ffc5bf060,
0x0000027ffc5c69e0, 0x0000027ffc5c2300, 0x0000027ffc5c2810, 0x0000027ffc5c5ab0,
0x0000027ffc5bf570, 0x0000027ffc5c3230, 0x0000027ffc5c3740, 0x0000027ffc5c3c50,
0x0000027ffc5c55a0, 0x0000027ffc5c5090, 0x0000027ffc5c4160, 0x0000027ffc5c4b80,
0x0000027ffc5bfa80, 0x0000027ffcedb160, 0x0000027ffcedd4d0, 0x0000027ffcedcfc0,
0x0000027ffced6570, 0x0000027ffcedc090, 0x0000027ffcedc5a0, 0x0000027ffced9d20
}

Java Threads: ( => current thread )
  0x0000027ff4674b50 JavaThread "Reference Handler" daemon [_thread_blocked, id=13808, stack(0x000000b796600000,0x000000b796700000)]
  0x0000027ff4676100 JavaThread "Finalizer" daemon [_thread_blocked, id=9500, stack(0x000000b796700000,0x000000b796800000)]
  0x0000027ff46a0a50 JavaThread "Signal Dispatcher" daemon [_thread_blocked, id=2704, stack(0x000000b796800000,0x000000b796900000)]
  0x0000027ff46a15e0 JavaThread "Attach Listener" daemon [_thread_blocked, id=8876, stack(0x000000b796900000,0x000000b796a00000)]
  0x0000027ff46a2ec0 JavaThread "Service Thread" daemon [_thread_blocked, id=10224, stack(0x000000b796a00000,0x000000b796b00000)]
  0x0000027ff46a3790 JavaThread "Monitor Deflation Thread" daemon [_thread_blocked, id=11236, stack(0x000000b796b00000,0x000000b796c00000)]
  0x0000027ff46a4060 JavaThread "C1 CompilerThread0" daemon [_thread_blocked, id=4900, stack(0x000000b796c00000,0x000000b796d00000)]
  0x0000027ff46a5110 JavaThread "Sweeper thread" daemon [_thread_blocked, id=9380, stack(0x000000b796d00000,0x000000b796e00000)]
  0x0000027ff49d5d30 JavaThread "Notification Thread" daemon [_thread_blocked, id=8284, stack(0x000000b796e00000,0x000000b796f00000)]
  0x0000027ff49dde90 JavaThread "Common-Cleaner" daemon [_thread_blocked, id=14164, stack(0x000000b797000000,0x000000b797100000)]
  0x0000027ff9688680 JavaThread "boundedElastic-evictor-1" daemon [_thread_blocked, id=5856, stack(0x000000b797400000,0x000000b797500000)]
  0x0000027ff9655580 JavaThread "pool-11-thread-1" [_thread_blocked, id=3208, stack(0x000000b797500000,0x000000b797600000)]
  0x0000027ffcba0480 JavaThread "LanguageServerApp-lifecycle" [_thread_blocked, id=3972, stack(0x000000b797600000,0x000000b797700000)]
  0x0000027fea1446b0 JavaThread "DestroyJavaVM" [_thread_blocked, id=13984, stack(0x000000b795f00000,0x000000b796000000)]
  0x0000027ffccc85d0 JavaThread "pool-12-thread-1" [_thread_in_native, id=1220, stack(0x000000b797700000,0x000000b797800000)]
  0x0000027ffce9b520 JavaThread "Simple-Language-Server main thread" daemon [_thread_blocked, id=3012, stack(0x000000b797800000,0x000000b797900000)]
  0x0000027ffce6f0c0 JavaThread "pool-7-thread-1" [_thread_blocked, id=13520, stack(0x000000b797c00000,0x000000b797d00000)]
  0x0000027ffce6fae0 JavaThread "parallel-1" daemon [_thread_blocked, id=8252, stack(0x000000b797d00000,0x000000b797e00000)]
  0x0000027ffce70500 JavaThread "pool-5-thread-1" [_thread_blocked, id=2500, stack(0x000000b797e00000,0x000000b797f00000)]
  0x0000027ffce6fff0 JavaThread "parallel-2" daemon [_thread_blocked, id=7368, stack(0x000000b797f00000,0x000000b798000000)]
  0x0000027ffc5c64d0 JavaThread "Reconciler-1" daemon [_thread_blocked, id=2628, stack(0x000000b798000000,0x000000b798100000)]
  0x0000027ffc5c0ec0 JavaThread "parallel-3" daemon [_thread_blocked, id=13580, stack(0x000000b797300000,0x000000b797400000)]
  0x0000027ffc5c09b0 JavaThread "parallel-4" daemon [_thread_blocked, id=13644, stack(0x000000b798400000,0x000000b798500000)]
  0x0000027ffc5bf060 JavaThread "pool-8-thread-1" [_thread_blocked, id=700, stack(0x000000b795c00000,0x000000b795d00000)]
  0x0000027ffc5c69e0 JavaThread "pool-8-thread-2" [_thread_blocked, id=9040, stack(0x000000b795e00000,0x000000b795f00000)]
  0x0000027ffc5c2300 JavaThread "pool-8-thread-3" [_thread_blocked, id=5380, stack(0x000000b798800000,0x000000b798900000)]
  0x0000027ffc5c2810 JavaThread "pool-6-thread-1" [_thread_blocked, id=14316, stack(0x000000b798900000,0x000000b798a00000)]
  0x0000027ffc5c5ab0 JavaThread "RMI Scheduler(0)" daemon [_thread_blocked, id=7828, stack(0x000000b798c00000,0x000000b798d00000)]
  0x0000027ffc5bf570 JavaThread "pool-6-thread-2" [_thread_blocked, id=12504, stack(0x000000b798e00000,0x000000b798f00000)]
  0x0000027ffc5c3230 JavaThread "pool-6-thread-3" [_thread_blocked, id=780, stack(0x000000b798f00000,0x000000b799000000)]
  0x0000027ffc5c3740 JavaThread "pool-6-thread-4" [_thread_blocked, id=13068, stack(0x000000b799000000,0x000000b799100000)]
  0x0000027ffc5c3c50 JavaThread "pool-6-thread-5" [_thread_blocked, id=11108, stack(0x000000b799100000,0x000000b799200000)]
  0x0000027ffc5c55a0 JavaThread "pool-6-thread-6" [_thread_blocked, id=13736, stack(0x000000b799200000,0x000000b799300000)]
  0x0000027ffc5c5090 JavaThread "pool-6-thread-7" [_thread_blocked, id=8468, stack(0x000000b799300000,0x000000b799400000)]
  0x0000027ffc5c4160 JavaThread "pool-6-thread-8" [_thread_blocked, id=2676, stack(0x000000b797b00000,0x000000b797c00000)]
  0x0000027ffc5c4b80 JavaThread "pool-6-thread-9" [_thread_blocked, id=1324, stack(0x000000b797900000,0x000000b797a00000)]
  0x0000027ffc5bfa80 JavaThread "pool-6-thread-10" [_thread_blocked, id=11584, stack(0x000000b797a00000,0x000000b797b00000)]
  0x0000027ffcedb160 JavaThread "pool-8-thread-4" [_thread_blocked, id=13156, stack(0x000000b798300000,0x000000b798400000)]
  0x0000027ffcedd4d0 JavaThread "pool-8-thread-5" [_thread_blocked, id=11248, stack(0x000000b798a00000,0x000000b798b00000)]
  0x0000027ffcedcfc0 JavaThread "pool-8-thread-6" [_thread_blocked, id=13352, stack(0x000000b799400000,0x000000b799500000)]
  0x0000027ffced6570 JavaThread "pool-8-thread-7" [_thread_blocked, id=7784, stack(0x000000b798500000,0x000000b798600000)]
  0x0000027ffcedc090 JavaThread "pool-8-thread-8" [_thread_blocked, id=1180, stack(0x000000b798700000,0x000000b798800000)]
  0x0000027ffcedc5a0 JavaThread "pool-8-thread-9" [_thread_blocked, id=8624, stack(0x000000b798600000,0x000000b798700000)]
  0x0000027ffced9d20 JavaThread "pool-8-thread-10" [_thread_blocked, id=5592, stack(0x000000b798d00000,0x000000b798e00000)]

Other Threads:
=>0x0000027ff465d8e0 VMThread "VM Thread" [stack: 0x000000b796500000,0x000000b796600000] [id=11588]
  0x0000027fea196170 WatcherThread [stack: 0x000000b796f00000,0x000000b797000000] [id=13524]
  0x0000027fea180380 GCTaskThread "GC Thread#0" [stack: 0x000000b796000000,0x000000b796100000] [id=120]
  0x0000027ff936dc20 GCTaskThread "GC Thread#1" [stack: 0x000000b795d00000,0x000000b795e00000] [id=13608]
  0x0000027ff48afc40 GCTaskThread "GC Thread#2" [stack: 0x000000b797100000,0x000000b797200000] [id=360]
  0x0000027ff4852af0 GCTaskThread "GC Thread#3" [stack: 0x000000b797200000,0x000000b797300000] [id=13556]
  0x0000027fea1892d0 ConcurrentGCThread "G1 Main Marker" [stack: 0x000000b796100000,0x000000b796200000] [id=9428]
  0x0000027fea189ce0 ConcurrentGCThread "G1 Conc#0" [stack: 0x000000b796200000,0x000000b796300000] [id=9756]
  0x0000027fea1dc590 ConcurrentGCThread "G1 Refine#0" [stack: 0x000000b796300000,0x000000b796400000] [id=2416]
  0x0000027fea1dcfc0 ConcurrentGCThread "G1 Service" [stack: 0x000000b796400000,0x000000b796500000] [id=9864]

Threads with active compile tasks:

VM state: at safepoint (normal execution)

VM Mutex/Monitor currently owned by a thread:  ([mutex/lock_event])
[0x0000027fea140d20] Threads_lock - owner thread: 0x0000027ff465d8e0
[0x0000027fea13f610] Heap_lock - owner thread: 0x0000027ff9655580

Heap address: 0x00000000c0000000, size: 1024 MB, Compressed Oops mode: 32-bit

CDS archive(s) not mapped
Compressed class space mapped at: 0x0000000100000000-0x0000000140000000, reserved size: 1073741824
Narrow klass base: 0x0000000000000000, Narrow klass shift: 3, Narrow klass range: 0x140000000

GC Precious Log:
 CPUs: 4 total, 4 available
 Memory: 4000M
 Large Page Support: Disabled
 NUMA Support: Disabled
 Compressed Oops: Enabled (32-bit)
 Heap Region Size: 1M
 Heap Min Capacity: 8M
 Heap Initial Capacity: 64M
 Heap Max Capacity: 1G
 Pre-touch: Disabled
 Parallel Workers: 4
 Concurrent Workers: 1
 Concurrent Refinement Workers: 4
 Periodic GC: Disabled

Heap:
 garbage-first heap   total 84992K, used 24775K [0x00000000c0000000, 0x0000000100000000)
  region size 1024K, 1 young (1024K), 0 survivors (0K)
 Metaspace       used 58485K, committed 59072K, reserved 1114112K
  class space    used 7555K, committed 7808K, reserved 1048576K

Heap Regions: E=young(eden), S=young(survivor), O=old, HS=humongous(starts), HC=humongous(continues), CS=collection set, F=free, OA=open archive, CA=closed archive, TAMS=top-at-mark-start (previous, next)
|   0|0x00000000c0000000, 0x00000000c00fff90, 0x00000000c0100000| 99%| O|  |TAMS 0x00000000c00fff90, 0x00000000c0000000| Untracked 
|   1|0x00000000c0100000, 0x00000000c0200000, 0x00000000c0200000|100%| O|  |TAMS 0x00000000c0200000, 0x00000000c0100000| Untracked 
|   2|0x00000000c0200000, 0x00000000c0300000, 0x00000000c0300000|100%| O|  |TAMS 0x00000000c0300000, 0x00000000c0200000| Untracked 
|   3|0x00000000c0300000, 0x00000000c0400000, 0x00000000c0400000|100%| O|  |TAMS 0x00000000c0400000, 0x00000000c0300000| Untracked 
|   4|0x00000000c0400000, 0x00000000c04fa928, 0x00000000c0500000| 97%| O|  |TAMS 0x00000000c04fa928, 0x00000000c0400000| Untracked 
|   5|0x00000000c0500000, 0x00000000c0600000, 0x00000000c0600000|100%| O|  |TAMS 0x00000000c0600000, 0x00000000c0500000| Untracked 
|   6|0x00000000c0600000, 0x00000000c06fffe8, 0x00000000c0700000| 99%| O|  |TAMS 0x00000000c06fffe8, 0x00000000c0600000| Untracked 
|   7|0x00000000c0700000, 0x00000000c07fffe8, 0x00000000c0800000| 99%| O|  |TAMS 0x00000000c07fffe8, 0x00000000c0700000| Untracked 
|   8|0x00000000c0800000, 0x00000000c08ffff0, 0x00000000c0900000| 99%| O|  |TAMS 0x00000000c08ffff0, 0x00000000c0800000| Untracked 
|   9|0x00000000c0900000, 0x00000000c0a00000, 0x00000000c0a00000|100%| O|  |TAMS 0x00000000c0a00000, 0x00000000c0900000| Untracked 
|  10|0x00000000c0a00000, 0x00000000c0b00000, 0x00000000c0b00000|100%| O|  |TAMS 0x00000000c0b00000, 0x00000000c0a00000| Untracked 
|  11|0x00000000c0b00000, 0x00000000c0bfffe8, 0x00000000c0c00000| 99%| O|  |TAMS 0x00000000c0bfffe8, 0x00000000c0b00000| Untracked 
|  12|0x00000000c0c00000, 0x00000000c0cff910, 0x00000000c0d00000| 99%| O|  |TAMS 0x00000000c0cff910, 0x00000000c0c00000| Untracked 
|  13|0x00000000c0d00000, 0x00000000c0dffff8, 0x00000000c0e00000| 99%| O|  |TAMS 0x00000000c0dffff8, 0x00000000c0d00000| Untracked 
|  14|0x00000000c0e00000, 0x00000000c0effff0, 0x00000000c0f00000| 99%| O|  |TAMS 0x00000000c0effff0, 0x00000000c0e00000| Untracked 
|  15|0x00000000c0f00000, 0x00000000c0fffff8, 0x00000000c1000000| 99%| O|  |TAMS 0x00000000c0fffff8, 0x00000000c0f00000| Untracked 
|  16|0x00000000c1000000, 0x00000000c10fffe8, 0x00000000c1100000| 99%| O|  |TAMS 0x00000000c10fffe8, 0x00000000c1000000| Untracked 
|  17|0x00000000c1100000, 0x00000000c11fe4c8, 0x00000000c1200000| 99%| O|  |TAMS 0x00000000c11fe4c8, 0x00000000c1100000| Untracked 
|  18|0x00000000c1200000, 0x00000000c12ffd28, 0x00000000c1300000| 99%| O|  |TAMS 0x00000000c12ffd28, 0x00000000c1200000| Untracked 
|  19|0x00000000c1300000, 0x00000000c13fffe0, 0x00000000c1400000| 99%| O|  |TAMS 0x00000000c13fffe0, 0x00000000c1300000| Untracked 
|  20|0x00000000c1400000, 0x00000000c14ffa88, 0x00000000c1500000| 99%| O|  |TAMS 0x00000000c14ffa88, 0x00000000c1400000| Untracked 
|  21|0x00000000c1500000, 0x00000000c15ff288, 0x00000000c1600000| 99%| O|  |TAMS 0x00000000c15ff288, 0x00000000c1500000| Untracked 
|  22|0x00000000c1600000, 0x00000000c163abf0, 0x00000000c1700000| 22%| O|  |TAMS 0x00000000c1600000, 0x00000000c1600000| Untracked 
|  23|0x00000000c1700000, 0x00000000c1700000, 0x00000000c1800000|  0%| F|  |TAMS 0x00000000c1700000, 0x00000000c1700000| Untracked 
|  24|0x00000000c1800000, 0x00000000c1800000, 0x00000000c1900000|  0%| F|  |TAMS 0x00000000c1800000, 0x00000000c1800000| Untracked 
|  25|0x00000000c1900000, 0x00000000c19ffff8, 0x00000000c1a00000| 99%| O|  |TAMS 0x00000000c19ffff8, 0x00000000c1900000| Untracked 
|  26|0x00000000c1a00000, 0x00000000c1a00000, 0x00000000c1b00000|  0%| F|  |TAMS 0x00000000c1a00000, 0x00000000c1a00000| Untracked 
|  27|0x00000000c1b00000, 0x00000000c1c00000, 0x00000000c1c00000|100%| O|  |TAMS 0x00000000c1c00000, 0x00000000c1b00000| Untracked 
|  28|0x00000000c1c00000, 0x00000000c1c00000, 0x00000000c1d00000|  0%| F|  |TAMS 0x00000000c1c00000, 0x00000000c1c00000| Untracked 
|  29|0x00000000c1d00000, 0x00000000c1d00000, 0x00000000c1e00000|  0%| F|  |TAMS 0x00000000c1d00000, 0x00000000c1d00000| Untracked 
|  30|0x00000000c1e00000, 0x00000000c1e00000, 0x00000000c1f00000|  0%| F|  |TAMS 0x00000000c1e00000, 0x00000000c1e00000| Untracked 
|  31|0x00000000c1f00000, 0x00000000c1f00000, 0x00000000c2000000|  0%| F|  |TAMS 0x00000000c1f00000, 0x00000000c1f00000| Untracked 
|  32|0x00000000c2000000, 0x00000000c2000000, 0x00000000c2100000|  0%| F|  |TAMS 0x00000000c2000000, 0x00000000c2000000| Untracked 
|  33|0x00000000c2100000, 0x00000000c2100000, 0x00000000c2200000|  0%| F|  |TAMS 0x00000000c2100000, 0x00000000c2100000| Untracked 
|  34|0x00000000c2200000, 0x00000000c2200000, 0x00000000c2300000|  0%| F|  |TAMS 0x00000000c2200000, 0x00000000c2200000| Untracked 
|  35|0x00000000c2300000, 0x00000000c2300000, 0x00000000c2400000|  0%| F|  |TAMS 0x00000000c2300000, 0x00000000c2300000| Untracked 
|  36|0x00000000c2400000, 0x00000000c2400000, 0x00000000c2500000|  0%| F|  |TAMS 0x00000000c2400000, 0x00000000c2400000| Untracked 
|  37|0x00000000c2500000, 0x00000000c2500000, 0x00000000c2600000|  0%| F|  |TAMS 0x00000000c2500000, 0x00000000c2500000| Untracked 
|  38|0x00000000c2600000, 0x00000000c2600000, 0x00000000c2700000|  0%| F|  |TAMS 0x00000000c2600000, 0x00000000c2600000| Untracked 
|  39|0x00000000c2700000, 0x00000000c2700000, 0x00000000c2800000|  0%| F|  |TAMS 0x00000000c2700000, 0x00000000c2700000| Untracked 
|  40|0x00000000c2800000, 0x00000000c2800000, 0x00000000c2900000|  0%| F|  |TAMS 0x00000000c2800000, 0x00000000c2800000| Untracked 
|  41|0x00000000c2900000, 0x00000000c2900000, 0x00000000c2a00000|  0%| F|  |TAMS 0x00000000c2900000, 0x00000000c2900000| Untracked 
|  42|0x00000000c2a00000, 0x00000000c2a00000, 0x00000000c2b00000|  0%| F|  |TAMS 0x00000000c2a00000, 0x00000000c2a00000| Untracked 
|  43|0x00000000c2b00000, 0x00000000c2b00000, 0x00000000c2c00000|  0%| F|  |TAMS 0x00000000c2b00000, 0x00000000c2b00000| Untracked 
|  44|0x00000000c2c00000, 0x00000000c2c00000, 0x00000000c2d00000|  0%| F|  |TAMS 0x00000000c2c00000, 0x00000000c2c00000| Untracked 
|  45|0x00000000c2d00000, 0x00000000c2d00000, 0x00000000c2e00000|  0%| F|  |TAMS 0x00000000c2d00000, 0x00000000c2d00000| Untracked 
|  46|0x00000000c2e00000, 0x00000000c2e00000, 0x00000000c2f00000|  0%| F|  |TAMS 0x00000000c2e00000, 0x00000000c2e00000| Untracked 
|  47|0x00000000c2f00000, 0x00000000c2f00000, 0x00000000c3000000|  0%| F|  |TAMS 0x00000000c2f00000, 0x00000000c2f00000| Untracked 
|  48|0x00000000c3000000, 0x00000000c3000000, 0x00000000c3100000|  0%| F|  |TAMS 0x00000000c3000000, 0x00000000c3000000| Untracked 
|  49|0x00000000c3100000, 0x00000000c3100000, 0x00000000c3200000|  0%| F|  |TAMS 0x00000000c3100000, 0x00000000c3100000| Untracked 
|  50|0x00000000c3200000, 0x00000000c3200000, 0x00000000c3300000|  0%| F|  |TAMS 0x00000000c3200000, 0x00000000c3200000| Untracked 
|  51|0x00000000c3300000, 0x00000000c3300000, 0x00000000c3400000|  0%| F|  |TAMS 0x00000000c3300000, 0x00000000c3300000| Untracked 
|  52|0x00000000c3400000, 0x00000000c3400000, 0x00000000c3500000|  0%| F|  |TAMS 0x00000000c3400000, 0x00000000c3400000| Untracked 
|  53|0x00000000c3500000, 0x00000000c3500000, 0x00000000c3600000|  0%| F|  |TAMS 0x00000000c3500000, 0x00000000c3500000| Untracked 
|  54|0x00000000c3600000, 0x00000000c3600000, 0x00000000c3700000|  0%| F|  |TAMS 0x00000000c3600000, 0x00000000c3600000| Untracked 
|  55|0x00000000c3700000, 0x00000000c3700000, 0x00000000c3800000|  0%| F|  |TAMS 0x00000000c3700000, 0x00000000c3700000| Untracked 
|  56|0x00000000c3800000, 0x00000000c3800000, 0x00000000c3900000|  0%| F|  |TAMS 0x00000000c3800000, 0x00000000c3800000| Untracked 
|  57|0x00000000c3900000, 0x00000000c3900000, 0x00000000c3a00000|  0%| F|  |TAMS 0x00000000c3900000, 0x00000000c3900000| Untracked 
|  58|0x00000000c3a00000, 0x00000000c3a00000, 0x00000000c3b00000|  0%| F|  |TAMS 0x00000000c3a00000, 0x00000000c3a00000| Untracked 
|  59|0x00000000c3b00000, 0x00000000c3b00000, 0x00000000c3c00000|  0%| F|  |TAMS 0x00000000c3b00000, 0x00000000c3b00000| Untracked 
|  60|0x00000000c3c00000, 0x00000000c3c00000, 0x00000000c3d00000|  0%| F|  |TAMS 0x00000000c3c00000, 0x00000000c3c00000| Untracked 
|  61|0x00000000c3d00000, 0x00000000c3d00000, 0x00000000c3e00000|  0%| F|  |TAMS 0x00000000c3d00000, 0x00000000c3d00000| Untracked 
|  62|0x00000000c3e00000, 0x00000000c3e00000, 0x00000000c3f00000|  0%| F|  |TAMS 0x00000000c3e00000, 0x00000000c3e00000| Untracked 
|  63|0x00000000c3f00000, 0x00000000c3f00000, 0x00000000c4000000|  0%| F|  |TAMS 0x00000000c3f00000, 0x00000000c3f00000| Untracked 
|  64|0x00000000c4000000, 0x00000000c4000000, 0x00000000c4100000|  0%| F|  |TAMS 0x00000000c4000000, 0x00000000c4000000| Untracked 
|  65|0x00000000c4100000, 0x00000000c4100000, 0x00000000c4200000|  0%| F|  |TAMS 0x00000000c4100000, 0x00000000c4100000| Untracked 
|  66|0x00000000c4200000, 0x00000000c4200000, 0x00000000c4300000|  0%| F|  |TAMS 0x00000000c4200000, 0x00000000c4200000| Untracked 
|  67|0x00000000c4300000, 0x00000000c4300000, 0x00000000c4400000|  0%| F|  |TAMS 0x00000000c4300000, 0x00000000c4300000| Untracked 
|  68|0x00000000c4400000, 0x00000000c4400000, 0x00000000c4500000|  0%| F|  |TAMS 0x00000000c4400000, 0x00000000c4400000| Untracked 
|  69|0x00000000c4500000, 0x00000000c4500000, 0x00000000c4600000|  0%| F|  |TAMS 0x00000000c4500000, 0x00000000c4500000| Untracked 
|  70|0x00000000c4600000, 0x00000000c4600000, 0x00000000c4700000|  0%| F|  |TAMS 0x00000000c4600000, 0x00000000c4600000| Untracked 
|  71|0x00000000c4700000, 0x00000000c4700000, 0x00000000c4800000|  0%| F|  |TAMS 0x00000000c4700000, 0x00000000c4700000| Untracked 
|  72|0x00000000c4800000, 0x00000000c4800000, 0x00000000c4900000|  0%| F|  |TAMS 0x00000000c4800000, 0x00000000c4800000| Untracked 
|  73|0x00000000c4900000, 0x00000000c4900000, 0x00000000c4a00000|  0%| F|  |TAMS 0x00000000c4900000, 0x00000000c4900000| Untracked 
|  74|0x00000000c4a00000, 0x00000000c4a00000, 0x00000000c4b00000|  0%| F|  |TAMS 0x00000000c4a00000, 0x00000000c4a00000| Untracked 
|  75|0x00000000c4b00000, 0x00000000c4b00000, 0x00000000c4c00000|  0%| F|  |TAMS 0x00000000c4b00000, 0x00000000c4b00000| Untracked 
|  76|0x00000000c4c00000, 0x00000000c4c00000, 0x00000000c4d00000|  0%| F|  |TAMS 0x00000000c4c00000, 0x00000000c4c00000| Untracked 
|  77|0x00000000c4d00000, 0x00000000c4d00000, 0x00000000c4e00000|  0%| F|  |TAMS 0x00000000c4d00000, 0x00000000c4d00000| Untracked 
|  78|0x00000000c4e00000, 0x00000000c4e00000, 0x00000000c4f00000|  0%| F|  |TAMS 0x00000000c4e00000, 0x00000000c4e00000| Untracked 
|  79|0x00000000c4f00000, 0x00000000c4f00000, 0x00000000c5000000|  0%| F|  |TAMS 0x00000000c4f00000, 0x00000000c4f00000| Untracked 
|  80|0x00000000c5000000, 0x00000000c5000000, 0x00000000c5100000|  0%| F|  |TAMS 0x00000000c5000000, 0x00000000c5000000| Untracked 
|  81|0x00000000c5100000, 0x00000000c5100000, 0x00000000c5200000|  0%| F|  |TAMS 0x00000000c5100000, 0x00000000c5100000| Untracked 
|  82|0x00000000c5200000, 0x00000000c520d850, 0x00000000c5300000|  5%| E|  |TAMS 0x00000000c5200000, 0x00000000c5200000| Complete 

Card table byte_map: [0x0000027fefdc0000,0x0000027feffc0000] _byte_map_base: 0x0000027fef7c0000

Marking Bits (Prev, Next): (CMBitMap*) 0x0000027fea1809e0, (CMBitMap*) 0x0000027fea1809a0
 Prev Bits: [0x0000027ff11c0000, 0x0000027ff21c0000)
 Next Bits: [0x0000027ff01c0000, 0x0000027ff11c0000)

Polling page: 0x0000027fe7f40000

Metaspace:

Usage:
  Non-class:     49.74 MB used.
      Class:      7.38 MB used.
       Both:     57.11 MB used.

Virtual space:
  Non-class space:       64.00 MB reserved,      50.06 MB ( 78%) committed,  1 nodes.
      Class space:        1.00 GB reserved,       7.62 MB ( <1%) committed,  1 nodes.
             Both:        1.06 GB reserved,      57.69 MB (  5%) committed. 

Chunk freelists:
   Non-Class:  13.57 MB
       Class:  8.34 MB
        Both:  21.91 MB

MaxMetaspaceSize: unlimited
CompressedClassSpaceSize: 1.00 GB
Initial GC threshold: 21.00 MB
Current GC threshold: 96.25 MB
CDS: off
MetaspaceReclaimPolicy: balanced
 - commit_granule_bytes: 65536.
 - commit_granule_words: 8192.
 - virtual_space_node_default_size: 8388608.
 - enlarge_chunks_in_place: 1.
 - new_chunks_are_fully_committed: 0.
 - uncommit_free_chunks: 1.
 - use_allocation_guard: 0.
 - handle_deallocations: 1.


Internal statistics:

num_allocs_failed_limit: 6.
num_arena_births: 2018.
num_arena_deaths: 1460.
num_vsnodes_births: 2.
num_vsnodes_deaths: 0.
num_space_committed: 937.
num_space_uncommitted: 14.
num_chunks_returned_to_freelist: 2145.
num_chunks_taken_from_freelist: 4639.
num_chunk_merges: 705.
num_chunk_splits: 2376.
num_chunks_enlarged: 1356.
num_inconsistent_stats: 0.

CodeCache: size=49152Kb used=24123Kb max_used=25041Kb free=25028Kb
 bounds [0x0000027fecdc0000, 0x0000027fee6a0000, 0x0000027fefdc0000]
 total_blobs=13054 nmethods=12388 adapters=591
 compilation: enabled
              stopped_count=0, restarted_count=0
 full_count=0

Compilation events (20 events):
Event: 13786.392 Thread 0x0000027ff46a4060 12538       1       java.util.concurrent.atomic.AtomicReference::getAndSet (9 bytes)
Event: 13786.400 Thread 0x0000027ff46a4060 nmethod 12538 0x0000027fee512f90 code [0x0000027fee513180, 0x0000027fee5135b8]
Event: 13786.400 Thread 0x0000027ff46a4060 12539       1       java.lang.invoke.VarHandleGuards::guard_LL_L (89 bytes)
Event: 13786.409 Thread 0x0000027ff46a4060 nmethod 12539 0x0000027fee511a90 code [0x0000027fee511d40, 0x0000027fee5128e8]
Event: 13786.409 Thread 0x0000027ff46a4060 12540       1       java.lang.invoke.VarHandleReferences$FieldInstanceReadWrite::getAndSet (35 bytes)
Event: 13786.410 Thread 0x0000027ff46a4060 nmethod 12540 0x0000027fee511290 code [0x0000027fee511480, 0x0000027fee511888]
Event: 13794.852 Thread 0x0000027ff46a4060 12541       1       org.springframework.ide.vscode.commons.protocol.java.Classpath$CPE::getOutputFolder (5 bytes)
Event: 13794.852 Thread 0x0000027ff46a4060 nmethod 12541 0x0000027fee510f90 code [0x0000027fee511120, 0x0000027fee5111f8]
Event: 13799.703 Thread 0x0000027ff46a4060 12542   !   1       com.google.common.cache.LocalCache$Segment::clear (261 bytes)
Event: 13799.739 Thread 0x0000027ff46a4060 nmethod 12542 0x0000027fee50eb90 code [0x0000027fee50ef80, 0x0000027fee50fe48]
Event: 13799.739 Thread 0x0000027ff46a4060 12543       1       org.springframework.ide.vscode.commons.util.BasicFileObserver$$Lambda$1154/0x0000000100796f48::apply (12 bytes)
Event: 13799.755 Thread 0x0000027ff46a4060 nmethod 12543 0x0000027fee50de10 code [0x0000027fee50e060, 0x0000027fee50e758]
Event: 13837.146 Thread 0x0000027ff46a4060 12548       1       java.util.concurrent.SynchronousQueue::isEmpty (2 bytes)
Event: 13837.146 Thread 0x0000027ff46a4060 nmethod 12548 0x0000027fee50db10 code [0x0000027fee50dca0, 0x0000027fee50dd78]
Event: 26228.786 Thread 0x0000027ff46a4060 12549       1       jdk.proxy2.$Proxy45::<init> (6 bytes)
Event: 26228.797 Thread 0x0000027ff46a4060 nmethod 12549 0x0000027fee50d710 code [0x0000027fee50d8a0, 0x0000027fee50da68]
Event: 26228.797 Thread 0x0000027ff46a4060 12550   !   1       jdk.proxy2.$Proxy45::annotationType (29 bytes)
Event: 26228.809 Thread 0x0000027ff46a4060 nmethod 12550 0x0000027fee50d210 code [0x0000027fee50d3c0, 0x0000027fee50d5d8]
Event: 26228.840 Thread 0x0000027ff46a4060 12551   !   1       jdk.internal.reflect.GeneratedConstructorAccessor13::newInstance (53 bytes)
Event: 26228.843 Thread 0x0000027ff46a4060 nmethod 12551 0x0000027fee50c810 code [0x0000027fee50ca00, 0x0000027fee50cec8]

GC Heap History (20 events):
Event: 26702.007 GC heap before
{Heap before GC invocations=1181 (full 907):
 garbage-first heap   total 84992K, used 24775K [0x00000000c0000000, 0x0000000100000000)
  region size 1024K, 1 young (1024K), 0 survivors (0K)
 Metaspace       used 58485K, committed 59072K, reserved 1114112K
  class space    used 7555K, committed 7808K, reserved 1048576K
}
Event: 26702.118 GC heap after
{Heap after GC invocations=1182 (full 908):
 garbage-first heap   total 84992K, used 24775K [0x00000000c0000000, 0x0000000100000000)
  region size 1024K, 0 young (0K), 0 survivors (0K)
 Metaspace       used 58485K, committed 59072K, reserved 1114112K
  class space    used 7555K, committed 7808K, reserved 1048576K
}
Event: 26712.346 GC heap before
{Heap before GC invocations=1182 (full 908):
 garbage-first heap   total 84992K, used 24775K [0x00000000c0000000, 0x0000000100000000)
  region size 1024K, 1 young (1024K), 0 survivors (0K)
 Metaspace       used 58485K, committed 59072K, reserved 1114112K
  class space    used 7555K, committed 7808K, reserved 1048576K
}
Event: 26712.434 GC heap after
{Heap after GC invocations=1183 (full 909):
 garbage-first heap   total 84992K, used 24775K [0x00000000c0000000, 0x0000000100000000)
  region size 1024K, 0 young (0K), 0 survivors (0K)
 Metaspace       used 58485K, committed 59072K, reserved 1114112K
  class space    used 7555K, committed 7808K, reserved 1048576K
}
Event: 26723.126 GC heap before
{Heap before GC invocations=1183 (full 909):
 garbage-first heap   total 84992K, used 24775K [0x00000000c0000000, 0x0000000100000000)
  region size 1024K, 1 young (1024K), 0 survivors (0K)
 Metaspace       used 58485K, committed 59072K, reserved 1114112K
  class space    used 7555K, committed 7808K, reserved 1048576K
}
Event: 26723.260 GC heap after
{Heap after GC invocations=1184 (full 910):
 garbage-first heap   total 84992K, used 24775K [0x00000000c0000000, 0x0000000100000000)
  region size 1024K, 0 young (0K), 0 survivors (0K)
 Metaspace       used 58485K, committed 59072K, reserved 1114112K
  class space    used 7555K, committed 7808K, reserved 1048576K
}
Event: 26733.831 GC heap before
{Heap before GC invocations=1184 (full 910):
 garbage-first heap   total 84992K, used 24775K [0x00000000c0000000, 0x0000000100000000)
  region size 1024K, 1 young (1024K), 0 survivors (0K)
 Metaspace       used 58485K, committed 59072K, reserved 1114112K
  class space    used 7555K, committed 7808K, reserved 1048576K
}
Event: 26733.961 GC heap after
{Heap after GC invocations=1185 (full 911):
 garbage-first heap   total 84992K, used 24775K [0x00000000c0000000, 0x0000000100000000)
  region size 1024K, 0 young (0K), 0 survivors (0K)
 Metaspace       used 58485K, committed 59072K, reserved 1114112K
  class space    used 7555K, committed 7808K, reserved 1048576K
}
Event: 26744.189 GC heap before
{Heap before GC invocations=1185 (full 911):
 garbage-first heap   total 84992K, used 24775K [0x00000000c0000000, 0x0000000100000000)
  region size 1024K, 1 young (1024K), 0 survivors (0K)
 Metaspace       used 58485K, committed 59072K, reserved 1114112K
  class space    used 7555K, committed 7808K, reserved 1048576K
}
Event: 26744.270 GC heap after
{Heap after GC invocations=1186 (full 912):
 garbage-first heap   total 84992K, used 24775K [0x00000000c0000000, 0x0000000100000000)
  region size 1024K, 0 young (0K), 0 survivors (0K)
 Metaspace       used 58485K, committed 59072K, reserved 1114112K
  class space    used 7555K, committed 7808K, reserved 1048576K
}
Event: 26754.636 GC heap before
{Heap before GC invocations=1186 (full 912):
 garbage-first heap   total 84992K, used 24775K [0x00000000c0000000, 0x0000000100000000)
  region size 1024K, 1 young (1024K), 0 survivors (0K)
 Metaspace       used 58485K, committed 59072K, reserved 1114112K
  class space    used 7555K, committed 7808K, reserved 1048576K
}
Event: 26754.752 GC heap after
{Heap after GC invocations=1187 (full 913):
 garbage-first heap   total 84992K, used 24775K [0x00000000c0000000, 0x0000000100000000)
  region size 1024K, 0 young (0K), 0 survivors (0K)
 Metaspace       used 58485K, committed 59072K, reserved 1114112K
  class space    used 7555K, committed 7808K, reserved 1048576K
}
Event: 26766.764 GC heap before
{Heap before GC invocations=1187 (full 913):
 garbage-first heap   total 84992K, used 24775K [0x00000000c0000000, 0x0000000100000000)
  region size 1024K, 1 young (1024K), 0 survivors (0K)
 Metaspace       used 58485K, committed 59072K, reserved 1114112K
  class space    used 7555K, committed 7808K, reserved 1048576K
}
Event: 26766.877 GC heap after
{Heap after GC invocations=1188 (full 914):
 garbage-first heap   total 84992K, used 24775K [0x00000000c0000000, 0x0000000100000000)
  region size 1024K, 0 young (0K), 0 survivors (0K)
 Metaspace       used 58485K, committed 59072K, reserved 1114112K
  class space    used 7555K, committed 7808K, reserved 1048576K
}
Event: 26777.106 GC heap before
{Heap before GC invocations=1188 (full 914):
 garbage-first heap   total 84992K, used 24775K [0x00000000c0000000, 0x0000000100000000)
  region size 1024K, 1 young (1024K), 0 survivors (0K)
 Metaspace       used 58485K, committed 59072K, reserved 1114112K
  class space    used 7555K, committed 7808K, reserved 1048576K
}
Event: 26777.190 GC heap after
{Heap after GC invocations=1189 (full 915):
 garbage-first heap   total 84992K, used 24775K [0x00000000c0000000, 0x0000000100000000)
  region size 1024K, 0 young (0K), 0 survivors (0K)
 Metaspace       used 58485K, committed 59072K, reserved 1114112K
  class space    used 7555K, committed 7808K, reserved 1048576K
}
Event: 26787.469 GC heap before
{Heap before GC invocations=1189 (full 915):
 garbage-first heap   total 84992K, used 24775K [0x00000000c0000000, 0x0000000100000000)
  region size 1024K, 1 young (1024K), 0 survivors (0K)
 Metaspace       used 58485K, committed 59072K, reserved 1114112K
  class space    used 7555K, committed 7808K, reserved 1048576K
}
Event: 26787.576 GC heap after
{Heap after GC invocations=1190 (full 916):
 garbage-first heap   total 84992K, used 24775K [0x00000000c0000000, 0x0000000100000000)
  region size 1024K, 0 young (0K), 0 survivors (0K)
 Metaspace       used 58485K, committed 59072K, reserved 1114112K
  class space    used 7555K, committed 7808K, reserved 1048576K
}
Event: 26797.937 GC heap before
{Heap before GC invocations=1190 (full 916):
 garbage-first heap   total 84992K, used 24775K [0x00000000c0000000, 0x0000000100000000)
  region size 1024K, 1 young (1024K), 0 survivors (0K)
 Metaspace       used 58485K, committed 59072K, reserved 1114112K
  class space    used 7555K, committed 7808K, reserved 1048576K
}
Event: 26798.077 GC heap after
{Heap after GC invocations=1191 (full 917):
 garbage-first heap   total 84992K, used 24775K [0x00000000c0000000, 0x0000000100000000)
  region size 1024K, 0 young (0K), 0 survivors (0K)
 Metaspace       used 58485K, committed 59072K, reserved 1114112K
  class space    used 7555K, committed 7808K, reserved 1048576K
}

Dll operation events (11 events):
Event: 0.018 Loaded shared library c:\Users\Katia.MAURI플O\.vscode\extensions\redhat.java-1.23.0-win32-x64\jre\17.0.8.1-win32-x86_64\bin\java.dll
Event: 2.735 Loaded shared library C:\Users\Katia.MAURI플O\.vscode\extensions\redhat.java-1.23.0-win32-x64\jre\17.0.8.1-win32-x86_64\bin\net.dll
Event: 2.957 Loaded shared library C:\Users\Katia.MAURI플O\.vscode\extensions\redhat.java-1.23.0-win32-x64\jre\17.0.8.1-win32-x86_64\bin\nio.dll
Event: 4.819 Loaded shared library C:\Users\Katia.MAURI플O\.vscode\extensions\redhat.java-1.23.0-win32-x64\jre\17.0.8.1-win32-x86_64\bin\zip.dll
Event: 28.266 Loaded shared library C:\Users\Katia.MAURI플O\.vscode\extensions\redhat.java-1.23.0-win32-x64\jre\17.0.8.1-win32-x86_64\bin\jimage.dll
Event: 42.329 Loaded shared library c:\Users\Katia.MAURI플O\.vscode\extensions\redhat.java-1.23.0-win32-x64\jre\17.0.8.1-win32-x86_64\bin\verify.dll
Event: 46.351 Loaded shared library C:\Users\Katia.MAURI플O\.vscode\extensions\redhat.java-1.23.0-win32-x64\jre\17.0.8.1-win32-x86_64\bin\management.dll
Event: 46.374 Loaded shared library C:\Users\Katia.MAURI플O\.vscode\extensions\redhat.java-1.23.0-win32-x64\jre\17.0.8.1-win32-x86_64\bin\management_ext.dll
Event: 51.719 Loaded shared library C:\Users\Katia.MAURI플O\.vscode\extensions\redhat.java-1.23.0-win32-x64\jre\17.0.8.1-win32-x86_64\bin\sunmscapi.dll
Event: 93.218 Loaded shared library C:\Users\Katia.MAURI플O\.vscode\extensions\redhat.java-1.23.0-win32-x64\jre\17.0.8.1-win32-x86_64\bin\attach.dll
Event: 94.780 Loaded shared library C:\Users\Katia.MAURI플O\.vscode\extensions\redhat.java-1.23.0-win32-x64\jre\17.0.8.1-win32-x86_64\bin\rmi.dll

Deoptimization events (20 events):
Event: 3753.806 Thread 0x0000027ffce70500 DEOPT PACKING pc=0x0000027fed715eac sp=0x000000b797efe4b0
Event: 3753.806 Thread 0x0000027ffce70500 DEOPT UNPACKING pc=0x0000027fece17143 sp=0x000000b797efd988 mode 0
Event: 3753.806 Thread 0x0000027ffce70500 DEOPT PACKING pc=0x0000027fed727ff4 sp=0x000000b797efe5d0
Event: 3753.806 Thread 0x0000027ffce70500 DEOPT UNPACKING pc=0x0000027fece17143 sp=0x000000b797efdaa0 mode 0
Event: 3753.809 Thread 0x0000027ffce70500 DEOPT PACKING pc=0x0000027fed00e98c sp=0x000000b797efe730
Event: 3753.810 Thread 0x0000027ffce70500 DEOPT UNPACKING pc=0x0000027fece17143 sp=0x000000b797efdc98 mode 0
Event: 3753.810 Thread 0x0000027ffce70500 DEOPT PACKING pc=0x0000027fed716ccc sp=0x000000b797efe860
Event: 3753.810 Thread 0x0000027ffce70500 DEOPT UNPACKING pc=0x0000027fece17143 sp=0x000000b797efdd58 mode 0
Event: 4090.838 Thread 0x0000027ffced7ec0 DEOPT PACKING pc=0x0000027fedf6a33b sp=0x000000b7982fde30
Event: 4090.839 Thread 0x0000027ffced7ec0 DEOPT UNPACKING pc=0x0000027fece17143 sp=0x000000b7982fd300 mode 3
Event: 4096.775 Thread 0x0000027ffced7ec0 DEOPT PACKING pc=0x0000027feddc3d36 sp=0x000000b7982fcf50
Event: 4096.775 Thread 0x0000027ffced7ec0 DEOPT UNPACKING pc=0x0000027fece17143 sp=0x000000b7982fc470 mode 3
Event: 4688.231 Thread 0x0000027ffced79b0 DEOPT PACKING pc=0x0000027fee0bdbea sp=0x000000b7981fde80
Event: 4688.231 Thread 0x0000027ffced79b0 DEOPT UNPACKING pc=0x0000027fece17143 sp=0x000000b7981fd3c8 mode 3
Event: 5115.177 Thread 0x0000027ffced9810 DEOPT PACKING pc=0x0000027fee33bc44 sp=0x000000b7986fdf90
Event: 5115.177 Thread 0x0000027ffced9810 DEOPT UNPACKING pc=0x0000027fece17143 sp=0x000000b7986fd4b8 mode 3
Event: 5872.026 Thread 0x0000027ffced8df0 DEOPT PACKING pc=0x0000027fee3db58f sp=0x000000b7996fd930
Event: 5872.027 Thread 0x0000027ffced8df0 DEOPT UNPACKING pc=0x0000027fece17143 sp=0x000000b7996fce38 mode 3
Event: 6503.019 Thread 0x0000027ffcedac50 DEOPT PACKING pc=0x0000027fee4c7c1d sp=0x000000b798bfd750
Event: 6503.021 Thread 0x0000027ffcedac50 DEOPT UNPACKING pc=0x0000027fece17143 sp=0x000000b798bfcc80 mode 3

Classes unloaded (20 events):
Event: 13214.667 Thread 0x0000027ff465d8e0 Unloading class 0x00000001007ab800 'jdk/internal/reflect/GeneratedSerializationConstructorAccessor421'
Event: 13214.667 Thread 0x0000027ff465d8e0 Unloading class 0x00000001007a5c00 'jdk/internal/reflect/GeneratedSerializationConstructorAccessor420'
Event: 13214.667 Thread 0x0000027ff465d8e0 Unloading class 0x00000001007a5800 'jdk/internal/reflect/GeneratedSerializationConstructorAccessor419'
Event: 13214.667 Thread 0x0000027ff465d8e0 Unloading class 0x00000001007aac00 'jdk/internal/reflect/GeneratedSerializationConstructorAccessor418'
Event: 13214.667 Thread 0x0000027ff465d8e0 Unloading class 0x00000001007aa800 'jdk/internal/reflect/GeneratedSerializationConstructorAccessor417'
Event: 13214.667 Thread 0x0000027ff465d8e0 Unloading class 0x00000001007b2400 'jdk/internal/reflect/GeneratedSerializationConstructorAccessor416'
Event: 13214.667 Thread 0x0000027ff465d8e0 Unloading class 0x0000000100781c00 'jdk/internal/reflect/GeneratedSerializationConstructorAccessor415'
Event: 13214.667 Thread 0x0000027ff465d8e0 Unloading class 0x00000001007ab400 'jdk/internal/reflect/GeneratedSerializationConstructorAccessor414'
Event: 13214.667 Thread 0x0000027ff465d8e0 Unloading class 0x00000001007a5400 'jdk/internal/reflect/GeneratedSerializationConstructorAccessor413'
Event: 13214.667 Thread 0x0000027ff465d8e0 Unloading class 0x00000001007a4400 'jdk/internal/reflect/GeneratedSerializationConstructorAccessor412'
Event: 13214.667 Thread 0x0000027ff465d8e0 Unloading class 0x0000000100094400 'jdk/internal/reflect/GeneratedSerializationConstructorAccessor411'
Event: 13214.667 Thread 0x0000027ff465d8e0 Unloading class 0x0000000100096000 'jdk/internal/reflect/GeneratedSerializationConstructorAccessor410'
Event: 13214.667 Thread 0x0000027ff465d8e0 Unloading class 0x0000000100225c00 'jdk/internal/reflect/GeneratedSerializationConstructorAccessor409'
Event: 13214.667 Thread 0x0000027ff465d8e0 Unloading class 0x00000001004ed000 'jdk/internal/reflect/GeneratedSerializationConstructorAccessor408'
Event: 13214.667 Thread 0x0000027ff465d8e0 Unloading class 0x0000000100790800 'jdk/internal/reflect/GeneratedSerializationConstructorAccessor407'
Event: 13214.667 Thread 0x0000027ff465d8e0 Unloading class 0x00000001007aa400 'jdk/internal/reflect/GeneratedSerializationConstructorAccessor406'
Event: 13846.489 Thread 0x0000027ff465d8e0 Unloading class 0x0000000100096000 'jdk/internal/reflect/GeneratedConstructorAccessor79'
Event: 13846.489 Thread 0x0000027ff465d8e0 Unloading class 0x0000000100094400 'jdk/internal/reflect/GeneratedConstructorAccessor78'
Event: 13846.489 Thread 0x0000027ff465d8e0 Unloading class 0x00000001007a4400 'jdk/internal/reflect/GeneratedConstructorAccessor77'
Event: 13846.489 Thread 0x0000027ff465d8e0 Unloading class 0x00000001007a5400 'jdk/internal/reflect/GeneratedConstructorAccessor76'

Classes redefined (0 events):
No events

Internal exceptions (20 events):
Event: 13766.310 Thread 0x0000027ffce70500 Exception <a 'sun/nio/fs/WindowsException'{0x00000000c4eeff78}> (0x00000000c4eeff78) 
thrown [s\src\hotspot\share\prims\jni.cpp, line 516]
Event: 13766.310 Thread 0x0000027ffce70500 Exception <a 'sun/nio/fs/WindowsException'{0x00000000c4ef0ae0}> (0x00000000c4ef0ae0) 
thrown [s\src\hotspot\share\prims\jni.cpp, line 516]
Event: 13766.311 Thread 0x0000027ffce70500 Exception <a 'sun/nio/fs/WindowsException'{0x00000000c4ef2078}> (0x00000000c4ef2078) 
thrown [s\src\hotspot\share\prims\jni.cpp, line 516]
Event: 13766.311 Thread 0x0000027ffce70500 Exception <a 'sun/nio/fs/WindowsException'{0x00000000c4ef2aa8}> (0x00000000c4ef2aa8) 
thrown [s\src\hotspot\share\prims\jni.cpp, line 516]
Event: 13766.311 Thread 0x0000027ffce70500 Exception <a 'sun/nio/fs/WindowsException'{0x00000000c4ef3488}> (0x00000000c4ef3488) 
thrown [s\src\hotspot\share\prims\jni.cpp, line 516]
Event: 13766.311 Thread 0x0000027ffce70500 Exception <a 'sun/nio/fs/WindowsException'{0x00000000c4ef3e68}> (0x00000000c4ef3e68) 
thrown [s\src\hotspot\share\prims\jni.cpp, line 516]
Event: 13766.312 Thread 0x0000027ffce70500 Exception <a 'sun/nio/fs/WindowsException'{0x00000000c4ef49d0}> (0x00000000c4ef49d0) 
thrown [s\src\hotspot\share\prims\jni.cpp, line 516]
Event: 13772.701 Thread 0x0000027ffce70500 Exception <a 'sun/nio/fs/WindowsException'{0x00000000c4c82bf0}> (0x00000000c4c82bf0) 
thrown [s\src\hotspot\share\prims\jni.cpp, line 516]
Event: 13772.702 Thread 0x0000027ffce70500 Exception <a 'sun/nio/fs/WindowsException'{0x00000000c4c83620}> (0x00000000c4c83620) 
thrown [s\src\hotspot\share\prims\jni.cpp, line 516]
Event: 13772.702 Thread 0x0000027ffce70500 Exception <a 'sun/nio/fs/WindowsException'{0x00000000c4c84000}> (0x00000000c4c84000) 
thrown [s\src\hotspot\share\prims\jni.cpp, line 516]
Event: 13772.703 Thread 0x0000027ffce70500 Exception <a 'sun/nio/fs/WindowsException'{0x00000000c4c849e0}> (0x00000000c4c849e0) 
thrown [s\src\hotspot\share\prims\jni.cpp, line 516]
Event: 13772.703 Thread 0x0000027ffce70500 Exception <a 'sun/nio/fs/WindowsException'{0x00000000c4c854e0}> (0x00000000c4c854e0) 
thrown [s\src\hotspot\share\prims\jni.cpp, line 516]
Event: 13772.703 Thread 0x0000027ffce70500 Exception <a 'sun/nio/fs/WindowsException'{0x00000000c4c86048}> (0x00000000c4c86048) 
thrown [s\src\hotspot\share\prims\jni.cpp, line 516]
Event: 13772.703 Thread 0x0000027ffce70500 Exception <a 'sun/nio/fs/WindowsException'{0x00000000c4c875e0}> (0x00000000c4c875e0) 
thrown [s\src\hotspot\share\prims\jni.cpp, line 516]
Event: 13772.704 Thread 0x0000027ffce70500 Exception <a 'sun/nio/fs/WindowsException'{0x00000000c4c88010}> (0x00000000c4c88010) 
thrown [s\src\hotspot\share\prims\jni.cpp, line 516]
Event: 13772.704 Thread 0x0000027ffce70500 Exception <a 'sun/nio/fs/WindowsException'{0x00000000c4c889f0}> (0x00000000c4c889f0) 
thrown [s\src\hotspot\share\prims\jni.cpp, line 516]
Event: 13772.704 Thread 0x0000027ffce70500 Exception <a 'sun/nio/fs/WindowsException'{0x00000000c4c893d0}> (0x00000000c4c893d0) 
thrown [s\src\hotspot\share\prims\jni.cpp, line 516]
Event: 13772.704 Thread 0x0000027ffce70500 Exception <a 'sun/nio/fs/WindowsException'{0x00000000c4c89ed0}> (0x00000000c4c89ed0) 
thrown [s\src\hotspot\share\prims\jni.cpp, line 516]
Event: 13772.705 Thread 0x0000027ffce70500 Exception <a 'sun/nio/fs/WindowsException'{0x00000000c4c8aa38}> (0x00000000c4c8aa38) 
thrown [s\src\hotspot\share\prims\jni.cpp, line 516]
Event: 26808.097 Thread 0x0000027ff9655580 Exception <a 'java/io/IOException'{0x00000000c5200638}: CreateProcess error=1455, O arquivo de pagina챌찾o 챕 muito pequeno para que esta opera챌찾o seja conclu챠da> (0x00000000c5200638) 
thrown [s\src\hotspot\share\prims\jni.cpp, line 535]

VM Operations (20 events):
Event: 26702.118 Executing VM operation: G1CollectFull done
Event: 26712.346 Executing VM operation: G1CollectFull
Event: 26712.434 Executing VM operation: G1CollectFull done
Event: 26723.126 Executing VM operation: G1CollectFull
Event: 26723.260 Executing VM operation: G1CollectFull done
Event: 26733.831 Executing VM operation: G1CollectFull
Event: 26733.961 Executing VM operation: G1CollectFull done
Event: 26744.189 Executing VM operation: G1CollectFull
Event: 26744.271 Executing VM operation: G1CollectFull done
Event: 26754.636 Executing VM operation: G1CollectFull
Event: 26754.752 Executing VM operation: G1CollectFull done
Event: 26766.764 Executing VM operation: G1CollectFull
Event: 26766.877 Executing VM operation: G1CollectFull done
Event: 26777.105 Executing VM operation: G1CollectFull
Event: 26777.191 Executing VM operation: G1CollectFull done
Event: 26787.469 Executing VM operation: G1CollectFull
Event: 26787.576 Executing VM operation: G1CollectFull done
Event: 26797.936 Executing VM operation: G1CollectFull
Event: 26798.077 Executing VM operation: G1CollectFull done
Event: 26818.274 Executing VM operation: G1CollectFull

Events (20 events):
Event: 13740.330 Thread 0x0000027ffcedb670 Thread added: 0x0000027ffcedb670
Event: 13765.726 Thread 0x0000027ffced9810 Thread added: 0x0000027ffced9810
Event: 13766.229 Thread 0x0000027ffceda740 Thread added: 0x0000027ffceda740
Event: 13785.839 Thread 0x0000027ffceda740 Thread exited: 0x0000027ffceda740
Event: 13825.802 Thread 0x0000027ffcedb670 Thread exited: 0x0000027ffcedb670
Event: 13833.317 Thread 0x0000027ffced9810 Thread exited: 0x0000027ffced9810
Event: 13837.145 Thread 0x0000027ffced83d0 Thread exited: 0x0000027ffced83d0
Event: 13837.145 Thread 0x0000027ffced79b0 Thread exited: 0x0000027ffced79b0
Event: 25598.230 Thread 0x0000027ffced79b0 Thread added: 0x0000027ffced79b0
Event: 25658.231 Thread 0x0000027ffced79b0 Thread exited: 0x0000027ffced79b0
Event: 25810.779 Thread 0x0000027ffced79b0 Thread added: 0x0000027ffced79b0
Event: 25870.796 Thread 0x0000027ffced79b0 Thread exited: 0x0000027ffced79b0
Event: 26228.696 Thread 0x0000027ffcedb670 Thread added: 0x0000027ffcedb670
Event: 26228.711 Thread 0x0000027ffced79b0 Thread added: 0x0000027ffced79b0
Event: 26232.132 Thread 0x0000027ffcedd9e0 Thread added: 0x0000027ffcedd9e0
Event: 26292.139 Thread 0x0000027ffcedd9e0 Thread exited: 0x0000027ffcedd9e0
Event: 26328.250 Thread 0x0000027ffcedb670 Thread exited: 0x0000027ffcedb670
Event: 26328.344 Thread 0x0000027ffced79b0 Thread exited: 0x0000027ffced79b0
Event: 26334.841 Thread 0x0000027ffcedb670 Thread added: 0x0000027ffcedb670
Event: 26410.007 Thread 0x0000027ffcedb670 Thread exited: 0x0000027ffcedb670


Dynamic libraries:
0x00007ff65e250000 - 0x00007ff65e25e000 	c:\Users\Katia.MAURI플O\.vscode\extensions\redhat.java-1.23.0-win32-x64\jre\17.0.8.1-win32-x86_64\bin\java.exe
0x00007ffa077b0000 - 0x00007ffa079a7000 	C:\Windows\SYSTEM32\ntdll.dll
0x00007ffa06880000 - 0x00007ffa0693d000 	C:\Windows\System32\KERNEL32.DLL
0x00007ffa051d0000 - 0x00007ffa054c6000 	C:\Windows\System32\KERNELBASE.dll
0x00007ffa04fb0000 - 0x00007ffa050b0000 	C:\Windows\System32\ucrtbase.dll
0x00007ff9f4500000 - 0x00007ff9f4519000 	c:\Users\Katia.MAURI플O\.vscode\extensions\redhat.java-1.23.0-win32-x64\jre\17.0.8.1-win32-x86_64\bin\VCRUNTIME140.dll
0x00007ff9f5410000 - 0x00007ff9f5427000 	c:\Users\Katia.MAURI플O\.vscode\extensions\redhat.java-1.23.0-win32-x64\jre\17.0.8.1-win32-x86_64\bin\jli.dll
0x00007ffa06100000 - 0x00007ffa0629e000 	C:\Windows\System32\USER32.dll
0x00007ffa057e0000 - 0x00007ffa05802000 	C:\Windows\System32\win32u.dll
0x00007ff9f5430000 - 0x00007ff9f56ca000 	C:\Windows\WinSxS\amd64_microsoft.windows.common-controls_6595b64144ccf1df_6.0.19041.3570_none_60bb2a3971f3e41a\COMCTL32.dll
0x00007ffa062a0000 - 0x00007ffa062cc000 	C:\Windows\System32\GDI32.dll
0x00007ffa062d0000 - 0x00007ffa0636e000 	C:\Windows\System32\msvcrt.dll
0x00007ffa056c0000 - 0x00007ffa057da000 	C:\Windows\System32\gdi32full.dll
0x00007ffa050e0000 - 0x00007ffa0517d000 	C:\Windows\System32\msvcp_win.dll
0x00007ffa05be0000 - 0x00007ffa05c10000 	C:\Windows\System32\IMM32.DLL
0x00007ffa025b0000 - 0x00007ffa025bc000 	c:\Users\Katia.MAURI플O\.vscode\extensions\redhat.java-1.23.0-win32-x64\jre\17.0.8.1-win32-x86_64\bin\vcruntime140_1.dll
0x00007ff9e83e0000 - 0x00007ff9e8471000 	c:\Users\Katia.MAURI플O\.vscode\extensions\redhat.java-1.23.0-win32-x64\jre\17.0.8.1-win32-x86_64\bin\msvcp140.dll
0x00007ff9b40e0000 - 0x00007ff9b4d2c000 	c:\Users\Katia.MAURI플O\.vscode\extensions\redhat.java-1.23.0-win32-x64\jre\17.0.8.1-win32-x86_64\bin\server\jvm.dll
0x00007ffa076c0000 - 0x00007ffa0776e000 	C:\Windows\System32\ADVAPI32.dll
0x00007ffa05e00000 - 0x00007ffa05e9c000 	C:\Windows\System32\sechost.dll
0x00007ffa06960000 - 0x00007ffa06a86000 	C:\Windows\System32\RPCRT4.dll
0x00007ff9f2730000 - 0x00007ff9f2739000 	C:\Windows\SYSTEM32\WSOCK32.dll
0x00007ffa07650000 - 0x00007ffa076bb000 	C:\Windows\System32\WS2_32.dll
0x00007ff9f9310000 - 0x00007ff9f9337000 	C:\Windows\SYSTEM32\WINMM.dll
0x00007ff9feb40000 - 0x00007ff9feb4a000 	C:\Windows\SYSTEM32\VERSION.dll
0x00007ffa043f0000 - 0x00007ffa0443b000 	C:\Windows\SYSTEM32\POWRPROF.dll
0x00007ffa042b0000 - 0x00007ffa042c2000 	C:\Windows\SYSTEM32\UMPDC.dll
0x00007ffa02d30000 - 0x00007ffa02d42000 	C:\Windows\SYSTEM32\kernel.appcore.dll
0x00007ffa00980000 - 0x00007ffa0098a000 	c:\Users\Katia.MAURI플O\.vscode\extensions\redhat.java-1.23.0-win32-x64\jre\17.0.8.1-win32-x86_64\bin\jimage.dll
0x00007ff9f4300000 - 0x00007ff9f44e4000 	C:\Windows\SYSTEM32\DBGHELP.DLL
0x00007ff9f1df0000 - 0x00007ff9f1e24000 	C:\Windows\SYSTEM32\dbgcore.DLL
0x00007ffa05630000 - 0x00007ffa056b2000 	C:\Windows\System32\bcryptPrimitives.dll
0x00007ff9f32c0000 - 0x00007ff9f32e5000 	c:\Users\Katia.MAURI플O\.vscode\extensions\redhat.java-1.23.0-win32-x64\jre\17.0.8.1-win32-x86_64\bin\java.dll
0x00007ff9f13f0000 - 0x00007ff9f1408000 	c:\Users\Katia.MAURI플O\.vscode\extensions\redhat.java-1.23.0-win32-x64\jre\17.0.8.1-win32-x86_64\bin\zip.dll
0x00007ffa06a90000 - 0x00007ffa071d4000 	C:\Windows\System32\SHELL32.dll
0x00007ffa02f30000 - 0x00007ffa036cb000 	C:\Windows\SYSTEM32\windows.storage.dll
0x00007ffa05880000 - 0x00007ffa05bd4000 	C:\Windows\System32\combase.dll
0x00007ffa048d0000 - 0x00007ffa048fd000 	C:\Windows\SYSTEM32\Wldp.dll
0x00007ffa05c10000 - 0x00007ffa05cbd000 	C:\Windows\System32\SHCORE.dll
0x00007ffa060a0000 - 0x00007ffa060f5000 	C:\Windows\System32\shlwapi.dll
0x00007ffa04dc0000 - 0x00007ffa04de5000 	C:\Windows\SYSTEM32\profapi.dll
0x00007ff9f13d0000 - 0x00007ff9f13e9000 	C:\Users\Katia.MAURI플O\.vscode\extensions\redhat.java-1.23.0-win32-x64\jre\17.0.8.1-win32-x86_64\bin\net.dll
0x00007ff9f9110000 - 0x00007ff9f921a000 	C:\Windows\SYSTEM32\WINHTTP.dll
0x00007ffa04630000 - 0x00007ffa0469a000 	C:\Windows\system32\mswsock.dll
0x00007ff9f13b0000 - 0x00007ff9f13c5000 	C:\Users\Katia.MAURI플O\.vscode\extensions\redhat.java-1.23.0-win32-x64\jre\17.0.8.1-win32-x86_64\bin\nio.dll
0x00007ffa04830000 - 0x00007ffa04848000 	C:\Windows\SYSTEM32\CRYPTSP.dll
0x00007ffa03ed0000 - 0x00007ffa03f04000 	C:\Windows\system32\rsaenh.dll
0x00007ffa050b0000 - 0x00007ffa050d7000 	C:\Windows\System32\bcrypt.dll
0x00007ffa04d40000 - 0x00007ffa04d6e000 	C:\Windows\SYSTEM32\USERENV.dll
0x00007ffa04820000 - 0x00007ffa0482c000 	C:\Windows\SYSTEM32\CRYPTBASE.dll
0x00007ffa042d0000 - 0x00007ffa0430b000 	C:\Windows\SYSTEM32\IPHLPAPI.DLL
0x00007ffa05870000 - 0x00007ffa05878000 	C:\Windows\System32\NSI.dll
0x00007ff9fcca0000 - 0x00007ff9fccb7000 	C:\Windows\SYSTEM32\dhcpcsvc6.DLL
0x00007ff9fbf50000 - 0x00007ff9fbf6d000 	C:\Windows\SYSTEM32\dhcpcsvc.DLL
0x00007ffa04320000 - 0x00007ffa043ea000 	C:\Windows\SYSTEM32\DNSAPI.dll
0x00007ffa00870000 - 0x00007ffa00880000 	c:\Users\Katia.MAURI플O\.vscode\extensions\redhat.java-1.23.0-win32-x64\jre\17.0.8.1-win32-x86_64\bin\verify.dll
0x00007ff9ff550000 - 0x00007ff9ff559000 	C:\Users\Katia.MAURI플O\.vscode\extensions\redhat.java-1.23.0-win32-x64\jre\17.0.8.1-win32-x86_64\bin\management.dll
0x00007ff9ff270000 - 0x00007ff9ff27b000 	C:\Users\Katia.MAURI플O\.vscode\extensions\redhat.java-1.23.0-win32-x64\jre\17.0.8.1-win32-x86_64\bin\management_ext.dll
0x00007ffa06090000 - 0x00007ffa06098000 	C:\Windows\System32\PSAPI.DLL
0x00007ff9ff160000 - 0x00007ff9ff16e000 	C:\Users\Katia.MAURI플O\.vscode\extensions\redhat.java-1.23.0-win32-x64\jre\17.0.8.1-win32-x86_64\bin\sunmscapi.dll
0x00007ffa054d0000 - 0x00007ffa0562d000 	C:\Windows\System32\CRYPT32.dll
0x00007ffa04940000 - 0x00007ffa04967000 	C:\Windows\SYSTEM32\ncrypt.dll
0x00007ffa04900000 - 0x00007ffa0493b000 	C:\Windows\SYSTEM32\NTASN1.dll
0x000000006e050000 - 0x000000006e076000 	C:\Program Files\Bonjour\mdnsNSP.dll
0x00007ff9fd0f0000 - 0x00007ff9fd0fa000 	C:\Windows\System32\rasadhlp.dll
0x00007ff9fc8b0000 - 0x00007ff9fc932000 	C:\Windows\System32\fwpuclnt.dll
0x00007ff9f3830000 - 0x00007ff9f3839000 	C:\Users\Katia.MAURI플O\.vscode\extensions\redhat.java-1.23.0-win32-x64\jre\17.0.8.1-win32-x86_64\bin\attach.dll
0x00007ff9eecc0000 - 0x00007ff9eecd7000 	C:\Windows\system32\napinsp.dll
0x00007ff9eeca0000 - 0x00007ff9eecbb000 	C:\Windows\system32\pnrpnsp.dll
0x00007ff9ff5f0000 - 0x00007ff9ff605000 	C:\Windows\system32\wshbth.dll
0x00007ffa00850000 - 0x00007ffa0086d000 	C:\Windows\system32\NLAapi.dll
0x00007ff9eec80000 - 0x00007ff9eec92000 	C:\Windows\System32\winrnr.dll
0x00007ff9f2690000 - 0x00007ff9f2697000 	C:\Users\Katia.MAURI플O\.vscode\extensions\redhat.java-1.23.0-win32-x64\jre\17.0.8.1-win32-x86_64\bin\rmi.dll

dbghelp: loaded successfully - version: 4.0.5 - missing functions: none
symbol engine: initialized successfully - sym options: 0x614 - pdb path: .;c:\Users\Katia.MAURI플O\.vscode\extensions\redhat.java-1.23.0-win32-x64\jre\17.0.8.1-win32-x86_64\bin;C:\Windows\SYSTEM32;C:\Windows\WinSxS\amd64_microsoft.windows.common-controls_6595b64144ccf1df_6.0.19041.3570_none_60bb2a3971f3e41a;c:\Users\Katia.MAURI플O\.vscode\extensions\redhat.java-1.23.0-win32-x64\jre\17.0.8.1-win32-x86_64\bin\server;C:\Program Files\Bonjour

VM Arguments:
jvm_args: -XX:+HeapDumpOnOutOfMemoryError -Xmx1024m -Dsts.lsp.client=vscode -Dsts.log.file=/dev/null -XX:TieredStopAtLevel=1 -Xlog:jni+resolve=off -Dspring.config.location=file:c:\Users\Katia.MAURI플O\.vscode\extensions\vmware.vscode-spring-boot-1.49.0\language-server\BOOT-INF\classes\application.properties 
java_command: org.springframework.ide.vscode.boot.app.BootLanguageServerBootApp
java_class_path (initial): c:\Users\Katia.MAURI플O\.vscode\extensions\vmware.vscode-spring-boot-1.49.0\language-server\BOOT-INF\classes;c:\Users\Katia.MAURI플O\.vscode\extensions\vmware.vscode-spring-boot-1.49.0\language-server\BOOT-INF\lib\annotations-24.0.1.jar;c:\Users\Katia.MAURI플O\.vscode\extensions\vmware.vscode-spring-boot-1.49.0\language-server\BOOT-INF\lib\antlr-runtime-3.5.3.jar;c:\Users\Katia.MAURI플O\.vscode\extensions\vmware.vscode-spring-boot-1.49.0\language-server\BOOT-INF\lib\antlr4-4.11.1.jar;c:\Users\Katia.MAURI플O\.vscode\extensions\vmware.vscode-spring-boot-1.49.0\language-server\BOOT-INF\lib\antlr4-runtime-4.11.1.jar;c:\Users\Katia.MAURI플O\.vscode\extensions\vmware.vscode-spring-boot-1.49.0\language-server\BOOT-INF\lib\archunit-1.1.0.jar;c:\Users\Katia.MAURI플O\.vscode\extensions\vmware.vscode-spring-boot-1.49.0\language-server\BOOT-INF\lib\asm-9.5.jar;c:\Users\Katia.MAURI플O\.vscode\extensions\vmware.vscode-spring-boot-1.49.0\language-server\BOOT-INF\lib\asm-analysis-9.5.jar;c:\Users\Katia.MAURI플O\.vscode\extensions\vmware.vscode-spring-boot-1.49.0\language-server\BOOT-INF\lib\asm-tree-9.5.jar;c:\Users\Katia.MAURI플O\.vscode\extensions\vmware.vscode-spring-boot-1.49.0\language-server\BOOT-INF\lib\asm-util-9.5.jar;c:\Users\Katia.MAURI플O\.vscode\extensions\vmware.vscode-spring-boot-1.49.0\language-server\BOOT-INF\lib\bosh-language-server-1.49.0-SNAPSHOT.jar;c:\Users\Katia.MAURI플O\.vscode\extensions\vmware.vscode-spring-boot-1.49.0\language-server\BOOT-INF\lib\caffeine-3.1.6.jar;c:\Users\Katia.MAURI플O\.vscode\extensions\vmware.vscode-spring-boot-1.49.0\language-server\BOOT-INF\lib\checker-qual-3.12.0.jar;c:\Users\Katia.MAURI플O\.vscode\extensions\vmware.vscode-spring-boot-1.49.0\language-server\BOOT-INF\lib\classgraph-4.8.149.jar;c:\Users\Katia.MAURI플O\.vscode\extensions\vmware.vscode-spring-boot-1.49.0\language-server\BOOT-INF\lib\commons-codec-1.15.jar;c:\Users\Katia.MAURI플O\.vscode\extensions\vmware.vscode-spring-boot-1.49.0\language-
Launcher Type: SUN_STANDARD

[Global flags]
     intx CICompilerCount                          = 3                                         {product} {ergonomic}
     uint ConcGCThreads                            = 1                                         {product} {ergonomic}
     uint G1ConcRefinementThreads                  = 4                                         {product} {ergonomic}
   size_t G1HeapRegionSize                         = 1048576                                   {product} {ergonomic}
    uintx GCDrainStackTargetSize                   = 64                                        {product} {ergonomic}
     bool HeapDumpOnOutOfMemoryError               = true                                   {manageable} {command line}
   size_t InitialHeapSize                          = 67108864                                  {product} {ergonomic}
   size_t MarkStackSize                            = 4194304                                   {product} {ergonomic}
   size_t MaxHeapSize                              = 1073741824                                {product} {command line}
   size_t MaxNewSize                               = 643825664                                 {product} {ergonomic}
   size_t MinHeapDeltaBytes                        = 1048576                                   {product} {ergonomic}
   size_t MinHeapSize                              = 8388608                                   {product} {ergonomic}
    uintx NonProfiledCodeHeapSize                  = 0                                      {pd product} {ergonomic}
     bool ProfileInterpreter                       = false                                  {pd product} {command line}
    uintx ProfiledCodeHeapSize                     = 0                                      {pd product} {ergonomic}
   size_t SoftMaxHeapSize                          = 1073741824                             {manageable} {ergonomic}
     intx TieredStopAtLevel                        = 1                                         {product} {command line}
     bool UseCompressedClassPointers               = true                           {product lp64_product} {ergonomic}
     bool UseCompressedOops                        = true                           {product lp64_product} {ergonomic}
     bool UseG1GC                                  = true                                      {product} {ergonomic}
     bool UseLargePagesIndividualAllocation        = false                                  {pd product} {ergonomic}

Logging:
Log output configuration:
 #0: stdout all=warning,jni+resolve=off uptime,level,tags
 #1: stderr all=off uptime,level,tags

Environment Variables:
JAVA_HOME=C:\Program Files\Java\zulu17.42.19-ca-jdk17.0.7-win_x64
PATH=C:\Program Files\Common Files\Oracle\Java\javapath;C:\Program Files\Java\zulu17.42.19-ca-jdk17.0.7-win_x64\bin;C:\Windows\system32;C:\Windows;C:\Windows\System32\Wbem;C:\Windows\System32\WindowsPowerShell\v1.0\;C:\Windows\System32\OpenSSH\;C:\Program Files (x86)\NVIDIA Corporation\PhysX\Common;C:\Program Files\NVIDIA Corporation\NVIDIA NvDLISR;C:\ProgramData\UNIVALI\Portugol Studio;C:\ProgramData\chocolatey\bin;C:\Program Files\nodejs\;C:\maven\bin;C:\Program Files\Git\cmd;C:\Users\Katia.MAURI플O\AppData\Local\Microsoft\WindowsApps;;C:\Users\Katia.MAURI플O\AppData\Local\Programs\Microsoft VS Code\bin;C:\Users\Katia.MAURI플O\AppData\Roaming\npm
USERNAME=Katia
OS=Windows_NT
PROCESSOR_IDENTIFIER=Intel64 Family 6 Model 69 Stepping 1, GenuineIntel
TMP=C:\Users\KATIA~1.MAU\AppData\Local\Temp
TEMP=C:\Users\KATIA~1.MAU\AppData\Local\Temp



---------------  S Y S T E M  ---------------

OS:
 Windows 10 , 64 bit Build 19041 (10.0.19041.3570)
OS uptime: 0 days 13:16 hours

CPU: total 4 (initial active 4) (2 cores per cpu, 2 threads per core) family 6 model 69 stepping 1 microcode 0x25, cx8, cmov, fxsr, ht, mmx, sse, sse2, sse3, ssse3, sse4.1, sse4.2, popcnt, lzcnt, tsc, tscinvbit, avx, avx2, aes, erms, clmul, bmi1, bmi2, fma, vzeroupper, clflush
Processor Information for all 4 processors :
  Max Mhz: 1601, Current Mhz: 1601, Mhz Limit: 1601

Memory: 4k page, system-wide physical 4000M (414M free)
TotalPageFile size 8000M (AvailPageFile size 6M)
current process WorkingSet (physical memory assigned to process): 83M, peak: 195M
current process commit charge ("private bytes"): 256M, peak: 266M

vm_info: OpenJDK 64-Bit Server VM (17.0.8.1+1) for windows-amd64 JRE (17.0.8.1+1), built on Aug 23 2023 15:29:17 by "admin" with MS VC++ 16.7 (VS2019)

END.
